[ 2016-05-02T07:15:26+08:00 ] 121.42.0.34 /
INFO: [ app_init ] --START--
INFO: Run Behavior\BuildLiteBehavior [ RunTime:0.000019s ]
INFO: Run Common\Behavior\InitHookBehavior [ RunTime:0.001067s ]
INFO: [ app_init ] --END-- [ RunTime:0.001620s ]
INFO: [ app_begin ] --START--
INFO: Run Behavior\ReadHtmlCacheBehavior [ RunTime:0.000377s ]
INFO: [ app_begin ] --END-- [ RunTime:0.000425s ]
SQL: SHOW COLUMNS FROM `fg_config` [ RunTime:0.0026s ]
SQL: SELECT `type`,`name`,`value` FROM `fg_config` WHERE `status` = 1  [ RunTime:0.0018s ]
SQL: SHOW COLUMNS FROM `fg_category` [ RunTime:0.0028s ]
SQL: SELECT `id`,`name`,`title`,`pid`,`sort`,`list_row`,`meta_title`,`keywords`,`description`,`template_index`,`template_lists`,`template_detail`,`template_edit`,`model`,`model_sub`,`type`,`link_id`,`allow_publish`,`display`,`reply`,`check`,`reply_model`,`extend`,`create_time`,`update_time`,`status`,`icon`,`groups` FROM `fg_category` WHERE `status` = 1 ORDER BY sort  [ RunTime:0.0019s ]
SQL: SHOW COLUMNS FROM `fg_document` [ RunTime:0.0032s ]
SQL: SELECT `id`,`uid`,`name`,`title`,`category_id`,`group_id`,`description`,`root`,`pid`,`model_id`,`type`,`position`,`link_id`,`cover_id`,`display`,`deadline`,`attach`,`view`,`comment`,`extend`,`level`,`create_time`,`update_time`,`status` FROM `fg_document` WHERE `status` = 1 AND `pid` = 0 AND `create_time` < 1462144526 AND ( deadline = 0 OR deadline > 1462144526 ) ORDER BY `id` DESC  [ RunTime:0.0018s ]
INFO: [ app_end ] --START--
INFO: Run Behavior\ShowPageTraceBehavior [ RunTime:0.000515s ]
INFO: [ app_end ] --END-- [ RunTime:0.000568s ]

[ 2016-05-02T09:37:24+08:00 ] 117.185.27.102 /
INFO: [ app_init ] --START--
INFO: Run Behavior\BuildLiteBehavior [ RunTime:0.000017s ]
INFO: Run Common\Behavior\InitHookBehavior [ RunTime:0.001469s ]
INFO: [ app_init ] --END-- [ RunTime:0.002126s ]
INFO: [ app_begin ] --START--
INFO: Run Behavior\ReadHtmlCacheBehavior [ RunTime:0.000538s ]
INFO: [ app_begin ] --END-- [ RunTime:0.000648s ]
SQL: SHOW COLUMNS FROM `fg_config` [ RunTime:0.0026s ]
SQL: SELECT `type`,`name`,`value` FROM `fg_config` WHERE `status` = 1  [ RunTime:0.0019s ]
SQL: SHOW COLUMNS FROM `fg_category` [ RunTime:0.0029s ]
SQL: SELECT `id`,`name`,`title`,`pid`,`sort`,`list_row`,`meta_title`,`keywords`,`description`,`template_index`,`template_lists`,`template_detail`,`template_edit`,`model`,`model_sub`,`type`,`link_id`,`allow_publish`,`display`,`reply`,`check`,`reply_model`,`extend`,`create_time`,`update_time`,`status`,`icon`,`groups` FROM `fg_category` WHERE `status` = 1 ORDER BY sort  [ RunTime:0.0018s ]
SQL: SHOW COLUMNS FROM `fg_document` [ RunTime:0.0027s ]
SQL: SELECT `id`,`uid`,`name`,`title`,`category_id`,`group_id`,`description`,`root`,`pid`,`model_id`,`type`,`position`,`link_id`,`cover_id`,`display`,`deadline`,`attach`,`view`,`comment`,`extend`,`level`,`create_time`,`update_time`,`status` FROM `fg_document` WHERE `status` = 1 AND `pid` = 0 AND `create_time` < 1462153043 AND ( deadline = 0 OR deadline > 1462153043 ) ORDER BY `id` DESC  [ RunTime:0.0018s ]
INFO: [ app_end ] --START--
INFO: Run Behavior\ShowPageTraceBehavior [ RunTime:0.000534s ]
INFO: [ app_end ] --END-- [ RunTime:0.000587s ]

[ 2016-05-02T09:37:24+08:00 ] 101.226.61.190 /
INFO: [ app_init ] --START--
INFO: Run Behavior\BuildLiteBehavior [ RunTime:0.000013s ]
INFO: Run Common\Behavior\InitHookBehavior [ RunTime:0.001157s ]
INFO: [ app_init ] --END-- [ RunTime:0.001728s ]
INFO: [ app_begin ] --START--
INFO: Run Behavior\ReadHtmlCacheBehavior [ RunTime:0.000452s ]
INFO: [ app_begin ] --END-- [ RunTime:0.000502s ]
SQL: SHOW COLUMNS FROM `fg_config` [ RunTime:0.0029s ]
SQL: SELECT `type`,`name`,`value` FROM `fg_config` WHERE `status` = 1  [ RunTime:0.0020s ]
SQL: SHOW COLUMNS FROM `fg_category` [ RunTime:0.0031s ]
SQL: SELECT `id`,`name`,`title`,`pid`,`sort`,`list_row`,`meta_title`,`keywords`,`description`,`template_index`,`template_lists`,`template_detail`,`template_edit`,`model`,`model_sub`,`type`,`link_id`,`allow_publish`,`display`,`reply`,`check`,`reply_model`,`extend`,`create_time`,`update_time`,`status`,`icon`,`groups` FROM `fg_category` WHERE `status` = 1 ORDER BY sort  [ RunTime:0.0018s ]
SQL: SHOW COLUMNS FROM `fg_document` [ RunTime:0.0031s ]
SQL: SELECT `id`,`uid`,`name`,`title`,`category_id`,`group_id`,`description`,`root`,`pid`,`model_id`,`type`,`position`,`link_id`,`cover_id`,`display`,`deadline`,`attach`,`view`,`comment`,`extend`,`level`,`create_time`,`update_time`,`status` FROM `fg_document` WHERE `status` = 1 AND `pid` = 0 AND `create_time` < 1462153043 AND ( deadline = 0 OR deadline > 1462153043 ) ORDER BY `id` DESC  [ RunTime:0.0019s ]
INFO: [ app_end ] --START--
INFO: Run Behavior\ShowPageTraceBehavior [ RunTime:0.000511s ]
INFO: [ app_end ] --END-- [ RunTime:0.000564s ]

[ 2016-05-02T20:05:53+08:00 ] 180.153.81.159 /
INFO: [ app_init ] --START--
INFO: Run Behavior\BuildLiteBehavior [ RunTime:0.000016s ]
INFO: Run Common\Behavior\InitHookBehavior [ RunTime:0.001190s ]
INFO: [ app_init ] --END-- [ RunTime:0.001738s ]
INFO: [ app_begin ] --START--
INFO: Run Behavior\ReadHtmlCacheBehavior [ RunTime:0.000460s ]
INFO: [ app_begin ] --END-- [ RunTime:0.000517s ]
SQL: SHOW COLUMNS FROM `fg_config` [ RunTime:0.0028s ]
SQL: SELECT `type`,`name`,`value` FROM `fg_config` WHERE `status` = 1  [ RunTime:0.0020s ]
SQL: SHOW COLUMNS FROM `fg_category` [ RunTime:0.0035s ]
SQL: SELECT `id`,`name`,`title`,`pid`,`sort`,`list_row`,`meta_title`,`keywords`,`description`,`template_index`,`template_lists`,`template_detail`,`template_edit`,`model`,`model_sub`,`type`,`link_id`,`allow_publish`,`display`,`reply`,`check`,`reply_model`,`extend`,`create_time`,`update_time`,`status`,`icon`,`groups` FROM `fg_category` WHERE `status` = 1 ORDER BY sort  [ RunTime:0.0018s ]
SQL: SHOW COLUMNS FROM `fg_document` [ RunTime:0.0035s ]
SQL: SELECT `id`,`uid`,`name`,`title`,`category_id`,`group_id`,`description`,`root`,`pid`,`model_id`,`type`,`position`,`link_id`,`cover_id`,`display`,`deadline`,`attach`,`view`,`comment`,`extend`,`level`,`create_time`,`update_time`,`status` FROM `fg_document` WHERE `status` = 1 AND `pid` = 0 AND `create_time` < 1462190753 AND ( deadline = 0 OR deadline > 1462190753 ) ORDER BY `id` DESC  [ RunTime:0.0024s ]
INFO: [ app_end ] --START--
INFO: Run Behavior\ShowPageTraceBehavior [ RunTime:0.000519s ]
INFO: [ app_end ] --END-- [ RunTime:0.000574s ]

[ 2016-05-02T20:05:53+08:00 ] 117.135.170.67 /
INFO: [ app_init ] --START--
INFO: Run Behavior\BuildLiteBehavior [ RunTime:0.000020s ]
INFO: Run Common\Behavior\InitHookBehavior [ RunTime:0.001176s ]
INFO: [ app_init ] --END-- [ RunTime:0.001721s ]
INFO: [ app_begin ] --START--
INFO: Run Behavior\ReadHtmlCacheBehavior [ RunTime:0.000465s ]
INFO: [ app_begin ] --END-- [ RunTime:0.000578s ]
SQL: SHOW COLUMNS FROM `fg_config` [ RunTime:0.0024s ]
SQL: SELECT `type`,`name`,`value` FROM `fg_config` WHERE `status` = 1  [ RunTime:0.0016s ]
SQL: SHOW COLUMNS FROM `fg_category` [ RunTime:0.0028s ]
SQL: SELECT `id`,`name`,`title`,`pid`,`sort`,`list_row`,`meta_title`,`keywords`,`description`,`template_index`,`template_lists`,`template_detail`,`template_edit`,`model`,`model_sub`,`type`,`link_id`,`allow_publish`,`display`,`reply`,`check`,`reply_model`,`extend`,`create_time`,`update_time`,`status`,`icon`,`groups` FROM `fg_category` WHERE `status` = 1 ORDER BY sort  [ RunTime:0.0017s ]
SQL: SHOW COLUMNS FROM `fg_document` [ RunTime:0.0029s ]
SQL: SELECT `id`,`uid`,`name`,`title`,`category_id`,`group_id`,`description`,`root`,`pid`,`model_id`,`type`,`position`,`link_id`,`cover_id`,`display`,`deadline`,`attach`,`view`,`comment`,`extend`,`level`,`create_time`,`update_time`,`status` FROM `fg_document` WHERE `status` = 1 AND `pid` = 0 AND `create_time` < 1462190753 AND ( deadline = 0 OR deadline > 1462190753 ) ORDER BY `id` DESC  [ RunTime:0.0018s ]
INFO: [ app_end ] --START--
INFO: Run Behavior\ShowPageTraceBehavior [ RunTime:0.000524s ]
INFO: [ app_end ] --END-- [ RunTime:0.000598s ]

[ 2016-05-02T23:07:11+08:00 ] 183.248.122.72 /
INFO: [ app_init ] --START--
INFO: Run Behavior\BuildLiteBehavior [ RunTime:0.000019s ]
INFO: Run Common\Behavior\InitHookBehavior [ RunTime:0.001105s ]
INFO: [ app_init ] --END-- [ RunTime:0.001655s ]
INFO: [ app_begin ] --START--
INFO: Run Behavior\ReadHtmlCacheBehavior [ RunTime:0.000366s ]
INFO: [ app_begin ] --END-- [ RunTime:0.000414s ]
SQL: SHOW COLUMNS FROM `fg_config` [ RunTime:0.0033s ]
SQL: SELECT `type`,`name`,`value` FROM `fg_config` WHERE `status` = 1  [ RunTime:0.0021s ]
SQL: SHOW COLUMNS FROM `fg_category` [ RunTime:0.0039s ]
SQL: SELECT `id`,`name`,`title`,`pid`,`sort`,`list_row`,`meta_title`,`keywords`,`description`,`template_index`,`template_lists`,`template_detail`,`template_edit`,`model`,`model_sub`,`type`,`link_id`,`allow_publish`,`display`,`reply`,`check`,`reply_model`,`extend`,`create_time`,`update_time`,`status`,`icon`,`groups` FROM `fg_category` WHERE `status` = 1 ORDER BY sort  [ RunTime:0.0019s ]
SQL: SHOW COLUMNS FROM `fg_document` [ RunTime:0.0029s ]
SQL: SELECT `id`,`uid`,`name`,`title`,`category_id`,`group_id`,`description`,`root`,`pid`,`model_id`,`type`,`position`,`link_id`,`cover_id`,`display`,`deadline`,`attach`,`view`,`comment`,`extend`,`level`,`create_time`,`update_time`,`status` FROM `fg_document` WHERE `status` = 1 AND `pid` = 0 AND `create_time` < 1462201630 AND ( deadline = 0 OR deadline > 1462201630 ) ORDER BY `id` DESC  [ RunTime:0.0021s ]
INFO: [ app_end ] --START--
INFO: Run Behavior\ShowPageTraceBehavior [ RunTime:0.000740s ]
INFO: [ app_end ] --END-- [ RunTime:0.000823s ]

