[ 2016-05-18T21:28:44+08:00 ] 39.189.231.179 /admin.php
INFO: [ app_init ] --START--
INFO: Run Behavior\BuildLiteBehavior [ RunTime:0.000017s ]
INFO: Run Common\Behavior\InitHookBehavior [ RunTime:0.001106s ]
INFO: [ app_init ] --END-- [ RunTime:0.001629s ]
INFO: [ app_begin ] --START--
INFO: Run Behavior\ReadHtmlCacheBehavior [ RunTime:0.000362s ]
INFO: [ app_begin ] --END-- [ RunTime:0.000414s ]

[ 2016-05-18T21:28:44+08:00 ] 39.189.231.179 /admin.php?s=/Public/login.html
INFO: [ app_init ] --START--
INFO: Run Behavior\BuildLiteBehavior [ RunTime:0.000017s ]
INFO: Run Common\Behavior\InitHookBehavior [ RunTime:0.001041s ]
INFO: [ app_init ] --END-- [ RunTime:0.001560s ]
INFO: [ app_begin ] --START--
INFO: Run Behavior\ReadHtmlCacheBehavior [ RunTime:0.000590s ]
INFO: [ app_begin ] --END-- [ RunTime:0.000666s ]
INFO: [ view_parse ] --START--
INFO: [ template_filter ] --START--
INFO: Run Behavior\ContentReplaceBehavior [ RunTime:0.000105s ]
INFO: [ template_filter ] --END-- [ RunTime:0.000222s ]
INFO: Run Behavior\ParseTemplateBehavior [ RunTime:0.007532s ]
INFO: [ view_parse ] --END-- [ RunTime:0.007606s ]
INFO: [ view_filter ] --START--
INFO: Run Behavior\WriteHtmlCacheBehavior [ RunTime:0.000202s ]
INFO: [ view_filter ] --END-- [ RunTime:0.000269s ]
INFO: [ app_end ] --START--
INFO: Run Behavior\ShowPageTraceBehavior [ RunTime:0.000441s ]
INFO: [ app_end ] --END-- [ RunTime:0.000511s ]

[ 2016-05-18T21:28:44+08:00 ] 39.189.231.179 /admin.php?s=/Public/verify.html
INFO: [ app_init ] --START--
INFO: Run Behavior\BuildLiteBehavior [ RunTime:0.000016s ]
INFO: Run Common\Behavior\InitHookBehavior [ RunTime:0.001111s ]
INFO: [ app_init ] --END-- [ RunTime:0.001622s ]
INFO: [ app_begin ] --START--
INFO: Run Behavior\ReadHtmlCacheBehavior [ RunTime:0.000405s ]
INFO: [ app_begin ] --END-- [ RunTime:0.000459s ]
INFO: [ app_end ] --START--
INFO: Run Behavior\ShowPageTraceBehavior [ RunTime:0.000436s ]
INFO: [ app_end ] --END-- [ RunTime:0.000496s ]

[ 2016-05-18T21:31:20+08:00 ] 39.189.231.179 /admin.php?s=/Public/login.html
INFO: [ app_init ] --START--
INFO: Run Behavior\BuildLiteBehavior [ RunTime:0.000016s ]
INFO: Run Common\Behavior\InitHookBehavior [ RunTime:0.001181s ]
INFO: [ app_init ] --END-- [ RunTime:0.001723s ]
INFO: [ app_begin ] --START--
INFO: Run Behavior\ReadHtmlCacheBehavior [ RunTime:0.000396s ]
INFO: [ app_begin ] --END-- [ RunTime:0.000450s ]
INFO: [ view_parse ] --START--
INFO: [ template_filter ] --START--
INFO: Run Behavior\ContentReplaceBehavior [ RunTime:0.000070s ]
INFO: [ template_filter ] --END-- [ RunTime:0.000138s ]
INFO: Run Behavior\ParseTemplateBehavior [ RunTime:0.005735s ]
INFO: [ view_parse ] --END-- [ RunTime:0.005786s ]
INFO: [ view_filter ] --START--
INFO: Run Behavior\WriteHtmlCacheBehavior [ RunTime:0.000125s ]
INFO: [ view_filter ] --END-- [ RunTime:0.000164s ]
INFO: [ app_end ] --START--
INFO: Run Behavior\ShowPageTraceBehavior [ RunTime:0.000479s ]
INFO: [ app_end ] --END-- [ RunTime:0.000539s ]

[ 2016-05-18T21:31:20+08:00 ] 39.189.231.179 /admin.php?s=/Public/verify.html
INFO: [ app_init ] --START--
INFO: Run Behavior\BuildLiteBehavior [ RunTime:0.000017s ]
INFO: Run Common\Behavior\InitHookBehavior [ RunTime:0.001112s ]
INFO: [ app_init ] --END-- [ RunTime:0.001625s ]
INFO: [ app_begin ] --START--
INFO: Run Behavior\ReadHtmlCacheBehavior [ RunTime:0.000382s ]
INFO: [ app_begin ] --END-- [ RunTime:0.000433s ]
INFO: [ app_end ] --START--
INFO: Run Behavior\ShowPageTraceBehavior [ RunTime:0.000438s ]
INFO: [ app_end ] --END-- [ RunTime:0.000494s ]

[ 2016-05-18T21:33:41+08:00 ] 39.189.231.179 /admin.php?s=/Public/login.html
INFO: [ app_init ] --START--
INFO: Run Behavior\BuildLiteBehavior [ RunTime:0.000016s ]
INFO: Run Common\Behavior\InitHookBehavior [ RunTime:0.001152s ]
INFO: [ app_init ] --END-- [ RunTime:0.001696s ]
INFO: [ app_begin ] --START--
INFO: Run Behavior\ReadHtmlCacheBehavior [ RunTime:0.000449s ]
INFO: [ app_begin ] --END-- [ RunTime:0.000507s ]
NOTIC: [8] Undefined index: lite /var/www/didi/ThinkPHP/Library/Think/Db.class.php 第 37 行.

[ 2016-05-18T21:33:42+08:00 ] 39.189.231.179 /admin.php?s=/Public/verify.html&random=0.2115565196145326
INFO: [ app_init ] --START--
INFO: Run Behavior\BuildLiteBehavior [ RunTime:0.000014s ]
INFO: Run Common\Behavior\InitHookBehavior [ RunTime:0.001082s ]
INFO: [ app_init ] --END-- [ RunTime:0.001578s ]
INFO: [ app_begin ] --START--
INFO: Run Behavior\ReadHtmlCacheBehavior [ RunTime:0.000391s ]
INFO: [ app_begin ] --END-- [ RunTime:0.000446s ]
INFO: [ app_end ] --START--
INFO: Run Behavior\ShowPageTraceBehavior [ RunTime:0.000506s ]
INFO: [ app_end ] --END-- [ RunTime:0.000569s ]

[ 2016-05-18T21:33:54+08:00 ] 39.189.231.179 /admin.php?s=/Public/login.html
INFO: [ app_init ] --START--
INFO: Run Behavior\BuildLiteBehavior [ RunTime:0.000015s ]
INFO: Run Common\Behavior\InitHookBehavior [ RunTime:0.001087s ]
INFO: [ app_init ] --END-- [ RunTime:0.001586s ]
INFO: [ app_begin ] --START--
INFO: Run Behavior\ReadHtmlCacheBehavior [ RunTime:0.000372s ]
INFO: [ app_begin ] --END-- [ RunTime:0.000431s ]
NOTIC: [8] Undefined index: lite /var/www/didi/ThinkPHP/Library/Think/Db.class.php 第 37 行.
SQL: SHOW COLUMNS FROM `fg_member` [ RunTime:0.0025s ]
SQL: SELECT `uid`,`nickname`,`sex`,`birthday`,`qq`,`score`,`login`,`reg_ip`,`reg_time`,`last_login_ip`,`last_login_time`,`status`,`group_id` FROM `fg_member` WHERE `uid` = 1 LIMIT 1   [ RunTime:0.0017s ]
SQL: SHOW COLUMNS FROM `fg_action` [ RunTime:0.0021s ]
SQL: SELECT * FROM `fg_action` WHERE `name` = 'user_login' LIMIT 1   [ RunTime:0.0017s ]
SQL: SHOW COLUMNS FROM `fg_action_log` [ RunTime:0.0024s ]
SQL: INSERT INTO `fg_action_log` (`action_id`,`user_id`,`action_ip`,`model`,`record_id`,`create_time`,`remark`) VALUES ('1','1','666757043','member','1','1463578433','admin在2016-05-18 21:33登录了后台') [ RunTime:0.0034s ]
SQL: SELECT * FROM `fg_action` WHERE `name` = 'user_login' LIMIT 1   [ RunTime:0.0017s ]
NOTIC: [8] Undefined offset: 1 /var/www/didi/Application/Common/Common/function.php 第 679 行.
NOTIC: [2] array_key_exists() expects parameter 2 to be array, null given /var/www/didi/Application/Common/Common/function.php 第 679 行.
SQL: SELECT COUNT(*) AS tp_count FROM `fg_action_log` WHERE `action_id` = 1 AND `user_id` = 1 AND `create_time` > 1463492033 LIMIT 1   [ RunTime:0.0018s ]
SQL: SHOW COLUMNS FROM `fg_member` [ RunTime:0.0029s ]
SQL: UPDATE `fg_member` SET `score`=score+10 WHERE ( uid=1 AND status>-1 ) [ RunTime:0.0032s ]
SQL: SHOW COLUMNS FROM `fg_shop` [ RunTime:0.0028s ]
SQL: SELECT * FROM `fg_shop` WHERE `uid` = 1 LIMIT 1   [ RunTime:0.0017s ]
SQL: UPDATE `fg_member` SET `login`=`login`+1,`last_login_time`='1463578433',`last_login_ip`='666757043' WHERE `uid` = 1 [ RunTime:0.0025s ]

[ 2016-05-18T21:33:54+08:00 ] 39.189.231.179 /admin.php?s=/Index/index.html
INFO: [ app_init ] --START--
INFO: Run Behavior\BuildLiteBehavior [ RunTime:0.000016s ]
INFO: Run Common\Behavior\InitHookBehavior [ RunTime:0.001117s ]
INFO: [ app_init ] --END-- [ RunTime:0.001658s ]
INFO: [ app_begin ] --START--
INFO: Run Behavior\ReadHtmlCacheBehavior [ RunTime:0.000396s ]
INFO: [ app_begin ] --END-- [ RunTime:0.000462s ]
SQL: SHOW COLUMNS FROM `fg_shop` [ RunTime:0.0032s ]
SQL: SELECT * FROM `fg_shop` WHERE `uid` = 1 LIMIT 1   [ RunTime:0.0020s ]
SQL: SHOW COLUMNS FROM `fg_menu` [ RunTime:0.0024s ]
SQL: SELECT `id`,`title`,`url` FROM `fg_menu` WHERE `pid` = 0 AND `hide` = 0 AND `is_dev` = 0 ORDER BY sort asc  [ RunTime:0.0018s ]
SQL: SELECT `pid` FROM `fg_menu` WHERE ( pid !=0 AND url like '%Index/index%' ) LIMIT 1   [ RunTime:0.0019s ]
INFO: [ view_parse ] --START--
INFO: [ template_filter ] --START--
INFO: Run Behavior\ContentReplaceBehavior [ RunTime:0.000111s ]
INFO: [ template_filter ] --END-- [ RunTime:0.000199s ]
INFO: [ AdminIndex ] --START--
SQL: SHOW COLUMNS FROM `fg_addons` [ RunTime:0.0024s ]
SQL: SELECT `config` FROM `fg_addons` WHERE `name` = 'SiteStat' AND `status` = 1 LIMIT 1   [ RunTime:0.0016s ]
SQL: SHOW COLUMNS FROM `fg_member` [ RunTime:0.0023s ]
SQL: SELECT COUNT(*) AS tp_count FROM `fg_member` LIMIT 1   [ RunTime:0.0017s ]
SQL: SHOW COLUMNS FROM `fg_action_log` [ RunTime:0.0025s ]
SQL: SELECT COUNT(*) AS tp_count FROM `fg_action_log` LIMIT 1   [ RunTime:0.0017s ]
SQL: SHOW COLUMNS FROM `fg_document` [ RunTime:0.0027s ]
SQL: SELECT COUNT(*) AS tp_count FROM `fg_document` LIMIT 1   [ RunTime:0.0017s ]
SQL: SHOW COLUMNS FROM `fg_category` [ RunTime:0.0028s ]
SQL: SELECT COUNT(*) AS tp_count FROM `fg_category` LIMIT 1   [ RunTime:0.0017s ]
SQL: SHOW COLUMNS FROM `fg_model` [ RunTime:0.0031s ]
SQL: SELECT COUNT(*) AS tp_count FROM `fg_model` LIMIT 1   [ RunTime:0.0016s ]
INFO: [ view_parse ] --START--
INFO: [ template_filter ] --START--
INFO: Run Behavior\ContentReplaceBehavior [ RunTime:0.000038s ]
INFO: [ template_filter ] --END-- [ RunTime:-0.031863s ]
INFO: Run Behavior\ParseTemplateBehavior [ RunTime:0.001809s ]
INFO: [ view_parse ] --END-- [ RunTime:0.001856s ]
INFO: [ view_filter ] --START--
INFO: Run Behavior\WriteHtmlCacheBehavior [ RunTime:0.000169s ]
INFO: [ view_filter ] --END-- [ RunTime:0.000210s ]
INFO: Run Addons\SiteStat\SiteStatAddon [ RunTime:0.030707s ]
SQL: SELECT `config` FROM `fg_addons` WHERE `name` = 'SystemInfo' AND `status` = 1 LIMIT 1   [ RunTime:0.0016s ]
INFO: [ view_parse ] --START--
INFO: [ template_filter ] --START--
INFO: Run Behavior\ContentReplaceBehavior [ RunTime:0.000048s ]
INFO: [ template_filter ] --END-- [ RunTime:-0.217706s ]
SQL: select version() as v; [ RunTime:0.0016s ]
INFO: Run Behavior\ParseTemplateBehavior [ RunTime:0.005605s ]
INFO: [ view_parse ] --END-- [ RunTime:-0.182237s ]
INFO: [ view_filter ] --START--
INFO: Run Behavior\WriteHtmlCacheBehavior [ RunTime:0.000013s ]
INFO: [ view_filter ] --END-- [ RunTime:-0.187723s ]
INFO: Run Addons\SystemInfo\SystemInfoAddon [ RunTime:0.187753s ]
SQL: SELECT `config` FROM `fg_addons` WHERE `name` = 'DevTeam' AND `status` = 1 LIMIT 1   [ RunTime:0.0017s ]
INFO: [ view_parse ] --START--
INFO: [ template_filter ] --START--
INFO: Run Behavior\ContentReplaceBehavior [ RunTime:0.000034s ]
INFO: [ template_filter ] --END-- [ RunTime:-0.223661s ]
INFO: Run Behavior\ParseTemplateBehavior [ RunTime:0.001269s ]
INFO: [ view_parse ] --END-- [ RunTime:-0.190271s ]
INFO: [ view_filter ] --START--
INFO: Run Behavior\WriteHtmlCacheBehavior [ RunTime:0.000010s ]
INFO: [ view_filter ] --END-- [ RunTime:-0.191371s ]
INFO: Run Addons\DevTeam\DevTeamAddon [ RunTime:0.003616s ]
INFO: [ AdminIndex ] --END-- [ RunTime:0.222171s ]
INFO: Run Behavior\ParseTemplateBehavior [ RunTime:0.001434s ]
INFO: [ view_parse ] --END-- [ RunTime:-0.190271s ]
INFO: [ view_filter ] --START--
INFO: Run Behavior\WriteHtmlCacheBehavior [ RunTime:0.000009s ]
INFO: [ view_filter ] --END-- [ RunTime:-0.191532s ]
INFO: [ app_end ] --START--
INFO: Run Behavior\ShowPageTraceBehavior [ RunTime:0.000466s ]
INFO: [ app_end ] --END-- [ RunTime:0.000517s ]

[ 2016-05-18T21:34:04+08:00 ] 39.189.231.179 /admin.php?s=/Shop/index.html
INFO: [ app_init ] --START--
INFO: Run Behavior\BuildLiteBehavior [ RunTime:0.000015s ]
INFO: Run Common\Behavior\InitHookBehavior [ RunTime:0.001448s ]
INFO: [ app_init ] --END-- [ RunTime:0.001960s ]
INFO: [ app_begin ] --START--
INFO: Run Behavior\ReadHtmlCacheBehavior [ RunTime:0.000571s ]
INFO: [ app_begin ] --END-- [ RunTime:0.000642s ]
SQL: SHOW COLUMNS FROM `fg_shop` [ RunTime:0.0031s ]
SQL: SELECT * FROM `fg_shop` WHERE `uid` = 1 LIMIT 1   [ RunTime:0.0019s ]
SQL: SHOW COLUMNS FROM `fg_menu` [ RunTime:0.0023s ]
SQL: SELECT `id`,`title`,`url` FROM `fg_menu` WHERE `pid` = 0 AND `hide` = 0 AND `is_dev` = 0 ORDER BY sort asc  [ RunTime:0.0019s ]
SQL: SELECT `pid` FROM `fg_menu` WHERE ( pid !=0 AND url like '%Shop/index%' ) LIMIT 1   [ RunTime:0.0020s ]
SQL: SELECT * FROM `fg_menu` WHERE `id` = 137 LIMIT 1   [ RunTime:0.0017s ]
SQL: SELECT DISTINCT  `group` FROM `fg_menu` WHERE `group` <> '' AND `pid` = 137  [ RunTime:0.0018s ]
SQL: SELECT `id`,`url` FROM `fg_menu` WHERE `pid` = 137 AND `hide` = 0 AND `is_dev` = 0  [ RunTime:0.0018s ]
SQL: SELECT `id`,`pid`,`title`,`url`,`tip` FROM `fg_menu` WHERE `group` = '门店' AND `pid` = 137 AND `hide` = 0 AND `is_dev` = 0 ORDER BY sort asc  [ RunTime:0.0018s ]
SQL: SELECT `id`,`pid`,`title`,`url`,`tip` FROM `fg_menu` WHERE `group` = '运营商' AND `pid` = 137 AND `hide` = 0 AND `is_dev` = 0 ORDER BY sort asc  [ RunTime:0.0017s ]
SQL: SELECT `id`,`pid`,`title`,`url`,`tip` FROM `fg_menu` WHERE `group` = '微信管理' AND `pid` = 137 AND `hide` = 0 AND `is_dev` = 0 ORDER BY sort asc  [ RunTime:0.0018s ]
SQL: SELECT `id`,`pid`,`title`,`url`,`tip` FROM `fg_menu` WHERE `group` = '权限' AND `pid` = 137 AND `hide` = 0 AND `is_dev` = 0 ORDER BY sort asc  [ RunTime:0.0019s ]
SQL: SELECT `id`,`pid`,`title`,`url`,`tip` FROM `fg_menu` WHERE `group` = '优惠券管理' AND `pid` = 137 AND `hide` = 0 AND `is_dev` = 0 ORDER BY sort asc  [ RunTime:0.0018s ]
SQL: SELECT `id`,`pid`,`title`,`url`,`tip` FROM `fg_menu` WHERE `group` = '渠道管理' AND `pid` = 137 AND `hide` = 0 AND `is_dev` = 0 ORDER BY sort asc  [ RunTime:0.0018s ]
SQL: SELECT `id`,`pid`,`title`,`url`,`tip` FROM `fg_menu` WHERE `group` = '投诉管理' AND `pid` = 137 AND `hide` = 0 AND `is_dev` = 0 ORDER BY sort asc  [ RunTime:0.0020s ]
SQL: SELECT `id`,`pid`,`title`,`url`,`tip` FROM `fg_menu` WHERE `group` = '区域' AND `pid` = 137 AND `hide` = 0 AND `is_dev` = 0 ORDER BY sort asc  [ RunTime:0.0019s ]
SQL: SELECT `id`,`pid`,`title`,`url`,`tip` FROM `fg_menu` WHERE `group` = '红包管理' AND `pid` = 137 AND `hide` = 0 AND `is_dev` = 0 ORDER BY sort asc  [ RunTime:0.0018s ]
SQL: SELECT `id`,`uid`,`carrierid`,`name`,`cityid`,`areaid`,`picture1`,`picture2`,`picture3`,`latitude`,`longitude`,`tel`,`mobile`,`address`,`intro`,`shopno`,`orders`,`star`,`status`,`openid`,`wechatname`,`shop_type`,`s_rent`,`s_maintain`,`s_repair`,`s_mall` FROM `fg_shop` WHERE `shop_type` = 1 ORDER BY id asc  [ RunTime:0.0020s ]
SQL: SHOW COLUMNS FROM `fg_city` [ RunTime:0.0024s ]
SQL: SELECT * FROM `fg_city` WHERE `id` = 1 LIMIT 1   [ RunTime:0.0017s ]
SQL: SHOW COLUMNS FROM `fg_city_area` [ RunTime:0.0024s ]
SQL: SELECT * FROM `fg_city_area` WHERE `id` = 1 LIMIT 1   [ RunTime:0.0017s ]
SQL: SELECT * FROM `fg_city` WHERE `id` = 1 LIMIT 1   [ RunTime:0.0017s ]
SQL: SELECT * FROM `fg_city_area` WHERE `id` = 1 LIMIT 1   [ RunTime:0.0018s ]
SQL: SELECT * FROM `fg_city` WHERE `id` = 1 LIMIT 1   [ RunTime:0.0018s ]
SQL: SELECT * FROM `fg_city_area` WHERE `id` = 1 LIMIT 1   [ RunTime:0.0017s ]
SQL: SELECT * FROM `fg_city` WHERE `id` = 1 LIMIT 1   [ RunTime:0.0018s ]
SQL: SELECT * FROM `fg_city_area` WHERE `id` = 1 LIMIT 1   [ RunTime:0.0017s ]
SQL: SELECT * FROM `fg_city` WHERE `id` = 1 LIMIT 1   [ RunTime:0.0018s ]
SQL: SELECT * FROM `fg_city_area` WHERE `id` = 1 LIMIT 1   [ RunTime:0.0017s ]
SQL: SELECT * FROM `fg_city` WHERE `id` = 1 LIMIT 1   [ RunTime:0.0017s ]
SQL: SELECT * FROM `fg_city_area` WHERE `id` = 1 LIMIT 1   [ RunTime:0.0018s ]
SQL: SELECT * FROM `fg_city` WHERE `id` = 1 LIMIT 1   [ RunTime:0.0017s ]
SQL: SELECT * FROM `fg_city_area` WHERE `id` = 1 LIMIT 1   [ RunTime:0.0018s ]
SQL: SELECT * FROM `fg_city` WHERE `id` = 1 LIMIT 1   [ RunTime:0.0018s ]
SQL: SELECT * FROM `fg_city_area` WHERE `id` = 1 LIMIT 1   [ RunTime:0.0018s ]
SQL: SELECT * FROM `fg_city` WHERE `id` = 1 LIMIT 1   [ RunTime:0.0018s ]
SQL: SELECT * FROM `fg_city_area` WHERE `id` = 1 LIMIT 1   [ RunTime:0.0017s ]
SQL: SELECT * FROM `fg_city` WHERE `id` = 1 LIMIT 1   [ RunTime:0.0017s ]
SQL: SELECT * FROM `fg_city_area` WHERE `id` = 1 LIMIT 1   [ RunTime:0.0017s ]
SQL: SELECT * FROM `fg_city` WHERE `id` = 1 LIMIT 1   [ RunTime:0.0016s ]
SQL: SELECT * FROM `fg_city_area` WHERE `id` = 1 LIMIT 1   [ RunTime:0.0017s ]
SQL: SELECT * FROM `fg_city` WHERE `id` = 1 LIMIT 1   [ RunTime:0.0017s ]
SQL: SELECT * FROM `fg_city_area` WHERE `id` = 1 LIMIT 1   [ RunTime:0.0018s ]
SQL: SELECT * FROM `fg_city` WHERE `id` = 1 LIMIT 1   [ RunTime:0.0017s ]
SQL: SELECT * FROM `fg_city_area` WHERE `id` = 1 LIMIT 1   [ RunTime:0.0017s ]
SQL: SELECT * FROM `fg_city` WHERE `id` = 1 LIMIT 1   [ RunTime:0.0018s ]
SQL: SELECT * FROM `fg_city_area` WHERE `id` = 1 LIMIT 1   [ RunTime:0.0018s ]
SQL: SELECT * FROM `fg_city` WHERE `id` = 1 LIMIT 1   [ RunTime:0.0017s ]
SQL: SELECT * FROM `fg_city_area` WHERE `id` = 1 LIMIT 1   [ RunTime:0.0017s ]
SQL: SELECT * FROM `fg_city` WHERE `id` = 3 LIMIT 1   [ RunTime:0.0036s ]
SQL: SELECT * FROM `fg_city_area` WHERE `id` = 3 LIMIT 1   [ RunTime:0.0017s ]
SQL: SELECT * FROM `fg_city` WHERE `id` = 5 LIMIT 1   [ RunTime:0.0017s ]
SQL: SELECT * FROM `fg_city_area` WHERE `id` = -1 LIMIT 1   [ RunTime:0.0017s ]
SQL: SELECT * FROM `fg_city` WHERE `id` = 4 LIMIT 1   [ RunTime:0.0017s ]
SQL: SELECT * FROM `fg_city_area` WHERE `id` = -1 LIMIT 1   [ RunTime:0.0017s ]
SQL: SELECT * FROM `fg_city` WHERE `id` = 3 LIMIT 1   [ RunTime:0.0017s ]
SQL: SELECT * FROM `fg_city_area` WHERE `id` = 3 LIMIT 1   [ RunTime:0.0017s ]
SQL: SELECT * FROM `fg_city` WHERE `id` = 3 LIMIT 1   [ RunTime:0.0018s ]
SQL: SELECT * FROM `fg_city_area` WHERE `id` = 3 LIMIT 1   [ RunTime:0.0017s ]
SQL: SELECT * FROM `fg_city` WHERE `id` = 6 LIMIT 1   [ RunTime:0.0017s ]
SQL: SELECT * FROM `fg_city_area` WHERE `id` = 4 LIMIT 1   [ RunTime:0.0018s ]
INFO: [ view_parse ] --START--
INFO: [ template_filter ] --START--
INFO: Run Behavior\ContentReplaceBehavior [ RunTime:0.000129s ]
INFO: [ template_filter ] --END-- [ RunTime:0.000202s ]
INFO: Run Behavior\ParseTemplateBehavior [ RunTime:0.024915s ]
INFO: [ view_parse ] --END-- [ RunTime:0.025019s ]
INFO: [ view_filter ] --START--
INFO: Run Behavior\WriteHtmlCacheBehavior [ RunTime:0.000273s ]
INFO: [ view_filter ] --END-- [ RunTime:0.000320s ]
INFO: [ app_end ] --START--
INFO: Run Behavior\ShowPageTraceBehavior [ RunTime:0.000514s ]
INFO: [ app_end ] --END-- [ RunTime:0.000564s ]

[ 2016-05-18T21:41:45+08:00 ] 39.189.231.179 /admin.php?s=/Service/index.html
INFO: [ app_init ] --START--
INFO: Run Behavior\BuildLiteBehavior [ RunTime:0.000024s ]
INFO: Run Common\Behavior\InitHookBehavior [ RunTime:0.001151s ]
INFO: [ app_init ] --END-- [ RunTime:0.001932s ]
INFO: [ app_begin ] --START--
INFO: Run Behavior\ReadHtmlCacheBehavior [ RunTime:0.000416s ]
INFO: [ app_begin ] --END-- [ RunTime:0.000470s ]
SQL: SHOW COLUMNS FROM `fg_shop` [ RunTime:0.0033s ]
SQL: SELECT * FROM `fg_shop` WHERE `uid` = 1 LIMIT 1   [ RunTime:0.0018s ]
SQL: SHOW COLUMNS FROM `fg_menu` [ RunTime:0.0027s ]
SQL: SELECT `id`,`title`,`url` FROM `fg_menu` WHERE `pid` = 0 AND `hide` = 0 AND `is_dev` = 0 ORDER BY sort asc  [ RunTime:0.0019s ]
SQL: SELECT `pid` FROM `fg_menu` WHERE ( pid !=0 AND url like '%Service/index%' ) LIMIT 1   [ RunTime:0.0018s ]
SQL: SELECT * FROM `fg_menu` WHERE `id` = 124 LIMIT 1   [ RunTime:0.0017s ]
SQL: SELECT DISTINCT  `group` FROM `fg_menu` WHERE `group` <> '' AND `pid` = 124  [ RunTime:0.0019s ]
SQL: SELECT `id`,`url` FROM `fg_menu` WHERE `pid` = 124 AND `hide` = 0 AND `is_dev` = 0  [ RunTime:0.0017s ]
SQL: SELECT `id`,`pid`,`title`,`url`,`tip` FROM `fg_menu` WHERE `group` = '保养' AND `pid` = 124 AND `hide` = 0 AND `is_dev` = 0 ORDER BY sort asc  [ RunTime:0.0024s ]
SQL: SELECT `id`,`pid`,`title`,`url`,`tip` FROM `fg_menu` WHERE `group` = '维修' AND `pid` = 124 AND `hide` = 0 AND `is_dev` = 0 ORDER BY sort asc  [ RunTime:0.0019s ]
SQL: SELECT `id`,`pid`,`title`,`url`,`tip` FROM `fg_menu` WHERE `group` = '租车' AND `pid` = 124 AND `hide` = 0 AND `is_dev` = 0 ORDER BY sort asc  [ RunTime:0.0018s ]
SQL: SELECT `id`,`pid`,`title`,`url`,`tip` FROM `fg_menu` WHERE `group` = '充电' AND `pid` = 124 AND `hide` = 0 AND `is_dev` = 0 ORDER BY sort asc  [ RunTime:0.0018s ]
SQL: SELECT `id`,`pid`,`title`,`url`,`tip` FROM `fg_menu` WHERE `group` = '销售' AND `pid` = 124 AND `hide` = 0 AND `is_dev` = 0 ORDER BY sort asc  [ RunTime:0.0017s ]
SQL: SELECT `id`,`pid`,`title`,`url`,`tip` FROM `fg_menu` WHERE `group` = '二手车' AND `pid` = 124 AND `hide` = 0 AND `is_dev` = 0 ORDER BY sort asc  [ RunTime:0.0017s ]
SQL: SELECT `id`,`title` FROM `fg_menu`  [ RunTime:0.0018s ]
SQL: SELECT `id`,`title`,`pid`,`sort`,`url`,`hide`,`tip`,`group`,`is_dev`,`status` FROM `fg_menu` WHERE `pid` = 0 ORDER BY sort asc,id asc  [ RunTime:0.0019s ]
INFO: [ view_parse ] --START--
INFO: [ template_filter ] --START--
INFO: Run Behavior\ContentReplaceBehavior [ RunTime:0.000124s ]
INFO: [ template_filter ] --END-- [ RunTime:0.000240s ]
INFO: Run Behavior\ParseTemplateBehavior [ RunTime:0.012752s ]
INFO: [ view_parse ] --END-- [ RunTime:0.012802s ]
INFO: [ view_filter ] --START--
INFO: Run Behavior\WriteHtmlCacheBehavior [ RunTime:0.000132s ]
INFO: [ view_filter ] --END-- [ RunTime:0.000171s ]
INFO: [ app_end ] --START--
INFO: Run Behavior\ShowPageTraceBehavior [ RunTime:0.000474s ]
INFO: [ app_end ] --END-- [ RunTime:0.000535s ]

[ 2016-05-18T21:41:46+08:00 ] 39.189.231.179 /admin.php?s=/Shop/index.html
INFO: [ app_init ] --START--
INFO: Run Behavior\BuildLiteBehavior [ RunTime:0.000016s ]
INFO: Run Common\Behavior\InitHookBehavior [ RunTime:0.001072s ]
INFO: [ app_init ] --END-- [ RunTime:0.001580s ]
INFO: [ app_begin ] --START--
INFO: Run Behavior\ReadHtmlCacheBehavior [ RunTime:0.000367s ]
INFO: [ app_begin ] --END-- [ RunTime:0.000425s ]
SQL: SHOW COLUMNS FROM `fg_shop` [ RunTime:0.0032s ]
SQL: SELECT * FROM `fg_shop` WHERE `uid` = 1 LIMIT 1   [ RunTime:0.0019s ]
SQL: SHOW COLUMNS FROM `fg_menu` [ RunTime:0.0023s ]
SQL: SELECT `id`,`title`,`url` FROM `fg_menu` WHERE `pid` = 0 AND `hide` = 0 AND `is_dev` = 0 ORDER BY sort asc  [ RunTime:0.0019s ]
SQL: SELECT `pid` FROM `fg_menu` WHERE ( pid !=0 AND url like '%Shop/index%' ) LIMIT 1   [ RunTime:0.0018s ]
SQL: SELECT * FROM `fg_menu` WHERE `id` = 137 LIMIT 1   [ RunTime:0.0017s ]
SQL: SELECT DISTINCT  `group` FROM `fg_menu` WHERE `group` <> '' AND `pid` = 137  [ RunTime:0.0020s ]
SQL: SELECT `id`,`url` FROM `fg_menu` WHERE `pid` = 137 AND `hide` = 0 AND `is_dev` = 0  [ RunTime:0.0018s ]
SQL: SELECT `id`,`pid`,`title`,`url`,`tip` FROM `fg_menu` WHERE `group` = '门店' AND `pid` = 137 AND `hide` = 0 AND `is_dev` = 0 ORDER BY sort asc  [ RunTime:0.0018s ]
SQL: SELECT `id`,`pid`,`title`,`url`,`tip` FROM `fg_menu` WHERE `group` = '运营商' AND `pid` = 137 AND `hide` = 0 AND `is_dev` = 0 ORDER BY sort asc  [ RunTime:0.0019s ]
SQL: SELECT `id`,`pid`,`title`,`url`,`tip` FROM `fg_menu` WHERE `group` = '微信管理' AND `pid` = 137 AND `hide` = 0 AND `is_dev` = 0 ORDER BY sort asc  [ RunTime:0.0017s ]
SQL: SELECT `id`,`pid`,`title`,`url`,`tip` FROM `fg_menu` WHERE `group` = '权限' AND `pid` = 137 AND `hide` = 0 AND `is_dev` = 0 ORDER BY sort asc  [ RunTime:0.0020s ]
SQL: SELECT `id`,`pid`,`title`,`url`,`tip` FROM `fg_menu` WHERE `group` = '优惠券管理' AND `pid` = 137 AND `hide` = 0 AND `is_dev` = 0 ORDER BY sort asc  [ RunTime:0.0019s ]
SQL: SELECT `id`,`pid`,`title`,`url`,`tip` FROM `fg_menu` WHERE `group` = '渠道管理' AND `pid` = 137 AND `hide` = 0 AND `is_dev` = 0 ORDER BY sort asc  [ RunTime:0.0019s ]
SQL: SELECT `id`,`pid`,`title`,`url`,`tip` FROM `fg_menu` WHERE `group` = '投诉管理' AND `pid` = 137 AND `hide` = 0 AND `is_dev` = 0 ORDER BY sort asc  [ RunTime:0.0020s ]
SQL: SELECT `id`,`pid`,`title`,`url`,`tip` FROM `fg_menu` WHERE `group` = '区域' AND `pid` = 137 AND `hide` = 0 AND `is_dev` = 0 ORDER BY sort asc  [ RunTime:0.0017s ]
SQL: SELECT `id`,`pid`,`title`,`url`,`tip` FROM `fg_menu` WHERE `group` = '红包管理' AND `pid` = 137 AND `hide` = 0 AND `is_dev` = 0 ORDER BY sort asc  [ RunTime:0.0019s ]
SQL: SELECT `id`,`uid`,`carrierid`,`name`,`cityid`,`areaid`,`picture1`,`picture2`,`picture3`,`latitude`,`longitude`,`tel`,`mobile`,`address`,`intro`,`shopno`,`orders`,`star`,`status`,`openid`,`wechatname`,`shop_type`,`s_rent`,`s_maintain`,`s_repair`,`s_mall` FROM `fg_shop` WHERE `shop_type` = 1 ORDER BY id asc  [ RunTime:0.0020s ]
SQL: SHOW COLUMNS FROM `fg_city` [ RunTime:0.0023s ]
SQL: SELECT * FROM `fg_city` WHERE `id` = 1 LIMIT 1   [ RunTime:0.0017s ]
SQL: SHOW COLUMNS FROM `fg_city_area` [ RunTime:0.0022s ]
SQL: SELECT * FROM `fg_city_area` WHERE `id` = 1 LIMIT 1   [ RunTime:0.0016s ]
SQL: SELECT * FROM `fg_city` WHERE `id` = 1 LIMIT 1   [ RunTime:0.0018s ]
SQL: SELECT * FROM `fg_city_area` WHERE `id` = 1 LIMIT 1   [ RunTime:0.0016s ]
SQL: SELECT * FROM `fg_city` WHERE `id` = 1 LIMIT 1   [ RunTime:0.0016s ]
SQL: SELECT * FROM `fg_city_area` WHERE `id` = 1 LIMIT 1   [ RunTime:0.0017s ]
SQL: SELECT * FROM `fg_city` WHERE `id` = 1 LIMIT 1   [ RunTime:0.0017s ]
SQL: SELECT * FROM `fg_city_area` WHERE `id` = 1 LIMIT 1   [ RunTime:0.0018s ]
SQL: SELECT * FROM `fg_city` WHERE `id` = 1 LIMIT 1   [ RunTime:0.0017s ]
SQL: SELECT * FROM `fg_city_area` WHERE `id` = 1 LIMIT 1   [ RunTime:0.0017s ]
SQL: SELECT * FROM `fg_city` WHERE `id` = 1 LIMIT 1   [ RunTime:0.0019s ]
SQL: SELECT * FROM `fg_city_area` WHERE `id` = 1 LIMIT 1   [ RunTime:0.0016s ]
SQL: SELECT * FROM `fg_city` WHERE `id` = 1 LIMIT 1   [ RunTime:0.0017s ]
SQL: SELECT * FROM `fg_city_area` WHERE `id` = 1 LIMIT 1   [ RunTime:0.0016s ]
SQL: SELECT * FROM `fg_city` WHERE `id` = 1 LIMIT 1   [ RunTime:0.0018s ]
SQL: SELECT * FROM `fg_city_area` WHERE `id` = 1 LIMIT 1   [ RunTime:0.0018s ]
SQL: SELECT * FROM `fg_city` WHERE `id` = 1 LIMIT 1   [ RunTime:0.0016s ]
SQL: SELECT * FROM `fg_city_area` WHERE `id` = 1 LIMIT 1   [ RunTime:0.0017s ]
SQL: SELECT * FROM `fg_city` WHERE `id` = 1 LIMIT 1   [ RunTime:0.0017s ]
SQL: SELECT * FROM `fg_city_area` WHERE `id` = 1 LIMIT 1   [ RunTime:0.0017s ]
SQL: SELECT * FROM `fg_city` WHERE `id` = 1 LIMIT 1   [ RunTime:0.0017s ]
SQL: SELECT * FROM `fg_city_area` WHERE `id` = 1 LIMIT 1   [ RunTime:0.0017s ]
SQL: SELECT * FROM `fg_city` WHERE `id` = 1 LIMIT 1   [ RunTime:0.0018s ]
SQL: SELECT * FROM `fg_city_area` WHERE `id` = 1 LIMIT 1   [ RunTime:0.0017s ]
SQL: SELECT * FROM `fg_city` WHERE `id` = 1 LIMIT 1   [ RunTime:0.0017s ]
SQL: SELECT * FROM `fg_city_area` WHERE `id` = 1 LIMIT 1   [ RunTime:0.0019s ]
SQL: SELECT * FROM `fg_city` WHERE `id` = 1 LIMIT 1   [ RunTime:0.0017s ]
SQL: SELECT * FROM `fg_city_area` WHERE `id` = 1 LIMIT 1   [ RunTime:0.0017s ]
SQL: SELECT * FROM `fg_city` WHERE `id` = 1 LIMIT 1   [ RunTime:0.0017s ]
SQL: SELECT * FROM `fg_city_area` WHERE `id` = 1 LIMIT 1   [ RunTime:0.0017s ]
SQL: SELECT * FROM `fg_city` WHERE `id` = 3 LIMIT 1   [ RunTime:0.0016s ]
SQL: SELECT * FROM `fg_city_area` WHERE `id` = 3 LIMIT 1   [ RunTime:0.0016s ]
SQL: SELECT * FROM `fg_city` WHERE `id` = 5 LIMIT 1   [ RunTime:0.0019s ]
SQL: SELECT * FROM `fg_city_area` WHERE `id` = -1 LIMIT 1   [ RunTime:0.0017s ]
SQL: SELECT * FROM `fg_city` WHERE `id` = 4 LIMIT 1   [ RunTime:0.0020s ]
SQL: SELECT * FROM `fg_city_area` WHERE `id` = -1 LIMIT 1   [ RunTime:0.0023s ]
SQL: SELECT * FROM `fg_city` WHERE `id` = 3 LIMIT 1   [ RunTime:0.0017s ]
SQL: SELECT * FROM `fg_city_area` WHERE `id` = 3 LIMIT 1   [ RunTime:0.0017s ]
SQL: SELECT * FROM `fg_city` WHERE `id` = 3 LIMIT 1   [ RunTime:0.0017s ]
SQL: SELECT * FROM `fg_city_area` WHERE `id` = 3 LIMIT 1   [ RunTime:0.0017s ]
SQL: SELECT * FROM `fg_city` WHERE `id` = 6 LIMIT 1   [ RunTime:0.0017s ]
SQL: SELECT * FROM `fg_city_area` WHERE `id` = 4 LIMIT 1   [ RunTime:0.0016s ]
INFO: [ view_parse ] --START--
INFO: [ template_filter ] --START--
INFO: Run Behavior\ContentReplaceBehavior [ RunTime:0.000143s ]
INFO: [ template_filter ] --END-- [ RunTime:0.000253s ]
INFO: Run Behavior\ParseTemplateBehavior [ RunTime:0.020205s ]
INFO: [ view_parse ] --END-- [ RunTime:0.020256s ]
INFO: [ view_filter ] --START--
INFO: Run Behavior\WriteHtmlCacheBehavior [ RunTime:0.000148s ]
INFO: [ view_filter ] --END-- [ RunTime:0.000194s ]
INFO: [ app_end ] --START--
INFO: Run Behavior\ShowPageTraceBehavior [ RunTime:0.000482s ]
INFO: [ app_end ] --END-- [ RunTime:0.000531s ]

[ 2016-05-18T21:41:49+08:00 ] 39.189.231.179 /admin.php?s=/Public/logout.html
INFO: [ app_init ] --START--
INFO: Run Behavior\BuildLiteBehavior [ RunTime:0.000018s ]
INFO: Run Common\Behavior\InitHookBehavior [ RunTime:0.001126s ]
INFO: [ app_init ] --END-- [ RunTime:0.001636s ]
INFO: [ app_begin ] --START--
INFO: Run Behavior\ReadHtmlCacheBehavior [ RunTime:0.000538s ]
INFO: [ app_begin ] --END-- [ RunTime:0.000600s ]
SQL: SHOW COLUMNS FROM `fg_member` [ RunTime:0.0029s ]
INFO: [ view_parse ] --START--
INFO: [ template_filter ] --START--
INFO: Run Behavior\ContentReplaceBehavior [ RunTime:0.000049s ]
INFO: [ template_filter ] --END-- [ RunTime:0.000112s ]
INFO: Run Behavior\ParseTemplateBehavior [ RunTime:0.005721s ]
INFO: [ view_parse ] --END-- [ RunTime:0.005786s ]
INFO: [ view_filter ] --START--
INFO: Run Behavior\WriteHtmlCacheBehavior [ RunTime:0.000229s ]
INFO: [ view_filter ] --END-- [ RunTime:0.000289s ]
INFO: [ app_end ] --START--
INFO: Run Behavior\ShowPageTraceBehavior [ RunTime:0.000676s ]
INFO: [ app_end ] --END-- [ RunTime:0.000768s ]

[ 2016-05-18T21:41:50+08:00 ] 39.189.231.179 /admin.php?s=/Public/login.html
INFO: [ app_init ] --START--
INFO: Run Behavior\BuildLiteBehavior [ RunTime:0.000020s ]
INFO: Run Common\Behavior\InitHookBehavior [ RunTime:0.001452s ]
INFO: [ app_init ] --END-- [ RunTime:0.002019s ]
INFO: [ app_begin ] --START--
INFO: Run Behavior\ReadHtmlCacheBehavior [ RunTime:0.000546s ]
INFO: [ app_begin ] --END-- [ RunTime:0.000600s ]
INFO: [ view_parse ] --START--
INFO: [ template_filter ] --START--
INFO: Run Behavior\ContentReplaceBehavior [ RunTime:0.000058s ]
INFO: [ template_filter ] --END-- [ RunTime:0.000111s ]
INFO: Run Behavior\ParseTemplateBehavior [ RunTime:0.005700s ]
INFO: [ view_parse ] --END-- [ RunTime:0.005790s ]
INFO: [ view_filter ] --START--
INFO: Run Behavior\WriteHtmlCacheBehavior [ RunTime:0.000160s ]
INFO: [ view_filter ] --END-- [ RunTime:0.000220s ]
INFO: [ app_end ] --START--
INFO: Run Behavior\ShowPageTraceBehavior [ RunTime:0.000443s ]
INFO: [ app_end ] --END-- [ RunTime:0.000499s ]

[ 2016-05-18T21:41:50+08:00 ] 39.189.231.179 /admin.php?s=/Public/verify.html
INFO: [ app_init ] --START--
INFO: Run Behavior\BuildLiteBehavior [ RunTime:0.000017s ]
INFO: Run Common\Behavior\InitHookBehavior [ RunTime:0.001107s ]
INFO: [ app_init ] --END-- [ RunTime:0.001671s ]
INFO: [ app_begin ] --START--
INFO: Run Behavior\ReadHtmlCacheBehavior [ RunTime:0.000393s ]
INFO: [ app_begin ] --END-- [ RunTime:0.000444s ]
INFO: [ app_end ] --START--
INFO: Run Behavior\ShowPageTraceBehavior [ RunTime:0.000489s ]
INFO: [ app_end ] --END-- [ RunTime:0.000557s ]

[ 2016-05-18T21:41:56+08:00 ] 39.189.231.179 /admin.php?s=/Public/login.html
INFO: [ app_init ] --START--
INFO: Run Behavior\BuildLiteBehavior [ RunTime:0.000022s ]
INFO: Run Common\Behavior\InitHookBehavior [ RunTime:0.001199s ]
INFO: [ app_init ] --END-- [ RunTime:0.001887s ]
INFO: [ app_begin ] --START--
INFO: Run Behavior\ReadHtmlCacheBehavior [ RunTime:0.000472s ]
INFO: [ app_begin ] --END-- [ RunTime:0.000520s ]
NOTIC: [8] Undefined index: lite /var/www/didi/ThinkPHP/Library/Think/Db.class.php 第 37 行.
SQL: SHOW COLUMNS FROM `fg_member` [ RunTime:0.0029s ]
SQL: SELECT `uid`,`nickname`,`sex`,`birthday`,`qq`,`score`,`login`,`reg_ip`,`reg_time`,`last_login_ip`,`last_login_time`,`status`,`group_id` FROM `fg_member` WHERE `uid` = 1 LIMIT 1   [ RunTime:0.0018s ]
SQL: SHOW COLUMNS FROM `fg_action` [ RunTime:0.0026s ]
SQL: SELECT * FROM `fg_action` WHERE `name` = 'user_login' LIMIT 1   [ RunTime:0.0017s ]
SQL: SHOW COLUMNS FROM `fg_action_log` [ RunTime:0.0023s ]
SQL: INSERT INTO `fg_action_log` (`action_id`,`user_id`,`action_ip`,`model`,`record_id`,`create_time`,`remark`) VALUES ('1','1','666757043','member','1','1463578916','admin在2016-05-18 21:41登录了后台') [ RunTime:0.0076s ]
SQL: SELECT * FROM `fg_action` WHERE `name` = 'user_login' LIMIT 1   [ RunTime:0.0017s ]
NOTIC: [8] Undefined offset: 1 /var/www/didi/Application/Common/Common/function.php 第 679 行.
NOTIC: [2] array_key_exists() expects parameter 2 to be array, null given /var/www/didi/Application/Common/Common/function.php 第 679 行.
SQL: SELECT COUNT(*) AS tp_count FROM `fg_action_log` WHERE `action_id` = 1 AND `user_id` = 1 AND `create_time` > 1463492516 LIMIT 1   [ RunTime:0.0018s ]
SQL: SHOW COLUMNS FROM `fg_shop` [ RunTime:0.0035s ]
SQL: SELECT * FROM `fg_shop` WHERE `uid` = 1 LIMIT 1   [ RunTime:0.0020s ]
SQL: UPDATE `fg_member` SET `login`=`login`+1,`last_login_time`='1463578916',`last_login_ip`='666757043' WHERE `uid` = 1 [ RunTime:0.0053s ]

[ 2016-05-18T21:41:56+08:00 ] 39.189.231.179 /admin.php?s=/Index/index.html
INFO: [ app_init ] --START--
INFO: Run Behavior\BuildLiteBehavior [ RunTime:0.000019s ]
INFO: Run Common\Behavior\InitHookBehavior [ RunTime:0.001208s ]
INFO: [ app_init ] --END-- [ RunTime:0.001979s ]
INFO: [ app_begin ] --START--
INFO: Run Behavior\ReadHtmlCacheBehavior [ RunTime:0.000405s ]
INFO: [ app_begin ] --END-- [ RunTime:0.000464s ]
SQL: SHOW COLUMNS FROM `fg_shop` [ RunTime:0.0030s ]
SQL: SELECT * FROM `fg_shop` WHERE `uid` = 1 LIMIT 1   [ RunTime:0.0024s ]
SQL: SHOW COLUMNS FROM `fg_menu` [ RunTime:0.0022s ]
SQL: SELECT `id`,`title`,`url` FROM `fg_menu` WHERE `pid` = 0 AND `hide` = 0 AND `is_dev` = 0 ORDER BY sort asc  [ RunTime:0.0018s ]
SQL: SELECT `pid` FROM `fg_menu` WHERE ( pid !=0 AND url like '%Index/index%' ) LIMIT 1   [ RunTime:0.0019s ]
INFO: [ view_parse ] --START--
INFO: [ template_filter ] --START--
INFO: Run Behavior\ContentReplaceBehavior [ RunTime:0.000086s ]
INFO: [ template_filter ] --END-- [ RunTime:0.000172s ]
INFO: [ AdminIndex ] --START--
SQL: SHOW COLUMNS FROM `fg_addons` [ RunTime:0.0024s ]
SQL: SELECT `config` FROM `fg_addons` WHERE `name` = 'SiteStat' AND `status` = 1 LIMIT 1   [ RunTime:0.0015s ]
SQL: SHOW COLUMNS FROM `fg_member` [ RunTime:0.0022s ]
SQL: SELECT COUNT(*) AS tp_count FROM `fg_member` LIMIT 1   [ RunTime:0.0021s ]
SQL: SHOW COLUMNS FROM `fg_action_log` [ RunTime:0.0021s ]
SQL: SELECT COUNT(*) AS tp_count FROM `fg_action_log` LIMIT 1   [ RunTime:0.0015s ]
SQL: SHOW COLUMNS FROM `fg_document` [ RunTime:0.0025s ]
SQL: SELECT COUNT(*) AS tp_count FROM `fg_document` LIMIT 1   [ RunTime:0.0014s ]
SQL: SHOW COLUMNS FROM `fg_category` [ RunTime:0.0029s ]
SQL: SELECT COUNT(*) AS tp_count FROM `fg_category` LIMIT 1   [ RunTime:0.0016s ]
SQL: SHOW COLUMNS FROM `fg_model` [ RunTime:0.0026s ]
SQL: SELECT COUNT(*) AS tp_count FROM `fg_model` LIMIT 1   [ RunTime:0.0016s ]
INFO: [ view_parse ] --START--
INFO: [ template_filter ] --START--
INFO: Run Behavior\ContentReplaceBehavior [ RunTime:0.000037s ]
INFO: [ template_filter ] --END-- [ RunTime:-0.030751s ]
INFO: Run Behavior\ParseTemplateBehavior [ RunTime:0.001905s ]
INFO: [ view_parse ] --END-- [ RunTime:0.001973s ]
INFO: [ view_filter ] --START--
INFO: Run Behavior\WriteHtmlCacheBehavior [ RunTime:0.000224s ]
INFO: [ view_filter ] --END-- [ RunTime:0.000284s ]
INFO: Run Addons\SiteStat\SiteStatAddon [ RunTime:0.029915s ]
SQL: SELECT `config` FROM `fg_addons` WHERE `name` = 'SystemInfo' AND `status` = 1 LIMIT 1   [ RunTime:0.0016s ]
INFO: [ view_parse ] --START--
INFO: [ template_filter ] --START--
INFO: Run Behavior\ContentReplaceBehavior [ RunTime:0.000046s ]
INFO: [ template_filter ] --END-- [ RunTime:-0.222022s ]
SQL: select version() as v; [ RunTime:0.0017s ]
INFO: Run Behavior\ParseTemplateBehavior [ RunTime:0.004324s ]
INFO: [ view_parse ] --END-- [ RunTime:-0.188976s ]
INFO: [ view_filter ] --START--
INFO: Run Behavior\WriteHtmlCacheBehavior [ RunTime:0.000011s ]
INFO: [ view_filter ] --END-- [ RunTime:-0.193090s ]
INFO: Run Addons\SystemInfo\SystemInfoAddon [ RunTime:0.193108s ]
SQL: SELECT `config` FROM `fg_addons` WHERE `name` = 'DevTeam' AND `status` = 1 LIMIT 1   [ RunTime:0.0018s ]
INFO: [ view_parse ] --START--
INFO: [ template_filter ] --START--
INFO: Run Behavior\ContentReplaceBehavior [ RunTime:0.000033s ]
INFO: [ template_filter ] --END-- [ RunTime:-0.228099s ]
INFO: Run Behavior\ParseTemplateBehavior [ RunTime:0.001355s ]
INFO: [ view_parse ] --END-- [ RunTime:-0.195786s ]
INFO: [ view_filter ] --START--
INFO: Run Behavior\WriteHtmlCacheBehavior [ RunTime:0.000014s ]
INFO: [ view_filter ] --END-- [ RunTime:-0.196915s ]
INFO: Run Addons\DevTeam\DevTeamAddon [ RunTime:0.003823s ]
INFO: [ AdminIndex ] --END-- [ RunTime:0.226926s ]
INFO: Run Behavior\ParseTemplateBehavior [ RunTime:0.001578s ]
INFO: [ view_parse ] --END-- [ RunTime:-0.195786s ]
INFO: [ view_filter ] --START--
INFO: Run Behavior\WriteHtmlCacheBehavior [ RunTime:0.000008s ]
INFO: [ view_filter ] --END-- [ RunTime:-0.197115s ]
INFO: [ app_end ] --START--
INFO: Run Behavior\ShowPageTraceBehavior [ RunTime:0.000500s ]
INFO: [ app_end ] --END-- [ RunTime:0.000552s ]

[ 2016-05-18T21:42:19+08:00 ] 39.189.231.179 /admin.php?s=/Shop/index.html
INFO: [ app_init ] --START--
INFO: Run Behavior\BuildLiteBehavior [ RunTime:0.000023s ]
INFO: Run Common\Behavior\InitHookBehavior [ RunTime:0.001690s ]
INFO: [ app_init ] --END-- [ RunTime:0.002333s ]
INFO: [ app_begin ] --START--
INFO: Run Behavior\ReadHtmlCacheBehavior [ RunTime:0.000568s ]
INFO: [ app_begin ] --END-- [ RunTime:0.000643s ]
SQL: SHOW COLUMNS FROM `fg_shop` [ RunTime:0.0031s ]
SQL: SELECT * FROM `fg_shop` WHERE `uid` = 1 LIMIT 1   [ RunTime:0.0019s ]
SQL: SHOW COLUMNS FROM `fg_menu` [ RunTime:0.0025s ]
SQL: SELECT `id`,`title`,`url` FROM `fg_menu` WHERE `pid` = 0 AND `hide` = 0 AND `is_dev` = 0 ORDER BY sort asc  [ RunTime:0.0019s ]
SQL: SELECT `pid` FROM `fg_menu` WHERE ( pid !=0 AND url like '%Shop/index%' ) LIMIT 1   [ RunTime:0.0018s ]
SQL: SELECT * FROM `fg_menu` WHERE `id` = 137 LIMIT 1   [ RunTime:0.0016s ]
SQL: SELECT DISTINCT  `group` FROM `fg_menu` WHERE `group` <> '' AND `pid` = 137  [ RunTime:0.0018s ]
SQL: SELECT `id`,`url` FROM `fg_menu` WHERE `pid` = 137 AND `hide` = 0 AND `is_dev` = 0  [ RunTime:0.0017s ]
SQL: SELECT `id`,`pid`,`title`,`url`,`tip` FROM `fg_menu` WHERE `group` = '门店' AND `pid` = 137 AND `hide` = 0 AND `is_dev` = 0 ORDER BY sort asc  [ RunTime:0.0017s ]
SQL: SELECT `id`,`pid`,`title`,`url`,`tip` FROM `fg_menu` WHERE `group` = '运营商' AND `pid` = 137 AND `hide` = 0 AND `is_dev` = 0 ORDER BY sort asc  [ RunTime:0.0017s ]
SQL: SELECT `id`,`pid`,`title`,`url`,`tip` FROM `fg_menu` WHERE `group` = '微信管理' AND `pid` = 137 AND `hide` = 0 AND `is_dev` = 0 ORDER BY sort asc  [ RunTime:0.0016s ]
SQL: SELECT `id`,`pid`,`title`,`url`,`tip` FROM `fg_menu` WHERE `group` = '权限' AND `pid` = 137 AND `hide` = 0 AND `is_dev` = 0 ORDER BY sort asc  [ RunTime:0.0017s ]
SQL: SELECT `id`,`pid`,`title`,`url`,`tip` FROM `fg_menu` WHERE `group` = '优惠券管理' AND `pid` = 137 AND `hide` = 0 AND `is_dev` = 0 ORDER BY sort asc  [ RunTime:0.0017s ]
SQL: SELECT `id`,`pid`,`title`,`url`,`tip` FROM `fg_menu` WHERE `group` = '渠道管理' AND `pid` = 137 AND `hide` = 0 AND `is_dev` = 0 ORDER BY sort asc  [ RunTime:0.0017s ]
SQL: SELECT `id`,`pid`,`title`,`url`,`tip` FROM `fg_menu` WHERE `group` = '投诉管理' AND `pid` = 137 AND `hide` = 0 AND `is_dev` = 0 ORDER BY sort asc  [ RunTime:0.0017s ]
SQL: SELECT `id`,`pid`,`title`,`url`,`tip` FROM `fg_menu` WHERE `group` = '区域' AND `pid` = 137 AND `hide` = 0 AND `is_dev` = 0 ORDER BY sort asc  [ RunTime:0.0017s ]
SQL: SELECT `id`,`pid`,`title`,`url`,`tip` FROM `fg_menu` WHERE `group` = '红包管理' AND `pid` = 137 AND `hide` = 0 AND `is_dev` = 0 ORDER BY sort asc  [ RunTime:0.0017s ]
SQL: SELECT `id`,`uid`,`carrierid`,`name`,`cityid`,`areaid`,`picture1`,`picture2`,`picture3`,`latitude`,`longitude`,`tel`,`mobile`,`address`,`intro`,`shopno`,`orders`,`star`,`status`,`openid`,`wechatname`,`shop_type`,`s_rent`,`s_maintain`,`s_repair`,`s_mall` FROM `fg_shop` WHERE `shop_type` = 1 ORDER BY id asc  [ RunTime:0.0020s ]
SQL: SHOW COLUMNS FROM `fg_city` [ RunTime:0.0023s ]
SQL: SELECT * FROM `fg_city` WHERE `id` = 1 LIMIT 1   [ RunTime:0.0017s ]
SQL: SHOW COLUMNS FROM `fg_city_area` [ RunTime:0.0021s ]
SQL: SELECT * FROM `fg_city_area` WHERE `id` = 1 LIMIT 1   [ RunTime:0.0016s ]
SQL: SELECT * FROM `fg_city` WHERE `id` = 1 LIMIT 1   [ RunTime:0.0017s ]
SQL: SELECT * FROM `fg_city_area` WHERE `id` = 1 LIMIT 1   [ RunTime:0.0016s ]
SQL: SELECT * FROM `fg_city` WHERE `id` = 1 LIMIT 1   [ RunTime:0.0017s ]
SQL: SELECT * FROM `fg_city_area` WHERE `id` = 1 LIMIT 1   [ RunTime:0.0016s ]
SQL: SELECT * FROM `fg_city` WHERE `id` = 1 LIMIT 1   [ RunTime:0.0017s ]
SQL: SELECT * FROM `fg_city_area` WHERE `id` = 1 LIMIT 1   [ RunTime:0.0017s ]
SQL: SELECT * FROM `fg_city` WHERE `id` = 1 LIMIT 1   [ RunTime:0.0017s ]
SQL: SELECT * FROM `fg_city_area` WHERE `id` = 1 LIMIT 1   [ RunTime:0.0017s ]
SQL: SELECT * FROM `fg_city` WHERE `id` = 1 LIMIT 1   [ RunTime:0.0017s ]
SQL: SELECT * FROM `fg_city_area` WHERE `id` = 1 LIMIT 1   [ RunTime:0.0017s ]
SQL: SELECT * FROM `fg_city` WHERE `id` = 1 LIMIT 1   [ RunTime:0.0016s ]
SQL: SELECT * FROM `fg_city_area` WHERE `id` = 1 LIMIT 1   [ RunTime:0.0016s ]
SQL: SELECT * FROM `fg_city` WHERE `id` = 1 LIMIT 1   [ RunTime:0.0016s ]
SQL: SELECT * FROM `fg_city_area` WHERE `id` = 1 LIMIT 1   [ RunTime:0.0016s ]
SQL: SELECT * FROM `fg_city` WHERE `id` = 1 LIMIT 1   [ RunTime:0.0016s ]
SQL: SELECT * FROM `fg_city_area` WHERE `id` = 1 LIMIT 1   [ RunTime:0.0016s ]
SQL: SELECT * FROM `fg_city` WHERE `id` = 1 LIMIT 1   [ RunTime:0.0017s ]
SQL: SELECT * FROM `fg_city_area` WHERE `id` = 1 LIMIT 1   [ RunTime:0.0020s ]
SQL: SELECT * FROM `fg_city` WHERE `id` = 1 LIMIT 1   [ RunTime:0.0016s ]
SQL: SELECT * FROM `fg_city_area` WHERE `id` = 1 LIMIT 1   [ RunTime:0.0018s ]
SQL: SELECT * FROM `fg_city` WHERE `id` = 1 LIMIT 1   [ RunTime:0.0016s ]
SQL: SELECT * FROM `fg_city_area` WHERE `id` = 1 LIMIT 1   [ RunTime:0.0016s ]
SQL: SELECT * FROM `fg_city` WHERE `id` = 1 LIMIT 1   [ RunTime:0.0017s ]
SQL: SELECT * FROM `fg_city_area` WHERE `id` = 1 LIMIT 1   [ RunTime:0.0015s ]
SQL: SELECT * FROM `fg_city` WHERE `id` = 1 LIMIT 1   [ RunTime:0.0016s ]
SQL: SELECT * FROM `fg_city_area` WHERE `id` = 1 LIMIT 1   [ RunTime:0.0016s ]
SQL: SELECT * FROM `fg_city` WHERE `id` = 1 LIMIT 1   [ RunTime:0.0016s ]
SQL: SELECT * FROM `fg_city_area` WHERE `id` = 1 LIMIT 1   [ RunTime:0.0016s ]
SQL: SELECT * FROM `fg_city` WHERE `id` = 3 LIMIT 1   [ RunTime:0.0017s ]
SQL: SELECT * FROM `fg_city_area` WHERE `id` = 3 LIMIT 1   [ RunTime:0.0016s ]
SQL: SELECT * FROM `fg_city` WHERE `id` = 5 LIMIT 1   [ RunTime:0.0016s ]
SQL: SELECT * FROM `fg_city_area` WHERE `id` = -1 LIMIT 1   [ RunTime:0.0016s ]
SQL: SELECT * FROM `fg_city` WHERE `id` = 4 LIMIT 1   [ RunTime:0.0015s ]
SQL: SELECT * FROM `fg_city_area` WHERE `id` = -1 LIMIT 1   [ RunTime:0.0016s ]
SQL: SELECT * FROM `fg_city` WHERE `id` = 3 LIMIT 1   [ RunTime:0.0016s ]
SQL: SELECT * FROM `fg_city_area` WHERE `id` = 3 LIMIT 1   [ RunTime:0.0016s ]
SQL: SELECT * FROM `fg_city` WHERE `id` = 3 LIMIT 1   [ RunTime:0.0016s ]
SQL: SELECT * FROM `fg_city_area` WHERE `id` = 3 LIMIT 1   [ RunTime:0.0016s ]
SQL: SELECT * FROM `fg_city` WHERE `id` = 6 LIMIT 1   [ RunTime:0.0016s ]
SQL: SELECT * FROM `fg_city_area` WHERE `id` = 4 LIMIT 1   [ RunTime:0.0017s ]
INFO: [ view_parse ] --START--
INFO: [ template_filter ] --START--
INFO: Run Behavior\ContentReplaceBehavior [ RunTime:0.000135s ]
INFO: [ template_filter ] --END-- [ RunTime:0.000200s ]
INFO: Run Behavior\ParseTemplateBehavior [ RunTime:0.020639s ]
INFO: [ view_parse ] --END-- [ RunTime:0.020718s ]
INFO: [ view_filter ] --START--
INFO: Run Behavior\WriteHtmlCacheBehavior [ RunTime:0.000201s ]
INFO: [ view_filter ] --END-- [ RunTime:0.000242s ]
INFO: [ app_end ] --START--
INFO: Run Behavior\ShowPageTraceBehavior [ RunTime:0.000449s ]
INFO: [ app_end ] --END-- [ RunTime:0.000498s ]

[ 2016-05-18T21:42:22+08:00 ] 39.189.231.179 /admin.php?s=/Canal/index.html
INFO: [ app_init ] --START--
INFO: Run Behavior\BuildLiteBehavior [ RunTime:0.000018s ]
INFO: Run Common\Behavior\InitHookBehavior [ RunTime:0.001102s ]
INFO: [ app_init ] --END-- [ RunTime:0.001652s ]
INFO: [ app_begin ] --START--
INFO: Run Behavior\ReadHtmlCacheBehavior [ RunTime:0.000393s ]
INFO: [ app_begin ] --END-- [ RunTime:0.000443s ]
SQL: SHOW COLUMNS FROM `fg_shop` [ RunTime:0.0029s ]
SQL: SELECT * FROM `fg_shop` WHERE `uid` = 1 LIMIT 1   [ RunTime:0.0018s ]
SQL: SHOW COLUMNS FROM `fg_menu` [ RunTime:0.0026s ]
SQL: SELECT `id`,`title`,`url` FROM `fg_menu` WHERE `pid` = 0 AND `hide` = 0 AND `is_dev` = 0 ORDER BY sort asc  [ RunTime:0.0018s ]
SQL: SELECT `pid` FROM `fg_menu` WHERE ( pid !=0 AND url like '%Canal/index%' ) LIMIT 1   [ RunTime:0.0017s ]
SQL: SELECT * FROM `fg_menu` WHERE `id` = 137 LIMIT 1   [ RunTime:0.0016s ]
SQL: SELECT DISTINCT  `group` FROM `fg_menu` WHERE `group` <> '' AND `pid` = 137  [ RunTime:0.0017s ]
SQL: SELECT `id`,`url` FROM `fg_menu` WHERE `pid` = 137 AND `hide` = 0 AND `is_dev` = 0  [ RunTime:0.0017s ]
SQL: SELECT `id`,`pid`,`title`,`url`,`tip` FROM `fg_menu` WHERE `group` = '门店' AND `pid` = 137 AND `hide` = 0 AND `is_dev` = 0 ORDER BY sort asc  [ RunTime:0.0018s ]
SQL: SELECT `id`,`pid`,`title`,`url`,`tip` FROM `fg_menu` WHERE `group` = '运营商' AND `pid` = 137 AND `hide` = 0 AND `is_dev` = 0 ORDER BY sort asc  [ RunTime:0.0020s ]
SQL: SELECT `id`,`pid`,`title`,`url`,`tip` FROM `fg_menu` WHERE `group` = '微信管理' AND `pid` = 137 AND `hide` = 0 AND `is_dev` = 0 ORDER BY sort asc  [ RunTime:0.0017s ]
SQL: SELECT `id`,`pid`,`title`,`url`,`tip` FROM `fg_menu` WHERE `group` = '权限' AND `pid` = 137 AND `hide` = 0 AND `is_dev` = 0 ORDER BY sort asc  [ RunTime:0.0019s ]
SQL: SELECT `id`,`pid`,`title`,`url`,`tip` FROM `fg_menu` WHERE `group` = '优惠券管理' AND `pid` = 137 AND `hide` = 0 AND `is_dev` = 0 ORDER BY sort asc  [ RunTime:0.0018s ]
SQL: SELECT `id`,`pid`,`title`,`url`,`tip` FROM `fg_menu` WHERE `group` = '渠道管理' AND `pid` = 137 AND `hide` = 0 AND `is_dev` = 0 ORDER BY sort asc  [ RunTime:0.0019s ]
SQL: SELECT `id`,`pid`,`title`,`url`,`tip` FROM `fg_menu` WHERE `group` = '投诉管理' AND `pid` = 137 AND `hide` = 0 AND `is_dev` = 0 ORDER BY sort asc  [ RunTime:0.0018s ]
SQL: SELECT `id`,`pid`,`title`,`url`,`tip` FROM `fg_menu` WHERE `group` = '区域' AND `pid` = 137 AND `hide` = 0 AND `is_dev` = 0 ORDER BY sort asc  [ RunTime:0.0019s ]
SQL: SELECT `id`,`pid`,`title`,`url`,`tip` FROM `fg_menu` WHERE `group` = '红包管理' AND `pid` = 137 AND `hide` = 0 AND `is_dev` = 0 ORDER BY sort asc  [ RunTime:0.0017s ]
SQL: SHOW COLUMNS FROM `fg_canal` [ RunTime:0.0024s ]
SQL: SELECT `id`,`name`,`code`,`qimg`,`click`,`status`,`pid`,`keyword` FROM `fg_canal` WHERE `code` = 'YX' ORDER BY id asc  [ RunTime:0.0021s ]
INFO: [ view_parse ] --START--
INFO: [ template_filter ] --START--
INFO: Run Behavior\ContentReplaceBehavior [ RunTime:0.000217s ]
INFO: [ template_filter ] --END-- [ RunTime:0.000322s ]
INFO: Run Behavior\ParseTemplateBehavior [ RunTime:0.019253s ]
INFO: [ view_parse ] --END-- [ RunTime:0.019340s ]
INFO: [ view_filter ] --START--
INFO: Run Behavior\WriteHtmlCacheBehavior [ RunTime:0.000219s ]
INFO: [ view_filter ] --END-- [ RunTime:0.000283s ]
INFO: [ app_end ] --START--
INFO: Run Behavior\ShowPageTraceBehavior [ RunTime:0.000854s ]
INFO: [ app_end ] --END-- [ RunTime:0.000932s ]

[ 2016-05-18T22:12:11+08:00 ] 112.17.238.61 /admin.php
INFO: [ app_init ] --START--
INFO: Run Behavior\BuildLiteBehavior [ RunTime:0.000029s ]
INFO: Run Common\Behavior\InitHookBehavior [ RunTime:0.001261s ]
INFO: [ app_init ] --END-- [ RunTime:0.001939s ]
INFO: [ app_begin ] --START--
INFO: Run Behavior\ReadHtmlCacheBehavior [ RunTime:0.000410s ]
INFO: [ app_begin ] --END-- [ RunTime:0.000463s ]

[ 2016-05-18T22:12:11+08:00 ] 112.17.238.61 /admin.php?s=/Public/login.html
INFO: [ app_init ] --START--
INFO: Run Behavior\BuildLiteBehavior [ RunTime:0.000016s ]
INFO: Run Common\Behavior\InitHookBehavior [ RunTime:0.001173s ]
INFO: [ app_init ] --END-- [ RunTime:0.001683s ]
INFO: [ app_begin ] --START--
INFO: Run Behavior\ReadHtmlCacheBehavior [ RunTime:0.000426s ]
INFO: [ app_begin ] --END-- [ RunTime:0.000491s ]
INFO: [ view_parse ] --START--
INFO: [ template_filter ] --START--
INFO: Run Behavior\ContentReplaceBehavior [ RunTime:0.000057s ]
INFO: [ template_filter ] --END-- [ RunTime:0.000110s ]
INFO: Run Behavior\ParseTemplateBehavior [ RunTime:0.005512s ]
INFO: [ view_parse ] --END-- [ RunTime:0.005562s ]
INFO: [ view_filter ] --START--
INFO: Run Behavior\WriteHtmlCacheBehavior [ RunTime:0.000120s ]
INFO: [ view_filter ] --END-- [ RunTime:0.000158s ]
INFO: [ app_end ] --START--
INFO: Run Behavior\ShowPageTraceBehavior [ RunTime:0.000386s ]
INFO: [ app_end ] --END-- [ RunTime:0.000430s ]

[ 2016-05-18T22:12:12+08:00 ] 112.17.238.61 /admin.php?s=/Public/verify.html
INFO: [ app_init ] --START--
INFO: Run Behavior\BuildLiteBehavior [ RunTime:0.000016s ]
INFO: Run Common\Behavior\InitHookBehavior [ RunTime:0.001100s ]
INFO: [ app_init ] --END-- [ RunTime:0.001633s ]
INFO: [ app_begin ] --START--
INFO: Run Behavior\ReadHtmlCacheBehavior [ RunTime:0.000422s ]
INFO: [ app_begin ] --END-- [ RunTime:0.000474s ]
INFO: [ app_end ] --START--
INFO: Run Behavior\ShowPageTraceBehavior [ RunTime:0.000462s ]
INFO: [ app_end ] --END-- [ RunTime:0.000531s ]

