[ 2016-05-06T14:29:22+08:00 ] 125.112.173.42 /admin.php
INFO: [ app_init ] --START--
INFO: Run Behavior\BuildLiteBehavior [ RunTime:0.000025s ]
INFO: Run Common\Behavior\InitHookBehavior [ RunTime:0.001133s ]
INFO: [ app_init ] --END-- [ RunTime:0.001672s ]
INFO: [ app_begin ] --START--
INFO: Run Behavior\ReadHtmlCacheBehavior [ RunTime:0.000421s ]
INFO: [ app_begin ] --END-- [ RunTime:0.000475s ]

[ 2016-05-06T14:29:22+08:00 ] 125.112.173.42 /admin.php?s=/Public/login.html
INFO: [ app_init ] --START--
INFO: Run Behavior\BuildLiteBehavior [ RunTime:0.000015s ]
INFO: Run Common\Behavior\InitHookBehavior [ RunTime:0.001144s ]
INFO: [ app_init ] --END-- [ RunTime:0.001654s ]
INFO: [ app_begin ] --START--
INFO: Run Behavior\ReadHtmlCacheBehavior [ RunTime:0.000390s ]
INFO: [ app_begin ] --END-- [ RunTime:0.000445s ]
INFO: [ view_parse ] --START--
INFO: [ template_filter ] --START--
INFO: Run Behavior\ContentReplaceBehavior [ RunTime:0.000055s ]
INFO: [ template_filter ] --END-- [ RunTime:0.000106s ]
INFO: Run Behavior\ParseTemplateBehavior [ RunTime:0.005596s ]
INFO: [ view_parse ] --END-- [ RunTime:0.005645s ]
INFO: [ view_filter ] --START--
INFO: Run Behavior\WriteHtmlCacheBehavior [ RunTime:0.000109s ]
INFO: [ view_filter ] --END-- [ RunTime:0.000146s ]
INFO: [ app_end ] --START--
INFO: Run Behavior\ShowPageTraceBehavior [ RunTime:0.000401s ]
INFO: [ app_end ] --END-- [ RunTime:0.000445s ]

[ 2016-05-06T14:29:22+08:00 ] 125.112.173.42 /admin.php?s=/Public/verify.html
INFO: [ app_init ] --START--
INFO: Run Behavior\BuildLiteBehavior [ RunTime:0.000017s ]
INFO: Run Common\Behavior\InitHookBehavior [ RunTime:0.001739s ]
INFO: [ app_init ] --END-- [ RunTime:0.002242s ]
INFO: [ app_begin ] --START--
INFO: Run Behavior\ReadHtmlCacheBehavior [ RunTime:0.000368s ]
INFO: [ app_begin ] --END-- [ RunTime:0.000419s ]
INFO: [ app_end ] --START--
INFO: Run Behavior\ShowPageTraceBehavior [ RunTime:0.000417s ]
INFO: [ app_end ] --END-- [ RunTime:0.000473s ]

[ 2016-05-06T14:29:30+08:00 ] 125.112.173.42 /admin.php?s=/Public/login.html
INFO: [ app_init ] --START--
INFO: Run Behavior\BuildLiteBehavior [ RunTime:0.000015s ]
INFO: Run Common\Behavior\InitHookBehavior [ RunTime:0.001071s ]
INFO: [ app_init ] --END-- [ RunTime:0.001568s ]
INFO: [ app_begin ] --START--
INFO: Run Behavior\ReadHtmlCacheBehavior [ RunTime:0.000384s ]
INFO: [ app_begin ] --END-- [ RunTime:0.000431s ]

[ 2016-05-06T14:29:30+08:00 ] 125.112.173.42 /admin.php?s=/Public/verify.html&random=0.2100821011699736
INFO: [ app_init ] --START--
INFO: Run Behavior\BuildLiteBehavior [ RunTime:0.000015s ]
INFO: Run Common\Behavior\InitHookBehavior [ RunTime:0.001125s ]
INFO: [ app_init ] --END-- [ RunTime:0.001609s ]
INFO: [ app_begin ] --START--
INFO: Run Behavior\ReadHtmlCacheBehavior [ RunTime:0.000378s ]
INFO: [ app_begin ] --END-- [ RunTime:0.000427s ]
INFO: [ app_end ] --START--
INFO: Run Behavior\ShowPageTraceBehavior [ RunTime:0.000473s ]
INFO: [ app_end ] --END-- [ RunTime:0.000529s ]

[ 2016-05-06T14:29:34+08:00 ] 125.112.173.42 /admin.php?s=/Public/login.html
INFO: [ app_init ] --START--
INFO: Run Behavior\BuildLiteBehavior [ RunTime:0.000024s ]
INFO: Run Common\Behavior\InitHookBehavior [ RunTime:0.001062s ]
INFO: [ app_init ] --END-- [ RunTime:0.001618s ]
INFO: [ app_begin ] --START--
INFO: Run Behavior\ReadHtmlCacheBehavior [ RunTime:0.000387s ]
INFO: [ app_begin ] --END-- [ RunTime:0.000437s ]
NOTIC: [8] Undefined index: lite /var/www/didi/ThinkPHP/Library/Think/Db.class.php 第 37 行.

[ 2016-05-06T14:29:35+08:00 ] 125.112.173.42 /admin.php?s=/Public/verify.html&random=0.48207243089564145
INFO: [ app_init ] --START--
INFO: Run Behavior\BuildLiteBehavior [ RunTime:0.000015s ]
INFO: Run Common\Behavior\InitHookBehavior [ RunTime:0.001131s ]
INFO: [ app_init ] --END-- [ RunTime:0.001619s ]
INFO: [ app_begin ] --START--
INFO: Run Behavior\ReadHtmlCacheBehavior [ RunTime:0.000409s ]
INFO: [ app_begin ] --END-- [ RunTime:0.000460s ]
INFO: [ app_end ] --START--
INFO: Run Behavior\ShowPageTraceBehavior [ RunTime:0.000414s ]
INFO: [ app_end ] --END-- [ RunTime:0.000492s ]

[ 2016-05-06T14:29:51+08:00 ] 125.112.173.42 /admin.php?s=/Public/verify.html&random=0.9468561185058206
INFO: [ app_init ] --START--
INFO: Run Behavior\BuildLiteBehavior [ RunTime:0.000019s ]
INFO: Run Common\Behavior\InitHookBehavior [ RunTime:0.001233s ]
INFO: [ app_init ] --END-- [ RunTime:0.001848s ]
INFO: [ app_begin ] --START--
INFO: Run Behavior\ReadHtmlCacheBehavior [ RunTime:0.000492s ]
INFO: [ app_begin ] --END-- [ RunTime:0.000562s ]
INFO: [ app_end ] --START--
INFO: Run Behavior\ShowPageTraceBehavior [ RunTime:0.000570s ]
INFO: [ app_end ] --END-- [ RunTime:0.000650s ]

[ 2016-05-06T14:29:53+08:00 ] 125.112.173.42 /admin.php?s=/Public/login.html
INFO: [ app_init ] --START--
INFO: Run Behavior\BuildLiteBehavior [ RunTime:0.000027s ]
INFO: Run Common\Behavior\InitHookBehavior [ RunTime:0.001284s ]
INFO: [ app_init ] --END-- [ RunTime:0.002148s ]
INFO: [ app_begin ] --START--
INFO: Run Behavior\ReadHtmlCacheBehavior [ RunTime:0.000389s ]
INFO: [ app_begin ] --END-- [ RunTime:0.000438s ]
NOTIC: [8] Undefined index: lite /var/www/didi/ThinkPHP/Library/Think/Db.class.php 第 37 行.

[ 2016-05-06T14:29:53+08:00 ] 125.112.173.42 /admin.php?s=/Public/verify.html&random=0.0036265102680772543
INFO: [ app_init ] --START--
INFO: Run Behavior\BuildLiteBehavior [ RunTime:0.000016s ]
INFO: Run Common\Behavior\InitHookBehavior [ RunTime:0.001040s ]
INFO: [ app_init ] --END-- [ RunTime:0.001638s ]
INFO: [ app_begin ] --START--
INFO: Run Behavior\ReadHtmlCacheBehavior [ RunTime:0.000393s ]
INFO: [ app_begin ] --END-- [ RunTime:0.000443s ]
INFO: [ app_end ] --START--
INFO: Run Behavior\ShowPageTraceBehavior [ RunTime:0.000466s ]
INFO: [ app_end ] --END-- [ RunTime:0.000519s ]

[ 2016-05-06T14:30:02+08:00 ] 125.112.173.42 /admin.php?s=/Public/login.html
INFO: [ app_init ] --START--
INFO: Run Behavior\BuildLiteBehavior [ RunTime:0.000016s ]
INFO: Run Common\Behavior\InitHookBehavior [ RunTime:0.001110s ]
INFO: [ app_init ] --END-- [ RunTime:0.001653s ]
INFO: [ app_begin ] --START--
INFO: Run Behavior\ReadHtmlCacheBehavior [ RunTime:0.000482s ]
INFO: [ app_begin ] --END-- [ RunTime:0.000559s ]

[ 2016-05-06T14:30:02+08:00 ] 125.112.173.42 /admin.php?s=/Public/verify.html&random=0.5294443315360695
INFO: [ app_init ] --START--
INFO: Run Behavior\BuildLiteBehavior [ RunTime:0.000015s ]
INFO: Run Common\Behavior\InitHookBehavior [ RunTime:0.001026s ]
INFO: [ app_init ] --END-- [ RunTime:0.001557s ]
INFO: [ app_begin ] --START--
INFO: Run Behavior\ReadHtmlCacheBehavior [ RunTime:0.000394s ]
INFO: [ app_begin ] --END-- [ RunTime:0.000451s ]
INFO: [ app_end ] --START--
INFO: Run Behavior\ShowPageTraceBehavior [ RunTime:0.000415s ]
INFO: [ app_end ] --END-- [ RunTime:0.000473s ]

[ 2016-05-06T14:30:06+08:00 ] 125.112.173.42 /admin.php?s=/Public/login.html
INFO: [ app_init ] --START--
INFO: Run Behavior\BuildLiteBehavior [ RunTime:0.000015s ]
INFO: Run Common\Behavior\InitHookBehavior [ RunTime:0.001065s ]
INFO: [ app_init ] --END-- [ RunTime:0.001560s ]
INFO: [ app_begin ] --START--
INFO: Run Behavior\ReadHtmlCacheBehavior [ RunTime:0.000439s ]
INFO: [ app_begin ] --END-- [ RunTime:0.000495s ]
NOTIC: [8] Undefined index: lite /var/www/didi/ThinkPHP/Library/Think/Db.class.php 第 37 行.
SQL: SHOW COLUMNS FROM `fg_member` [ RunTime:0.0027s ]
SQL: SELECT `uid`,`nickname`,`sex`,`birthday`,`qq`,`score`,`login`,`reg_ip`,`reg_time`,`last_login_ip`,`last_login_time`,`status`,`group_id` FROM `fg_member` WHERE `uid` = 1 LIMIT 1   [ RunTime:0.0017s ]
SQL: SHOW COLUMNS FROM `fg_action` [ RunTime:0.0022s ]
SQL: SELECT * FROM `fg_action` WHERE `name` = 'user_login' LIMIT 1   [ RunTime:0.0017s ]
SQL: SHOW COLUMNS FROM `fg_action_log` [ RunTime:0.0022s ]
SQL: INSERT INTO `fg_action_log` (`action_id`,`user_id`,`action_ip`,`model`,`record_id`,`create_time`,`remark`) VALUES ('1','1','2104536362','member','1','1462516205','admin在2016-05-06 14:30登录了后台') [ RunTime:0.0027s ]
SQL: SELECT * FROM `fg_action` WHERE `name` = 'user_login' LIMIT 1   [ RunTime:0.0017s ]
NOTIC: [8] Undefined offset: 1 /var/www/didi/Application/Common/Common/function.php 第 679 行.
NOTIC: [2] array_key_exists() expects parameter 2 to be array, null given /var/www/didi/Application/Common/Common/function.php 第 679 行.
SQL: SELECT COUNT(*) AS tp_count FROM `fg_action_log` WHERE `action_id` = 1 AND `user_id` = 1 AND `create_time` > 1462429805 LIMIT 1   [ RunTime:0.0017s ]
SQL: SHOW COLUMNS FROM `fg_member` [ RunTime:0.0024s ]
SQL: UPDATE `fg_member` SET `score`=score+10 WHERE ( uid=1 AND status>-1 ) [ RunTime:0.0036s ]
SQL: SHOW COLUMNS FROM `fg_shop` [ RunTime:0.0036s ]
SQL: SELECT * FROM `fg_shop` WHERE `uid` = 1 LIMIT 1   [ RunTime:0.0019s ]
SQL: UPDATE `fg_member` SET `login`=`login`+1,`last_login_time`='1462516205',`last_login_ip`='2104536362' WHERE `uid` = 1 [ RunTime:0.0025s ]

[ 2016-05-06T14:30:06+08:00 ] 125.112.173.42 /admin.php?s=/Index/index.html
INFO: [ app_init ] --START--
INFO: Run Behavior\BuildLiteBehavior [ RunTime:0.000015s ]
INFO: Run Common\Behavior\InitHookBehavior [ RunTime:0.001128s ]
INFO: [ app_init ] --END-- [ RunTime:0.001642s ]
INFO: [ app_begin ] --START--
INFO: Run Behavior\ReadHtmlCacheBehavior [ RunTime:0.000387s ]
INFO: [ app_begin ] --END-- [ RunTime:0.000446s ]
SQL: SHOW COLUMNS FROM `fg_shop` [ RunTime:0.0037s ]
SQL: SELECT * FROM `fg_shop` WHERE `uid` = 1 LIMIT 1   [ RunTime:0.0020s ]
SQL: SHOW COLUMNS FROM `fg_menu` [ RunTime:0.0025s ]
SQL: SELECT `id`,`title`,`url` FROM `fg_menu` WHERE `pid` = 0 AND `hide` = 0 AND `is_dev` = 0 ORDER BY sort asc  [ RunTime:0.0019s ]
SQL: SELECT `pid` FROM `fg_menu` WHERE ( pid !=0 AND url like '%Index/index%' ) LIMIT 1   [ RunTime:0.0019s ]
INFO: [ view_parse ] --START--
INFO: [ template_filter ] --START--
INFO: Run Behavior\ContentReplaceBehavior [ RunTime:0.000093s ]
INFO: [ template_filter ] --END-- [ RunTime:0.000144s ]
INFO: [ AdminIndex ] --START--
SQL: SHOW COLUMNS FROM `fg_addons` [ RunTime:0.0025s ]
SQL: SELECT `config` FROM `fg_addons` WHERE `name` = 'SiteStat' AND `status` = 1 LIMIT 1   [ RunTime:0.0017s ]
SQL: SHOW COLUMNS FROM `fg_member` [ RunTime:0.0026s ]
SQL: SELECT COUNT(*) AS tp_count FROM `fg_member` LIMIT 1   [ RunTime:0.0022s ]
SQL: SHOW COLUMNS FROM `fg_action_log` [ RunTime:0.0024s ]
SQL: SELECT COUNT(*) AS tp_count FROM `fg_action_log` LIMIT 1   [ RunTime:0.0016s ]
SQL: SHOW COLUMNS FROM `fg_document` [ RunTime:0.0027s ]
SQL: SELECT COUNT(*) AS tp_count FROM `fg_document` LIMIT 1   [ RunTime:0.0016s ]
SQL: SHOW COLUMNS FROM `fg_category` [ RunTime:0.0028s ]
SQL: SELECT COUNT(*) AS tp_count FROM `fg_category` LIMIT 1   [ RunTime:0.0017s ]
SQL: SHOW COLUMNS FROM `fg_model` [ RunTime:0.0031s ]
SQL: SELECT COUNT(*) AS tp_count FROM `fg_model` LIMIT 1   [ RunTime:0.0017s ]
INFO: [ view_parse ] --START--
INFO: [ template_filter ] --START--
INFO: Run Behavior\ContentReplaceBehavior [ RunTime:0.000055s ]
INFO: [ template_filter ] --END-- [ RunTime:-0.032237s ]
INFO: Run Behavior\ParseTemplateBehavior [ RunTime:0.001881s ]
INFO: [ view_parse ] --END-- [ RunTime:0.001939s ]
INFO: [ view_filter ] --START--
INFO: Run Behavior\WriteHtmlCacheBehavior [ RunTime:0.000144s ]
INFO: [ view_filter ] --END-- [ RunTime:0.000183s ]
INFO: Run Addons\SiteStat\SiteStatAddon [ RunTime:0.031344s ]
SQL: SELECT `config` FROM `fg_addons` WHERE `name` = 'SystemInfo' AND `status` = 1 LIMIT 1   [ RunTime:0.0019s ]
INFO: [ view_parse ] --START--
INFO: [ template_filter ] --START--
INFO: Run Behavior\ContentReplaceBehavior [ RunTime:0.000046s ]
INFO: [ template_filter ] --END-- [ RunTime:-0.216067s ]
SQL: select version() as v; [ RunTime:0.0017s ]
INFO: Run Behavior\ParseTemplateBehavior [ RunTime:0.004325s ]
INFO: [ view_parse ] --END-- [ RunTime:-0.181523s ]
INFO: [ view_filter ] --START--
INFO: Run Behavior\WriteHtmlCacheBehavior [ RunTime:0.000012s ]
INFO: [ view_filter ] --END-- [ RunTime:-0.185834s ]
INFO: Run Addons\SystemInfo\SystemInfoAddon [ RunTime:0.185865s ]
SQL: SELECT `config` FROM `fg_addons` WHERE `name` = 'DevTeam' AND `status` = 1 LIMIT 1   [ RunTime:0.0018s ]
INFO: [ view_parse ] --START--
INFO: [ template_filter ] --START--
INFO: Run Behavior\ContentReplaceBehavior [ RunTime:0.000030s ]
INFO: [ template_filter ] --END-- [ RunTime:-0.222164s ]
INFO: Run Behavior\ParseTemplateBehavior [ RunTime:0.001230s ]
INFO: [ view_parse ] --END-- [ RunTime:-0.188414s ]
INFO: [ view_filter ] --START--
INFO: Run Behavior\WriteHtmlCacheBehavior [ RunTime:0.000010s ]
INFO: [ view_filter ] --END-- [ RunTime:-0.189501s ]
INFO: Run Addons\DevTeam\DevTeamAddon [ RunTime:0.003634s ]
INFO: [ AdminIndex ] --END-- [ RunTime:0.220919s ]
INFO: Run Behavior\ParseTemplateBehavior [ RunTime:0.001392s ]
INFO: [ view_parse ] --END-- [ RunTime:-0.188414s ]
INFO: [ view_filter ] --START--
INFO: Run Behavior\WriteHtmlCacheBehavior [ RunTime:0.000008s ]
INFO: [ view_filter ] --END-- [ RunTime:-0.189659s ]
INFO: [ app_end ] --START--
INFO: Run Behavior\ShowPageTraceBehavior [ RunTime:0.000462s ]
INFO: [ app_end ] --END-- [ RunTime:0.000508s ]

[ 2016-05-06T14:30:08+08:00 ] 125.112.173.42 /admin.php?s=/Shop/index.html
INFO: [ app_init ] --START--
INFO: Run Behavior\BuildLiteBehavior [ RunTime:0.000016s ]
INFO: Run Common\Behavior\InitHookBehavior [ RunTime:0.001156s ]
INFO: [ app_init ] --END-- [ RunTime:0.001674s ]
INFO: [ app_begin ] --START--
INFO: Run Behavior\ReadHtmlCacheBehavior [ RunTime:0.000419s ]
INFO: [ app_begin ] --END-- [ RunTime:0.000469s ]
SQL: SHOW COLUMNS FROM `fg_shop` [ RunTime:0.0041s ]
SQL: SELECT * FROM `fg_shop` WHERE `uid` = 1 LIMIT 1   [ RunTime:0.0020s ]
SQL: SHOW COLUMNS FROM `fg_menu` [ RunTime:0.0024s ]
SQL: SELECT `id`,`title`,`url` FROM `fg_menu` WHERE `pid` = 0 AND `hide` = 0 AND `is_dev` = 0 ORDER BY sort asc  [ RunTime:0.0019s ]
SQL: SELECT `pid` FROM `fg_menu` WHERE ( pid !=0 AND url like '%Shop/index%' ) LIMIT 1   [ RunTime:0.0018s ]
SQL: SELECT * FROM `fg_menu` WHERE `id` = 137 LIMIT 1   [ RunTime:0.0017s ]
SQL: SELECT DISTINCT  `group` FROM `fg_menu` WHERE `group` <> '' AND `pid` = 137  [ RunTime:0.0019s ]
SQL: SELECT `id`,`url` FROM `fg_menu` WHERE `pid` = 137 AND `hide` = 0 AND `is_dev` = 0  [ RunTime:0.0017s ]
SQL: SELECT `id`,`pid`,`title`,`url`,`tip` FROM `fg_menu` WHERE `group` = '门店' AND `pid` = 137 AND `hide` = 0 AND `is_dev` = 0 ORDER BY sort asc  [ RunTime:0.0019s ]
SQL: SELECT `id`,`pid`,`title`,`url`,`tip` FROM `fg_menu` WHERE `group` = '运营商' AND `pid` = 137 AND `hide` = 0 AND `is_dev` = 0 ORDER BY sort asc  [ RunTime:0.0018s ]
SQL: SELECT `id`,`pid`,`title`,`url`,`tip` FROM `fg_menu` WHERE `group` = '微信管理' AND `pid` = 137 AND `hide` = 0 AND `is_dev` = 0 ORDER BY sort asc  [ RunTime:0.0021s ]
SQL: SELECT `id`,`pid`,`title`,`url`,`tip` FROM `fg_menu` WHERE `group` = '权限' AND `pid` = 137 AND `hide` = 0 AND `is_dev` = 0 ORDER BY sort asc  [ RunTime:0.0017s ]
SQL: SELECT `id`,`pid`,`title`,`url`,`tip` FROM `fg_menu` WHERE `group` = '优惠券管理' AND `pid` = 137 AND `hide` = 0 AND `is_dev` = 0 ORDER BY sort asc  [ RunTime:0.0017s ]
SQL: SELECT `id`,`pid`,`title`,`url`,`tip` FROM `fg_menu` WHERE `group` = '渠道管理' AND `pid` = 137 AND `hide` = 0 AND `is_dev` = 0 ORDER BY sort asc  [ RunTime:0.0017s ]
SQL: SELECT `id`,`pid`,`title`,`url`,`tip` FROM `fg_menu` WHERE `group` = '投诉管理' AND `pid` = 137 AND `hide` = 0 AND `is_dev` = 0 ORDER BY sort asc  [ RunTime:0.0018s ]
SQL: SELECT `id`,`pid`,`title`,`url`,`tip` FROM `fg_menu` WHERE `group` = '区域' AND `pid` = 137 AND `hide` = 0 AND `is_dev` = 0 ORDER BY sort asc  [ RunTime:0.0018s ]
SQL: SELECT `id`,`pid`,`title`,`url`,`tip` FROM `fg_menu` WHERE `group` = '红包管理' AND `pid` = 137 AND `hide` = 0 AND `is_dev` = 0 ORDER BY sort asc  [ RunTime:0.0017s ]
SQL: SELECT `id`,`uid`,`carrierid`,`name`,`cityid`,`areaid`,`picture1`,`picture2`,`picture3`,`latitude`,`longitude`,`tel`,`mobile`,`address`,`intro`,`shopno`,`orders`,`star`,`status`,`openid`,`wechatname`,`shop_type`,`s_rent`,`s_maintain`,`s_repair`,`s_mall` FROM `fg_shop` WHERE `shop_type` = 1 ORDER BY id asc  [ RunTime:0.0021s ]
SQL: SHOW COLUMNS FROM `fg_city` [ RunTime:0.0027s ]
SQL: SELECT * FROM `fg_city` WHERE `id` = 1 LIMIT 1   [ RunTime:0.0020s ]
SQL: SHOW COLUMNS FROM `fg_city_area` [ RunTime:0.0023s ]
SQL: SELECT * FROM `fg_city_area` WHERE `id` = 1 LIMIT 1   [ RunTime:0.0017s ]
SQL: SELECT * FROM `fg_city` WHERE `id` = 1 LIMIT 1   [ RunTime:0.0018s ]
SQL: SELECT * FROM `fg_city_area` WHERE `id` = 1 LIMIT 1   [ RunTime:0.0017s ]
SQL: SELECT * FROM `fg_city` WHERE `id` = 1 LIMIT 1   [ RunTime:0.0017s ]
SQL: SELECT * FROM `fg_city_area` WHERE `id` = 1 LIMIT 1   [ RunTime:0.0017s ]
SQL: SELECT * FROM `fg_city` WHERE `id` = 1 LIMIT 1   [ RunTime:0.0017s ]
SQL: SELECT * FROM `fg_city_area` WHERE `id` = 1 LIMIT 1   [ RunTime:0.0017s ]
SQL: SELECT * FROM `fg_city` WHERE `id` = 1 LIMIT 1   [ RunTime:0.0016s ]
SQL: SELECT * FROM `fg_city_area` WHERE `id` = 1 LIMIT 1   [ RunTime:0.0017s ]
SQL: SELECT * FROM `fg_city` WHERE `id` = 1 LIMIT 1   [ RunTime:0.0017s ]
SQL: SELECT * FROM `fg_city_area` WHERE `id` = 1 LIMIT 1   [ RunTime:0.0017s ]
SQL: SELECT * FROM `fg_city` WHERE `id` = 1 LIMIT 1   [ RunTime:0.0017s ]
SQL: SELECT * FROM `fg_city_area` WHERE `id` = 1 LIMIT 1   [ RunTime:0.0016s ]
SQL: SELECT * FROM `fg_city` WHERE `id` = 1 LIMIT 1   [ RunTime:0.0016s ]
SQL: SELECT * FROM `fg_city_area` WHERE `id` = 1 LIMIT 1   [ RunTime:0.0017s ]
SQL: SELECT * FROM `fg_city` WHERE `id` = 1 LIMIT 1   [ RunTime:0.0017s ]
SQL: SELECT * FROM `fg_city_area` WHERE `id` = 1 LIMIT 1   [ RunTime:0.0017s ]
SQL: SELECT * FROM `fg_city` WHERE `id` = 1 LIMIT 1   [ RunTime:0.0016s ]
SQL: SELECT * FROM `fg_city_area` WHERE `id` = 1 LIMIT 1   [ RunTime:0.0016s ]
SQL: SELECT * FROM `fg_city` WHERE `id` = 1 LIMIT 1   [ RunTime:0.0016s ]
SQL: SELECT * FROM `fg_city_area` WHERE `id` = 1 LIMIT 1   [ RunTime:0.0017s ]
SQL: SELECT * FROM `fg_city` WHERE `id` = 1 LIMIT 1   [ RunTime:0.0016s ]
SQL: SELECT * FROM `fg_city_area` WHERE `id` = 1 LIMIT 1   [ RunTime:0.0016s ]
SQL: SELECT * FROM `fg_city` WHERE `id` = 1 LIMIT 1   [ RunTime:0.0017s ]
SQL: SELECT * FROM `fg_city_area` WHERE `id` = 1 LIMIT 1   [ RunTime:0.0016s ]
SQL: SELECT * FROM `fg_city` WHERE `id` = 1 LIMIT 1   [ RunTime:0.0016s ]
SQL: SELECT * FROM `fg_city_area` WHERE `id` = 1 LIMIT 1   [ RunTime:0.0016s ]
SQL: SELECT * FROM `fg_city` WHERE `id` = 1 LIMIT 1   [ RunTime:0.0017s ]
SQL: SELECT * FROM `fg_city_area` WHERE `id` = 1 LIMIT 1   [ RunTime:0.0017s ]
SQL: SELECT * FROM `fg_city` WHERE `id` = 3 LIMIT 1   [ RunTime:0.0017s ]
SQL: SELECT * FROM `fg_city_area` WHERE `id` = 3 LIMIT 1   [ RunTime:0.0016s ]
SQL: SELECT * FROM `fg_city` WHERE `id` = 5 LIMIT 1   [ RunTime:0.0017s ]
SQL: SELECT * FROM `fg_city_area` WHERE `id` = -1 LIMIT 1   [ RunTime:0.0017s ]
SQL: SELECT * FROM `fg_city` WHERE `id` = 4 LIMIT 1   [ RunTime:0.0017s ]
SQL: SELECT * FROM `fg_city_area` WHERE `id` = -1 LIMIT 1   [ RunTime:0.0017s ]
SQL: SELECT * FROM `fg_city` WHERE `id` = 3 LIMIT 1   [ RunTime:0.0016s ]
SQL: SELECT * FROM `fg_city_area` WHERE `id` = 3 LIMIT 1   [ RunTime:0.0017s ]
SQL: SELECT * FROM `fg_city` WHERE `id` = 3 LIMIT 1   [ RunTime:0.0017s ]
SQL: SELECT * FROM `fg_city_area` WHERE `id` = 3 LIMIT 1   [ RunTime:0.0017s ]
SQL: SELECT * FROM `fg_city` WHERE `id` = 6 LIMIT 1   [ RunTime:0.0017s ]
SQL: SELECT * FROM `fg_city_area` WHERE `id` = 4 LIMIT 1   [ RunTime:0.0017s ]
INFO: [ view_parse ] --START--
INFO: [ template_filter ] --START--
INFO: Run Behavior\ContentReplaceBehavior [ RunTime:0.000184s ]
INFO: [ template_filter ] --END-- [ RunTime:0.000298s ]
INFO: Run Behavior\ParseTemplateBehavior [ RunTime:0.022021s ]
INFO: [ view_parse ] --END-- [ RunTime:0.022094s ]
INFO: [ view_filter ] --START--
INFO: Run Behavior\WriteHtmlCacheBehavior [ RunTime:0.000286s ]
INFO: [ view_filter ] --END-- [ RunTime:0.000345s ]
INFO: [ app_end ] --START--
INFO: Run Behavior\ShowPageTraceBehavior [ RunTime:0.000487s ]
INFO: [ app_end ] --END-- [ RunTime:0.000556s ]

[ 2016-05-06T14:30:11+08:00 ] 125.112.173.42 /admin.php?s=/Canal/index.html
INFO: [ app_init ] --START--
INFO: Run Behavior\BuildLiteBehavior [ RunTime:0.000018s ]
INFO: Run Common\Behavior\InitHookBehavior [ RunTime:0.001180s ]
INFO: [ app_init ] --END-- [ RunTime:0.001726s ]
INFO: [ app_begin ] --START--
INFO: Run Behavior\ReadHtmlCacheBehavior [ RunTime:0.000566s ]
INFO: [ app_begin ] --END-- [ RunTime:0.000642s ]
SQL: SHOW COLUMNS FROM `fg_shop` [ RunTime:0.0029s ]
SQL: SELECT * FROM `fg_shop` WHERE `uid` = 1 LIMIT 1   [ RunTime:0.0017s ]
SQL: SHOW COLUMNS FROM `fg_menu` [ RunTime:0.0023s ]
SQL: SELECT `id`,`title`,`url` FROM `fg_menu` WHERE `pid` = 0 AND `hide` = 0 AND `is_dev` = 0 ORDER BY sort asc  [ RunTime:0.0020s ]
SQL: SELECT `pid` FROM `fg_menu` WHERE ( pid !=0 AND url like '%Canal/index%' ) LIMIT 1   [ RunTime:0.0018s ]
SQL: SELECT * FROM `fg_menu` WHERE `id` = 137 LIMIT 1   [ RunTime:0.0016s ]
SQL: SELECT DISTINCT  `group` FROM `fg_menu` WHERE `group` <> '' AND `pid` = 137  [ RunTime:0.0018s ]
SQL: SELECT `id`,`url` FROM `fg_menu` WHERE `pid` = 137 AND `hide` = 0 AND `is_dev` = 0  [ RunTime:0.0017s ]
SQL: SELECT `id`,`pid`,`title`,`url`,`tip` FROM `fg_menu` WHERE `group` = '门店' AND `pid` = 137 AND `hide` = 0 AND `is_dev` = 0 ORDER BY sort asc  [ RunTime:0.0019s ]
SQL: SELECT `id`,`pid`,`title`,`url`,`tip` FROM `fg_menu` WHERE `group` = '运营商' AND `pid` = 137 AND `hide` = 0 AND `is_dev` = 0 ORDER BY sort asc  [ RunTime:0.0018s ]
SQL: SELECT `id`,`pid`,`title`,`url`,`tip` FROM `fg_menu` WHERE `group` = '微信管理' AND `pid` = 137 AND `hide` = 0 AND `is_dev` = 0 ORDER BY sort asc  [ RunTime:0.0018s ]
SQL: SELECT `id`,`pid`,`title`,`url`,`tip` FROM `fg_menu` WHERE `group` = '权限' AND `pid` = 137 AND `hide` = 0 AND `is_dev` = 0 ORDER BY sort asc  [ RunTime:0.0018s ]
SQL: SELECT `id`,`pid`,`title`,`url`,`tip` FROM `fg_menu` WHERE `group` = '优惠券管理' AND `pid` = 137 AND `hide` = 0 AND `is_dev` = 0 ORDER BY sort asc  [ RunTime:0.0018s ]
SQL: SELECT `id`,`pid`,`title`,`url`,`tip` FROM `fg_menu` WHERE `group` = '渠道管理' AND `pid` = 137 AND `hide` = 0 AND `is_dev` = 0 ORDER BY sort asc  [ RunTime:0.0017s ]
SQL: SELECT `id`,`pid`,`title`,`url`,`tip` FROM `fg_menu` WHERE `group` = '投诉管理' AND `pid` = 137 AND `hide` = 0 AND `is_dev` = 0 ORDER BY sort asc  [ RunTime:0.0018s ]
SQL: SELECT `id`,`pid`,`title`,`url`,`tip` FROM `fg_menu` WHERE `group` = '区域' AND `pid` = 137 AND `hide` = 0 AND `is_dev` = 0 ORDER BY sort asc  [ RunTime:0.0016s ]
SQL: SELECT `id`,`pid`,`title`,`url`,`tip` FROM `fg_menu` WHERE `group` = '红包管理' AND `pid` = 137 AND `hide` = 0 AND `is_dev` = 0 ORDER BY sort asc  [ RunTime:0.0017s ]
SQL: SHOW COLUMNS FROM `fg_canal` [ RunTime:0.0024s ]
SQL: SELECT `id`,`name`,`code`,`qimg`,`click`,`status`,`pid`,`keyword` FROM `fg_canal` WHERE `code` = 'YX' ORDER BY id asc  [ RunTime:0.0018s ]
INFO: [ view_parse ] --START--
INFO: [ template_filter ] --START--
INFO: Run Behavior\ContentReplaceBehavior [ RunTime:0.000155s ]
INFO: [ template_filter ] --END-- [ RunTime:0.000230s ]
INFO: Run Behavior\ParseTemplateBehavior [ RunTime:0.017082s ]
INFO: [ view_parse ] --END-- [ RunTime:0.017158s ]
INFO: [ view_filter ] --START--
INFO: Run Behavior\WriteHtmlCacheBehavior [ RunTime:0.000158s ]
INFO: [ view_filter ] --END-- [ RunTime:0.000204s ]
INFO: [ app_end ] --START--
INFO: Run Behavior\ShowPageTraceBehavior [ RunTime:0.000553s ]
INFO: [ app_end ] --END-- [ RunTime:0.000612s ]

