[ 2016-05-24T12:24:55+08:00 ] 115.209.29.188 /admin.php
INFO: [ app_init ] --START--
INFO: Run Behavior\BuildLiteBehavior [ RunTime:0.000019s ]
INFO: Run Common\Behavior\InitHookBehavior [ RunTime:0.001490s ]
INFO: [ app_init ] --END-- [ RunTime:0.002160s ]
INFO: [ app_begin ] --START--
INFO: Run Behavior\ReadHtmlCacheBehavior [ RunTime:0.000381s ]
INFO: [ app_begin ] --END-- [ RunTime:0.000433s ]

[ 2016-05-24T12:24:55+08:00 ] 115.209.29.188 /admin.php?s=/Public/login.html
INFO: [ app_init ] --START--
INFO: Run Behavior\BuildLiteBehavior [ RunTime:0.000016s ]
INFO: Run Common\Behavior\InitHookBehavior [ RunTime:0.001133s ]
INFO: [ app_init ] --END-- [ RunTime:0.001629s ]
INFO: [ app_begin ] --START--
INFO: Run Behavior\ReadHtmlCacheBehavior [ RunTime:0.000438s ]
INFO: [ app_begin ] --END-- [ RunTime:0.000498s ]
INFO: [ view_parse ] --START--
INFO: [ template_filter ] --START--
INFO: Run Behavior\ContentReplaceBehavior [ RunTime:0.000053s ]
INFO: [ template_filter ] --END-- [ RunTime:0.000128s ]
INFO: Run Behavior\ParseTemplateBehavior [ RunTime:0.005636s ]
INFO: [ view_parse ] --END-- [ RunTime:0.005685s ]
INFO: [ view_filter ] --START--
INFO: Run Behavior\WriteHtmlCacheBehavior [ RunTime:0.000124s ]
INFO: [ view_filter ] --END-- [ RunTime:0.000162s ]
INFO: [ app_end ] --START--
INFO: Run Behavior\ShowPageTraceBehavior [ RunTime:0.000401s ]
INFO: [ app_end ] --END-- [ RunTime:0.000444s ]

[ 2016-05-24T12:24:55+08:00 ] 115.209.29.188 /admin.php?s=/Public/verify.html
INFO: [ app_init ] --START--
INFO: Run Behavior\BuildLiteBehavior [ RunTime:0.000018s ]
INFO: Run Common\Behavior\InitHookBehavior [ RunTime:0.001098s ]
INFO: [ app_init ] --END-- [ RunTime:0.001626s ]
INFO: [ app_begin ] --START--
INFO: Run Behavior\ReadHtmlCacheBehavior [ RunTime:0.000383s ]
INFO: [ app_begin ] --END-- [ RunTime:0.000432s ]
INFO: [ app_end ] --START--
INFO: Run Behavior\ShowPageTraceBehavior [ RunTime:0.000440s ]
INFO: [ app_end ] --END-- [ RunTime:0.000495s ]

[ 2016-05-24T12:24:55+08:00 ] 115.209.29.188 /admin.php?s=/Public/verify.html
INFO: [ app_init ] --START--
INFO: Run Behavior\BuildLiteBehavior [ RunTime:0.000021s ]
INFO: Run Common\Behavior\InitHookBehavior [ RunTime:0.001625s ]
INFO: [ app_init ] --END-- [ RunTime:0.002503s ]
INFO: [ app_begin ] --START--
INFO: Run Behavior\ReadHtmlCacheBehavior [ RunTime:0.000767s ]
INFO: [ app_begin ] --END-- [ RunTime:0.000880s ]
INFO: [ app_end ] --START--
INFO: Run Behavior\ShowPageTraceBehavior [ RunTime:0.000453s ]
INFO: [ app_end ] --END-- [ RunTime:0.000526s ]

[ 2016-05-24T21:26:35+08:00 ] 115.209.29.188 /admin.php
INFO: [ app_init ] --START--
INFO: Run Behavior\BuildLiteBehavior [ RunTime:0.000016s ]
INFO: Run Common\Behavior\InitHookBehavior [ RunTime:0.001061s ]
INFO: [ app_init ] --END-- [ RunTime:0.001556s ]
INFO: [ app_begin ] --START--
INFO: Run Behavior\ReadHtmlCacheBehavior [ RunTime:0.000407s ]
INFO: [ app_begin ] --END-- [ RunTime:0.000461s ]
SQL: SHOW COLUMNS FROM `fg_shop` [ RunTime:0.0031s ]
SQL: SELECT * FROM `fg_shop` WHERE `uid` = 1 LIMIT 1   [ RunTime:0.0018s ]
SQL: SHOW COLUMNS FROM `fg_menu` [ RunTime:0.0023s ]
SQL: SELECT `id`,`title`,`url` FROM `fg_menu` WHERE `pid` = 0 AND `hide` = 0 AND `is_dev` = 0 ORDER BY sort asc  [ RunTime:0.0017s ]
SQL: SELECT `pid` FROM `fg_menu` WHERE ( pid !=0 AND url like '%Index/index%' ) LIMIT 1   [ RunTime:0.0018s ]
INFO: [ view_parse ] --START--
INFO: [ template_filter ] --START--
INFO: Run Behavior\ContentReplaceBehavior [ RunTime:0.000086s ]
INFO: [ template_filter ] --END-- [ RunTime:0.000150s ]
INFO: [ AdminIndex ] --START--
SQL: SHOW COLUMNS FROM `fg_addons` [ RunTime:0.0023s ]
SQL: SELECT `config` FROM `fg_addons` WHERE `name` = 'SiteStat' AND `status` = 1 LIMIT 1   [ RunTime:0.0016s ]
SQL: SHOW COLUMNS FROM `fg_member` [ RunTime:0.0022s ]
SQL: SELECT COUNT(*) AS tp_count FROM `fg_member` LIMIT 1   [ RunTime:0.0015s ]
SQL: SHOW COLUMNS FROM `fg_action_log` [ RunTime:0.0023s ]
SQL: SELECT COUNT(*) AS tp_count FROM `fg_action_log` LIMIT 1   [ RunTime:0.0016s ]
SQL: SHOW COLUMNS FROM `fg_document` [ RunTime:0.0030s ]
SQL: SELECT COUNT(*) AS tp_count FROM `fg_document` LIMIT 1   [ RunTime:0.0016s ]
SQL: SHOW COLUMNS FROM `fg_category` [ RunTime:0.0030s ]
SQL: SELECT COUNT(*) AS tp_count FROM `fg_category` LIMIT 1   [ RunTime:0.0018s ]
SQL: SHOW COLUMNS FROM `fg_model` [ RunTime:0.0028s ]
SQL: SELECT COUNT(*) AS tp_count FROM `fg_model` LIMIT 1   [ RunTime:0.0017s ]
INFO: [ view_parse ] --START--
INFO: [ template_filter ] --START--
INFO: Run Behavior\ContentReplaceBehavior [ RunTime:0.000040s ]
INFO: [ template_filter ] --END-- [ RunTime:-0.031154s ]
INFO: Run Behavior\ParseTemplateBehavior [ RunTime:0.001883s ]
INFO: [ view_parse ] --END-- [ RunTime:0.001934s ]
INFO: [ view_filter ] --START--
INFO: Run Behavior\WriteHtmlCacheBehavior [ RunTime:0.000155s ]
INFO: [ view_filter ] --END-- [ RunTime:0.000195s ]
INFO: Run Addons\SiteStat\SiteStatAddon [ RunTime:0.030389s ]
SQL: SELECT `config` FROM `fg_addons` WHERE `name` = 'SystemInfo' AND `status` = 1 LIMIT 1   [ RunTime:0.0018s ]
INFO: [ view_parse ] --START--
INFO: [ template_filter ] --START--
INFO: Run Behavior\ContentReplaceBehavior [ RunTime:0.000047s ]
INFO: [ template_filter ] --END-- [ RunTime:-0.213096s ]
SQL: select version() as v; [ RunTime:0.0019s ]
INFO: Run Behavior\ParseTemplateBehavior [ RunTime:0.004629s ]
INFO: [ view_parse ] --END-- [ RunTime:-0.179638s ]
INFO: [ view_filter ] --START--
INFO: Run Behavior\WriteHtmlCacheBehavior [ RunTime:0.000017s ]
INFO: [ view_filter ] --END-- [ RunTime:-0.184150s ]
INFO: Run Addons\SystemInfo\SystemInfoAddon [ RunTime:0.184227s ]
SQL: SELECT `config` FROM `fg_addons` WHERE `name` = 'DevTeam' AND `status` = 1 LIMIT 1   [ RunTime:0.0016s ]
INFO: [ view_parse ] --START--
INFO: [ template_filter ] --START--
INFO: Run Behavior\ContentReplaceBehavior [ RunTime:0.000037s ]
INFO: [ template_filter ] --END-- [ RunTime:-0.219678s ]
INFO: Run Behavior\ParseTemplateBehavior [ RunTime:0.001449s ]
INFO: [ view_parse ] --END-- [ RunTime:-0.186821s ]
INFO: [ view_filter ] --START--
INFO: Run Behavior\WriteHtmlCacheBehavior [ RunTime:0.000010s ]
INFO: [ view_filter ] --END-- [ RunTime:-0.188117s ]
INFO: Run Addons\DevTeam\DevTeamAddon [ RunTime:0.003869s ]
INFO: [ AdminIndex ] --END-- [ RunTime:0.218583s ]
INFO: Run Behavior\ParseTemplateBehavior [ RunTime:0.001637s ]
INFO: [ view_parse ] --END-- [ RunTime:-0.186821s ]
INFO: [ view_filter ] --START--
INFO: Run Behavior\WriteHtmlCacheBehavior [ RunTime:0.000008s ]
INFO: [ view_filter ] --END-- [ RunTime:-0.188306s ]
INFO: [ app_end ] --START--
INFO: Run Behavior\ShowPageTraceBehavior [ RunTime:0.000473s ]
INFO: [ app_end ] --END-- [ RunTime:0.000520s ]

[ 2016-05-24T21:27:05+08:00 ] 115.209.29.188 /admin.php?s=/Shop/index.html
INFO: [ app_init ] --START--
INFO: Run Behavior\BuildLiteBehavior [ RunTime:0.000016s ]
INFO: Run Common\Behavior\InitHookBehavior [ RunTime:0.001114s ]
INFO: [ app_init ] --END-- [ RunTime:0.001638s ]
INFO: [ app_begin ] --START--
INFO: Run Behavior\ReadHtmlCacheBehavior [ RunTime:0.000364s ]
INFO: [ app_begin ] --END-- [ RunTime:0.000414s ]
SQL: SHOW COLUMNS FROM `fg_shop` [ RunTime:0.0028s ]
SQL: SELECT * FROM `fg_shop` WHERE `uid` = 1 LIMIT 1   [ RunTime:0.0017s ]
SQL: SHOW COLUMNS FROM `fg_menu` [ RunTime:0.0022s ]
SQL: SELECT `id`,`title`,`url` FROM `fg_menu` WHERE `pid` = 0 AND `hide` = 0 AND `is_dev` = 0 ORDER BY sort asc  [ RunTime:0.0016s ]
SQL: SELECT `pid` FROM `fg_menu` WHERE ( pid !=0 AND url like '%Shop/index%' ) LIMIT 1   [ RunTime:0.0018s ]
SQL: SELECT * FROM `fg_menu` WHERE `id` = 137 LIMIT 1   [ RunTime:0.0015s ]
SQL: SELECT DISTINCT  `group` FROM `fg_menu` WHERE `group` <> '' AND `pid` = 137  [ RunTime:0.0017s ]
SQL: SELECT `id`,`url` FROM `fg_menu` WHERE `pid` = 137 AND `hide` = 0 AND `is_dev` = 0  [ RunTime:0.0017s ]
SQL: SELECT `id`,`pid`,`title`,`url`,`tip` FROM `fg_menu` WHERE `group` = '门店' AND `pid` = 137 AND `hide` = 0 AND `is_dev` = 0 ORDER BY sort asc  [ RunTime:0.0017s ]
SQL: SELECT `id`,`pid`,`title`,`url`,`tip` FROM `fg_menu` WHERE `group` = '运营商' AND `pid` = 137 AND `hide` = 0 AND `is_dev` = 0 ORDER BY sort asc  [ RunTime:0.0017s ]
SQL: SELECT `id`,`pid`,`title`,`url`,`tip` FROM `fg_menu` WHERE `group` = '微信管理' AND `pid` = 137 AND `hide` = 0 AND `is_dev` = 0 ORDER BY sort asc  [ RunTime:0.0017s ]
SQL: SELECT `id`,`pid`,`title`,`url`,`tip` FROM `fg_menu` WHERE `group` = '权限' AND `pid` = 137 AND `hide` = 0 AND `is_dev` = 0 ORDER BY sort asc  [ RunTime:0.0016s ]
SQL: SELECT `id`,`pid`,`title`,`url`,`tip` FROM `fg_menu` WHERE `group` = '优惠券管理' AND `pid` = 137 AND `hide` = 0 AND `is_dev` = 0 ORDER BY sort asc  [ RunTime:0.0017s ]
SQL: SELECT `id`,`pid`,`title`,`url`,`tip` FROM `fg_menu` WHERE `group` = '渠道管理' AND `pid` = 137 AND `hide` = 0 AND `is_dev` = 0 ORDER BY sort asc  [ RunTime:0.0018s ]
SQL: SELECT `id`,`pid`,`title`,`url`,`tip` FROM `fg_menu` WHERE `group` = '投诉管理' AND `pid` = 137 AND `hide` = 0 AND `is_dev` = 0 ORDER BY sort asc  [ RunTime:0.0016s ]
SQL: SELECT `id`,`pid`,`title`,`url`,`tip` FROM `fg_menu` WHERE `group` = '区域' AND `pid` = 137 AND `hide` = 0 AND `is_dev` = 0 ORDER BY sort asc  [ RunTime:0.0016s ]
SQL: SELECT `id`,`pid`,`title`,`url`,`tip` FROM `fg_menu` WHERE `group` = '红包管理' AND `pid` = 137 AND `hide` = 0 AND `is_dev` = 0 ORDER BY sort asc  [ RunTime:0.0021s ]
SQL: SELECT `id`,`uid`,`carrierid`,`name`,`cityid`,`areaid`,`picture1`,`picture2`,`picture3`,`latitude`,`longitude`,`tel`,`mobile`,`address`,`intro`,`shopno`,`orders`,`star`,`status`,`openid`,`wechatname`,`shop_type`,`s_rent`,`s_maintain`,`s_repair`,`s_mall` FROM `fg_shop` WHERE `shop_type` = 1 ORDER BY id asc  [ RunTime:0.0019s ]
SQL: SHOW COLUMNS FROM `fg_city` [ RunTime:0.0022s ]
SQL: SELECT * FROM `fg_city` WHERE `id` = 1 LIMIT 1   [ RunTime:0.0017s ]
SQL: SHOW COLUMNS FROM `fg_city_area` [ RunTime:0.0019s ]
SQL: SELECT * FROM `fg_city_area` WHERE `id` = 1 LIMIT 1   [ RunTime:0.0015s ]
SQL: SELECT * FROM `fg_city` WHERE `id` = 1 LIMIT 1   [ RunTime:0.0028s ]
SQL: SELECT * FROM `fg_city_area` WHERE `id` = 1 LIMIT 1   [ RunTime:0.0016s ]
SQL: SELECT * FROM `fg_city` WHERE `id` = 1 LIMIT 1   [ RunTime:0.0016s ]
SQL: SELECT * FROM `fg_city_area` WHERE `id` = 1 LIMIT 1   [ RunTime:0.0015s ]
SQL: SELECT * FROM `fg_city` WHERE `id` = 1 LIMIT 1   [ RunTime:0.0023s ]
SQL: SELECT * FROM `fg_city_area` WHERE `id` = 1 LIMIT 1   [ RunTime:0.0015s ]
SQL: SELECT * FROM `fg_city` WHERE `id` = 1 LIMIT 1   [ RunTime:0.0016s ]
SQL: SELECT * FROM `fg_city_area` WHERE `id` = 1 LIMIT 1   [ RunTime:0.0016s ]
SQL: SELECT * FROM `fg_city` WHERE `id` = 1 LIMIT 1   [ RunTime:0.0016s ]
SQL: SELECT * FROM `fg_city_area` WHERE `id` = 1 LIMIT 1   [ RunTime:0.0016s ]
SQL: SELECT * FROM `fg_city` WHERE `id` = 1 LIMIT 1   [ RunTime:0.0015s ]
SQL: SELECT * FROM `fg_city_area` WHERE `id` = 1 LIMIT 1   [ RunTime:0.0016s ]
SQL: SELECT * FROM `fg_city` WHERE `id` = 1 LIMIT 1   [ RunTime:0.0015s ]
SQL: SELECT * FROM `fg_city_area` WHERE `id` = 1 LIMIT 1   [ RunTime:0.0015s ]
SQL: SELECT * FROM `fg_city` WHERE `id` = 1 LIMIT 1   [ RunTime:0.0015s ]
SQL: SELECT * FROM `fg_city_area` WHERE `id` = 1 LIMIT 1   [ RunTime:0.0016s ]
SQL: SELECT * FROM `fg_city` WHERE `id` = 1 LIMIT 1   [ RunTime:0.0034s ]
SQL: SELECT * FROM `fg_city_area` WHERE `id` = 1 LIMIT 1   [ RunTime:0.0015s ]
SQL: SELECT * FROM `fg_city` WHERE `id` = 1 LIMIT 1   [ RunTime:0.0015s ]
SQL: SELECT * FROM `fg_city_area` WHERE `id` = 1 LIMIT 1   [ RunTime:0.0016s ]
SQL: SELECT * FROM `fg_city` WHERE `id` = 1 LIMIT 1   [ RunTime:0.0016s ]
SQL: SELECT * FROM `fg_city_area` WHERE `id` = 1 LIMIT 1   [ RunTime:0.0015s ]
SQL: SELECT * FROM `fg_city` WHERE `id` = 1 LIMIT 1   [ RunTime:0.0015s ]
SQL: SELECT * FROM `fg_city_area` WHERE `id` = 1 LIMIT 1   [ RunTime:0.0015s ]
SQL: SELECT * FROM `fg_city` WHERE `id` = 1 LIMIT 1   [ RunTime:0.0015s ]
SQL: SELECT * FROM `fg_city_area` WHERE `id` = 1 LIMIT 1   [ RunTime:0.0015s ]
SQL: SELECT * FROM `fg_city` WHERE `id` = 1 LIMIT 1   [ RunTime:0.0023s ]
SQL: SELECT * FROM `fg_city_area` WHERE `id` = 1 LIMIT 1   [ RunTime:0.0015s ]
SQL: SELECT * FROM `fg_city` WHERE `id` = 3 LIMIT 1   [ RunTime:0.0015s ]
SQL: SELECT * FROM `fg_city_area` WHERE `id` = 3 LIMIT 1   [ RunTime:0.0015s ]
SQL: SELECT * FROM `fg_city` WHERE `id` = 5 LIMIT 1   [ RunTime:0.0015s ]
SQL: SELECT * FROM `fg_city_area` WHERE `id` = -1 LIMIT 1   [ RunTime:0.0016s ]
SQL: SELECT * FROM `fg_city` WHERE `id` = 4 LIMIT 1   [ RunTime:0.0016s ]
SQL: SELECT * FROM `fg_city_area` WHERE `id` = -1 LIMIT 1   [ RunTime:0.0015s ]
SQL: SELECT * FROM `fg_city` WHERE `id` = 3 LIMIT 1   [ RunTime:0.0015s ]
SQL: SELECT * FROM `fg_city_area` WHERE `id` = 3 LIMIT 1   [ RunTime:0.0017s ]
SQL: SELECT * FROM `fg_city` WHERE `id` = 3 LIMIT 1   [ RunTime:0.0015s ]
SQL: SELECT * FROM `fg_city_area` WHERE `id` = 3 LIMIT 1   [ RunTime:0.0032s ]
SQL: SELECT * FROM `fg_city` WHERE `id` = 6 LIMIT 1   [ RunTime:0.0016s ]
SQL: SELECT * FROM `fg_city_area` WHERE `id` = 4 LIMIT 1   [ RunTime:0.0014s ]
INFO: [ view_parse ] --START--
INFO: [ template_filter ] --START--
INFO: Run Behavior\ContentReplaceBehavior [ RunTime:0.000123s ]
INFO: [ template_filter ] --END-- [ RunTime:0.000177s ]
INFO: Run Behavior\ParseTemplateBehavior [ RunTime:0.020240s ]
INFO: [ view_parse ] --END-- [ RunTime:0.020326s ]
INFO: [ view_filter ] --START--
INFO: Run Behavior\WriteHtmlCacheBehavior [ RunTime:0.000212s ]
INFO: [ view_filter ] --END-- [ RunTime:0.000267s ]
INFO: [ app_end ] --START--
INFO: Run Behavior\ShowPageTraceBehavior [ RunTime:0.000488s ]
INFO: [ app_end ] --END-- [ RunTime:0.000538s ]

[ 2016-05-24T21:27:12+08:00 ] 115.209.29.188 /admin.php?s=/Service/index.html
INFO: [ app_init ] --START--
INFO: Run Behavior\BuildLiteBehavior [ RunTime:0.000018s ]
INFO: Run Common\Behavior\InitHookBehavior [ RunTime:0.001122s ]
INFO: [ app_init ] --END-- [ RunTime:0.001680s ]
INFO: [ app_begin ] --START--
INFO: Run Behavior\ReadHtmlCacheBehavior [ RunTime:0.000407s ]
INFO: [ app_begin ] --END-- [ RunTime:0.000461s ]
SQL: SHOW COLUMNS FROM `fg_shop` [ RunTime:0.0033s ]
SQL: SELECT * FROM `fg_shop` WHERE `uid` = 1 LIMIT 1   [ RunTime:0.0019s ]
SQL: SHOW COLUMNS FROM `fg_menu` [ RunTime:0.0023s ]
SQL: SELECT `id`,`title`,`url` FROM `fg_menu` WHERE `pid` = 0 AND `hide` = 0 AND `is_dev` = 0 ORDER BY sort asc  [ RunTime:0.0019s ]
SQL: SELECT `pid` FROM `fg_menu` WHERE ( pid !=0 AND url like '%Service/index%' ) LIMIT 1   [ RunTime:0.0019s ]
SQL: SELECT * FROM `fg_menu` WHERE `id` = 124 LIMIT 1   [ RunTime:0.0017s ]
SQL: SELECT DISTINCT  `group` FROM `fg_menu` WHERE `group` <> '' AND `pid` = 124  [ RunTime:0.0018s ]
SQL: SELECT `id`,`url` FROM `fg_menu` WHERE `pid` = 124 AND `hide` = 0 AND `is_dev` = 0  [ RunTime:0.0016s ]
SQL: SELECT `id`,`pid`,`title`,`url`,`tip` FROM `fg_menu` WHERE `group` = '保养' AND `pid` = 124 AND `hide` = 0 AND `is_dev` = 0 ORDER BY sort asc  [ RunTime:0.0020s ]
SQL: SELECT `id`,`pid`,`title`,`url`,`tip` FROM `fg_menu` WHERE `group` = '维修' AND `pid` = 124 AND `hide` = 0 AND `is_dev` = 0 ORDER BY sort asc  [ RunTime:0.0017s ]
SQL: SELECT `id`,`pid`,`title`,`url`,`tip` FROM `fg_menu` WHERE `group` = '租车' AND `pid` = 124 AND `hide` = 0 AND `is_dev` = 0 ORDER BY sort asc  [ RunTime:0.0019s ]
SQL: SELECT `id`,`pid`,`title`,`url`,`tip` FROM `fg_menu` WHERE `group` = '充电' AND `pid` = 124 AND `hide` = 0 AND `is_dev` = 0 ORDER BY sort asc  [ RunTime:0.0026s ]
SQL: SELECT `id`,`pid`,`title`,`url`,`tip` FROM `fg_menu` WHERE `group` = '销售' AND `pid` = 124 AND `hide` = 0 AND `is_dev` = 0 ORDER BY sort asc  [ RunTime:0.0019s ]
SQL: SELECT `id`,`pid`,`title`,`url`,`tip` FROM `fg_menu` WHERE `group` = '二手车' AND `pid` = 124 AND `hide` = 0 AND `is_dev` = 0 ORDER BY sort asc  [ RunTime:0.0017s ]
SQL: SELECT `id`,`title` FROM `fg_menu`  [ RunTime:0.0019s ]
SQL: SELECT `id`,`title`,`pid`,`sort`,`url`,`hide`,`tip`,`group`,`is_dev`,`status` FROM `fg_menu` WHERE `pid` = 0 ORDER BY sort asc,id asc  [ RunTime:0.0018s ]
INFO: [ view_parse ] --START--
INFO: [ template_filter ] --START--
INFO: Run Behavior\ContentReplaceBehavior [ RunTime:0.000139s ]
INFO: [ template_filter ] --END-- [ RunTime:0.000236s ]
INFO: Run Behavior\ParseTemplateBehavior [ RunTime:0.014694s ]
INFO: [ view_parse ] --END-- [ RunTime:0.014746s ]
INFO: [ view_filter ] --START--
INFO: Run Behavior\WriteHtmlCacheBehavior [ RunTime:0.000169s ]
INFO: [ view_filter ] --END-- [ RunTime:0.000211s ]
INFO: [ app_end ] --START--
INFO: Run Behavior\ShowPageTraceBehavior [ RunTime:0.000474s ]
INFO: [ app_end ] --END-- [ RunTime:0.000528s ]

[ 2016-05-24T21:27:16+08:00 ] 115.209.29.188 /admin.php?s=/Sechand/index.html
INFO: [ app_init ] --START--
INFO: Run Behavior\BuildLiteBehavior [ RunTime:0.000017s ]
INFO: Run Common\Behavior\InitHookBehavior [ RunTime:0.001086s ]
INFO: [ app_init ] --END-- [ RunTime:0.001634s ]
INFO: [ app_begin ] --START--
INFO: Run Behavior\ReadHtmlCacheBehavior [ RunTime:0.000441s ]
INFO: [ app_begin ] --END-- [ RunTime:0.000491s ]
SQL: SHOW COLUMNS FROM `fg_shop` [ RunTime:0.0030s ]
SQL: SELECT * FROM `fg_shop` WHERE `uid` = 1 LIMIT 1   [ RunTime:0.0018s ]
SQL: SHOW COLUMNS FROM `fg_menu` [ RunTime:0.0026s ]
SQL: SELECT `id`,`title`,`url` FROM `fg_menu` WHERE `pid` = 0 AND `hide` = 0 AND `is_dev` = 0 ORDER BY sort asc  [ RunTime:0.0017s ]
SQL: SELECT `pid` FROM `fg_menu` WHERE ( pid !=0 AND url like '%Sechand/index%' ) LIMIT 1   [ RunTime:0.0017s ]
SQL: SELECT * FROM `fg_menu` WHERE `id` = 124 LIMIT 1   [ RunTime:0.0015s ]
SQL: SELECT DISTINCT  `group` FROM `fg_menu` WHERE `group` <> '' AND `pid` = 124  [ RunTime:0.0016s ]
SQL: SELECT `id`,`url` FROM `fg_menu` WHERE `pid` = 124 AND `hide` = 0 AND `is_dev` = 0  [ RunTime:0.0015s ]
SQL: SELECT `id`,`pid`,`title`,`url`,`tip` FROM `fg_menu` WHERE `group` = '保养' AND `pid` = 124 AND `hide` = 0 AND `is_dev` = 0 ORDER BY sort asc  [ RunTime:0.0016s ]
SQL: SELECT `id`,`pid`,`title`,`url`,`tip` FROM `fg_menu` WHERE `group` = '维修' AND `pid` = 124 AND `hide` = 0 AND `is_dev` = 0 ORDER BY sort asc  [ RunTime:0.0016s ]
SQL: SELECT `id`,`pid`,`title`,`url`,`tip` FROM `fg_menu` WHERE `group` = '租车' AND `pid` = 124 AND `hide` = 0 AND `is_dev` = 0 ORDER BY sort asc  [ RunTime:0.0016s ]
SQL: SELECT `id`,`pid`,`title`,`url`,`tip` FROM `fg_menu` WHERE `group` = '充电' AND `pid` = 124 AND `hide` = 0 AND `is_dev` = 0 ORDER BY sort asc  [ RunTime:0.0017s ]
SQL: SELECT `id`,`pid`,`title`,`url`,`tip` FROM `fg_menu` WHERE `group` = '销售' AND `pid` = 124 AND `hide` = 0 AND `is_dev` = 0 ORDER BY sort asc  [ RunTime:0.0019s ]
SQL: SELECT `id`,`pid`,`title`,`url`,`tip` FROM `fg_menu` WHERE `group` = '二手车' AND `pid` = 124 AND `hide` = 0 AND `is_dev` = 0 ORDER BY sort asc  [ RunTime:0.0023s ]
SQL: SHOW COLUMNS FROM `fg_sechand` [ RunTime:0.0035s ]
SQL: SELECT COUNT(*) AS tp_count FROM `fg_sechand` WHERE `status` >= 0 LIMIT 1   [ RunTime:0.0016s ]
SQL: SELECT `id`,`brand`,`buy_date`,`models`,`battery_capacity`,`battery_time`,`appearance`,`invoice`,`price_ssessment`,`price_customer`,`newlevel`,`endurance`,`linkman`,`tel`,`is_changedbattery`,`pic`,`status`,`create_time`,`openid`,`remark` FROM `fg_sechand` WHERE `status` >= 0 ORDER BY create_time desc LIMIT 0,20   [ RunTime:0.0016s ]
INFO: [ view_parse ] --START--
INFO: [ template_filter ] --START--
INFO: Run Behavior\ContentReplaceBehavior [ RunTime:0.000114s ]
INFO: [ template_filter ] --END-- [ RunTime:0.000170s ]
NOTIC: [8] Undefined variable: group /var/www/didi/Runtime/Cache/Admin/e3a7ca2d9e0dfd79f9d5acdfb038c4ac.php 第 90 行.
INFO: Run Behavior\ParseTemplateBehavior [ RunTime:0.016554s ]
INFO: [ view_parse ] --END-- [ RunTime:0.016602s ]
INFO: [ view_filter ] --START--
INFO: Run Behavior\WriteHtmlCacheBehavior [ RunTime:0.000130s ]
INFO: [ view_filter ] --END-- [ RunTime:0.000173s ]
INFO: [ app_end ] --START--
INFO: Run Behavior\ShowPageTraceBehavior [ RunTime:0.000437s ]
INFO: [ app_end ] --END-- [ RunTime:0.000501s ]

[ 2016-05-24T21:28:43+08:00 ] 115.209.29.188 /admin.php?s=/Shop/index.html
INFO: [ app_init ] --START--
INFO: Run Behavior\BuildLiteBehavior [ RunTime:0.000028s ]
INFO: Run Common\Behavior\InitHookBehavior [ RunTime:0.001262s ]
INFO: [ app_init ] --END-- [ RunTime:0.001897s ]
INFO: [ app_begin ] --START--
INFO: Run Behavior\ReadHtmlCacheBehavior [ RunTime:0.000418s ]
INFO: [ app_begin ] --END-- [ RunTime:0.000496s ]
SQL: SHOW COLUMNS FROM `fg_shop` [ RunTime:0.0030s ]
SQL: SELECT * FROM `fg_shop` WHERE `uid` = 1 LIMIT 1   [ RunTime:0.0016s ]
SQL: SHOW COLUMNS FROM `fg_menu` [ RunTime:0.0021s ]
SQL: SELECT `id`,`title`,`url` FROM `fg_menu` WHERE `pid` = 0 AND `hide` = 0 AND `is_dev` = 0 ORDER BY sort asc  [ RunTime:0.0015s ]
SQL: SELECT `pid` FROM `fg_menu` WHERE ( pid !=0 AND url like '%Shop/index%' ) LIMIT 1   [ RunTime:0.0017s ]
SQL: SELECT * FROM `fg_menu` WHERE `id` = 137 LIMIT 1   [ RunTime:0.0015s ]
SQL: SELECT DISTINCT  `group` FROM `fg_menu` WHERE `group` <> '' AND `pid` = 137  [ RunTime:0.0015s ]
SQL: SELECT `id`,`url` FROM `fg_menu` WHERE `pid` = 137 AND `hide` = 0 AND `is_dev` = 0  [ RunTime:0.0015s ]
SQL: SELECT `id`,`pid`,`title`,`url`,`tip` FROM `fg_menu` WHERE `group` = '门店' AND `pid` = 137 AND `hide` = 0 AND `is_dev` = 0 ORDER BY sort asc  [ RunTime:0.0017s ]
SQL: SELECT `id`,`pid`,`title`,`url`,`tip` FROM `fg_menu` WHERE `group` = '运营商' AND `pid` = 137 AND `hide` = 0 AND `is_dev` = 0 ORDER BY sort asc  [ RunTime:0.0015s ]
SQL: SELECT `id`,`pid`,`title`,`url`,`tip` FROM `fg_menu` WHERE `group` = '微信管理' AND `pid` = 137 AND `hide` = 0 AND `is_dev` = 0 ORDER BY sort asc  [ RunTime:0.0016s ]
SQL: SELECT `id`,`pid`,`title`,`url`,`tip` FROM `fg_menu` WHERE `group` = '权限' AND `pid` = 137 AND `hide` = 0 AND `is_dev` = 0 ORDER BY sort asc  [ RunTime:0.0015s ]
SQL: SELECT `id`,`pid`,`title`,`url`,`tip` FROM `fg_menu` WHERE `group` = '优惠券管理' AND `pid` = 137 AND `hide` = 0 AND `is_dev` = 0 ORDER BY sort asc  [ RunTime:0.0016s ]
SQL: SELECT `id`,`pid`,`title`,`url`,`tip` FROM `fg_menu` WHERE `group` = '渠道管理' AND `pid` = 137 AND `hide` = 0 AND `is_dev` = 0 ORDER BY sort asc  [ RunTime:0.0015s ]
SQL: SELECT `id`,`pid`,`title`,`url`,`tip` FROM `fg_menu` WHERE `group` = '投诉管理' AND `pid` = 137 AND `hide` = 0 AND `is_dev` = 0 ORDER BY sort asc  [ RunTime:0.0015s ]
SQL: SELECT `id`,`pid`,`title`,`url`,`tip` FROM `fg_menu` WHERE `group` = '区域' AND `pid` = 137 AND `hide` = 0 AND `is_dev` = 0 ORDER BY sort asc  [ RunTime:0.0015s ]
SQL: SELECT `id`,`pid`,`title`,`url`,`tip` FROM `fg_menu` WHERE `group` = '红包管理' AND `pid` = 137 AND `hide` = 0 AND `is_dev` = 0 ORDER BY sort asc  [ RunTime:0.0015s ]
SQL: SELECT `id`,`uid`,`carrierid`,`name`,`cityid`,`areaid`,`picture1`,`picture2`,`picture3`,`latitude`,`longitude`,`tel`,`mobile`,`address`,`intro`,`shopno`,`orders`,`star`,`status`,`openid`,`wechatname`,`shop_type`,`s_rent`,`s_maintain`,`s_repair`,`s_mall` FROM `fg_shop` WHERE `shop_type` = 1 ORDER BY id asc  [ RunTime:0.0017s ]
SQL: SHOW COLUMNS FROM `fg_city` [ RunTime:0.0020s ]
SQL: SELECT * FROM `fg_city` WHERE `id` = 1 LIMIT 1   [ RunTime:0.0014s ]
SQL: SHOW COLUMNS FROM `fg_city_area` [ RunTime:0.0019s ]
SQL: SELECT * FROM `fg_city_area` WHERE `id` = 1 LIMIT 1   [ RunTime:0.0015s ]
SQL: SELECT * FROM `fg_city` WHERE `id` = 1 LIMIT 1   [ RunTime:0.0015s ]
SQL: SELECT * FROM `fg_city_area` WHERE `id` = 1 LIMIT 1   [ RunTime:0.0015s ]
SQL: SELECT * FROM `fg_city` WHERE `id` = 1 LIMIT 1   [ RunTime:0.0014s ]
SQL: SELECT * FROM `fg_city_area` WHERE `id` = 1 LIMIT 1   [ RunTime:0.0014s ]
SQL: SELECT * FROM `fg_city` WHERE `id` = 1 LIMIT 1   [ RunTime:0.0015s ]
SQL: SELECT * FROM `fg_city_area` WHERE `id` = 1 LIMIT 1   [ RunTime:0.0014s ]
SQL: SELECT * FROM `fg_city` WHERE `id` = 1 LIMIT 1   [ RunTime:0.0014s ]
SQL: SELECT * FROM `fg_city_area` WHERE `id` = 1 LIMIT 1   [ RunTime:0.0015s ]
SQL: SELECT * FROM `fg_city` WHERE `id` = 1 LIMIT 1   [ RunTime:0.0014s ]
SQL: SELECT * FROM `fg_city_area` WHERE `id` = 1 LIMIT 1   [ RunTime:0.0015s ]
SQL: SELECT * FROM `fg_city` WHERE `id` = 1 LIMIT 1   [ RunTime:0.0014s ]
SQL: SELECT * FROM `fg_city_area` WHERE `id` = 1 LIMIT 1   [ RunTime:0.0015s ]
SQL: SELECT * FROM `fg_city` WHERE `id` = 1 LIMIT 1   [ RunTime:0.0014s ]
SQL: SELECT * FROM `fg_city_area` WHERE `id` = 1 LIMIT 1   [ RunTime:0.0015s ]
SQL: SELECT * FROM `fg_city` WHERE `id` = 1 LIMIT 1   [ RunTime:0.0014s ]
SQL: SELECT * FROM `fg_city_area` WHERE `id` = 1 LIMIT 1   [ RunTime:0.0013s ]
SQL: SELECT * FROM `fg_city` WHERE `id` = 1 LIMIT 1   [ RunTime:0.0016s ]
SQL: SELECT * FROM `fg_city_area` WHERE `id` = 1 LIMIT 1   [ RunTime:0.0015s ]
SQL: SELECT * FROM `fg_city` WHERE `id` = 1 LIMIT 1   [ RunTime:0.0014s ]
SQL: SELECT * FROM `fg_city_area` WHERE `id` = 1 LIMIT 1   [ RunTime:0.0014s ]
SQL: SELECT * FROM `fg_city` WHERE `id` = 1 LIMIT 1   [ RunTime:0.0015s ]
SQL: SELECT * FROM `fg_city_area` WHERE `id` = 1 LIMIT 1   [ RunTime:0.0014s ]
SQL: SELECT * FROM `fg_city` WHERE `id` = 1 LIMIT 1   [ RunTime:0.0014s ]
SQL: SELECT * FROM `fg_city_area` WHERE `id` = 1 LIMIT 1   [ RunTime:0.0014s ]
SQL: SELECT * FROM `fg_city` WHERE `id` = 1 LIMIT 1   [ RunTime:0.0014s ]
SQL: SELECT * FROM `fg_city_area` WHERE `id` = 1 LIMIT 1   [ RunTime:0.0014s ]
SQL: SELECT * FROM `fg_city` WHERE `id` = 1 LIMIT 1   [ RunTime:0.0014s ]
SQL: SELECT * FROM `fg_city_area` WHERE `id` = 1 LIMIT 1   [ RunTime:0.0014s ]
SQL: SELECT * FROM `fg_city` WHERE `id` = 3 LIMIT 1   [ RunTime:0.0014s ]
SQL: SELECT * FROM `fg_city_area` WHERE `id` = 3 LIMIT 1   [ RunTime:0.0014s ]
SQL: SELECT * FROM `fg_city` WHERE `id` = 5 LIMIT 1   [ RunTime:0.0013s ]
SQL: SELECT * FROM `fg_city_area` WHERE `id` = -1 LIMIT 1   [ RunTime:0.0014s ]
SQL: SELECT * FROM `fg_city` WHERE `id` = 4 LIMIT 1   [ RunTime:0.0014s ]
SQL: SELECT * FROM `fg_city_area` WHERE `id` = -1 LIMIT 1   [ RunTime:0.0014s ]
SQL: SELECT * FROM `fg_city` WHERE `id` = 3 LIMIT 1   [ RunTime:0.0014s ]
SQL: SELECT * FROM `fg_city_area` WHERE `id` = 3 LIMIT 1   [ RunTime:0.0014s ]
SQL: SELECT * FROM `fg_city` WHERE `id` = 3 LIMIT 1   [ RunTime:0.0016s ]
SQL: SELECT * FROM `fg_city_area` WHERE `id` = 3 LIMIT 1   [ RunTime:0.0014s ]
SQL: SELECT * FROM `fg_city` WHERE `id` = 6 LIMIT 1   [ RunTime:0.0014s ]
SQL: SELECT * FROM `fg_city_area` WHERE `id` = 4 LIMIT 1   [ RunTime:0.0015s ]
INFO: [ view_parse ] --START--
INFO: [ template_filter ] --START--
INFO: Run Behavior\ContentReplaceBehavior [ RunTime:0.000147s ]
INFO: [ template_filter ] --END-- [ RunTime:0.000206s ]
INFO: Run Behavior\ParseTemplateBehavior [ RunTime:0.022330s ]
INFO: [ view_parse ] --END-- [ RunTime:0.022397s ]
INFO: [ view_filter ] --START--
INFO: Run Behavior\WriteHtmlCacheBehavior [ RunTime:0.000139s ]
INFO: [ view_filter ] --END-- [ RunTime:0.000179s ]
INFO: [ app_end ] --START--
INFO: Run Behavior\ShowPageTraceBehavior [ RunTime:0.000547s ]
INFO: [ app_end ] --END-- [ RunTime:0.000596s ]

[ 2016-05-24T21:28:52+08:00 ] 115.209.29.188 /admin.php?s=/Weixin/diymenu.html
INFO: [ app_init ] --START--
INFO: Run Behavior\BuildLiteBehavior [ RunTime:0.000015s ]
INFO: Run Common\Behavior\InitHookBehavior [ RunTime:0.001090s ]
INFO: [ app_init ] --END-- [ RunTime:0.001577s ]
INFO: [ app_begin ] --START--
INFO: Run Behavior\ReadHtmlCacheBehavior [ RunTime:0.000443s ]
INFO: [ app_begin ] --END-- [ RunTime:0.000506s ]
SQL: SHOW COLUMNS FROM `fg_shop` [ RunTime:0.0030s ]
SQL: SELECT * FROM `fg_shop` WHERE `uid` = 1 LIMIT 1   [ RunTime:0.0020s ]
SQL: SHOW COLUMNS FROM `fg_menu` [ RunTime:0.0024s ]
SQL: SELECT `id`,`title`,`url` FROM `fg_menu` WHERE `pid` = 0 AND `hide` = 0 AND `is_dev` = 0 ORDER BY sort asc  [ RunTime:0.0018s ]
SQL: SELECT `pid` FROM `fg_menu` WHERE ( pid !=0 AND url like '%Weixin/diymenu%' ) LIMIT 1   [ RunTime:0.0018s ]
SQL: SELECT * FROM `fg_menu` WHERE `id` = 137 LIMIT 1   [ RunTime:0.0016s ]
SQL: SELECT DISTINCT  `group` FROM `fg_menu` WHERE `group` <> '' AND `pid` = 137  [ RunTime:0.0017s ]
SQL: SELECT `id`,`url` FROM `fg_menu` WHERE `pid` = 137 AND `hide` = 0 AND `is_dev` = 0  [ RunTime:0.0017s ]
SQL: SELECT `id`,`pid`,`title`,`url`,`tip` FROM `fg_menu` WHERE `group` = '门店' AND `pid` = 137 AND `hide` = 0 AND `is_dev` = 0 ORDER BY sort asc  [ RunTime:0.0016s ]
SQL: SELECT `id`,`pid`,`title`,`url`,`tip` FROM `fg_menu` WHERE `group` = '运营商' AND `pid` = 137 AND `hide` = 0 AND `is_dev` = 0 ORDER BY sort asc  [ RunTime:0.0016s ]
SQL: SELECT `id`,`pid`,`title`,`url`,`tip` FROM `fg_menu` WHERE `group` = '微信管理' AND `pid` = 137 AND `hide` = 0 AND `is_dev` = 0 ORDER BY sort asc  [ RunTime:0.0018s ]
SQL: SELECT `id`,`pid`,`title`,`url`,`tip` FROM `fg_menu` WHERE `group` = '权限' AND `pid` = 137 AND `hide` = 0 AND `is_dev` = 0 ORDER BY sort asc  [ RunTime:0.0017s ]
SQL: SELECT `id`,`pid`,`title`,`url`,`tip` FROM `fg_menu` WHERE `group` = '优惠券管理' AND `pid` = 137 AND `hide` = 0 AND `is_dev` = 0 ORDER BY sort asc  [ RunTime:0.0018s ]
SQL: SELECT `id`,`pid`,`title`,`url`,`tip` FROM `fg_menu` WHERE `group` = '渠道管理' AND `pid` = 137 AND `hide` = 0 AND `is_dev` = 0 ORDER BY sort asc  [ RunTime:0.0017s ]
SQL: SELECT `id`,`pid`,`title`,`url`,`tip` FROM `fg_menu` WHERE `group` = '投诉管理' AND `pid` = 137 AND `hide` = 0 AND `is_dev` = 0 ORDER BY sort asc  [ RunTime:0.0017s ]
SQL: SELECT `id`,`pid`,`title`,`url`,`tip` FROM `fg_menu` WHERE `group` = '区域' AND `pid` = 137 AND `hide` = 0 AND `is_dev` = 0 ORDER BY sort asc  [ RunTime:0.0017s ]
SQL: SELECT `id`,`pid`,`title`,`url`,`tip` FROM `fg_menu` WHERE `group` = '红包管理' AND `pid` = 137 AND `hide` = 0 AND `is_dev` = 0 ORDER BY sort asc  [ RunTime:0.0017s ]
SQL: SHOW COLUMNS FROM `fg_diymenu` [ RunTime:0.0024s ]
SQL: SELECT `id`,`title` FROM `fg_diymenu`  [ RunTime:0.0017s ]
SQL: SELECT `id`,`pid`,`title`,`keyword`,`url`,`is_show`,`sort`,`sys`,`menutype` FROM `fg_diymenu` WHERE `pid` = 0 ORDER BY sort asc,id asc  [ RunTime:0.0017s ]
SQL: SELECT * FROM `fg_diymenu` WHERE `pid` = 1 ORDER BY sort asc  [ RunTime:0.0017s ]
SQL: SELECT * FROM `fg_diymenu` WHERE `pid` = 7 ORDER BY sort asc  [ RunTime:0.0017s ]
SQL: SELECT * FROM `fg_diymenu` WHERE `pid` = 12 ORDER BY sort asc  [ RunTime:0.0016s ]
INFO: [ view_parse ] --START--
INFO: [ template_filter ] --START--
INFO: Run Behavior\ContentReplaceBehavior [ RunTime:0.000128s ]
INFO: [ template_filter ] --END-- [ RunTime:0.000183s ]
NOTIC: [8] Undefined index: hide /var/www/didi/Runtime/Cache/Admin/735d1819749180f46e665fa176cb9ffe.php 第 143 行.
NOTIC: [8] Undefined index: hide_text /var/www/didi/Runtime/Cache/Admin/735d1819749180f46e665fa176cb9ffe.php 第 144 行.
NOTIC: [8] Undefined index: hide /var/www/didi/Runtime/Cache/Admin/735d1819749180f46e665fa176cb9ffe.php 第 169 行.
NOTIC: [8] Undefined index: hide_text /var/www/didi/Runtime/Cache/Admin/735d1819749180f46e665fa176cb9ffe.php 第 170 行.
NOTIC: [8] Undefined index: hide /var/www/didi/Runtime/Cache/Admin/735d1819749180f46e665fa176cb9ffe.php 第 169 行.
NOTIC: [8] Undefined index: hide_text /var/www/didi/Runtime/Cache/Admin/735d1819749180f46e665fa176cb9ffe.php 第 170 行.
NOTIC: [8] Undefined index: hide /var/www/didi/Runtime/Cache/Admin/735d1819749180f46e665fa176cb9ffe.php 第 169 行.
NOTIC: [8] Undefined index: hide_text /var/www/didi/Runtime/Cache/Admin/735d1819749180f46e665fa176cb9ffe.php 第 170 行.
NOTIC: [8] Undefined index: hide /var/www/didi/Runtime/Cache/Admin/735d1819749180f46e665fa176cb9ffe.php 第 169 行.
NOTIC: [8] Undefined index: hide_text /var/www/didi/Runtime/Cache/Admin/735d1819749180f46e665fa176cb9ffe.php 第 170 行.
NOTIC: [8] Undefined index: hide /var/www/didi/Runtime/Cache/Admin/735d1819749180f46e665fa176cb9ffe.php 第 143 行.
NOTIC: [8] Undefined index: hide_text /var/www/didi/Runtime/Cache/Admin/735d1819749180f46e665fa176cb9ffe.php 第 144 行.
NOTIC: [8] Undefined index: hide /var/www/didi/Runtime/Cache/Admin/735d1819749180f46e665fa176cb9ffe.php 第 169 行.
NOTIC: [8] Undefined index: hide_text /var/www/didi/Runtime/Cache/Admin/735d1819749180f46e665fa176cb9ffe.php 第 170 行.
NOTIC: [8] Undefined index: hide /var/www/didi/Runtime/Cache/Admin/735d1819749180f46e665fa176cb9ffe.php 第 169 行.
NOTIC: [8] Undefined index: hide_text /var/www/didi/Runtime/Cache/Admin/735d1819749180f46e665fa176cb9ffe.php 第 170 行.
NOTIC: [8] Undefined index: hide /var/www/didi/Runtime/Cache/Admin/735d1819749180f46e665fa176cb9ffe.php 第 169 行.
NOTIC: [8] Undefined index: hide_text /var/www/didi/Runtime/Cache/Admin/735d1819749180f46e665fa176cb9ffe.php 第 170 行.
NOTIC: [8] Undefined index: hide /var/www/didi/Runtime/Cache/Admin/735d1819749180f46e665fa176cb9ffe.php 第 143 行.
NOTIC: [8] Undefined index: hide_text /var/www/didi/Runtime/Cache/Admin/735d1819749180f46e665fa176cb9ffe.php 第 144 行.
INFO: Run Behavior\ParseTemplateBehavior [ RunTime:0.022579s ]
INFO: [ view_parse ] --END-- [ RunTime:0.022637s ]
INFO: [ view_filter ] --START--
INFO: Run Behavior\WriteHtmlCacheBehavior [ RunTime:0.000161s ]
INFO: [ view_filter ] --END-- [ RunTime:0.000213s ]
INFO: [ app_end ] --START--
INFO: Run Behavior\ShowPageTraceBehavior [ RunTime:0.000481s ]
INFO: [ app_end ] --END-- [ RunTime:0.000531s ]

[ 2016-05-24T21:29:59+08:00 ] 115.209.29.188 /admin.php?s=/Weixin/diymenu_del/id/12.html
INFO: [ app_init ] --START--
INFO: Run Behavior\BuildLiteBehavior [ RunTime:0.000028s ]
INFO: Run Common\Behavior\InitHookBehavior [ RunTime:0.001214s ]
INFO: [ app_init ] --END-- [ RunTime:0.001878s ]
INFO: [ app_begin ] --START--
INFO: Run Behavior\ReadHtmlCacheBehavior [ RunTime:0.000405s ]
INFO: [ app_begin ] --END-- [ RunTime:0.000458s ]
SQL: SHOW COLUMNS FROM `fg_shop` [ RunTime:0.0032s ]
SQL: SELECT * FROM `fg_shop` WHERE `uid` = 1 LIMIT 1   [ RunTime:0.0017s ]
SQL: SHOW COLUMNS FROM `fg_menu` [ RunTime:0.0022s ]
SQL: SELECT `id`,`title`,`url` FROM `fg_menu` WHERE `pid` = 0 AND `hide` = 0 AND `is_dev` = 0 ORDER BY sort asc  [ RunTime:0.0017s ]
SQL: SELECT `pid` FROM `fg_menu` WHERE ( pid !=0 AND url like '%Weixin/diymenu_del%' ) LIMIT 1   [ RunTime:0.0017s ]
SQL: SHOW COLUMNS FROM `fg_diymenu` [ RunTime:0.0021s ]
SQL: DELETE FROM `fg_diymenu` WHERE `id` IN ('12') [ RunTime:0.0041s ]

[ 2016-05-24T21:30:01+08:00 ] 115.209.29.188 /admin.php?s=/Weixin/diymenu.html
INFO: [ app_init ] --START--
INFO: Run Behavior\BuildLiteBehavior [ RunTime:0.000018s ]
INFO: Run Common\Behavior\InitHookBehavior [ RunTime:0.001267s ]
INFO: [ app_init ] --END-- [ RunTime:0.001794s ]
INFO: [ app_begin ] --START--
INFO: Run Behavior\ReadHtmlCacheBehavior [ RunTime:0.000380s ]
INFO: [ app_begin ] --END-- [ RunTime:0.000432s ]
SQL: SHOW COLUMNS FROM `fg_shop` [ RunTime:0.0033s ]
SQL: SELECT * FROM `fg_shop` WHERE `uid` = 1 LIMIT 1   [ RunTime:0.0017s ]
SQL: SHOW COLUMNS FROM `fg_menu` [ RunTime:0.0025s ]
SQL: SELECT `id`,`title`,`url` FROM `fg_menu` WHERE `pid` = 0 AND `hide` = 0 AND `is_dev` = 0 ORDER BY sort asc  [ RunTime:0.0017s ]
SQL: SELECT `pid` FROM `fg_menu` WHERE ( pid !=0 AND url like '%Weixin/diymenu%' ) LIMIT 1   [ RunTime:0.0018s ]
SQL: SELECT * FROM `fg_menu` WHERE `id` = 137 LIMIT 1   [ RunTime:0.0015s ]
SQL: SELECT DISTINCT  `group` FROM `fg_menu` WHERE `group` <> '' AND `pid` = 137  [ RunTime:0.0017s ]
SQL: SELECT `id`,`url` FROM `fg_menu` WHERE `pid` = 137 AND `hide` = 0 AND `is_dev` = 0  [ RunTime:0.0016s ]
SQL: SELECT `id`,`pid`,`title`,`url`,`tip` FROM `fg_menu` WHERE `group` = '门店' AND `pid` = 137 AND `hide` = 0 AND `is_dev` = 0 ORDER BY sort asc  [ RunTime:0.0017s ]
SQL: SELECT `id`,`pid`,`title`,`url`,`tip` FROM `fg_menu` WHERE `group` = '运营商' AND `pid` = 137 AND `hide` = 0 AND `is_dev` = 0 ORDER BY sort asc  [ RunTime:0.0016s ]
SQL: SELECT `id`,`pid`,`title`,`url`,`tip` FROM `fg_menu` WHERE `group` = '微信管理' AND `pid` = 137 AND `hide` = 0 AND `is_dev` = 0 ORDER BY sort asc  [ RunTime:0.0017s ]
SQL: SELECT `id`,`pid`,`title`,`url`,`tip` FROM `fg_menu` WHERE `group` = '权限' AND `pid` = 137 AND `hide` = 0 AND `is_dev` = 0 ORDER BY sort asc  [ RunTime:0.0017s ]
SQL: SELECT `id`,`pid`,`title`,`url`,`tip` FROM `fg_menu` WHERE `group` = '优惠券管理' AND `pid` = 137 AND `hide` = 0 AND `is_dev` = 0 ORDER BY sort asc  [ RunTime:0.0016s ]
SQL: SELECT `id`,`pid`,`title`,`url`,`tip` FROM `fg_menu` WHERE `group` = '渠道管理' AND `pid` = 137 AND `hide` = 0 AND `is_dev` = 0 ORDER BY sort asc  [ RunTime:0.0017s ]
SQL: SELECT `id`,`pid`,`title`,`url`,`tip` FROM `fg_menu` WHERE `group` = '投诉管理' AND `pid` = 137 AND `hide` = 0 AND `is_dev` = 0 ORDER BY sort asc  [ RunTime:0.0017s ]
SQL: SELECT `id`,`pid`,`title`,`url`,`tip` FROM `fg_menu` WHERE `group` = '区域' AND `pid` = 137 AND `hide` = 0 AND `is_dev` = 0 ORDER BY sort asc  [ RunTime:0.0018s ]
SQL: SELECT `id`,`pid`,`title`,`url`,`tip` FROM `fg_menu` WHERE `group` = '红包管理' AND `pid` = 137 AND `hide` = 0 AND `is_dev` = 0 ORDER BY sort asc  [ RunTime:0.0018s ]
SQL: SHOW COLUMNS FROM `fg_diymenu` [ RunTime:0.0027s ]
SQL: SELECT `id`,`title` FROM `fg_diymenu`  [ RunTime:0.0020s ]
SQL: SELECT `id`,`pid`,`title`,`keyword`,`url`,`is_show`,`sort`,`sys`,`menutype` FROM `fg_diymenu` WHERE `pid` = 0 ORDER BY sort asc,id asc  [ RunTime:0.0016s ]
SQL: SELECT * FROM `fg_diymenu` WHERE `pid` = 1 ORDER BY sort asc  [ RunTime:0.0017s ]
SQL: SELECT * FROM `fg_diymenu` WHERE `pid` = 7 ORDER BY sort asc  [ RunTime:0.0017s ]
INFO: [ view_parse ] --START--
INFO: [ template_filter ] --START--
INFO: Run Behavior\ContentReplaceBehavior [ RunTime:0.000134s ]
INFO: [ template_filter ] --END-- [ RunTime:0.000215s ]
NOTIC: [8] Undefined index: hide /var/www/didi/Runtime/Cache/Admin/735d1819749180f46e665fa176cb9ffe.php 第 143 行.
NOTIC: [8] Undefined index: hide_text /var/www/didi/Runtime/Cache/Admin/735d1819749180f46e665fa176cb9ffe.php 第 144 行.
NOTIC: [8] Undefined index: hide /var/www/didi/Runtime/Cache/Admin/735d1819749180f46e665fa176cb9ffe.php 第 169 行.
NOTIC: [8] Undefined index: hide_text /var/www/didi/Runtime/Cache/Admin/735d1819749180f46e665fa176cb9ffe.php 第 170 行.
NOTIC: [8] Undefined index: hide /var/www/didi/Runtime/Cache/Admin/735d1819749180f46e665fa176cb9ffe.php 第 169 行.
NOTIC: [8] Undefined index: hide_text /var/www/didi/Runtime/Cache/Admin/735d1819749180f46e665fa176cb9ffe.php 第 170 行.
NOTIC: [8] Undefined index: hide /var/www/didi/Runtime/Cache/Admin/735d1819749180f46e665fa176cb9ffe.php 第 169 行.
NOTIC: [8] Undefined index: hide_text /var/www/didi/Runtime/Cache/Admin/735d1819749180f46e665fa176cb9ffe.php 第 170 行.
NOTIC: [8] Undefined index: hide /var/www/didi/Runtime/Cache/Admin/735d1819749180f46e665fa176cb9ffe.php 第 169 行.
NOTIC: [8] Undefined index: hide_text /var/www/didi/Runtime/Cache/Admin/735d1819749180f46e665fa176cb9ffe.php 第 170 行.
NOTIC: [8] Undefined index: hide /var/www/didi/Runtime/Cache/Admin/735d1819749180f46e665fa176cb9ffe.php 第 143 行.
NOTIC: [8] Undefined index: hide_text /var/www/didi/Runtime/Cache/Admin/735d1819749180f46e665fa176cb9ffe.php 第 144 行.
NOTIC: [8] Undefined index: hide /var/www/didi/Runtime/Cache/Admin/735d1819749180f46e665fa176cb9ffe.php 第 169 行.
NOTIC: [8] Undefined index: hide_text /var/www/didi/Runtime/Cache/Admin/735d1819749180f46e665fa176cb9ffe.php 第 170 行.
NOTIC: [8] Undefined index: hide /var/www/didi/Runtime/Cache/Admin/735d1819749180f46e665fa176cb9ffe.php 第 169 行.
NOTIC: [8] Undefined index: hide_text /var/www/didi/Runtime/Cache/Admin/735d1819749180f46e665fa176cb9ffe.php 第 170 行.
NOTIC: [8] Undefined index: hide /var/www/didi/Runtime/Cache/Admin/735d1819749180f46e665fa176cb9ffe.php 第 169 行.
NOTIC: [8] Undefined index: hide_text /var/www/didi/Runtime/Cache/Admin/735d1819749180f46e665fa176cb9ffe.php 第 170 行.
INFO: Run Behavior\ParseTemplateBehavior [ RunTime:0.022424s ]
INFO: [ view_parse ] --END-- [ RunTime:0.022486s ]
INFO: [ view_filter ] --START--
INFO: Run Behavior\WriteHtmlCacheBehavior [ RunTime:0.000155s ]
INFO: [ view_filter ] --END-- [ RunTime:0.000195s ]
INFO: [ app_end ] --START--
INFO: Run Behavior\ShowPageTraceBehavior [ RunTime:0.000473s ]
INFO: [ app_end ] --END-- [ RunTime:0.000522s ]

[ 2016-05-24T21:30:05+08:00 ] 115.209.29.188 /admin.php?s=/Weixin/diymenu_edit/id/20.html
INFO: [ app_init ] --START--
INFO: Run Behavior\BuildLiteBehavior [ RunTime:0.000016s ]
INFO: Run Common\Behavior\InitHookBehavior [ RunTime:0.001262s ]
INFO: [ app_init ] --END-- [ RunTime:0.001794s ]
INFO: [ app_begin ] --START--
INFO: Run Behavior\ReadHtmlCacheBehavior [ RunTime:0.000390s ]
INFO: [ app_begin ] --END-- [ RunTime:0.000440s ]
SQL: SHOW COLUMNS FROM `fg_shop` [ RunTime:0.0035s ]
SQL: SELECT * FROM `fg_shop` WHERE `uid` = 1 LIMIT 1   [ RunTime:0.0017s ]
SQL: SHOW COLUMNS FROM `fg_menu` [ RunTime:0.0027s ]
SQL: SELECT `id`,`title`,`url` FROM `fg_menu` WHERE `pid` = 0 AND `hide` = 0 AND `is_dev` = 0 ORDER BY sort asc  [ RunTime:0.0018s ]
SQL: SELECT `pid` FROM `fg_menu` WHERE ( pid !=0 AND url like '%Weixin/diymenu_edit%' ) LIMIT 1   [ RunTime:0.0019s ]
SQL: SHOW COLUMNS FROM `fg_diymenu` [ RunTime:0.0024s ]
SQL: SELECT `id`,`pid`,`title`,`keyword`,`url`,`is_show`,`sort`,`sys`,`menutype` FROM `fg_diymenu` WHERE `id` = 20 LIMIT 1   [ RunTime:0.0017s ]
SQL: SELECT `id`,`pid`,`title`,`keyword`,`url`,`is_show`,`sort`,`sys`,`menutype` FROM `fg_diymenu` WHERE `pid` = 0  [ RunTime:0.0014s ]
INFO: [ view_parse ] --START--
INFO: [ template_filter ] --START--
INFO: Run Behavior\ContentReplaceBehavior [ RunTime:0.000146s ]
INFO: [ template_filter ] --END-- [ RunTime:0.000213s ]
INFO: Run Behavior\ParseTemplateBehavior [ RunTime:0.018212s ]
INFO: [ view_parse ] --END-- [ RunTime:0.018267s ]
INFO: [ view_filter ] --START--
INFO: Run Behavior\WriteHtmlCacheBehavior [ RunTime:0.000137s ]
INFO: [ view_filter ] --END-- [ RunTime:0.000177s ]
INFO: [ app_end ] --START--
INFO: Run Behavior\ShowPageTraceBehavior [ RunTime:0.000521s ]
INFO: [ app_end ] --END-- [ RunTime:0.000571s ]

[ 2016-05-24T21:30:21+08:00 ] 115.209.29.188 /admin.php?s=/Weixin/diymenu_edit.html
ERR: create1,
[ 2016-05-24T21:30:21+08:00 ] 115.209.29.188 /admin.php?s=/Weixin/diymenu_edit.html
ERR: create2,
[ 2016-05-24T21:30:21+08:00 ] 115.209.29.188 /admin.php?s=/Weixin/diymenu_edit.html
ERR: create3,
[ 2016-05-24T21:30:21+08:00 ] 115.209.29.188 /admin.php?s=/Weixin/diymenu_edit.html
ERR: create4,
[ 2016-05-24T21:30:21+08:00 ] 115.209.29.188 /admin.php?s=/Weixin/diymenu_edit.html
ERR: create5,
[ 2016-05-24T21:30:21+08:00 ] 115.209.29.188 /admin.php?s=/Weixin/diymenu_edit.html
ERR: create6,
[ 2016-05-24T21:30:21+08:00 ] 115.209.29.188 /admin.php?s=/Weixin/diymenu_edit.html
ERR: autoValidation1,
[ 2016-05-24T21:30:21+08:00 ] 115.209.29.188 /admin.php?s=/Weixin/diymenu_edit.html
ERR: autoValidation4,
[ 2016-05-24T21:30:21+08:00 ] 115.209.29.188 /admin.php?s=/Weixin/diymenu_edit.html
ERR: create7,
[ 2016-05-24T21:30:21+08:00 ] 115.209.29.188 /admin.php?s=/Weixin/diymenu_edit.html
ERR: create8,
[ 2016-05-24T21:30:21+08:00 ] 115.209.29.188 /admin.php?s=/Weixin/diymenu_edit.html
ERR: create9,
[ 2016-05-24T21:30:21+08:00 ] 115.209.29.188 /admin.php?s=/Weixin/diymenu_edit.html
ERR: create10,
[ 2016-05-24T21:30:21+08:00 ] 115.209.29.188 /admin.php?s=/Weixin/diymenu_edit.html
INFO: [ app_init ] --START--
INFO: Run Behavior\BuildLiteBehavior [ RunTime:0.000073s ]
INFO: Run Common\Behavior\InitHookBehavior [ RunTime:0.001356s ]
INFO: [ app_init ] --END-- [ RunTime:0.002129s ]
INFO: [ app_begin ] --START--
INFO: Run Behavior\ReadHtmlCacheBehavior [ RunTime:0.000393s ]
INFO: [ app_begin ] --END-- [ RunTime:0.000444s ]
SQL: SHOW COLUMNS FROM `fg_shop` [ RunTime:0.0035s ]
SQL: SELECT * FROM `fg_shop` WHERE `uid` = 1 LIMIT 1   [ RunTime:0.0019s ]
SQL: SHOW COLUMNS FROM `fg_menu` [ RunTime:0.0027s ]
SQL: SELECT `id`,`title`,`url` FROM `fg_menu` WHERE `pid` = 0 AND `hide` = 0 AND `is_dev` = 0 ORDER BY sort asc  [ RunTime:0.0018s ]
SQL: SELECT `pid` FROM `fg_menu` WHERE ( pid !=0 AND url like '%Weixin/diymenu_edit%' ) LIMIT 1   [ RunTime:0.0020s ]
SQL: SHOW COLUMNS FROM `fg_diymenu` [ RunTime:0.0025s ]
SQL: UPDATE `fg_diymenu` SET `title`='凡购商城',`menutype`='2',`keyword`='',`url`='http://d.7744go.com/wap.php?s=mall/index.html',`sys`='',`pid`='0',`sort`='0',`is_show`='1' WHERE `id` = 20 [ RunTime:0.0072s ]

[ 2016-05-24T21:30:23+08:00 ] 115.209.29.188 /admin.php?s=/Weixin/diymenu.html
INFO: [ app_init ] --START--
INFO: Run Behavior\BuildLiteBehavior [ RunTime:0.000017s ]
INFO: Run Common\Behavior\InitHookBehavior [ RunTime:0.001071s ]
INFO: [ app_init ] --END-- [ RunTime:0.001580s ]
INFO: [ app_begin ] --START--
INFO: Run Behavior\ReadHtmlCacheBehavior [ RunTime:0.000433s ]
INFO: [ app_begin ] --END-- [ RunTime:0.000501s ]
SQL: SHOW COLUMNS FROM `fg_shop` [ RunTime:0.0036s ]
SQL: SELECT * FROM `fg_shop` WHERE `uid` = 1 LIMIT 1   [ RunTime:0.0020s ]
SQL: SHOW COLUMNS FROM `fg_menu` [ RunTime:0.0028s ]
SQL: SELECT `id`,`title`,`url` FROM `fg_menu` WHERE `pid` = 0 AND `hide` = 0 AND `is_dev` = 0 ORDER BY sort asc  [ RunTime:0.0018s ]
SQL: SELECT `pid` FROM `fg_menu` WHERE ( pid !=0 AND url like '%Weixin/diymenu%' ) LIMIT 1   [ RunTime:0.0019s ]
SQL: SELECT * FROM `fg_menu` WHERE `id` = 137 LIMIT 1   [ RunTime:0.0019s ]
SQL: SELECT DISTINCT  `group` FROM `fg_menu` WHERE `group` <> '' AND `pid` = 137  [ RunTime:0.0019s ]
SQL: SELECT `id`,`url` FROM `fg_menu` WHERE `pid` = 137 AND `hide` = 0 AND `is_dev` = 0  [ RunTime:0.0018s ]
SQL: SELECT `id`,`pid`,`title`,`url`,`tip` FROM `fg_menu` WHERE `group` = '门店' AND `pid` = 137 AND `hide` = 0 AND `is_dev` = 0 ORDER BY sort asc  [ RunTime:0.0018s ]
SQL: SELECT `id`,`pid`,`title`,`url`,`tip` FROM `fg_menu` WHERE `group` = '运营商' AND `pid` = 137 AND `hide` = 0 AND `is_dev` = 0 ORDER BY sort asc  [ RunTime:0.0018s ]
SQL: SELECT `id`,`pid`,`title`,`url`,`tip` FROM `fg_menu` WHERE `group` = '微信管理' AND `pid` = 137 AND `hide` = 0 AND `is_dev` = 0 ORDER BY sort asc  [ RunTime:0.0018s ]
SQL: SELECT `id`,`pid`,`title`,`url`,`tip` FROM `fg_menu` WHERE `group` = '权限' AND `pid` = 137 AND `hide` = 0 AND `is_dev` = 0 ORDER BY sort asc  [ RunTime:0.0017s ]
SQL: SELECT `id`,`pid`,`title`,`url`,`tip` FROM `fg_menu` WHERE `group` = '优惠券管理' AND `pid` = 137 AND `hide` = 0 AND `is_dev` = 0 ORDER BY sort asc  [ RunTime:0.0017s ]
SQL: SELECT `id`,`pid`,`title`,`url`,`tip` FROM `fg_menu` WHERE `group` = '渠道管理' AND `pid` = 137 AND `hide` = 0 AND `is_dev` = 0 ORDER BY sort asc  [ RunTime:0.0018s ]
SQL: SELECT `id`,`pid`,`title`,`url`,`tip` FROM `fg_menu` WHERE `group` = '投诉管理' AND `pid` = 137 AND `hide` = 0 AND `is_dev` = 0 ORDER BY sort asc  [ RunTime:0.0025s ]
SQL: SELECT `id`,`pid`,`title`,`url`,`tip` FROM `fg_menu` WHERE `group` = '区域' AND `pid` = 137 AND `hide` = 0 AND `is_dev` = 0 ORDER BY sort asc  [ RunTime:0.0018s ]
SQL: SELECT `id`,`pid`,`title`,`url`,`tip` FROM `fg_menu` WHERE `group` = '红包管理' AND `pid` = 137 AND `hide` = 0 AND `is_dev` = 0 ORDER BY sort asc  [ RunTime:0.0018s ]
SQL: SHOW COLUMNS FROM `fg_diymenu` [ RunTime:0.0026s ]
SQL: SELECT `id`,`title` FROM `fg_diymenu`  [ RunTime:0.0017s ]
SQL: SELECT `id`,`pid`,`title`,`keyword`,`url`,`is_show`,`sort`,`sys`,`menutype` FROM `fg_diymenu` WHERE `pid` = 0 ORDER BY sort asc,id asc  [ RunTime:0.0017s ]
SQL: SELECT * FROM `fg_diymenu` WHERE `pid` = 1 ORDER BY sort asc  [ RunTime:0.0017s ]
SQL: SELECT * FROM `fg_diymenu` WHERE `pid` = 7 ORDER BY sort asc  [ RunTime:0.0017s ]
SQL: SELECT * FROM `fg_diymenu` WHERE `pid` = 20 ORDER BY sort asc  [ RunTime:0.0016s ]
INFO: [ view_parse ] --START--
INFO: [ template_filter ] --START--
INFO: Run Behavior\ContentReplaceBehavior [ RunTime:0.000135s ]
INFO: [ template_filter ] --END-- [ RunTime:0.000216s ]
NOTIC: [8] Undefined index: hide /var/www/didi/Runtime/Cache/Admin/735d1819749180f46e665fa176cb9ffe.php 第 143 行.
NOTIC: [8] Undefined index: hide_text /var/www/didi/Runtime/Cache/Admin/735d1819749180f46e665fa176cb9ffe.php 第 144 行.
NOTIC: [8] Undefined index: hide /var/www/didi/Runtime/Cache/Admin/735d1819749180f46e665fa176cb9ffe.php 第 169 行.
NOTIC: [8] Undefined index: hide_text /var/www/didi/Runtime/Cache/Admin/735d1819749180f46e665fa176cb9ffe.php 第 170 行.
NOTIC: [8] Undefined index: hide /var/www/didi/Runtime/Cache/Admin/735d1819749180f46e665fa176cb9ffe.php 第 169 行.
NOTIC: [8] Undefined index: hide_text /var/www/didi/Runtime/Cache/Admin/735d1819749180f46e665fa176cb9ffe.php 第 170 行.
NOTIC: [8] Undefined index: hide /var/www/didi/Runtime/Cache/Admin/735d1819749180f46e665fa176cb9ffe.php 第 169 行.
NOTIC: [8] Undefined index: hide_text /var/www/didi/Runtime/Cache/Admin/735d1819749180f46e665fa176cb9ffe.php 第 170 行.
NOTIC: [8] Undefined index: hide /var/www/didi/Runtime/Cache/Admin/735d1819749180f46e665fa176cb9ffe.php 第 143 行.
NOTIC: [8] Undefined index: hide_text /var/www/didi/Runtime/Cache/Admin/735d1819749180f46e665fa176cb9ffe.php 第 144 行.
NOTIC: [8] Undefined index: hide /var/www/didi/Runtime/Cache/Admin/735d1819749180f46e665fa176cb9ffe.php 第 169 行.
NOTIC: [8] Undefined index: hide_text /var/www/didi/Runtime/Cache/Admin/735d1819749180f46e665fa176cb9ffe.php 第 170 行.
NOTIC: [8] Undefined index: hide /var/www/didi/Runtime/Cache/Admin/735d1819749180f46e665fa176cb9ffe.php 第 169 行.
NOTIC: [8] Undefined index: hide_text /var/www/didi/Runtime/Cache/Admin/735d1819749180f46e665fa176cb9ffe.php 第 170 行.
NOTIC: [8] Undefined index: hide /var/www/didi/Runtime/Cache/Admin/735d1819749180f46e665fa176cb9ffe.php 第 169 行.
NOTIC: [8] Undefined index: hide_text /var/www/didi/Runtime/Cache/Admin/735d1819749180f46e665fa176cb9ffe.php 第 170 行.
NOTIC: [8] Undefined index: hide /var/www/didi/Runtime/Cache/Admin/735d1819749180f46e665fa176cb9ffe.php 第 143 行.
NOTIC: [8] Undefined index: hide_text /var/www/didi/Runtime/Cache/Admin/735d1819749180f46e665fa176cb9ffe.php 第 144 行.
INFO: Run Behavior\ParseTemplateBehavior [ RunTime:0.022345s ]
INFO: [ view_parse ] --END-- [ RunTime:0.022394s ]
INFO: [ view_filter ] --START--
INFO: Run Behavior\WriteHtmlCacheBehavior [ RunTime:0.000144s ]
INFO: [ view_filter ] --END-- [ RunTime:0.000183s ]
INFO: [ app_end ] --START--
INFO: Run Behavior\ShowPageTraceBehavior [ RunTime:0.000483s ]
INFO: [ app_end ] --END-- [ RunTime:0.000532s ]

[ 2016-05-24T21:31:12+08:00 ] 115.209.29.188 /admin.php?s=/Weixin/diymenu_add/pid/0.html
INFO: [ app_init ] --START--
INFO: Run Behavior\BuildLiteBehavior [ RunTime:0.000017s ]
INFO: Run Common\Behavior\InitHookBehavior [ RunTime:0.001096s ]
INFO: [ app_init ] --END-- [ RunTime:0.001629s ]
INFO: [ app_begin ] --START--
INFO: Run Behavior\ReadHtmlCacheBehavior [ RunTime:0.000368s ]
INFO: [ app_begin ] --END-- [ RunTime:0.000418s ]
SQL: SHOW COLUMNS FROM `fg_shop` [ RunTime:0.0034s ]
SQL: SELECT * FROM `fg_shop` WHERE `uid` = 1 LIMIT 1   [ RunTime:0.0018s ]
SQL: SHOW COLUMNS FROM `fg_menu` [ RunTime:0.0022s ]
SQL: SELECT `id`,`title`,`url` FROM `fg_menu` WHERE `pid` = 0 AND `hide` = 0 AND `is_dev` = 0 ORDER BY sort asc  [ RunTime:0.0018s ]
SQL: SELECT `pid` FROM `fg_menu` WHERE ( pid !=0 AND url like '%Weixin/diymenu_add%' ) LIMIT 1   [ RunTime:0.0018s ]
SQL: SHOW COLUMNS FROM `fg_diymenu` [ RunTime:0.0021s ]
SQL: SELECT `id`,`pid`,`title`,`keyword`,`url`,`is_show`,`sort`,`sys`,`menutype` FROM `fg_diymenu` WHERE `pid` = 0  [ RunTime:0.0016s ]
INFO: [ view_parse ] --START--
INFO: [ template_filter ] --START--
INFO: Run Behavior\ContentReplaceBehavior [ RunTime:0.000122s ]
INFO: [ template_filter ] --END-- [ RunTime:0.000197s ]
NOTIC: [8] Undefined index: sys /var/www/didi/Runtime/Cache/Admin/bb0bc992ff75915c2a001aa144607930.php 第 260 行.
INFO: Run Behavior\ParseTemplateBehavior [ RunTime:0.015647s ]
INFO: [ view_parse ] --END-- [ RunTime:0.015710s ]
INFO: [ view_filter ] --START--
INFO: Run Behavior\WriteHtmlCacheBehavior [ RunTime:0.000224s ]
INFO: [ view_filter ] --END-- [ RunTime:0.000268s ]
INFO: [ app_end ] --START--
INFO: Run Behavior\ShowPageTraceBehavior [ RunTime:0.000476s ]
INFO: [ app_end ] --END-- [ RunTime:0.000543s ]

[ 2016-05-24T21:32:14+08:00 ] 115.209.29.188 /admin.php?s=/Weixin/diymenu_add.html
ERR: create1,
[ 2016-05-24T21:32:14+08:00 ] 115.209.29.188 /admin.php?s=/Weixin/diymenu_add.html
ERR: create2,
[ 2016-05-24T21:32:14+08:00 ] 115.209.29.188 /admin.php?s=/Weixin/diymenu_add.html
ERR: create3,
[ 2016-05-24T21:32:14+08:00 ] 115.209.29.188 /admin.php?s=/Weixin/diymenu_add.html
ERR: create4,
[ 2016-05-24T21:32:14+08:00 ] 115.209.29.188 /admin.php?s=/Weixin/diymenu_add.html
ERR: create5,
[ 2016-05-24T21:32:14+08:00 ] 115.209.29.188 /admin.php?s=/Weixin/diymenu_add.html
ERR: create6,
[ 2016-05-24T21:32:14+08:00 ] 115.209.29.188 /admin.php?s=/Weixin/diymenu_add.html
ERR: autoValidation1,
[ 2016-05-24T21:32:14+08:00 ] 115.209.29.188 /admin.php?s=/Weixin/diymenu_add.html
ERR: autoValidation4,
[ 2016-05-24T21:32:14+08:00 ] 115.209.29.188 /admin.php?s=/Weixin/diymenu_add.html
ERR: create7,
[ 2016-05-24T21:32:14+08:00 ] 115.209.29.188 /admin.php?s=/Weixin/diymenu_add.html
ERR: create8,
[ 2016-05-24T21:32:14+08:00 ] 115.209.29.188 /admin.php?s=/Weixin/diymenu_add.html
ERR: create9,
[ 2016-05-24T21:32:14+08:00 ] 115.209.29.188 /admin.php?s=/Weixin/diymenu_add.html
ERR: create10,
[ 2016-05-24T21:32:14+08:00 ] 115.209.29.188 /admin.php?s=/Weixin/diymenu_add.html
INFO: [ app_init ] --START--
INFO: Run Behavior\BuildLiteBehavior [ RunTime:0.000027s ]
INFO: Run Common\Behavior\InitHookBehavior [ RunTime:0.001813s ]
INFO: [ app_init ] --END-- [ RunTime:0.002472s ]
INFO: [ app_begin ] --START--
INFO: Run Behavior\ReadHtmlCacheBehavior [ RunTime:0.000467s ]
INFO: [ app_begin ] --END-- [ RunTime:0.000524s ]
SQL: SHOW COLUMNS FROM `fg_shop` [ RunTime:0.0030s ]
SQL: SELECT * FROM `fg_shop` WHERE `uid` = 1 LIMIT 1   [ RunTime:0.0018s ]
SQL: SHOW COLUMNS FROM `fg_menu` [ RunTime:0.0023s ]
SQL: SELECT `id`,`title`,`url` FROM `fg_menu` WHERE `pid` = 0 AND `hide` = 0 AND `is_dev` = 0 ORDER BY sort asc  [ RunTime:0.0017s ]
SQL: SELECT `pid` FROM `fg_menu` WHERE ( pid !=0 AND url like '%Weixin/diymenu_add%' ) LIMIT 1   [ RunTime:0.0018s ]
SQL: SHOW COLUMNS FROM `fg_diymenu` [ RunTime:0.0022s ]
SQL: INSERT INTO `fg_diymenu` (`title`,`menutype`,`keyword`,`url`,`sys`,`pid`,`sort`,`is_show`,`id`) VALUES ('滴滴优惠券','2','','http://www.iquanba.com/dddc/','','1','0','1','0') [ RunTime:0.0026s ]

[ 2016-05-24T21:32:16+08:00 ] 115.209.29.188 /admin.php?s=/Weixin/diymenu.html
INFO: [ app_init ] --START--
INFO: Run Behavior\BuildLiteBehavior [ RunTime:0.000015s ]
INFO: Run Common\Behavior\InitHookBehavior [ RunTime:0.001087s ]
INFO: [ app_init ] --END-- [ RunTime:0.001599s ]
INFO: [ app_begin ] --START--
INFO: Run Behavior\ReadHtmlCacheBehavior [ RunTime:0.000377s ]
INFO: [ app_begin ] --END-- [ RunTime:0.000428s ]
SQL: SHOW COLUMNS FROM `fg_shop` [ RunTime:0.0032s ]
SQL: SELECT * FROM `fg_shop` WHERE `uid` = 1 LIMIT 1   [ RunTime:0.0020s ]
SQL: SHOW COLUMNS FROM `fg_menu` [ RunTime:0.0025s ]
SQL: SELECT `id`,`title`,`url` FROM `fg_menu` WHERE `pid` = 0 AND `hide` = 0 AND `is_dev` = 0 ORDER BY sort asc  [ RunTime:0.0019s ]
SQL: SELECT `pid` FROM `fg_menu` WHERE ( pid !=0 AND url like '%Weixin/diymenu%' ) LIMIT 1   [ RunTime:0.0020s ]
SQL: SELECT * FROM `fg_menu` WHERE `id` = 137 LIMIT 1   [ RunTime:0.0018s ]
SQL: SELECT DISTINCT  `group` FROM `fg_menu` WHERE `group` <> '' AND `pid` = 137  [ RunTime:0.0018s ]
SQL: SELECT `id`,`url` FROM `fg_menu` WHERE `pid` = 137 AND `hide` = 0 AND `is_dev` = 0  [ RunTime:0.0018s ]
SQL: SELECT `id`,`pid`,`title`,`url`,`tip` FROM `fg_menu` WHERE `group` = '门店' AND `pid` = 137 AND `hide` = 0 AND `is_dev` = 0 ORDER BY sort asc  [ RunTime:0.0018s ]
SQL: SELECT `id`,`pid`,`title`,`url`,`tip` FROM `fg_menu` WHERE `group` = '运营商' AND `pid` = 137 AND `hide` = 0 AND `is_dev` = 0 ORDER BY sort asc  [ RunTime:0.0018s ]
SQL: SELECT `id`,`pid`,`title`,`url`,`tip` FROM `fg_menu` WHERE `group` = '微信管理' AND `pid` = 137 AND `hide` = 0 AND `is_dev` = 0 ORDER BY sort asc  [ RunTime:0.0019s ]
SQL: SELECT `id`,`pid`,`title`,`url`,`tip` FROM `fg_menu` WHERE `group` = '权限' AND `pid` = 137 AND `hide` = 0 AND `is_dev` = 0 ORDER BY sort asc  [ RunTime:0.0017s ]
SQL: SELECT `id`,`pid`,`title`,`url`,`tip` FROM `fg_menu` WHERE `group` = '优惠券管理' AND `pid` = 137 AND `hide` = 0 AND `is_dev` = 0 ORDER BY sort asc  [ RunTime:0.0019s ]
SQL: SELECT `id`,`pid`,`title`,`url`,`tip` FROM `fg_menu` WHERE `group` = '渠道管理' AND `pid` = 137 AND `hide` = 0 AND `is_dev` = 0 ORDER BY sort asc  [ RunTime:0.0019s ]
SQL: SELECT `id`,`pid`,`title`,`url`,`tip` FROM `fg_menu` WHERE `group` = '投诉管理' AND `pid` = 137 AND `hide` = 0 AND `is_dev` = 0 ORDER BY sort asc  [ RunTime:0.0018s ]
SQL: SELECT `id`,`pid`,`title`,`url`,`tip` FROM `fg_menu` WHERE `group` = '区域' AND `pid` = 137 AND `hide` = 0 AND `is_dev` = 0 ORDER BY sort asc  [ RunTime:0.0019s ]
SQL: SELECT `id`,`pid`,`title`,`url`,`tip` FROM `fg_menu` WHERE `group` = '红包管理' AND `pid` = 137 AND `hide` = 0 AND `is_dev` = 0 ORDER BY sort asc  [ RunTime:0.0019s ]
SQL: SHOW COLUMNS FROM `fg_diymenu` [ RunTime:0.0026s ]
SQL: SELECT `id`,`title` FROM `fg_diymenu`  [ RunTime:0.0017s ]
SQL: SELECT `id`,`pid`,`title`,`keyword`,`url`,`is_show`,`sort`,`sys`,`menutype` FROM `fg_diymenu` WHERE `pid` = 0 ORDER BY sort asc,id asc  [ RunTime:0.0018s ]
SQL: SELECT * FROM `fg_diymenu` WHERE `pid` = 1 ORDER BY sort asc  [ RunTime:0.0017s ]
SQL: SELECT * FROM `fg_diymenu` WHERE `pid` = 7 ORDER BY sort asc  [ RunTime:0.0018s ]
SQL: SELECT * FROM `fg_diymenu` WHERE `pid` = 20 ORDER BY sort asc  [ RunTime:0.0018s ]
INFO: [ view_parse ] --START--
INFO: [ template_filter ] --START--
INFO: Run Behavior\ContentReplaceBehavior [ RunTime:0.000140s ]
INFO: [ template_filter ] --END-- [ RunTime:0.000237s ]
NOTIC: [8] Undefined index: hide /var/www/didi/Runtime/Cache/Admin/735d1819749180f46e665fa176cb9ffe.php 第 143 行.
NOTIC: [8] Undefined index: hide_text /var/www/didi/Runtime/Cache/Admin/735d1819749180f46e665fa176cb9ffe.php 第 144 行.
NOTIC: [8] Undefined index: hide /var/www/didi/Runtime/Cache/Admin/735d1819749180f46e665fa176cb9ffe.php 第 169 行.
NOTIC: [8] Undefined index: hide_text /var/www/didi/Runtime/Cache/Admin/735d1819749180f46e665fa176cb9ffe.php 第 170 行.
NOTIC: [8] Undefined index: hide /var/www/didi/Runtime/Cache/Admin/735d1819749180f46e665fa176cb9ffe.php 第 169 行.
NOTIC: [8] Undefined index: hide_text /var/www/didi/Runtime/Cache/Admin/735d1819749180f46e665fa176cb9ffe.php 第 170 行.
NOTIC: [8] Undefined index: hide /var/www/didi/Runtime/Cache/Admin/735d1819749180f46e665fa176cb9ffe.php 第 169 行.
NOTIC: [8] Undefined index: hide_text /var/www/didi/Runtime/Cache/Admin/735d1819749180f46e665fa176cb9ffe.php 第 170 行.
NOTIC: [8] Undefined index: hide /var/www/didi/Runtime/Cache/Admin/735d1819749180f46e665fa176cb9ffe.php 第 169 行.
NOTIC: [8] Undefined index: hide_text /var/www/didi/Runtime/Cache/Admin/735d1819749180f46e665fa176cb9ffe.php 第 170 行.
NOTIC: [8] Undefined index: hide /var/www/didi/Runtime/Cache/Admin/735d1819749180f46e665fa176cb9ffe.php 第 143 行.
NOTIC: [8] Undefined index: hide_text /var/www/didi/Runtime/Cache/Admin/735d1819749180f46e665fa176cb9ffe.php 第 144 行.
NOTIC: [8] Undefined index: hide /var/www/didi/Runtime/Cache/Admin/735d1819749180f46e665fa176cb9ffe.php 第 169 行.
NOTIC: [8] Undefined index: hide_text /var/www/didi/Runtime/Cache/Admin/735d1819749180f46e665fa176cb9ffe.php 第 170 行.
NOTIC: [8] Undefined index: hide /var/www/didi/Runtime/Cache/Admin/735d1819749180f46e665fa176cb9ffe.php 第 169 行.
NOTIC: [8] Undefined index: hide_text /var/www/didi/Runtime/Cache/Admin/735d1819749180f46e665fa176cb9ffe.php 第 170 行.
NOTIC: [8] Undefined index: hide /var/www/didi/Runtime/Cache/Admin/735d1819749180f46e665fa176cb9ffe.php 第 169 行.
NOTIC: [8] Undefined index: hide_text /var/www/didi/Runtime/Cache/Admin/735d1819749180f46e665fa176cb9ffe.php 第 170 行.
NOTIC: [8] Undefined index: hide /var/www/didi/Runtime/Cache/Admin/735d1819749180f46e665fa176cb9ffe.php 第 143 行.
NOTIC: [8] Undefined index: hide_text /var/www/didi/Runtime/Cache/Admin/735d1819749180f46e665fa176cb9ffe.php 第 144 行.
INFO: Run Behavior\ParseTemplateBehavior [ RunTime:0.024371s ]
INFO: [ view_parse ] --END-- [ RunTime:0.024456s ]
INFO: [ view_filter ] --START--
INFO: Run Behavior\WriteHtmlCacheBehavior [ RunTime:0.000174s ]
INFO: [ view_filter ] --END-- [ RunTime:0.000221s ]
INFO: [ app_end ] --START--
INFO: Run Behavior\ShowPageTraceBehavior [ RunTime:0.000533s ]
INFO: [ app_end ] --END-- [ RunTime:0.000604s ]

[ 2016-05-24T21:32:26+08:00 ] 115.209.29.188 /admin.php?s=/Weixin/generate_menu.html
ERR: data={"button":[{"name":"汽车服务","sub_button":[{"type":"view","name":"滴滴优惠券","url":"http://www.iquanba.com/dddc/"},{"type":"view","name":"免费好礼","url":"http://www.giti.com/xcgitiactive/"},{"type":"view","name":"服务网点","url":"http://d.7744go.com/wap.php/Shop/index.html"},{"type":"view","name":"汽车养护","url":"http://d.7744go.com/wap.php/Maintain/index.html"}]},{"name":"个人中心","sub_button":[{"type":"view","name":"我的订单","url":"http://d.7744go.com/wap.php/Fans/myorders.html"},{"type":"view","name":"个人中心","url":"http://d.7744go.com/wap.php/Fans/info.html"}]},{"name":"凡购商城","type":"view","url":"http://d.7744go.com/wap.php?s=mall/index.html"}]}
[ 2016-05-24T21:32:27+08:00 ] 115.209.29.188 /admin.php?s=/Weixin/generate_menu.html
INFO: [ app_init ] --START--
INFO: Run Behavior\BuildLiteBehavior [ RunTime:0.000015s ]
INFO: Run Common\Behavior\InitHookBehavior [ RunTime:0.001073s ]
INFO: [ app_init ] --END-- [ RunTime:0.001589s ]
INFO: [ app_begin ] --START--
INFO: Run Behavior\ReadHtmlCacheBehavior [ RunTime:0.000399s ]
INFO: [ app_begin ] --END-- [ RunTime:0.000447s ]
SQL: SHOW COLUMNS FROM `fg_shop` [ RunTime:0.0033s ]
SQL: SELECT * FROM `fg_shop` WHERE `uid` = 1 LIMIT 1   [ RunTime:0.0021s ]
SQL: SHOW COLUMNS FROM `fg_menu` [ RunTime:0.0025s ]
SQL: SELECT `id`,`title`,`url` FROM `fg_menu` WHERE `pid` = 0 AND `hide` = 0 AND `is_dev` = 0 ORDER BY sort asc  [ RunTime:0.0019s ]
SQL: SELECT `pid` FROM `fg_menu` WHERE ( pid !=0 AND url like '%Weixin/generate_menu%' ) LIMIT 1   [ RunTime:0.0020s ]
SQL: SHOW COLUMNS FROM `fg_diymenu` [ RunTime:0.0024s ]
SQL: SELECT * FROM `fg_diymenu` WHERE `pid` = 0 ORDER BY sort LIMIT 3   [ RunTime:0.0019s ]
SQL: SELECT COUNT(*) AS tp_count FROM `fg_diymenu` WHERE `pid` = 0 LIMIT 1   [ RunTime:0.0017s ]
SQL: SELECT * FROM `fg_diymenu` WHERE `pid` = 1 AND `is_show` = 1 ORDER BY sort LIMIT 5   [ RunTime:0.0017s ]
SQL: SELECT COUNT(*) AS tp_count FROM `fg_diymenu` WHERE `pid` = 1 AND `is_show` = 1 ORDER BY sort LIMIT 1   [ RunTime:0.0017s ]
SQL: SELECT * FROM `fg_diymenu` WHERE `pid` = 7 AND `is_show` = 1 ORDER BY sort LIMIT 5   [ RunTime:0.0017s ]
SQL: SELECT COUNT(*) AS tp_count FROM `fg_diymenu` WHERE `pid` = 7 AND `is_show` = 1 ORDER BY sort LIMIT 1   [ RunTime:0.0017s ]
SQL: SELECT * FROM `fg_diymenu` WHERE `pid` = 20 AND `is_show` = 1 ORDER BY sort LIMIT 5   [ RunTime:0.0018s ]
SQL: SELECT COUNT(*) AS tp_count FROM `fg_diymenu` WHERE `pid` = 20 AND `is_show` = 1 ORDER BY sort LIMIT 1   [ RunTime:0.0017s ]
NOTIC: [2] Invalid argument supplied for foreach() /var/www/didi/Application/Admin/Controller/WeixinController.class.php 第 217 行.

[ 2016-05-24T21:32:29+08:00 ] 115.209.29.188 /admin.php?s=/Weixin/diymenu.html
INFO: [ app_init ] --START--
INFO: Run Behavior\BuildLiteBehavior [ RunTime:0.000019s ]
INFO: Run Common\Behavior\InitHookBehavior [ RunTime:0.001096s ]
INFO: [ app_init ] --END-- [ RunTime:0.001693s ]
INFO: [ app_begin ] --START--
INFO: Run Behavior\ReadHtmlCacheBehavior [ RunTime:0.000390s ]
INFO: [ app_begin ] --END-- [ RunTime:0.000440s ]
SQL: SHOW COLUMNS FROM `fg_shop` [ RunTime:0.0032s ]
SQL: SELECT * FROM `fg_shop` WHERE `uid` = 1 LIMIT 1   [ RunTime:0.0017s ]
SQL: SHOW COLUMNS FROM `fg_menu` [ RunTime:0.0023s ]
SQL: SELECT `id`,`title`,`url` FROM `fg_menu` WHERE `pid` = 0 AND `hide` = 0 AND `is_dev` = 0 ORDER BY sort asc  [ RunTime:0.0017s ]
SQL: SELECT `pid` FROM `fg_menu` WHERE ( pid !=0 AND url like '%Weixin/diymenu%' ) LIMIT 1   [ RunTime:0.0018s ]
SQL: SELECT * FROM `fg_menu` WHERE `id` = 137 LIMIT 1   [ RunTime:0.0016s ]
SQL: SELECT DISTINCT  `group` FROM `fg_menu` WHERE `group` <> '' AND `pid` = 137  [ RunTime:0.0016s ]
SQL: SELECT `id`,`url` FROM `fg_menu` WHERE `pid` = 137 AND `hide` = 0 AND `is_dev` = 0  [ RunTime:0.0016s ]
SQL: SELECT `id`,`pid`,`title`,`url`,`tip` FROM `fg_menu` WHERE `group` = '门店' AND `pid` = 137 AND `hide` = 0 AND `is_dev` = 0 ORDER BY sort asc  [ RunTime:0.0017s ]
SQL: SELECT `id`,`pid`,`title`,`url`,`tip` FROM `fg_menu` WHERE `group` = '运营商' AND `pid` = 137 AND `hide` = 0 AND `is_dev` = 0 ORDER BY sort asc  [ RunTime:0.0017s ]
SQL: SELECT `id`,`pid`,`title`,`url`,`tip` FROM `fg_menu` WHERE `group` = '微信管理' AND `pid` = 137 AND `hide` = 0 AND `is_dev` = 0 ORDER BY sort asc  [ RunTime:0.0016s ]
SQL: SELECT `id`,`pid`,`title`,`url`,`tip` FROM `fg_menu` WHERE `group` = '权限' AND `pid` = 137 AND `hide` = 0 AND `is_dev` = 0 ORDER BY sort asc  [ RunTime:0.0016s ]
SQL: SELECT `id`,`pid`,`title`,`url`,`tip` FROM `fg_menu` WHERE `group` = '优惠券管理' AND `pid` = 137 AND `hide` = 0 AND `is_dev` = 0 ORDER BY sort asc  [ RunTime:0.0016s ]
SQL: SELECT `id`,`pid`,`title`,`url`,`tip` FROM `fg_menu` WHERE `group` = '渠道管理' AND `pid` = 137 AND `hide` = 0 AND `is_dev` = 0 ORDER BY sort asc  [ RunTime:0.0017s ]
SQL: SELECT `id`,`pid`,`title`,`url`,`tip` FROM `fg_menu` WHERE `group` = '投诉管理' AND `pid` = 137 AND `hide` = 0 AND `is_dev` = 0 ORDER BY sort asc  [ RunTime:0.0016s ]
SQL: SELECT `id`,`pid`,`title`,`url`,`tip` FROM `fg_menu` WHERE `group` = '区域' AND `pid` = 137 AND `hide` = 0 AND `is_dev` = 0 ORDER BY sort asc  [ RunTime:0.0017s ]
SQL: SELECT `id`,`pid`,`title`,`url`,`tip` FROM `fg_menu` WHERE `group` = '红包管理' AND `pid` = 137 AND `hide` = 0 AND `is_dev` = 0 ORDER BY sort asc  [ RunTime:0.0016s ]
SQL: SHOW COLUMNS FROM `fg_diymenu` [ RunTime:0.0021s ]
SQL: SELECT `id`,`title` FROM `fg_diymenu`  [ RunTime:0.0016s ]
SQL: SELECT `id`,`pid`,`title`,`keyword`,`url`,`is_show`,`sort`,`sys`,`menutype` FROM `fg_diymenu` WHERE `pid` = 0 ORDER BY sort asc,id asc  [ RunTime:0.0016s ]
SQL: SELECT * FROM `fg_diymenu` WHERE `pid` = 1 ORDER BY sort asc  [ RunTime:0.0018s ]
SQL: SELECT * FROM `fg_diymenu` WHERE `pid` = 7 ORDER BY sort asc  [ RunTime:0.0016s ]
SQL: SELECT * FROM `fg_diymenu` WHERE `pid` = 20 ORDER BY sort asc  [ RunTime:0.0017s ]
INFO: [ view_parse ] --START--
INFO: [ template_filter ] --START--
INFO: Run Behavior\ContentReplaceBehavior [ RunTime:0.000129s ]
INFO: [ template_filter ] --END-- [ RunTime:0.000193s ]
NOTIC: [8] Undefined index: hide /var/www/didi/Runtime/Cache/Admin/735d1819749180f46e665fa176cb9ffe.php 第 143 行.
NOTIC: [8] Undefined index: hide_text /var/www/didi/Runtime/Cache/Admin/735d1819749180f46e665fa176cb9ffe.php 第 144 行.
NOTIC: [8] Undefined index: hide /var/www/didi/Runtime/Cache/Admin/735d1819749180f46e665fa176cb9ffe.php 第 169 行.
NOTIC: [8] Undefined index: hide_text /var/www/didi/Runtime/Cache/Admin/735d1819749180f46e665fa176cb9ffe.php 第 170 行.
NOTIC: [8] Undefined index: hide /var/www/didi/Runtime/Cache/Admin/735d1819749180f46e665fa176cb9ffe.php 第 169 行.
NOTIC: [8] Undefined index: hide_text /var/www/didi/Runtime/Cache/Admin/735d1819749180f46e665fa176cb9ffe.php 第 170 行.
NOTIC: [8] Undefined index: hide /var/www/didi/Runtime/Cache/Admin/735d1819749180f46e665fa176cb9ffe.php 第 169 行.
NOTIC: [8] Undefined index: hide_text /var/www/didi/Runtime/Cache/Admin/735d1819749180f46e665fa176cb9ffe.php 第 170 行.
NOTIC: [8] Undefined index: hide /var/www/didi/Runtime/Cache/Admin/735d1819749180f46e665fa176cb9ffe.php 第 169 行.
NOTIC: [8] Undefined index: hide_text /var/www/didi/Runtime/Cache/Admin/735d1819749180f46e665fa176cb9ffe.php 第 170 行.
NOTIC: [8] Undefined index: hide /var/www/didi/Runtime/Cache/Admin/735d1819749180f46e665fa176cb9ffe.php 第 143 行.
NOTIC: [8] Undefined index: hide_text /var/www/didi/Runtime/Cache/Admin/735d1819749180f46e665fa176cb9ffe.php 第 144 行.
NOTIC: [8] Undefined index: hide /var/www/didi/Runtime/Cache/Admin/735d1819749180f46e665fa176cb9ffe.php 第 169 行.
NOTIC: [8] Undefined index: hide_text /var/www/didi/Runtime/Cache/Admin/735d1819749180f46e665fa176cb9ffe.php 第 170 行.
NOTIC: [8] Undefined index: hide /var/www/didi/Runtime/Cache/Admin/735d1819749180f46e665fa176cb9ffe.php 第 169 行.
NOTIC: [8] Undefined index: hide_text /var/www/didi/Runtime/Cache/Admin/735d1819749180f46e665fa176cb9ffe.php 第 170 行.
NOTIC: [8] Undefined index: hide /var/www/didi/Runtime/Cache/Admin/735d1819749180f46e665fa176cb9ffe.php 第 169 行.
NOTIC: [8] Undefined index: hide_text /var/www/didi/Runtime/Cache/Admin/735d1819749180f46e665fa176cb9ffe.php 第 170 行.
NOTIC: [8] Undefined index: hide /var/www/didi/Runtime/Cache/Admin/735d1819749180f46e665fa176cb9ffe.php 第 143 行.
NOTIC: [8] Undefined index: hide_text /var/www/didi/Runtime/Cache/Admin/735d1819749180f46e665fa176cb9ffe.php 第 144 行.
INFO: Run Behavior\ParseTemplateBehavior [ RunTime:0.021896s ]
INFO: [ view_parse ] --END-- [ RunTime:0.021958s ]
INFO: [ view_filter ] --START--
INFO: Run Behavior\WriteHtmlCacheBehavior [ RunTime:0.000138s ]
INFO: [ view_filter ] --END-- [ RunTime:0.000177s ]
INFO: [ app_end ] --START--
INFO: Run Behavior\ShowPageTraceBehavior [ RunTime:0.000431s ]
INFO: [ app_end ] --END-- [ RunTime:0.000478s ]

[ 2016-05-24T21:48:54+08:00 ] 115.209.29.188 /admin.php?s=/Weixin/diymenu_edit/id/21.html
INFO: [ app_init ] --START--
INFO: Run Behavior\BuildLiteBehavior [ RunTime:0.000015s ]
INFO: Run Common\Behavior\InitHookBehavior [ RunTime:0.001173s ]
INFO: [ app_init ] --END-- [ RunTime:0.001692s ]
INFO: [ app_begin ] --START--
INFO: Run Behavior\ReadHtmlCacheBehavior [ RunTime:0.000431s ]
INFO: [ app_begin ] --END-- [ RunTime:0.000487s ]
SQL: SHOW COLUMNS FROM `fg_shop` [ RunTime:0.0032s ]
SQL: SELECT * FROM `fg_shop` WHERE `uid` = 1 LIMIT 1   [ RunTime:0.0016s ]
SQL: SHOW COLUMNS FROM `fg_menu` [ RunTime:0.0023s ]
SQL: SELECT `id`,`title`,`url` FROM `fg_menu` WHERE `pid` = 0 AND `hide` = 0 AND `is_dev` = 0 ORDER BY sort asc  [ RunTime:0.0016s ]
SQL: SELECT `pid` FROM `fg_menu` WHERE ( pid !=0 AND url like '%Weixin/diymenu_edit%' ) LIMIT 1   [ RunTime:0.0018s ]
SQL: SHOW COLUMNS FROM `fg_diymenu` [ RunTime:0.0021s ]
SQL: SELECT `id`,`pid`,`title`,`keyword`,`url`,`is_show`,`sort`,`sys`,`menutype` FROM `fg_diymenu` WHERE `id` = 21 LIMIT 1   [ RunTime:0.0014s ]
SQL: SELECT `id`,`pid`,`title`,`keyword`,`url`,`is_show`,`sort`,`sys`,`menutype` FROM `fg_diymenu` WHERE `pid` = 0  [ RunTime:0.0014s ]
INFO: [ view_parse ] --START--
INFO: [ template_filter ] --START--
INFO: Run Behavior\ContentReplaceBehavior [ RunTime:0.000132s ]
INFO: [ template_filter ] --END-- [ RunTime:0.000186s ]
INFO: Run Behavior\ParseTemplateBehavior [ RunTime:0.014633s ]
INFO: [ view_parse ] --END-- [ RunTime:0.014680s ]
INFO: [ view_filter ] --START--
INFO: Run Behavior\WriteHtmlCacheBehavior [ RunTime:0.000134s ]
INFO: [ view_filter ] --END-- [ RunTime:0.000203s ]
INFO: [ app_end ] --START--
INFO: Run Behavior\ShowPageTraceBehavior [ RunTime:0.000423s ]
INFO: [ app_end ] --END-- [ RunTime:0.000474s ]

[ 2016-05-24T22:00:08+08:00 ] 115.209.29.188 /admin.php?s=/Weixin/diymenu_edit/id/21.html
INFO: [ app_init ] --START--
INFO: Run Behavior\BuildLiteBehavior [ RunTime:0.000017s ]
INFO: Run Common\Behavior\InitHookBehavior [ RunTime:0.001128s ]
INFO: [ app_init ] --END-- [ RunTime:0.001660s ]
INFO: [ app_begin ] --START--
INFO: Run Behavior\ReadHtmlCacheBehavior [ RunTime:0.000474s ]
INFO: [ app_begin ] --END-- [ RunTime:0.000548s ]
SQL: SHOW COLUMNS FROM `fg_shop` [ RunTime:0.0032s ]
SQL: SELECT * FROM `fg_shop` WHERE `uid` = 1 LIMIT 1   [ RunTime:0.0019s ]
SQL: SHOW COLUMNS FROM `fg_menu` [ RunTime:0.0029s ]
SQL: SELECT `id`,`title`,`url` FROM `fg_menu` WHERE `pid` = 0 AND `hide` = 0 AND `is_dev` = 0 ORDER BY sort asc  [ RunTime:0.0021s ]
SQL: SELECT `pid` FROM `fg_menu` WHERE ( pid !=0 AND url like '%Weixin/diymenu_edit%' ) LIMIT 1   [ RunTime:0.0022s ]
SQL: SHOW COLUMNS FROM `fg_diymenu` [ RunTime:0.0028s ]
SQL: SELECT `id`,`pid`,`title`,`keyword`,`url`,`is_show`,`sort`,`sys`,`menutype` FROM `fg_diymenu` WHERE `id` = 21 LIMIT 1   [ RunTime:0.0021s ]
SQL: SELECT `id`,`pid`,`title`,`keyword`,`url`,`is_show`,`sort`,`sys`,`menutype` FROM `fg_diymenu` WHERE `pid` = 0  [ RunTime:0.0019s ]
INFO: [ view_parse ] --START--
INFO: [ template_filter ] --START--
INFO: Run Behavior\ContentReplaceBehavior [ RunTime:0.000130s ]
INFO: [ template_filter ] --END-- [ RunTime:0.000200s ]
INFO: Run Behavior\ParseTemplateBehavior [ RunTime:0.015596s ]
INFO: [ view_parse ] --END-- [ RunTime:0.015662s ]
INFO: [ view_filter ] --START--
INFO: Run Behavior\WriteHtmlCacheBehavior [ RunTime:0.000134s ]
INFO: [ view_filter ] --END-- [ RunTime:0.000174s ]
INFO: [ app_end ] --START--
INFO: Run Behavior\ShowPageTraceBehavior [ RunTime:0.000519s ]
INFO: [ app_end ] --END-- [ RunTime:0.000571s ]

[ 2016-05-24T22:00:13+08:00 ] 115.209.29.188 /admin.php?s=/Weixin/diymenu_edit.html
ERR: create1,
[ 2016-05-24T22:00:13+08:00 ] 115.209.29.188 /admin.php?s=/Weixin/diymenu_edit.html
ERR: create2,
[ 2016-05-24T22:00:13+08:00 ] 115.209.29.188 /admin.php?s=/Weixin/diymenu_edit.html
ERR: create3,
[ 2016-05-24T22:00:13+08:00 ] 115.209.29.188 /admin.php?s=/Weixin/diymenu_edit.html
ERR: create4,
[ 2016-05-24T22:00:13+08:00 ] 115.209.29.188 /admin.php?s=/Weixin/diymenu_edit.html
ERR: create5,
[ 2016-05-24T22:00:13+08:00 ] 115.209.29.188 /admin.php?s=/Weixin/diymenu_edit.html
ERR: create6,
[ 2016-05-24T22:00:13+08:00 ] 115.209.29.188 /admin.php?s=/Weixin/diymenu_edit.html
ERR: autoValidation1,
[ 2016-05-24T22:00:13+08:00 ] 115.209.29.188 /admin.php?s=/Weixin/diymenu_edit.html
ERR: autoValidation4,
[ 2016-05-24T22:00:13+08:00 ] 115.209.29.188 /admin.php?s=/Weixin/diymenu_edit.html
ERR: create7,
[ 2016-05-24T22:00:13+08:00 ] 115.209.29.188 /admin.php?s=/Weixin/diymenu_edit.html
ERR: create8,
[ 2016-05-24T22:00:13+08:00 ] 115.209.29.188 /admin.php?s=/Weixin/diymenu_edit.html
ERR: create9,
[ 2016-05-24T22:00:13+08:00 ] 115.209.29.188 /admin.php?s=/Weixin/diymenu_edit.html
ERR: create10,
[ 2016-05-24T22:00:13+08:00 ] 115.209.29.188 /admin.php?s=/Weixin/diymenu_edit.html
INFO: [ app_init ] --START--
INFO: Run Behavior\BuildLiteBehavior [ RunTime:0.000017s ]
INFO: Run Common\Behavior\InitHookBehavior [ RunTime:0.001197s ]
INFO: [ app_init ] --END-- [ RunTime:0.001723s ]
INFO: [ app_begin ] --START--
INFO: Run Behavior\ReadHtmlCacheBehavior [ RunTime:0.000390s ]
INFO: [ app_begin ] --END-- [ RunTime:0.000439s ]
SQL: SHOW COLUMNS FROM `fg_shop` [ RunTime:0.0034s ]
SQL: SELECT * FROM `fg_shop` WHERE `uid` = 1 LIMIT 1   [ RunTime:0.0020s ]
SQL: SHOW COLUMNS FROM `fg_menu` [ RunTime:0.0025s ]
SQL: SELECT `id`,`title`,`url` FROM `fg_menu` WHERE `pid` = 0 AND `hide` = 0 AND `is_dev` = 0 ORDER BY sort asc  [ RunTime:0.0019s ]
SQL: SELECT `pid` FROM `fg_menu` WHERE ( pid !=0 AND url like '%Weixin/diymenu_edit%' ) LIMIT 1   [ RunTime:0.0020s ]
SQL: SHOW COLUMNS FROM `fg_diymenu` [ RunTime:0.0024s ]
SQL: UPDATE `fg_diymenu` SET `title`='滴滴优惠券',`menutype`='2',`keyword`='',`url`='http://mp.weixin.qq.com/s?__biz=MzIwMDQ5NzM5OQ==&mid=100000003&idx=1&sn=bfd290a2dab7ba665c8a811bff3d06c2#rd',`sys`='',`pid`='1',`sort`='0',`is_show`='1' WHERE `id` = 21 [ RunTime:0.0027s ]

[ 2016-05-24T22:00:15+08:00 ] 115.209.29.188 /admin.php?s=/Weixin/diymenu.html
INFO: [ app_init ] --START--
INFO: Run Behavior\BuildLiteBehavior [ RunTime:0.000015s ]
INFO: Run Common\Behavior\InitHookBehavior [ RunTime:0.001042s ]
INFO: [ app_init ] --END-- [ RunTime:0.001535s ]
INFO: [ app_begin ] --START--
INFO: Run Behavior\ReadHtmlCacheBehavior [ RunTime:0.000368s ]
INFO: [ app_begin ] --END-- [ RunTime:0.000419s ]
SQL: SHOW COLUMNS FROM `fg_shop` [ RunTime:0.0032s ]
SQL: SELECT * FROM `fg_shop` WHERE `uid` = 1 LIMIT 1   [ RunTime:0.0018s ]
SQL: SHOW COLUMNS FROM `fg_menu` [ RunTime:0.0024s ]
SQL: SELECT `id`,`title`,`url` FROM `fg_menu` WHERE `pid` = 0 AND `hide` = 0 AND `is_dev` = 0 ORDER BY sort asc  [ RunTime:0.0017s ]
SQL: SELECT `pid` FROM `fg_menu` WHERE ( pid !=0 AND url like '%Weixin/diymenu%' ) LIMIT 1   [ RunTime:0.0017s ]
SQL: SELECT * FROM `fg_menu` WHERE `id` = 137 LIMIT 1   [ RunTime:0.0015s ]
SQL: SELECT DISTINCT  `group` FROM `fg_menu` WHERE `group` <> '' AND `pid` = 137  [ RunTime:0.0017s ]
SQL: SELECT `id`,`url` FROM `fg_menu` WHERE `pid` = 137 AND `hide` = 0 AND `is_dev` = 0  [ RunTime:0.0016s ]
SQL: SELECT `id`,`pid`,`title`,`url`,`tip` FROM `fg_menu` WHERE `group` = '门店' AND `pid` = 137 AND `hide` = 0 AND `is_dev` = 0 ORDER BY sort asc  [ RunTime:0.0017s ]
SQL: SELECT `id`,`pid`,`title`,`url`,`tip` FROM `fg_menu` WHERE `group` = '运营商' AND `pid` = 137 AND `hide` = 0 AND `is_dev` = 0 ORDER BY sort asc  [ RunTime:0.0018s ]
SQL: SELECT `id`,`pid`,`title`,`url`,`tip` FROM `fg_menu` WHERE `group` = '微信管理' AND `pid` = 137 AND `hide` = 0 AND `is_dev` = 0 ORDER BY sort asc  [ RunTime:0.0017s ]
SQL: SELECT `id`,`pid`,`title`,`url`,`tip` FROM `fg_menu` WHERE `group` = '权限' AND `pid` = 137 AND `hide` = 0 AND `is_dev` = 0 ORDER BY sort asc  [ RunTime:0.0017s ]
SQL: SELECT `id`,`pid`,`title`,`url`,`tip` FROM `fg_menu` WHERE `group` = '优惠券管理' AND `pid` = 137 AND `hide` = 0 AND `is_dev` = 0 ORDER BY sort asc  [ RunTime:0.0017s ]
SQL: SELECT `id`,`pid`,`title`,`url`,`tip` FROM `fg_menu` WHERE `group` = '渠道管理' AND `pid` = 137 AND `hide` = 0 AND `is_dev` = 0 ORDER BY sort asc  [ RunTime:0.0017s ]
SQL: SELECT `id`,`pid`,`title`,`url`,`tip` FROM `fg_menu` WHERE `group` = '投诉管理' AND `pid` = 137 AND `hide` = 0 AND `is_dev` = 0 ORDER BY sort asc  [ RunTime:0.0018s ]
SQL: SELECT `id`,`pid`,`title`,`url`,`tip` FROM `fg_menu` WHERE `group` = '区域' AND `pid` = 137 AND `hide` = 0 AND `is_dev` = 0 ORDER BY sort asc  [ RunTime:0.0016s ]
SQL: SELECT `id`,`pid`,`title`,`url`,`tip` FROM `fg_menu` WHERE `group` = '红包管理' AND `pid` = 137 AND `hide` = 0 AND `is_dev` = 0 ORDER BY sort asc  [ RunTime:0.0018s ]
SQL: SHOW COLUMNS FROM `fg_diymenu` [ RunTime:0.0023s ]
SQL: SELECT `id`,`title` FROM `fg_diymenu`  [ RunTime:0.0015s ]
SQL: SELECT `id`,`pid`,`title`,`keyword`,`url`,`is_show`,`sort`,`sys`,`menutype` FROM `fg_diymenu` WHERE `pid` = 0 ORDER BY sort asc,id asc  [ RunTime:0.0033s ]
SQL: SELECT * FROM `fg_diymenu` WHERE `pid` = 1 ORDER BY sort asc  [ RunTime:0.0019s ]
SQL: SELECT * FROM `fg_diymenu` WHERE `pid` = 7 ORDER BY sort asc  [ RunTime:0.0016s ]
SQL: SELECT * FROM `fg_diymenu` WHERE `pid` = 20 ORDER BY sort asc  [ RunTime:0.0015s ]
INFO: [ view_parse ] --START--
INFO: [ template_filter ] --START--
INFO: Run Behavior\ContentReplaceBehavior [ RunTime:0.000131s ]
INFO: [ template_filter ] --END-- [ RunTime:0.000204s ]
NOTIC: [8] Undefined index: hide /var/www/didi/Runtime/Cache/Admin/735d1819749180f46e665fa176cb9ffe.php 第 143 行.
NOTIC: [8] Undefined index: hide_text /var/www/didi/Runtime/Cache/Admin/735d1819749180f46e665fa176cb9ffe.php 第 144 行.
NOTIC: [8] Undefined index: hide /var/www/didi/Runtime/Cache/Admin/735d1819749180f46e665fa176cb9ffe.php 第 169 行.
NOTIC: [8] Undefined index: hide_text /var/www/didi/Runtime/Cache/Admin/735d1819749180f46e665fa176cb9ffe.php 第 170 行.
NOTIC: [8] Undefined index: hide /var/www/didi/Runtime/Cache/Admin/735d1819749180f46e665fa176cb9ffe.php 第 169 行.
NOTIC: [8] Undefined index: hide_text /var/www/didi/Runtime/Cache/Admin/735d1819749180f46e665fa176cb9ffe.php 第 170 行.
NOTIC: [8] Undefined index: hide /var/www/didi/Runtime/Cache/Admin/735d1819749180f46e665fa176cb9ffe.php 第 169 行.
NOTIC: [8] Undefined index: hide_text /var/www/didi/Runtime/Cache/Admin/735d1819749180f46e665fa176cb9ffe.php 第 170 行.
NOTIC: [8] Undefined index: hide /var/www/didi/Runtime/Cache/Admin/735d1819749180f46e665fa176cb9ffe.php 第 169 行.
NOTIC: [8] Undefined index: hide_text /var/www/didi/Runtime/Cache/Admin/735d1819749180f46e665fa176cb9ffe.php 第 170 行.
NOTIC: [8] Undefined index: hide /var/www/didi/Runtime/Cache/Admin/735d1819749180f46e665fa176cb9ffe.php 第 143 行.
NOTIC: [8] Undefined index: hide_text /var/www/didi/Runtime/Cache/Admin/735d1819749180f46e665fa176cb9ffe.php 第 144 行.
NOTIC: [8] Undefined index: hide /var/www/didi/Runtime/Cache/Admin/735d1819749180f46e665fa176cb9ffe.php 第 169 行.
NOTIC: [8] Undefined index: hide_text /var/www/didi/Runtime/Cache/Admin/735d1819749180f46e665fa176cb9ffe.php 第 170 行.
NOTIC: [8] Undefined index: hide /var/www/didi/Runtime/Cache/Admin/735d1819749180f46e665fa176cb9ffe.php 第 169 行.
NOTIC: [8] Undefined index: hide_text /var/www/didi/Runtime/Cache/Admin/735d1819749180f46e665fa176cb9ffe.php 第 170 行.
NOTIC: [8] Undefined index: hide /var/www/didi/Runtime/Cache/Admin/735d1819749180f46e665fa176cb9ffe.php 第 169 行.
NOTIC: [8] Undefined index: hide_text /var/www/didi/Runtime/Cache/Admin/735d1819749180f46e665fa176cb9ffe.php 第 170 行.
NOTIC: [8] Undefined index: hide /var/www/didi/Runtime/Cache/Admin/735d1819749180f46e665fa176cb9ffe.php 第 143 行.
NOTIC: [8] Undefined index: hide_text /var/www/didi/Runtime/Cache/Admin/735d1819749180f46e665fa176cb9ffe.php 第 144 行.
INFO: Run Behavior\ParseTemplateBehavior [ RunTime:0.020788s ]
INFO: [ view_parse ] --END-- [ RunTime:0.020836s ]
INFO: [ view_filter ] --START--
INFO: Run Behavior\WriteHtmlCacheBehavior [ RunTime:0.000190s ]
INFO: [ view_filter ] --END-- [ RunTime:0.000236s ]
INFO: [ app_end ] --START--
INFO: Run Behavior\ShowPageTraceBehavior [ RunTime:0.000469s ]
INFO: [ app_end ] --END-- [ RunTime:0.000538s ]

[ 2016-05-24T22:00:17+08:00 ] 115.209.29.188 /admin.php?s=/Weixin/generate_menu.html
ERR: data={"button":[{"name":"汽车服务","sub_button":[{"type":"view","name":"滴滴优惠券","url":"http://mp.weixin.qq.com/s?__biz=MzIwMDQ5NzM5OQ==&mid=100000003&idx=1&sn=bfd290a2dab7ba665c8a811bff3d06c2#rd"},{"type":"view","name":"免费好礼","url":"http://www.giti.com/xcgitiactive/"},{"type":"view","name":"服务网点","url":"http://d.7744go.com/wap.php/Shop/index.html"},{"type":"view","name":"汽车养护","url":"http://d.7744go.com/wap.php/Maintain/index.html"}]},{"name":"个人中心","sub_button":[{"type":"view","name":"我的订单","url":"http://d.7744go.com/wap.php/Fans/myorders.html"},{"type":"view","name":"个人中心","url":"http://d.7744go.com/wap.php/Fans/info.html"}]},{"name":"凡购商城","type":"view","url":"http://d.7744go.com/wap.php?s=mall/index.html"}]}
[ 2016-05-24T22:00:18+08:00 ] 115.209.29.188 /admin.php?s=/Weixin/generate_menu.html
INFO: [ app_init ] --START--
INFO: Run Behavior\BuildLiteBehavior [ RunTime:0.000019s ]
INFO: Run Common\Behavior\InitHookBehavior [ RunTime:0.001136s ]
INFO: [ app_init ] --END-- [ RunTime:0.001694s ]
INFO: [ app_begin ] --START--
INFO: Run Behavior\ReadHtmlCacheBehavior [ RunTime:0.000586s ]
INFO: [ app_begin ] --END-- [ RunTime:0.000678s ]
SQL: SHOW COLUMNS FROM `fg_shop` [ RunTime:0.0039s ]
SQL: SELECT * FROM `fg_shop` WHERE `uid` = 1 LIMIT 1   [ RunTime:0.0023s ]
SQL: SHOW COLUMNS FROM `fg_menu` [ RunTime:0.0028s ]
SQL: SELECT `id`,`title`,`url` FROM `fg_menu` WHERE `pid` = 0 AND `hide` = 0 AND `is_dev` = 0 ORDER BY sort asc  [ RunTime:0.0021s ]
SQL: SELECT `pid` FROM `fg_menu` WHERE ( pid !=0 AND url like '%Weixin/generate_menu%' ) LIMIT 1   [ RunTime:0.0021s ]
SQL: SHOW COLUMNS FROM `fg_diymenu` [ RunTime:0.0029s ]
SQL: SELECT * FROM `fg_diymenu` WHERE `pid` = 0 ORDER BY sort LIMIT 3   [ RunTime:0.0019s ]
SQL: SELECT COUNT(*) AS tp_count FROM `fg_diymenu` WHERE `pid` = 0 LIMIT 1   [ RunTime:0.0020s ]
SQL: SELECT * FROM `fg_diymenu` WHERE `pid` = 1 AND `is_show` = 1 ORDER BY sort LIMIT 5   [ RunTime:0.0023s ]
SQL: SELECT COUNT(*) AS tp_count FROM `fg_diymenu` WHERE `pid` = 1 AND `is_show` = 1 ORDER BY sort LIMIT 1   [ RunTime:0.0018s ]
SQL: SELECT * FROM `fg_diymenu` WHERE `pid` = 7 AND `is_show` = 1 ORDER BY sort LIMIT 5   [ RunTime:0.0018s ]
SQL: SELECT COUNT(*) AS tp_count FROM `fg_diymenu` WHERE `pid` = 7 AND `is_show` = 1 ORDER BY sort LIMIT 1   [ RunTime:0.0018s ]
SQL: SELECT * FROM `fg_diymenu` WHERE `pid` = 20 AND `is_show` = 1 ORDER BY sort LIMIT 5   [ RunTime:0.0018s ]
SQL: SELECT COUNT(*) AS tp_count FROM `fg_diymenu` WHERE `pid` = 20 AND `is_show` = 1 ORDER BY sort LIMIT 1   [ RunTime:0.0017s ]
NOTIC: [2] Invalid argument supplied for foreach() /var/www/didi/Application/Admin/Controller/WeixinController.class.php 第 217 行.

[ 2016-05-24T22:00:19+08:00 ] 115.209.29.188 /admin.php?s=/Weixin/diymenu.html
INFO: [ app_init ] --START--
INFO: Run Behavior\BuildLiteBehavior [ RunTime:0.000016s ]
INFO: Run Common\Behavior\InitHookBehavior [ RunTime:0.001043s ]
INFO: [ app_init ] --END-- [ RunTime:0.001532s ]
INFO: [ app_begin ] --START--
INFO: Run Behavior\ReadHtmlCacheBehavior [ RunTime:0.000364s ]
INFO: [ app_begin ] --END-- [ RunTime:0.000414s ]
SQL: SHOW COLUMNS FROM `fg_shop` [ RunTime:0.0038s ]
SQL: SELECT * FROM `fg_shop` WHERE `uid` = 1 LIMIT 1   [ RunTime:0.0021s ]
SQL: SHOW COLUMNS FROM `fg_menu` [ RunTime:0.0029s ]
SQL: SELECT `id`,`title`,`url` FROM `fg_menu` WHERE `pid` = 0 AND `hide` = 0 AND `is_dev` = 0 ORDER BY sort asc  [ RunTime:0.0020s ]
SQL: SELECT `pid` FROM `fg_menu` WHERE ( pid !=0 AND url like '%Weixin/diymenu%' ) LIMIT 1   [ RunTime:0.0020s ]
SQL: SELECT * FROM `fg_menu` WHERE `id` = 137 LIMIT 1   [ RunTime:0.0018s ]
SQL: SELECT DISTINCT  `group` FROM `fg_menu` WHERE `group` <> '' AND `pid` = 137  [ RunTime:0.0019s ]
SQL: SELECT `id`,`url` FROM `fg_menu` WHERE `pid` = 137 AND `hide` = 0 AND `is_dev` = 0  [ RunTime:0.0018s ]
SQL: SELECT `id`,`pid`,`title`,`url`,`tip` FROM `fg_menu` WHERE `group` = '门店' AND `pid` = 137 AND `hide` = 0 AND `is_dev` = 0 ORDER BY sort asc  [ RunTime:0.0019s ]
SQL: SELECT `id`,`pid`,`title`,`url`,`tip` FROM `fg_menu` WHERE `group` = '运营商' AND `pid` = 137 AND `hide` = 0 AND `is_dev` = 0 ORDER BY sort asc  [ RunTime:0.0018s ]
SQL: SELECT `id`,`pid`,`title`,`url`,`tip` FROM `fg_menu` WHERE `group` = '微信管理' AND `pid` = 137 AND `hide` = 0 AND `is_dev` = 0 ORDER BY sort asc  [ RunTime:0.0020s ]
SQL: SELECT `id`,`pid`,`title`,`url`,`tip` FROM `fg_menu` WHERE `group` = '权限' AND `pid` = 137 AND `hide` = 0 AND `is_dev` = 0 ORDER BY sort asc  [ RunTime:0.0019s ]
SQL: SELECT `id`,`pid`,`title`,`url`,`tip` FROM `fg_menu` WHERE `group` = '优惠券管理' AND `pid` = 137 AND `hide` = 0 AND `is_dev` = 0 ORDER BY sort asc  [ RunTime:0.0019s ]
SQL: SELECT `id`,`pid`,`title`,`url`,`tip` FROM `fg_menu` WHERE `group` = '渠道管理' AND `pid` = 137 AND `hide` = 0 AND `is_dev` = 0 ORDER BY sort asc  [ RunTime:0.0019s ]
SQL: SELECT `id`,`pid`,`title`,`url`,`tip` FROM `fg_menu` WHERE `group` = '投诉管理' AND `pid` = 137 AND `hide` = 0 AND `is_dev` = 0 ORDER BY sort asc  [ RunTime:0.0021s ]
SQL: SELECT `id`,`pid`,`title`,`url`,`tip` FROM `fg_menu` WHERE `group` = '区域' AND `pid` = 137 AND `hide` = 0 AND `is_dev` = 0 ORDER BY sort asc  [ RunTime:0.0020s ]
SQL: SELECT `id`,`pid`,`title`,`url`,`tip` FROM `fg_menu` WHERE `group` = '红包管理' AND `pid` = 137 AND `hide` = 0 AND `is_dev` = 0 ORDER BY sort asc  [ RunTime:0.0019s ]
SQL: SHOW COLUMNS FROM `fg_diymenu` [ RunTime:0.0029s ]
SQL: SELECT `id`,`title` FROM `fg_diymenu`  [ RunTime:0.0017s ]
SQL: SELECT `id`,`pid`,`title`,`keyword`,`url`,`is_show`,`sort`,`sys`,`menutype` FROM `fg_diymenu` WHERE `pid` = 0 ORDER BY sort asc,id asc  [ RunTime:0.0018s ]
SQL: SELECT * FROM `fg_diymenu` WHERE `pid` = 1 ORDER BY sort asc  [ RunTime:0.0018s ]
SQL: SELECT * FROM `fg_diymenu` WHERE `pid` = 7 ORDER BY sort asc  [ RunTime:0.0017s ]
SQL: SELECT * FROM `fg_diymenu` WHERE `pid` = 20 ORDER BY sort asc  [ RunTime:0.0017s ]
INFO: [ view_parse ] --START--
INFO: [ template_filter ] --START--
INFO: Run Behavior\ContentReplaceBehavior [ RunTime:0.000131s ]
INFO: [ template_filter ] --END-- [ RunTime:0.000203s ]
NOTIC: [8] Undefined index: hide /var/www/didi/Runtime/Cache/Admin/735d1819749180f46e665fa176cb9ffe.php 第 143 行.
NOTIC: [8] Undefined index: hide_text /var/www/didi/Runtime/Cache/Admin/735d1819749180f46e665fa176cb9ffe.php 第 144 行.
NOTIC: [8] Undefined index: hide /var/www/didi/Runtime/Cache/Admin/735d1819749180f46e665fa176cb9ffe.php 第 169 行.
NOTIC: [8] Undefined index: hide_text /var/www/didi/Runtime/Cache/Admin/735d1819749180f46e665fa176cb9ffe.php 第 170 行.
NOTIC: [8] Undefined index: hide /var/www/didi/Runtime/Cache/Admin/735d1819749180f46e665fa176cb9ffe.php 第 169 行.
NOTIC: [8] Undefined index: hide_text /var/www/didi/Runtime/Cache/Admin/735d1819749180f46e665fa176cb9ffe.php 第 170 行.
NOTIC: [8] Undefined index: hide /var/www/didi/Runtime/Cache/Admin/735d1819749180f46e665fa176cb9ffe.php 第 169 行.
NOTIC: [8] Undefined index: hide_text /var/www/didi/Runtime/Cache/Admin/735d1819749180f46e665fa176cb9ffe.php 第 170 行.
NOTIC: [8] Undefined index: hide /var/www/didi/Runtime/Cache/Admin/735d1819749180f46e665fa176cb9ffe.php 第 169 行.
NOTIC: [8] Undefined index: hide_text /var/www/didi/Runtime/Cache/Admin/735d1819749180f46e665fa176cb9ffe.php 第 170 行.
NOTIC: [8] Undefined index: hide /var/www/didi/Runtime/Cache/Admin/735d1819749180f46e665fa176cb9ffe.php 第 143 行.
NOTIC: [8] Undefined index: hide_text /var/www/didi/Runtime/Cache/Admin/735d1819749180f46e665fa176cb9ffe.php 第 144 行.
NOTIC: [8] Undefined index: hide /var/www/didi/Runtime/Cache/Admin/735d1819749180f46e665fa176cb9ffe.php 第 169 行.
NOTIC: [8] Undefined index: hide_text /var/www/didi/Runtime/Cache/Admin/735d1819749180f46e665fa176cb9ffe.php 第 170 行.
NOTIC: [8] Undefined index: hide /var/www/didi/Runtime/Cache/Admin/735d1819749180f46e665fa176cb9ffe.php 第 169 行.
NOTIC: [8] Undefined index: hide_text /var/www/didi/Runtime/Cache/Admin/735d1819749180f46e665fa176cb9ffe.php 第 170 行.
NOTIC: [8] Undefined index: hide /var/www/didi/Runtime/Cache/Admin/735d1819749180f46e665fa176cb9ffe.php 第 169 行.
NOTIC: [8] Undefined index: hide_text /var/www/didi/Runtime/Cache/Admin/735d1819749180f46e665fa176cb9ffe.php 第 170 行.
NOTIC: [8] Undefined index: hide /var/www/didi/Runtime/Cache/Admin/735d1819749180f46e665fa176cb9ffe.php 第 143 行.
NOTIC: [8] Undefined index: hide_text /var/www/didi/Runtime/Cache/Admin/735d1819749180f46e665fa176cb9ffe.php 第 144 行.
INFO: Run Behavior\ParseTemplateBehavior [ RunTime:0.020992s ]
INFO: [ view_parse ] --END-- [ RunTime:0.021044s ]
INFO: [ view_filter ] --START--
INFO: Run Behavior\WriteHtmlCacheBehavior [ RunTime:0.000149s ]
INFO: [ view_filter ] --END-- [ RunTime:0.000189s ]
INFO: [ app_end ] --START--
INFO: Run Behavior\ShowPageTraceBehavior [ RunTime:0.000440s ]
INFO: [ app_end ] --END-- [ RunTime:0.000488s ]

