[ 2016-06-12T13:35:56+08:00 ] 60.182.239.134 /admin.php
INFO: [ app_init ] --START--
INFO: Run Behavior\BuildLiteBehavior [ RunTime:0.000025s ]
INFO: Run Common\Behavior\InitHookBehavior [ RunTime:0.001464s ]
INFO: [ app_init ] --END-- [ RunTime:0.002181s ]
INFO: [ app_begin ] --START--
INFO: Run Behavior\ReadHtmlCacheBehavior [ RunTime:0.000413s ]
INFO: [ app_begin ] --END-- [ RunTime:0.000502s ]

[ 2016-06-12T13:35:56+08:00 ] 60.182.239.134 /admin.php?s=/Public/login.html
INFO: [ app_init ] --START--
INFO: Run Behavior\BuildLiteBehavior [ RunTime:0.000016s ]
INFO: Run Common\Behavior\InitHookBehavior [ RunTime:0.001136s ]
INFO: [ app_init ] --END-- [ RunTime:0.001664s ]
INFO: [ app_begin ] --START--
INFO: Run Behavior\ReadHtmlCacheBehavior [ RunTime:0.000368s ]
INFO: [ app_begin ] --END-- [ RunTime:0.000419s ]
INFO: [ view_parse ] --START--
INFO: [ template_filter ] --START--
INFO: Run Behavior\ContentReplaceBehavior [ RunTime:0.000090s ]
INFO: [ template_filter ] --END-- [ RunTime:0.000190s ]
INFO: Run Behavior\ParseTemplateBehavior [ RunTime:0.007134s ]
INFO: [ view_parse ] --END-- [ RunTime:0.007184s ]
INFO: [ view_filter ] --START--
INFO: Run Behavior\WriteHtmlCacheBehavior [ RunTime:0.000125s ]
INFO: [ view_filter ] --END-- [ RunTime:0.000164s ]
INFO: [ app_end ] --START--
INFO: Run Behavior\ShowPageTraceBehavior [ RunTime:0.000413s ]
INFO: [ app_end ] --END-- [ RunTime:0.000457s ]

[ 2016-06-12T13:35:56+08:00 ] 60.182.239.134 /admin.php?s=/Public/verify.html
INFO: [ app_init ] --START--
INFO: Run Behavior\BuildLiteBehavior [ RunTime:0.000015s ]
INFO: Run Common\Behavior\InitHookBehavior [ RunTime:0.001158s ]
INFO: [ app_init ] --END-- [ RunTime:0.001666s ]
INFO: [ app_begin ] --START--
INFO: Run Behavior\ReadHtmlCacheBehavior [ RunTime:0.000383s ]
INFO: [ app_begin ] --END-- [ RunTime:0.000447s ]
INFO: [ app_end ] --START--
INFO: Run Behavior\ShowPageTraceBehavior [ RunTime:0.000460s ]
INFO: [ app_end ] --END-- [ RunTime:0.000517s ]

[ 2016-06-12T13:36:01+08:00 ] 60.182.239.134 /admin.php?s=/Public/login.html
INFO: [ app_init ] --START--
INFO: Run Behavior\BuildLiteBehavior [ RunTime:0.000017s ]
INFO: Run Common\Behavior\InitHookBehavior [ RunTime:0.001418s ]
INFO: [ app_init ] --END-- [ RunTime:0.002043s ]
INFO: [ app_begin ] --START--
INFO: Run Behavior\ReadHtmlCacheBehavior [ RunTime:0.000530s ]
INFO: [ app_begin ] --END-- [ RunTime:0.000587s ]

[ 2016-06-12T13:36:01+08:00 ] 60.182.239.134 /admin.php?s=/Public/verify.html&random=0.986030290601775
INFO: [ app_init ] --START--
INFO: Run Behavior\BuildLiteBehavior [ RunTime:0.000017s ]
INFO: Run Common\Behavior\InitHookBehavior [ RunTime:0.001809s ]
INFO: [ app_init ] --END-- [ RunTime:0.002337s ]
INFO: [ app_begin ] --START--
INFO: Run Behavior\ReadHtmlCacheBehavior [ RunTime:0.000586s ]
INFO: [ app_begin ] --END-- [ RunTime:0.000682s ]
INFO: [ app_end ] --START--
INFO: Run Behavior\ShowPageTraceBehavior [ RunTime:0.000417s ]
INFO: [ app_end ] --END-- [ RunTime:0.000473s ]

[ 2016-06-12T13:36:03+08:00 ] 60.182.239.134 /admin.php?s=/Public/login.html
INFO: [ app_init ] --START--
INFO: Run Behavior\BuildLiteBehavior [ RunTime:0.000027s ]
INFO: Run Common\Behavior\InitHookBehavior [ RunTime:0.001653s ]
INFO: [ app_init ] --END-- [ RunTime:0.002589s ]
INFO: [ app_begin ] --START--
INFO: Run Behavior\ReadHtmlCacheBehavior [ RunTime:0.000561s ]
INFO: [ app_begin ] --END-- [ RunTime:0.000628s ]
NOTIC: [8] Undefined index: lite /var/www/didi/ThinkPHP/Library/Think/Db.class.php 第 37 行.
SQL: SHOW COLUMNS FROM `fg_member` [ RunTime:0.0027s ]
SQL: SELECT `uid`,`nickname`,`sex`,`birthday`,`qq`,`score`,`login`,`reg_ip`,`reg_time`,`last_login_ip`,`last_login_time`,`status`,`group_id` FROM `fg_member` WHERE `uid` = 1 LIMIT 1   [ RunTime:0.0016s ]
SQL: SHOW COLUMNS FROM `fg_action` [ RunTime:0.0020s ]
SQL: SELECT * FROM `fg_action` WHERE `name` = 'user_login' LIMIT 1   [ RunTime:0.0014s ]
SQL: SHOW COLUMNS FROM `fg_action_log` [ RunTime:0.0020s ]
SQL: INSERT INTO `fg_action_log` (`action_id`,`user_id`,`action_ip`,`model`,`record_id`,`create_time`,`remark`) VALUES ('1','1','1018621830','member','1','1465709763','admin在2016-06-12 13:36登录了后台') [ RunTime:0.0023s ]
SQL: SELECT * FROM `fg_action` WHERE `name` = 'user_login' LIMIT 1   [ RunTime:0.0015s ]
NOTIC: [8] Undefined offset: 1 /var/www/didi/Application/Common/Common/function.php 第 679 行.
NOTIC: [2] array_key_exists() expects parameter 2 to be array, null given /var/www/didi/Application/Common/Common/function.php 第 679 行.
SQL: SELECT COUNT(*) AS tp_count FROM `fg_action_log` WHERE `action_id` = 1 AND `user_id` = 1 AND `create_time` > 1465623363 LIMIT 1   [ RunTime:0.0017s ]
SQL: SHOW COLUMNS FROM `fg_member` [ RunTime:0.0024s ]
SQL: UPDATE `fg_member` SET `score`=score+10 WHERE ( uid=1 AND status>-1 ) [ RunTime:0.0043s ]
SQL: SHOW COLUMNS FROM `fg_shop` [ RunTime:0.0031s ]
SQL: SELECT * FROM `fg_shop` WHERE `uid` = 1 LIMIT 1   [ RunTime:0.0016s ]
SQL: UPDATE `fg_member` SET `login`=`login`+1,`last_login_time`='1465709763',`last_login_ip`='1018621830' WHERE `uid` = 1 [ RunTime:0.0023s ]

[ 2016-06-12T13:36:04+08:00 ] 60.182.239.134 /admin.php?s=/Index/index.html
INFO: [ app_init ] --START--
INFO: Run Behavior\BuildLiteBehavior [ RunTime:0.000024s ]
INFO: Run Common\Behavior\InitHookBehavior [ RunTime:0.001083s ]
INFO: [ app_init ] --END-- [ RunTime:0.001891s ]
INFO: [ app_begin ] --START--
INFO: Run Behavior\ReadHtmlCacheBehavior [ RunTime:0.000364s ]
INFO: [ app_begin ] --END-- [ RunTime:0.000414s ]
SQL: SHOW COLUMNS FROM `fg_shop` [ RunTime:0.0030s ]
SQL: SELECT * FROM `fg_shop` WHERE `uid` = 1 LIMIT 1   [ RunTime:0.0017s ]
SQL: SHOW COLUMNS FROM `fg_menu` [ RunTime:0.0021s ]
SQL: SELECT `id`,`title`,`url` FROM `fg_menu` WHERE `pid` = 0 AND `hide` = 0 AND `is_dev` = 0 ORDER BY sort asc  [ RunTime:0.0017s ]
SQL: SELECT `pid` FROM `fg_menu` WHERE ( pid !=0 AND url like '%Index/index%' ) LIMIT 1   [ RunTime:0.0018s ]
INFO: [ view_parse ] --START--
INFO: [ template_filter ] --START--
INFO: Run Behavior\ContentReplaceBehavior [ RunTime:0.000085s ]
INFO: [ template_filter ] --END-- [ RunTime:0.000139s ]
INFO: [ AdminIndex ] --START--
SQL: SHOW COLUMNS FROM `fg_addons` [ RunTime:0.0022s ]
SQL: SELECT `config` FROM `fg_addons` WHERE `name` = 'SiteStat' AND `status` = 1 LIMIT 1   [ RunTime:0.0015s ]
SQL: SHOW COLUMNS FROM `fg_member` [ RunTime:0.0022s ]
SQL: SELECT COUNT(*) AS tp_count FROM `fg_member` LIMIT 1   [ RunTime:0.0015s ]
SQL: SHOW COLUMNS FROM `fg_action_log` [ RunTime:0.0020s ]
SQL: SELECT COUNT(*) AS tp_count FROM `fg_action_log` LIMIT 1   [ RunTime:0.0015s ]
SQL: SHOW COLUMNS FROM `fg_document` [ RunTime:0.0026s ]
SQL: SELECT COUNT(*) AS tp_count FROM `fg_document` LIMIT 1   [ RunTime:0.0015s ]
SQL: SHOW COLUMNS FROM `fg_category` [ RunTime:0.0035s ]
SQL: SELECT COUNT(*) AS tp_count FROM `fg_category` LIMIT 1   [ RunTime:0.0024s ]
SQL: SHOW COLUMNS FROM `fg_model` [ RunTime:0.0024s ]
SQL: SELECT COUNT(*) AS tp_count FROM `fg_model` LIMIT 1   [ RunTime:0.0018s ]
INFO: [ view_parse ] --START--
INFO: [ template_filter ] --START--
INFO: Run Behavior\ContentReplaceBehavior [ RunTime:0.000035s ]
INFO: [ template_filter ] --END-- [ RunTime:-0.030999s ]
INFO: Run Behavior\ParseTemplateBehavior [ RunTime:0.001797s ]
INFO: [ view_parse ] --END-- [ RunTime:0.001845s ]
INFO: [ view_filter ] --START--
INFO: Run Behavior\WriteHtmlCacheBehavior [ RunTime:0.000170s ]
INFO: [ view_filter ] --END-- [ RunTime:0.000209s ]
INFO: Run Addons\SiteStat\SiteStatAddon [ RunTime:0.030260s ]
SQL: SELECT `config` FROM `fg_addons` WHERE `name` = 'SystemInfo' AND `status` = 1 LIMIT 1   [ RunTime:0.0018s ]
INFO: [ view_parse ] --START--
INFO: [ template_filter ] --START--
INFO: Run Behavior\ContentReplaceBehavior [ RunTime:0.000048s ]
INFO: [ template_filter ] --END-- [ RunTime:-0.211503s ]
SQL: select version() as v; [ RunTime:0.0017s ]
INFO: Run Behavior\ParseTemplateBehavior [ RunTime:0.004326s ]
INFO: [ view_parse ] --END-- [ RunTime:-0.178286s ]
INFO: [ view_filter ] --START--
INFO: Run Behavior\WriteHtmlCacheBehavior [ RunTime:0.000011s ]
INFO: [ view_filter ] --END-- [ RunTime:-0.182470s ]
INFO: Run Addons\SystemInfo\SystemInfoAddon [ RunTime:0.182494s ]
SQL: SELECT `config` FROM `fg_addons` WHERE `name` = 'DevTeam' AND `status` = 1 LIMIT 1   [ RunTime:0.0017s ]
INFO: [ view_parse ] --START--
INFO: [ template_filter ] --START--
INFO: Run Behavior\ContentReplaceBehavior [ RunTime:0.000030s ]
INFO: [ template_filter ] --END-- [ RunTime:-0.217607s ]
INFO: Run Behavior\ParseTemplateBehavior [ RunTime:0.001260s ]
INFO: [ view_parse ] --END-- [ RunTime:-0.185069s ]
INFO: [ view_filter ] --START--
INFO: Run Behavior\WriteHtmlCacheBehavior [ RunTime:0.000010s ]
INFO: [ view_filter ] --END-- [ RunTime:-0.186159s ]
INFO: Run Addons\DevTeam\DevTeamAddon [ RunTime:0.003664s ]
INFO: [ AdminIndex ] --END-- [ RunTime:0.216499s ]
INFO: Run Behavior\ParseTemplateBehavior [ RunTime:0.001427s ]
INFO: [ view_parse ] --END-- [ RunTime:-0.185069s ]
INFO: [ view_filter ] --START--
INFO: Run Behavior\WriteHtmlCacheBehavior [ RunTime:0.000008s ]
INFO: [ view_filter ] --END-- [ RunTime:-0.186321s ]
INFO: [ app_end ] --START--
INFO: Run Behavior\ShowPageTraceBehavior [ RunTime:0.000478s ]
INFO: [ app_end ] --END-- [ RunTime:0.000524s ]

[ 2016-06-12T13:36:06+08:00 ] 60.182.239.134 /admin.php?s=/Service/index.html
INFO: [ app_init ] --START--
INFO: Run Behavior\BuildLiteBehavior [ RunTime:0.000017s ]
INFO: Run Common\Behavior\InitHookBehavior [ RunTime:0.001138s ]
INFO: [ app_init ] --END-- [ RunTime:0.001670s ]
INFO: [ app_begin ] --START--
INFO: Run Behavior\ReadHtmlCacheBehavior [ RunTime:0.000411s ]
INFO: [ app_begin ] --END-- [ RunTime:0.000462s ]
SQL: SHOW COLUMNS FROM `fg_shop` [ RunTime:0.0039s ]
SQL: SELECT * FROM `fg_shop` WHERE `uid` = 1 LIMIT 1   [ RunTime:0.0020s ]
SQL: SHOW COLUMNS FROM `fg_menu` [ RunTime:0.0028s ]
SQL: SELECT `id`,`title`,`url` FROM `fg_menu` WHERE `pid` = 0 AND `hide` = 0 AND `is_dev` = 0 ORDER BY sort asc  [ RunTime:0.0021s ]
SQL: SELECT `pid` FROM `fg_menu` WHERE ( pid !=0 AND url like '%Service/index%' ) LIMIT 1   [ RunTime:0.0021s ]
SQL: SELECT * FROM `fg_menu` WHERE `id` = 124 LIMIT 1   [ RunTime:0.0019s ]
SQL: SELECT DISTINCT  `group` FROM `fg_menu` WHERE `group` <> '' AND `pid` = 124  [ RunTime:0.0020s ]
SQL: SELECT `id`,`url` FROM `fg_menu` WHERE `pid` = 124 AND `hide` = 0 AND `is_dev` = 0  [ RunTime:0.0019s ]
SQL: SELECT `id`,`pid`,`title`,`url`,`tip` FROM `fg_menu` WHERE `group` = '保养' AND `pid` = 124 AND `hide` = 0 AND `is_dev` = 0 ORDER BY sort asc  [ RunTime:0.0020s ]
SQL: SELECT `id`,`pid`,`title`,`url`,`tip` FROM `fg_menu` WHERE `group` = '维修' AND `pid` = 124 AND `hide` = 0 AND `is_dev` = 0 ORDER BY sort asc  [ RunTime:0.0024s ]
SQL: SELECT `id`,`pid`,`title`,`url`,`tip` FROM `fg_menu` WHERE `group` = '租车' AND `pid` = 124 AND `hide` = 0 AND `is_dev` = 0 ORDER BY sort asc  [ RunTime:0.0020s ]
SQL: SELECT `id`,`pid`,`title`,`url`,`tip` FROM `fg_menu` WHERE `group` = '充电' AND `pid` = 124 AND `hide` = 0 AND `is_dev` = 0 ORDER BY sort asc  [ RunTime:0.0020s ]
SQL: SELECT `id`,`pid`,`title`,`url`,`tip` FROM `fg_menu` WHERE `group` = '销售' AND `pid` = 124 AND `hide` = 0 AND `is_dev` = 0 ORDER BY sort asc  [ RunTime:0.0020s ]
SQL: SELECT `id`,`pid`,`title`,`url`,`tip` FROM `fg_menu` WHERE `group` = '二手车' AND `pid` = 124 AND `hide` = 0 AND `is_dev` = 0 ORDER BY sort asc  [ RunTime:0.0021s ]
SQL: SELECT `id`,`title` FROM `fg_menu`  [ RunTime:0.0023s ]
SQL: SELECT `id`,`title`,`pid`,`sort`,`url`,`hide`,`tip`,`group`,`is_dev`,`status` FROM `fg_menu` WHERE `pid` = 0 ORDER BY sort asc,id asc  [ RunTime:0.0020s ]
INFO: [ view_parse ] --START--
INFO: [ template_filter ] --START--
INFO: Run Behavior\ContentReplaceBehavior [ RunTime:0.000104s ]
INFO: [ template_filter ] --END-- [ RunTime:0.000162s ]
INFO: Run Behavior\ParseTemplateBehavior [ RunTime:0.012286s ]
INFO: [ view_parse ] --END-- [ RunTime:0.012354s ]
INFO: [ view_filter ] --START--
INFO: Run Behavior\WriteHtmlCacheBehavior [ RunTime:0.000189s ]
INFO: [ view_filter ] --END-- [ RunTime:0.000245s ]
INFO: [ app_end ] --START--
INFO: Run Behavior\ShowPageTraceBehavior [ RunTime:0.000455s ]
INFO: [ app_end ] --END-- [ RunTime:0.000506s ]

[ 2016-06-12T13:36:08+08:00 ] 60.182.239.134 /admin.php?s=/Maintain/products.html
INFO: [ app_init ] --START--
INFO: Run Behavior\BuildLiteBehavior [ RunTime:0.000018s ]
INFO: Run Common\Behavior\InitHookBehavior [ RunTime:0.001564s ]
INFO: [ app_init ] --END-- [ RunTime:0.002121s ]
INFO: [ app_begin ] --START--
INFO: Run Behavior\ReadHtmlCacheBehavior [ RunTime:0.000400s ]
INFO: [ app_begin ] --END-- [ RunTime:0.000454s ]
SQL: SHOW COLUMNS FROM `fg_shop` [ RunTime:0.0035s ]
SQL: SELECT * FROM `fg_shop` WHERE `uid` = 1 LIMIT 1   [ RunTime:0.0018s ]
SQL: SHOW COLUMNS FROM `fg_menu` [ RunTime:0.0028s ]
SQL: SELECT `id`,`title`,`url` FROM `fg_menu` WHERE `pid` = 0 AND `hide` = 0 AND `is_dev` = 0 ORDER BY sort asc  [ RunTime:0.0019s ]
SQL: SELECT `pid` FROM `fg_menu` WHERE ( pid !=0 AND url like '%Maintain/products%' ) LIMIT 1   [ RunTime:0.0019s ]
SQL: SELECT * FROM `fg_menu` WHERE `id` = 124 LIMIT 1   [ RunTime:0.0017s ]
SQL: SELECT DISTINCT  `group` FROM `fg_menu` WHERE `group` <> '' AND `pid` = 124  [ RunTime:0.0019s ]
SQL: SELECT `id`,`url` FROM `fg_menu` WHERE `pid` = 124 AND `hide` = 0 AND `is_dev` = 0  [ RunTime:0.0017s ]
SQL: SELECT `id`,`pid`,`title`,`url`,`tip` FROM `fg_menu` WHERE `group` = '保养' AND `pid` = 124 AND `hide` = 0 AND `is_dev` = 0 ORDER BY sort asc  [ RunTime:0.0018s ]
SQL: SELECT `id`,`pid`,`title`,`url`,`tip` FROM `fg_menu` WHERE `group` = '维修' AND `pid` = 124 AND `hide` = 0 AND `is_dev` = 0 ORDER BY sort asc  [ RunTime:0.0028s ]
SQL: SELECT `id`,`pid`,`title`,`url`,`tip` FROM `fg_menu` WHERE `group` = '租车' AND `pid` = 124 AND `hide` = 0 AND `is_dev` = 0 ORDER BY sort asc  [ RunTime:0.0018s ]
SQL: SELECT `id`,`pid`,`title`,`url`,`tip` FROM `fg_menu` WHERE `group` = '充电' AND `pid` = 124 AND `hide` = 0 AND `is_dev` = 0 ORDER BY sort asc  [ RunTime:0.0016s ]
SQL: SELECT `id`,`pid`,`title`,`url`,`tip` FROM `fg_menu` WHERE `group` = '销售' AND `pid` = 124 AND `hide` = 0 AND `is_dev` = 0 ORDER BY sort asc  [ RunTime:0.0016s ]
SQL: SELECT `id`,`pid`,`title`,`url`,`tip` FROM `fg_menu` WHERE `group` = '二手车' AND `pid` = 124 AND `hide` = 0 AND `is_dev` = 0 ORDER BY sort asc  [ RunTime:0.0015s ]
SQL: SHOW COLUMNS FROM `fg_maintain_product` [ RunTime:0.0028s ]
NOTIC: [8] Undefined variable: map /var/www/didi/Application/Admin/Controller/MaintainController.class.php 第 41 行.
SQL: SELECT `id`,`type`,`name`,`define`,`slogan`,`picture1`,`picture2`,`picture3`,`details`,`time`,`price`,`is_show`,`sort`,`oprice`,`content`,`cityid`,`areaid`,`shopid` FROM `fg_maintain_product` ORDER BY sort asc,id asc  [ RunTime:0.0019s ]
SQL: SHOW COLUMNS FROM `fg_city` [ RunTime:0.0021s ]
SQL: SHOW COLUMNS FROM `fg_city_area` [ RunTime:0.0020s ]
SQL: SELECT * FROM `fg_city` WHERE `id` = 1 LIMIT 1   [ RunTime:0.0016s ]
SQL: SELECT * FROM `fg_city_area` WHERE `id` = 1 LIMIT 1   [ RunTime:0.0016s ]
SQL: SELECT * FROM `fg_city` WHERE `id` = 1 LIMIT 1   [ RunTime:0.0015s ]
SQL: SELECT * FROM `fg_city_area` WHERE `id` = 1 LIMIT 1   [ RunTime:0.0015s ]
SQL: SELECT * FROM `fg_city` WHERE `id` = 1 LIMIT 1   [ RunTime:0.0015s ]
SQL: SELECT * FROM `fg_city_area` WHERE `id` = 1 LIMIT 1   [ RunTime:0.0020s ]
SQL: SELECT * FROM `fg_city` WHERE `id` = 1 LIMIT 1   [ RunTime:0.0015s ]
SQL: SELECT * FROM `fg_city_area` WHERE `id` = 1 LIMIT 1   [ RunTime:0.0015s ]
SQL: SELECT * FROM `fg_city` WHERE `id` = 1 LIMIT 1   [ RunTime:0.0015s ]
SQL: SELECT * FROM `fg_city_area` WHERE `id` = 1 LIMIT 1   [ RunTime:0.0015s ]
SQL: SELECT * FROM `fg_city` WHERE `id` = 1 LIMIT 1   [ RunTime:0.0016s ]
SQL: SELECT * FROM `fg_city_area` WHERE `id` = 1 LIMIT 1   [ RunTime:0.0016s ]
SQL: SELECT * FROM `fg_city` WHERE `id` = 1 LIMIT 1   [ RunTime:0.0015s ]
SQL: SELECT * FROM `fg_city_area` WHERE `id` = 1 LIMIT 1   [ RunTime:0.0015s ]
SQL: SELECT * FROM `fg_city` WHERE `id` = 1 LIMIT 1   [ RunTime:0.0016s ]
SQL: SELECT * FROM `fg_city_area` WHERE `id` = 1 LIMIT 1   [ RunTime:0.0015s ]
SQL: SELECT * FROM `fg_city` WHERE `id` = 1 LIMIT 1   [ RunTime:0.0016s ]
SQL: SELECT * FROM `fg_city_area` WHERE `id` = 1 LIMIT 1   [ RunTime:0.0015s ]
SQL: SELECT * FROM `fg_city` WHERE `id` = 1 LIMIT 1   [ RunTime:0.0016s ]
SQL: SELECT * FROM `fg_city_area` WHERE `id` = 1 LIMIT 1   [ RunTime:0.0016s ]
INFO: [ view_parse ] --START--
INFO: [ template_filter ] --START--
INFO: Run Behavior\ContentReplaceBehavior [ RunTime:0.000144s ]
INFO: [ template_filter ] --END-- [ RunTime:0.000200s ]
NOTIC: [8] Undefined variable: _page /var/www/didi/Runtime/Cache/Admin/f92cdbdf174d651b7764712a307fb553.php 第 147 行.
NOTIC: [8] Undefined variable: page /var/www/didi/Runtime/Cache/Admin/f92cdbdf174d651b7764712a307fb553.php 第 148 行.
INFO: Run Behavior\ParseTemplateBehavior [ RunTime:0.016456s ]
INFO: [ view_parse ] --END-- [ RunTime:0.016506s ]
INFO: [ view_filter ] --START--
INFO: Run Behavior\WriteHtmlCacheBehavior [ RunTime:0.000170s ]
INFO: [ view_filter ] --END-- [ RunTime:0.000209s ]
INFO: [ app_end ] --START--
INFO: Run Behavior\ShowPageTraceBehavior [ RunTime:0.000464s ]
INFO: [ app_end ] --END-- [ RunTime:0.000530s ]

[ 2016-06-12T13:36:12+08:00 ] 60.182.239.134 /admin.php?s=/Maintain/product_edit/id/16.html
INFO: [ app_init ] --START--
INFO: Run Behavior\BuildLiteBehavior [ RunTime:0.000025s ]
INFO: Run Common\Behavior\InitHookBehavior [ RunTime:0.001301s ]
INFO: [ app_init ] --END-- [ RunTime:0.002244s ]
INFO: [ app_begin ] --START--
INFO: Run Behavior\ReadHtmlCacheBehavior [ RunTime:0.000403s ]
INFO: [ app_begin ] --END-- [ RunTime:0.000453s ]
SQL: SHOW COLUMNS FROM `fg_shop` [ RunTime:0.0031s ]
SQL: SELECT * FROM `fg_shop` WHERE `uid` = 1 LIMIT 1   [ RunTime:0.0019s ]
SQL: SHOW COLUMNS FROM `fg_menu` [ RunTime:0.0027s ]
SQL: SELECT `id`,`title`,`url` FROM `fg_menu` WHERE `pid` = 0 AND `hide` = 0 AND `is_dev` = 0 ORDER BY sort asc  [ RunTime:0.0019s ]
SQL: SELECT `pid` FROM `fg_menu` WHERE ( pid !=0 AND url like '%Maintain/product_edit%' ) LIMIT 1   [ RunTime:0.0019s ]
SQL: SHOW COLUMNS FROM `fg_maintain_product` [ RunTime:0.0026s ]
SQL: SELECT `id`,`type`,`name`,`define`,`slogan`,`picture1`,`picture2`,`picture3`,`details`,`time`,`price`,`is_show`,`sort`,`oprice`,`content`,`cityid`,`areaid`,`shopid` FROM `fg_maintain_product` WHERE `id` = 16 LIMIT 1   [ RunTime:0.0024s ]
SQL: SHOW COLUMNS FROM `fg_shop` [ RunTime:0.0027s ]
SQL: SELECT * FROM `fg_shop`  [ RunTime:0.0019s ]
INFO: [ view_parse ] --START--
INFO: [ template_filter ] --START--
INFO: Run Behavior\ContentReplaceBehavior [ RunTime:0.000166s ]
INFO: [ template_filter ] --END-- [ RunTime:0.000279s ]
INFO: [ province_city_area ] --START--
SQL: SHOW COLUMNS FROM `fg_city` [ RunTime:0.0024s ]
SQL: SELECT * FROM `fg_city`  [ RunTime:0.0018s ]
INFO: [ view_parse ] --START--
INFO: [ template_filter ] --START--
INFO: Run Behavior\ContentReplaceBehavior [ RunTime:0.000057s ]
INFO: [ template_filter ] --END-- [ RunTime:-0.012083s ]
INFO: Run Behavior\ParseTemplateBehavior [ RunTime:0.002304s ]
INFO: [ view_parse ] --END-- [ RunTime:0.002349s ]
INFO: [ view_filter ] --START--
INFO: Run Behavior\WriteHtmlCacheBehavior [ RunTime:0.000129s ]
INFO: [ view_filter ] --END-- [ RunTime:0.000168s ]
INFO: Run Addons\Ssq\SsqAddon [ RunTime:0.007750s ]
INFO: [ province_city_area ] --END-- [ RunTime:0.007794s ]
INFO: [ adminPictureUpload ] --START--
SQL: SHOW COLUMNS FROM `fg_addons` [ RunTime:0.0024s ]
SQL: SELECT `config` FROM `fg_addons` WHERE `name` = 'PictureForAdmin' AND `status` = 1 LIMIT 1   [ RunTime:0.0020s ]
INFO: [ view_parse ] --START--
INFO: [ template_filter ] --START--
INFO: Run Behavior\ContentReplaceBehavior [ RunTime:0.000079s ]
INFO: [ template_filter ] --END-- [ RunTime:-0.020410s ]
INFO: Run Behavior\ParseTemplateBehavior [ RunTime:0.003076s ]
INFO: [ view_parse ] --END-- [ RunTime:-0.005678s ]
INFO: [ view_filter ] --START--
INFO: Run Behavior\WriteHtmlCacheBehavior [ RunTime:0.000011s ]
INFO: [ view_filter ] --END-- [ RunTime:-0.008653s ]
INFO: Run Addons\PictureForAdmin\PictureForAdminAddon [ RunTime:0.008595s ]
INFO: [ adminPictureUpload ] --END-- [ RunTime:0.008627s ]
INFO: [ adminPictureUpload ] --START--
INFO: [ view_parse ] --START--
INFO: [ template_filter ] --START--
INFO: Run Behavior\ContentReplaceBehavior [ RunTime:0.000040s ]
INFO: [ template_filter ] --END-- [ RunTime:-0.022809s ]
INFO: Run Behavior\ParseTemplateBehavior [ RunTime:0.001659s ]
INFO: [ view_parse ] --END-- [ RunTime:-0.009019s ]
INFO: [ view_filter ] --START--
INFO: Run Behavior\WriteHtmlCacheBehavior [ RunTime:0.000010s ]
INFO: [ view_filter ] --END-- [ RunTime:-0.010548s ]
INFO: Run Addons\PictureForAdmin\PictureForAdminAddon [ RunTime:0.001841s ]
INFO: [ adminPictureUpload ] --END-- [ RunTime:-0.000020s ]
INFO: [ adminPictureUpload ] --START--
INFO: [ view_parse ] --START--
INFO: [ template_filter ] --START--
INFO: Run Behavior\ContentReplaceBehavior [ RunTime:0.000038s ]
INFO: [ template_filter ] --END-- [ RunTime:-0.024682s ]
INFO: Run Behavior\ParseTemplateBehavior [ RunTime:0.001639s ]
INFO: [ view_parse ] --END-- [ RunTime:-0.010892s ]
INFO: [ view_filter ] --START--
INFO: Run Behavior\WriteHtmlCacheBehavior [ RunTime:0.000009s ]
INFO: [ view_filter ] --END-- [ RunTime:-0.012401s ]
INFO: Run Addons\PictureForAdmin\PictureForAdminAddon [ RunTime:0.001806s ]
INFO: [ adminPictureUpload ] --END-- [ RunTime:-0.001908s ]
INFO: [ adminArticleEdit ] --START--
SQL: SELECT `config` FROM `fg_addons` WHERE `name` = 'EditorForAdmin' AND `status` = 1 LIMIT 1   [ RunTime:0.0018s ]
INFO: [ view_parse ] --START--
INFO: [ template_filter ] --START--
INFO: Run Behavior\ContentReplaceBehavior [ RunTime:0.000110s ]
INFO: [ template_filter ] --END-- [ RunTime:-0.031195s ]
INFO: Run Behavior\ParseTemplateBehavior [ RunTime:0.005393s ]
INFO: [ view_parse ] --END-- [ RunTime:-0.014954s ]
INFO: [ view_filter ] --START--
INFO: Run Behavior\WriteHtmlCacheBehavior [ RunTime:0.000014s ]
INFO: [ view_filter ] --END-- [ RunTime:-0.020223s ]
INFO: Run Addons\EditorForAdmin\EditorForAdminAddon [ RunTime:0.007777s ]
INFO: [ adminArticleEdit ] --END-- [ RunTime:0.007808s ]
INFO: Run Behavior\ParseTemplateBehavior [ RunTime:0.005615s ]
INFO: [ view_parse ] --END-- [ RunTime:-0.014954s ]
INFO: [ view_filter ] --START--
INFO: Run Behavior\WriteHtmlCacheBehavior [ RunTime:0.000010s ]
INFO: [ view_filter ] --END-- [ RunTime:-0.020439s ]
INFO: [ app_end ] --START--
INFO: Run Behavior\ShowPageTraceBehavior [ RunTime:0.000554s ]
INFO: [ app_end ] --END-- [ RunTime:0.000603s ]

[ 2016-06-12T13:36:13+08:00 ] 60.182.239.134 /admin.php?s=/Addons/execute/_addons/Ssq/_controller/Ssq/_action/get_area.html&cityid=1
INFO: [ app_init ] --START--
INFO: Run Behavior\BuildLiteBehavior [ RunTime:0.000023s ]
INFO: Run Common\Behavior\InitHookBehavior [ RunTime:0.001591s ]
INFO: [ app_init ] --END-- [ RunTime:0.002275s ]
INFO: [ app_begin ] --START--
INFO: Run Behavior\ReadHtmlCacheBehavior [ RunTime:0.000445s ]
INFO: [ app_begin ] --END-- [ RunTime:0.000522s ]
SQL: SHOW COLUMNS FROM `fg_addons` [ RunTime:0.0028s ]
SQL: SELECT `title`,`name` FROM `fg_addons` WHERE ( status=1 AND has_adminlist=1 )  [ RunTime:0.0020s ]
SQL: SHOW COLUMNS FROM `fg_shop` [ RunTime:0.0028s ]
SQL: SELECT * FROM `fg_shop` WHERE `uid` = 1 LIMIT 1   [ RunTime:0.0019s ]
SQL: SHOW COLUMNS FROM `fg_menu` [ RunTime:0.0036s ]
SQL: SELECT `id`,`title`,`url` FROM `fg_menu` WHERE `pid` = 0 AND `hide` = 0 AND `is_dev` = 0 ORDER BY sort asc  [ RunTime:0.0020s ]
SQL: SELECT `pid` FROM `fg_menu` WHERE ( pid !=0 AND url like '%Addons/execute%' ) LIMIT 1   [ RunTime:0.0020s ]
SQL: SELECT * FROM `fg_menu` WHERE `id` = 44 LIMIT 1   [ RunTime:0.0019s ]
SQL: SELECT * FROM `fg_menu` WHERE `id` = 43 LIMIT 1   [ RunTime:0.0019s ]
SQL: SELECT DISTINCT  `group` FROM `fg_menu` WHERE `group` <> '' AND `pid` = 43  [ RunTime:0.0020s ]
SQL: SELECT `id`,`url` FROM `fg_menu` WHERE `pid` = 43 AND `hide` = 0 AND `is_dev` = 0  [ RunTime:0.0020s ]
SQL: SELECT `id`,`pid`,`title`,`url`,`tip` FROM `fg_menu` WHERE `group` = '扩展' AND `pid` = 43 AND `hide` = 0 AND `is_dev` = 0 ORDER BY sort asc  [ RunTime:0.0019s ]
SQL: SHOW COLUMNS FROM `fg_city_area` [ RunTime:0.0024s ]
SQL: SELECT * FROM `fg_city_area` WHERE `cityid` = 1  [ RunTime:0.0018s ]

