[ 2016-05-26T22:36:45+08:00 ] 115.210.38.160 /admin.php?s=/Index/index.html
INFO: [ app_init ] --START--
INFO: Run Behavior\BuildLiteBehavior [ RunTime:0.000015s ]
INFO: Run Common\Behavior\InitHookBehavior [ RunTime:0.001158s ]
INFO: [ app_init ] --END-- [ RunTime:0.001698s ]
INFO: [ app_begin ] --START--
INFO: Run Behavior\ReadHtmlCacheBehavior [ RunTime:0.000420s ]
INFO: [ app_begin ] --END-- [ RunTime:0.000477s ]

[ 2016-05-26T22:36:45+08:00 ] 115.210.38.160 /admin.php?s=/Public/login.html
INFO: [ app_init ] --START--
INFO: Run Behavior\BuildLiteBehavior [ RunTime:0.000016s ]
INFO: Run Common\Behavior\InitHookBehavior [ RunTime:0.001026s ]
INFO: [ app_init ] --END-- [ RunTime:0.001538s ]
INFO: [ app_begin ] --START--
INFO: Run Behavior\ReadHtmlCacheBehavior [ RunTime:0.000419s ]
INFO: [ app_begin ] --END-- [ RunTime:0.000469s ]
INFO: [ view_parse ] --START--
INFO: [ template_filter ] --START--
INFO: Run Behavior\ContentReplaceBehavior [ RunTime:0.000052s ]
INFO: [ template_filter ] --END-- [ RunTime:0.000101s ]
INFO: Run Behavior\ParseTemplateBehavior [ RunTime:0.005858s ]
INFO: [ view_parse ] --END-- [ RunTime:0.005906s ]
INFO: [ view_filter ] --START--
INFO: Run Behavior\WriteHtmlCacheBehavior [ RunTime:0.000117s ]
INFO: [ view_filter ] --END-- [ RunTime:0.000155s ]
INFO: [ app_end ] --START--
INFO: Run Behavior\ShowPageTraceBehavior [ RunTime:0.000400s ]
INFO: [ app_end ] --END-- [ RunTime:0.000448s ]

[ 2016-05-26T22:36:46+08:00 ] 115.210.38.160 /admin.php?s=/Public/verify.html
INFO: [ app_init ] --START--
INFO: Run Behavior\BuildLiteBehavior [ RunTime:0.000015s ]
INFO: Run Common\Behavior\InitHookBehavior [ RunTime:0.001079s ]
INFO: [ app_init ] --END-- [ RunTime:0.001577s ]
INFO: [ app_begin ] --START--
INFO: Run Behavior\ReadHtmlCacheBehavior [ RunTime:0.000374s ]
INFO: [ app_begin ] --END-- [ RunTime:0.000425s ]
INFO: [ app_end ] --START--
INFO: Run Behavior\ShowPageTraceBehavior [ RunTime:0.000474s ]
INFO: [ app_end ] --END-- [ RunTime:0.000535s ]

[ 2016-05-26T22:37:06+08:00 ] 115.210.38.160 /admin.php?s=/Public/login.html
INFO: [ app_init ] --START--
INFO: Run Behavior\BuildLiteBehavior [ RunTime:0.000019s ]
INFO: Run Common\Behavior\InitHookBehavior [ RunTime:0.001191s ]
INFO: [ app_init ] --END-- [ RunTime:0.001803s ]
INFO: [ app_begin ] --START--
INFO: Run Behavior\ReadHtmlCacheBehavior [ RunTime:0.000388s ]
INFO: [ app_begin ] --END-- [ RunTime:0.000446s ]
NOTIC: [8] Undefined index: lite /var/www/didi/ThinkPHP/Library/Think/Db.class.php 第 37 行.
SQL: SHOW COLUMNS FROM `fg_member` [ RunTime:0.0026s ]
SQL: SELECT `uid`,`nickname`,`sex`,`birthday`,`qq`,`score`,`login`,`reg_ip`,`reg_time`,`last_login_ip`,`last_login_time`,`status`,`group_id` FROM `fg_member` WHERE `uid` = 1 LIMIT 1   [ RunTime:0.0018s ]
SQL: SHOW COLUMNS FROM `fg_action` [ RunTime:0.0024s ]
SQL: SELECT * FROM `fg_action` WHERE `name` = 'user_login' LIMIT 1   [ RunTime:0.0017s ]
SQL: SHOW COLUMNS FROM `fg_action_log` [ RunTime:0.0022s ]
SQL: INSERT INTO `fg_action_log` (`action_id`,`user_id`,`action_ip`,`model`,`record_id`,`create_time`,`remark`) VALUES ('1','1','1943152288','member','1','1464273426','admin在2016-05-26 22:37登录了后台') [ RunTime:0.0026s ]
SQL: SELECT * FROM `fg_action` WHERE `name` = 'user_login' LIMIT 1   [ RunTime:0.0016s ]
NOTIC: [8] Undefined offset: 1 /var/www/didi/Application/Common/Common/function.php 第 679 行.
NOTIC: [2] array_key_exists() expects parameter 2 to be array, null given /var/www/didi/Application/Common/Common/function.php 第 679 行.
SQL: SELECT COUNT(*) AS tp_count FROM `fg_action_log` WHERE `action_id` = 1 AND `user_id` = 1 AND `create_time` > 1464187026 LIMIT 1   [ RunTime:0.0017s ]
SQL: SHOW COLUMNS FROM `fg_member` [ RunTime:0.0029s ]
SQL: UPDATE `fg_member` SET `score`=score+10 WHERE ( uid=1 AND status>-1 ) [ RunTime:0.0027s ]
SQL: SHOW COLUMNS FROM `fg_shop` [ RunTime:0.0036s ]
SQL: SELECT * FROM `fg_shop` WHERE `uid` = 1 LIMIT 1   [ RunTime:0.0020s ]
SQL: UPDATE `fg_member` SET `login`=`login`+1,`last_login_time`='1464273426',`last_login_ip`='1943152288' WHERE `uid` = 1 [ RunTime:0.0025s ]

[ 2016-05-26T22:37:06+08:00 ] 115.210.38.160 /admin.php?s=/Index/index.html
INFO: [ app_init ] --START--
INFO: Run Behavior\BuildLiteBehavior [ RunTime:0.000017s ]
INFO: Run Common\Behavior\InitHookBehavior [ RunTime:0.001057s ]
INFO: [ app_init ] --END-- [ RunTime:0.001594s ]
INFO: [ app_begin ] --START--
INFO: Run Behavior\ReadHtmlCacheBehavior [ RunTime:0.000382s ]
INFO: [ app_begin ] --END-- [ RunTime:0.000446s ]
SQL: SHOW COLUMNS FROM `fg_shop` [ RunTime:0.0036s ]
SQL: SELECT * FROM `fg_shop` WHERE `uid` = 1 LIMIT 1   [ RunTime:0.0018s ]
SQL: SHOW COLUMNS FROM `fg_menu` [ RunTime:0.0026s ]
SQL: SELECT `id`,`title`,`url` FROM `fg_menu` WHERE `pid` = 0 AND `hide` = 0 AND `is_dev` = 0 ORDER BY sort asc  [ RunTime:0.0018s ]
SQL: SELECT `pid` FROM `fg_menu` WHERE ( pid !=0 AND url like '%Index/index%' ) LIMIT 1   [ RunTime:0.0020s ]
INFO: [ view_parse ] --START--
INFO: [ template_filter ] --START--
INFO: Run Behavior\ContentReplaceBehavior [ RunTime:0.000083s ]
INFO: [ template_filter ] --END-- [ RunTime:0.000137s ]
INFO: [ AdminIndex ] --START--
SQL: SHOW COLUMNS FROM `fg_addons` [ RunTime:0.0035s ]
SQL: SELECT `config` FROM `fg_addons` WHERE `name` = 'SiteStat' AND `status` = 1 LIMIT 1   [ RunTime:0.0016s ]
SQL: SHOW COLUMNS FROM `fg_member` [ RunTime:0.0030s ]
SQL: SELECT COUNT(*) AS tp_count FROM `fg_member` LIMIT 1   [ RunTime:0.0017s ]
SQL: SHOW COLUMNS FROM `fg_action_log` [ RunTime:0.0022s ]
SQL: SELECT COUNT(*) AS tp_count FROM `fg_action_log` LIMIT 1   [ RunTime:0.0016s ]
SQL: SHOW COLUMNS FROM `fg_document` [ RunTime:0.0033s ]
SQL: SELECT COUNT(*) AS tp_count FROM `fg_document` LIMIT 1   [ RunTime:0.0017s ]
SQL: SHOW COLUMNS FROM `fg_category` [ RunTime:0.0029s ]
SQL: SELECT COUNT(*) AS tp_count FROM `fg_category` LIMIT 1   [ RunTime:0.0016s ]
SQL: SHOW COLUMNS FROM `fg_model` [ RunTime:0.0026s ]
SQL: SELECT COUNT(*) AS tp_count FROM `fg_model` LIMIT 1   [ RunTime:0.0016s ]
INFO: [ view_parse ] --START--
INFO: [ template_filter ] --START--
INFO: Run Behavior\ContentReplaceBehavior [ RunTime:0.000034s ]
INFO: [ template_filter ] --END-- [ RunTime:-0.032716s ]
INFO: Run Behavior\ParseTemplateBehavior [ RunTime:0.001742s ]
INFO: [ view_parse ] --END-- [ RunTime:0.001790s ]
INFO: [ view_filter ] --START--
INFO: Run Behavior\WriteHtmlCacheBehavior [ RunTime:0.000144s ]
INFO: [ view_filter ] --END-- [ RunTime:0.000188s ]
INFO: Run Addons\SiteStat\SiteStatAddon [ RunTime:0.031935s ]
SQL: SELECT `config` FROM `fg_addons` WHERE `name` = 'SystemInfo' AND `status` = 1 LIMIT 1   [ RunTime:0.0017s ]
INFO: [ view_parse ] --START--
INFO: [ template_filter ] --START--
INFO: Run Behavior\ContentReplaceBehavior [ RunTime:0.000045s ]
INFO: [ template_filter ] --END-- [ RunTime:-0.215149s ]
SQL: select version() as v; [ RunTime:0.0016s ]
INFO: Run Behavior\ParseTemplateBehavior [ RunTime:0.004177s ]
INFO: [ view_parse ] --END-- [ RunTime:-0.180241s ]
INFO: [ view_filter ] --START--
INFO: Run Behavior\WriteHtmlCacheBehavior [ RunTime:0.000010s ]
INFO: [ view_filter ] --END-- [ RunTime:-0.184324s ]
INFO: Run Addons\SystemInfo\SystemInfoAddon [ RunTime:0.184329s ]
SQL: SELECT `config` FROM `fg_addons` WHERE `name` = 'DevTeam' AND `status` = 1 LIMIT 1   [ RunTime:0.0019s ]
INFO: [ view_parse ] --START--
INFO: [ template_filter ] --START--
INFO: Run Behavior\ContentReplaceBehavior [ RunTime:0.000030s ]
INFO: [ template_filter ] --END-- [ RunTime:-0.221188s ]
INFO: Run Behavior\ParseTemplateBehavior [ RunTime:0.001311s ]
INFO: [ view_parse ] --END-- [ RunTime:-0.186967s ]
INFO: [ view_filter ] --START--
INFO: Run Behavior\WriteHtmlCacheBehavior [ RunTime:0.000010s ]
INFO: [ view_filter ] --END-- [ RunTime:-0.188131s ]
INFO: Run Addons\DevTeam\DevTeamAddon [ RunTime:0.003788s ]
INFO: [ AdminIndex ] --END-- [ RunTime:0.220149s ]
INFO: Run Behavior\ParseTemplateBehavior [ RunTime:0.001484s ]
INFO: [ view_parse ] --END-- [ RunTime:-0.186967s ]
INFO: [ view_filter ] --START--
INFO: Run Behavior\WriteHtmlCacheBehavior [ RunTime:0.000008s ]
INFO: [ view_filter ] --END-- [ RunTime:-0.188303s ]
INFO: [ app_end ] --START--
INFO: Run Behavior\ShowPageTraceBehavior [ RunTime:0.000470s ]
INFO: [ app_end ] --END-- [ RunTime:0.000544s ]

[ 2016-05-26T22:37:09+08:00 ] 115.210.38.160 /admin.php?s=/Fans/index.html
INFO: [ app_init ] --START--
INFO: Run Behavior\BuildLiteBehavior [ RunTime:0.000015s ]
INFO: Run Common\Behavior\InitHookBehavior [ RunTime:0.001044s ]
INFO: [ app_init ] --END-- [ RunTime:0.001572s ]
INFO: [ app_begin ] --START--
INFO: Run Behavior\ReadHtmlCacheBehavior [ RunTime:0.000375s ]
INFO: [ app_begin ] --END-- [ RunTime:0.000429s ]
SQL: SHOW COLUMNS FROM `fg_shop` [ RunTime:0.0037s ]
SQL: SELECT * FROM `fg_shop` WHERE `uid` = 1 LIMIT 1   [ RunTime:0.0019s ]
SQL: SHOW COLUMNS FROM `fg_menu` [ RunTime:0.0029s ]
SQL: SELECT `id`,`title`,`url` FROM `fg_menu` WHERE `pid` = 0 AND `hide` = 0 AND `is_dev` = 0 ORDER BY sort asc  [ RunTime:0.0019s ]
SQL: SELECT `pid` FROM `fg_menu` WHERE ( pid !=0 AND url like '%Fans/index%' ) LIMIT 1   [ RunTime:0.0019s ]
SQL: SELECT * FROM `fg_menu` WHERE `id` = 16 LIMIT 1   [ RunTime:0.0016s ]
SQL: SELECT DISTINCT  `group` FROM `fg_menu` WHERE `group` <> '' AND `pid` = 16  [ RunTime:0.0018s ]
SQL: SELECT `id`,`url` FROM `fg_menu` WHERE `pid` = 16 AND `hide` = 0 AND `is_dev` = 0  [ RunTime:0.0017s ]
SQL: SELECT `id`,`pid`,`title`,`url`,`tip` FROM `fg_menu` WHERE `group` = '用户管理' AND `pid` = 16 AND `hide` = 0 AND `is_dev` = 0 ORDER BY sort asc  [ RunTime:0.0017s ]
SQL: SELECT `id`,`pid`,`title`,`url`,`tip` FROM `fg_menu` WHERE `group` = '行为管理' AND `pid` = 16 AND `hide` = 0 AND `is_dev` = 0 ORDER BY sort asc  [ RunTime:0.0017s ]
SQL: SELECT `id`,`pid`,`title`,`url`,`tip` FROM `fg_menu` WHERE `group` = '会员管理' AND `pid` = 16 AND `hide` = 0 AND `is_dev` = 0 ORDER BY sort asc  [ RunTime:0.0018s ]
SQL: SELECT `id`,`pid`,`title`,`url`,`tip` FROM `fg_menu` WHERE `group` = '积分管理' AND `pid` = 16 AND `hide` = 0 AND `is_dev` = 0 ORDER BY sort asc  [ RunTime:0.0018s ]
SQL: SHOW COLUMNS FROM `fg_fans` [ RunTime:0.0031s ]
SQL: SELECT COUNT(*) AS tp_count FROM fg_fans a WHERE a.status >= 0 LIMIT 1   [ RunTime:0.0020s ]
SQL: SELECT a.*,b.name as bikename,b.bike as biketype,b.count as bikecount FROM fg_fans a left join (select c.brandid,d.id,c.uid,d.name,c.bike,count(uid) as count from fg_fans_bike as c right join fg_brand as d on c.brandid=d.id group by uid ) b on a.id=b.uid   WHERE a.status >= 0 ORDER BY id desc LIMIT 0,20   [ RunTime:0.0175s ]
NOTIC: [8] Undefined index: create_time_start /var/www/didi/Application/Admin/Controller/FansController.class.php 第 50 行.
NOTIC: [8] Undefined index: create_time_end /var/www/didi/Application/Admin/Controller/FansController.class.php 第 51 行.
INFO: [ view_parse ] --START--
INFO: [ template_filter ] --START--
INFO: Run Behavior\ContentReplaceBehavior [ RunTime:0.000164s ]
INFO: [ template_filter ] --END-- [ RunTime:0.000225s ]
INFO: Run Behavior\ParseTemplateBehavior [ RunTime:0.021600s ]
INFO: [ view_parse ] --END-- [ RunTime:0.021691s ]
INFO: [ view_filter ] --START--
INFO: Run Behavior\WriteHtmlCacheBehavior [ RunTime:0.000150s ]
INFO: [ view_filter ] --END-- [ RunTime:0.000189s ]
INFO: [ app_end ] --START--
INFO: Run Behavior\ShowPageTraceBehavior [ RunTime:0.000446s ]
INFO: [ app_end ] --END-- [ RunTime:0.000494s ]

[ 2016-05-26T22:37:10+08:00 ] 115.210.38.160 /admin.php?s=/Shop/index.html
INFO: [ app_init ] --START--
INFO: Run Behavior\BuildLiteBehavior [ RunTime:0.000015s ]
INFO: Run Common\Behavior\InitHookBehavior [ RunTime:0.001129s ]
INFO: [ app_init ] --END-- [ RunTime:0.001655s ]
INFO: [ app_begin ] --START--
INFO: Run Behavior\ReadHtmlCacheBehavior [ RunTime:0.000381s ]
INFO: [ app_begin ] --END-- [ RunTime:0.000432s ]
SQL: SHOW COLUMNS FROM `fg_shop` [ RunTime:0.0030s ]
SQL: SELECT * FROM `fg_shop` WHERE `uid` = 1 LIMIT 1   [ RunTime:0.0018s ]
SQL: SHOW COLUMNS FROM `fg_menu` [ RunTime:0.0022s ]
SQL: SELECT `id`,`title`,`url` FROM `fg_menu` WHERE `pid` = 0 AND `hide` = 0 AND `is_dev` = 0 ORDER BY sort asc  [ RunTime:0.0018s ]
SQL: SELECT `pid` FROM `fg_menu` WHERE ( pid !=0 AND url like '%Shop/index%' ) LIMIT 1   [ RunTime:0.0017s ]
SQL: SELECT * FROM `fg_menu` WHERE `id` = 137 LIMIT 1   [ RunTime:0.0015s ]
SQL: SELECT DISTINCT  `group` FROM `fg_menu` WHERE `group` <> '' AND `pid` = 137  [ RunTime:0.0018s ]
SQL: SELECT `id`,`url` FROM `fg_menu` WHERE `pid` = 137 AND `hide` = 0 AND `is_dev` = 0  [ RunTime:0.0017s ]
SQL: SELECT `id`,`pid`,`title`,`url`,`tip` FROM `fg_menu` WHERE `group` = '门店' AND `pid` = 137 AND `hide` = 0 AND `is_dev` = 0 ORDER BY sort asc  [ RunTime:0.0017s ]
SQL: SELECT `id`,`pid`,`title`,`url`,`tip` FROM `fg_menu` WHERE `group` = '运营商' AND `pid` = 137 AND `hide` = 0 AND `is_dev` = 0 ORDER BY sort asc  [ RunTime:0.0016s ]
SQL: SELECT `id`,`pid`,`title`,`url`,`tip` FROM `fg_menu` WHERE `group` = '微信管理' AND `pid` = 137 AND `hide` = 0 AND `is_dev` = 0 ORDER BY sort asc  [ RunTime:0.0019s ]
SQL: SELECT `id`,`pid`,`title`,`url`,`tip` FROM `fg_menu` WHERE `group` = '权限' AND `pid` = 137 AND `hide` = 0 AND `is_dev` = 0 ORDER BY sort asc  [ RunTime:0.0018s ]
SQL: SELECT `id`,`pid`,`title`,`url`,`tip` FROM `fg_menu` WHERE `group` = '优惠券管理' AND `pid` = 137 AND `hide` = 0 AND `is_dev` = 0 ORDER BY sort asc  [ RunTime:0.0017s ]
SQL: SELECT `id`,`pid`,`title`,`url`,`tip` FROM `fg_menu` WHERE `group` = '渠道管理' AND `pid` = 137 AND `hide` = 0 AND `is_dev` = 0 ORDER BY sort asc  [ RunTime:0.0017s ]
SQL: SELECT `id`,`pid`,`title`,`url`,`tip` FROM `fg_menu` WHERE `group` = '投诉管理' AND `pid` = 137 AND `hide` = 0 AND `is_dev` = 0 ORDER BY sort asc  [ RunTime:0.0017s ]
SQL: SELECT `id`,`pid`,`title`,`url`,`tip` FROM `fg_menu` WHERE `group` = '区域' AND `pid` = 137 AND `hide` = 0 AND `is_dev` = 0 ORDER BY sort asc  [ RunTime:0.0016s ]
SQL: SELECT `id`,`pid`,`title`,`url`,`tip` FROM `fg_menu` WHERE `group` = '红包管理' AND `pid` = 137 AND `hide` = 0 AND `is_dev` = 0 ORDER BY sort asc  [ RunTime:0.0017s ]
SQL: SELECT `id`,`uid`,`carrierid`,`name`,`cityid`,`areaid`,`picture1`,`picture2`,`picture3`,`latitude`,`longitude`,`tel`,`mobile`,`address`,`intro`,`shopno`,`orders`,`star`,`status`,`openid`,`wechatname`,`shop_type`,`s_rent`,`s_maintain`,`s_repair`,`s_mall` FROM `fg_shop` WHERE `shop_type` = 1 ORDER BY id asc  [ RunTime:0.0019s ]
SQL: SHOW COLUMNS FROM `fg_city` [ RunTime:0.0021s ]
SQL: SELECT * FROM `fg_city` WHERE `id` = 1 LIMIT 1   [ RunTime:0.0015s ]
SQL: SHOW COLUMNS FROM `fg_city_area` [ RunTime:0.0020s ]
SQL: SELECT * FROM `fg_city_area` WHERE `id` = 1 LIMIT 1   [ RunTime:0.0015s ]
SQL: SELECT * FROM `fg_city` WHERE `id` = 1 LIMIT 1   [ RunTime:0.0015s ]
SQL: SELECT * FROM `fg_city_area` WHERE `id` = 1 LIMIT 1   [ RunTime:0.0015s ]
SQL: SELECT * FROM `fg_city` WHERE `id` = 1 LIMIT 1   [ RunTime:0.0014s ]
SQL: SELECT * FROM `fg_city_area` WHERE `id` = 1 LIMIT 1   [ RunTime:0.0018s ]
SQL: SELECT * FROM `fg_city` WHERE `id` = 1 LIMIT 1   [ RunTime:0.0015s ]
SQL: SELECT * FROM `fg_city_area` WHERE `id` = 1 LIMIT 1   [ RunTime:0.0017s ]
SQL: SELECT * FROM `fg_city` WHERE `id` = 1 LIMIT 1   [ RunTime:0.0017s ]
SQL: SELECT * FROM `fg_city_area` WHERE `id` = 1 LIMIT 1   [ RunTime:0.0016s ]
SQL: SELECT * FROM `fg_city` WHERE `id` = 1 LIMIT 1   [ RunTime:0.0015s ]
SQL: SELECT * FROM `fg_city_area` WHERE `id` = 1 LIMIT 1   [ RunTime:0.0015s ]
SQL: SELECT * FROM `fg_city` WHERE `id` = 1 LIMIT 1   [ RunTime:0.0016s ]
SQL: SELECT * FROM `fg_city_area` WHERE `id` = 1 LIMIT 1   [ RunTime:0.0015s ]
SQL: SELECT * FROM `fg_city` WHERE `id` = 1 LIMIT 1   [ RunTime:0.0016s ]
SQL: SELECT * FROM `fg_city_area` WHERE `id` = 1 LIMIT 1   [ RunTime:0.0015s ]
SQL: SELECT * FROM `fg_city` WHERE `id` = 1 LIMIT 1   [ RunTime:0.0018s ]
SQL: SELECT * FROM `fg_city_area` WHERE `id` = 1 LIMIT 1   [ RunTime:0.0016s ]
SQL: SELECT * FROM `fg_city` WHERE `id` = 1 LIMIT 1   [ RunTime:0.0017s ]
SQL: SELECT * FROM `fg_city_area` WHERE `id` = 1 LIMIT 1   [ RunTime:0.0016s ]
SQL: SELECT * FROM `fg_city` WHERE `id` = 1 LIMIT 1   [ RunTime:0.0015s ]
SQL: SELECT * FROM `fg_city_area` WHERE `id` = 1 LIMIT 1   [ RunTime:0.0015s ]
SQL: SELECT * FROM `fg_city` WHERE `id` = 1 LIMIT 1   [ RunTime:0.0014s ]
SQL: SELECT * FROM `fg_city_area` WHERE `id` = 1 LIMIT 1   [ RunTime:0.0015s ]
SQL: SELECT * FROM `fg_city` WHERE `id` = 1 LIMIT 1   [ RunTime:0.0015s ]
SQL: SELECT * FROM `fg_city_area` WHERE `id` = 1 LIMIT 1   [ RunTime:0.0015s ]
SQL: SELECT * FROM `fg_city` WHERE `id` = 1 LIMIT 1   [ RunTime:0.0016s ]
SQL: SELECT * FROM `fg_city_area` WHERE `id` = 1 LIMIT 1   [ RunTime:0.0016s ]
SQL: SELECT * FROM `fg_city` WHERE `id` = 1 LIMIT 1   [ RunTime:0.0015s ]
SQL: SELECT * FROM `fg_city_area` WHERE `id` = 1 LIMIT 1   [ RunTime:0.0015s ]
SQL: SELECT * FROM `fg_city` WHERE `id` = 3 LIMIT 1   [ RunTime:0.0015s ]
SQL: SELECT * FROM `fg_city_area` WHERE `id` = 3 LIMIT 1   [ RunTime:0.0015s ]
SQL: SELECT * FROM `fg_city` WHERE `id` = 5 LIMIT 1   [ RunTime:0.0014s ]
SQL: SELECT * FROM `fg_city_area` WHERE `id` = -1 LIMIT 1   [ RunTime:0.0015s ]
SQL: SELECT * FROM `fg_city` WHERE `id` = 4 LIMIT 1   [ RunTime:0.0016s ]
SQL: SELECT * FROM `fg_city_area` WHERE `id` = -1 LIMIT 1   [ RunTime:0.0015s ]
SQL: SELECT * FROM `fg_city` WHERE `id` = 3 LIMIT 1   [ RunTime:0.0017s ]
SQL: SELECT * FROM `fg_city_area` WHERE `id` = 3 LIMIT 1   [ RunTime:0.0016s ]
SQL: SELECT * FROM `fg_city` WHERE `id` = 3 LIMIT 1   [ RunTime:0.0016s ]
SQL: SELECT * FROM `fg_city_area` WHERE `id` = 3 LIMIT 1   [ RunTime:0.0015s ]
SQL: SELECT * FROM `fg_city` WHERE `id` = 6 LIMIT 1   [ RunTime:0.0015s ]
SQL: SELECT * FROM `fg_city_area` WHERE `id` = 4 LIMIT 1   [ RunTime:0.0017s ]
INFO: [ view_parse ] --START--
INFO: [ template_filter ] --START--
INFO: Run Behavior\ContentReplaceBehavior [ RunTime:0.000125s ]
INFO: [ template_filter ] --END-- [ RunTime:0.000196s ]
INFO: Run Behavior\ParseTemplateBehavior [ RunTime:0.020053s ]
INFO: [ view_parse ] --END-- [ RunTime:0.020108s ]
INFO: [ view_filter ] --START--
INFO: Run Behavior\WriteHtmlCacheBehavior [ RunTime:0.000185s ]
INFO: [ view_filter ] --END-- [ RunTime:0.000226s ]
INFO: [ app_end ] --START--
INFO: Run Behavior\ShowPageTraceBehavior [ RunTime:0.000465s ]
INFO: [ app_end ] --END-- [ RunTime:0.000512s ]

[ 2016-05-26T22:37:20+08:00 ] 115.210.38.160 /admin.php?s=/Carrier/index.html
INFO: [ app_init ] --START--
INFO: Run Behavior\BuildLiteBehavior [ RunTime:0.000014s ]
INFO: Run Common\Behavior\InitHookBehavior [ RunTime:0.001197s ]
INFO: [ app_init ] --END-- [ RunTime:0.001740s ]
INFO: [ app_begin ] --START--
INFO: Run Behavior\ReadHtmlCacheBehavior [ RunTime:0.000366s ]
INFO: [ app_begin ] --END-- [ RunTime:0.000418s ]
SQL: SHOW COLUMNS FROM `fg_shop` [ RunTime:0.0033s ]
SQL: SELECT * FROM `fg_shop` WHERE `uid` = 1 LIMIT 1   [ RunTime:0.0019s ]
SQL: SHOW COLUMNS FROM `fg_menu` [ RunTime:0.0028s ]
SQL: SELECT `id`,`title`,`url` FROM `fg_menu` WHERE `pid` = 0 AND `hide` = 0 AND `is_dev` = 0 ORDER BY sort asc  [ RunTime:0.0018s ]
SQL: SELECT `pid` FROM `fg_menu` WHERE ( pid !=0 AND url like '%Carrier/index%' ) LIMIT 1   [ RunTime:0.0018s ]
SQL: SELECT * FROM `fg_menu` WHERE `id` = 137 LIMIT 1   [ RunTime:0.0017s ]
SQL: SELECT DISTINCT  `group` FROM `fg_menu` WHERE `group` <> '' AND `pid` = 137  [ RunTime:0.0018s ]
SQL: SELECT `id`,`url` FROM `fg_menu` WHERE `pid` = 137 AND `hide` = 0 AND `is_dev` = 0  [ RunTime:0.0017s ]
SQL: SELECT `id`,`pid`,`title`,`url`,`tip` FROM `fg_menu` WHERE `group` = '门店' AND `pid` = 137 AND `hide` = 0 AND `is_dev` = 0 ORDER BY sort asc  [ RunTime:0.0019s ]
SQL: SELECT `id`,`pid`,`title`,`url`,`tip` FROM `fg_menu` WHERE `group` = '运营商' AND `pid` = 137 AND `hide` = 0 AND `is_dev` = 0 ORDER BY sort asc  [ RunTime:0.0021s ]
SQL: SELECT `id`,`pid`,`title`,`url`,`tip` FROM `fg_menu` WHERE `group` = '微信管理' AND `pid` = 137 AND `hide` = 0 AND `is_dev` = 0 ORDER BY sort asc  [ RunTime:0.0017s ]
SQL: SELECT `id`,`pid`,`title`,`url`,`tip` FROM `fg_menu` WHERE `group` = '权限' AND `pid` = 137 AND `hide` = 0 AND `is_dev` = 0 ORDER BY sort asc  [ RunTime:0.0017s ]
SQL: SELECT `id`,`pid`,`title`,`url`,`tip` FROM `fg_menu` WHERE `group` = '优惠券管理' AND `pid` = 137 AND `hide` = 0 AND `is_dev` = 0 ORDER BY sort asc  [ RunTime:0.0018s ]
SQL: SELECT `id`,`pid`,`title`,`url`,`tip` FROM `fg_menu` WHERE `group` = '渠道管理' AND `pid` = 137 AND `hide` = 0 AND `is_dev` = 0 ORDER BY sort asc  [ RunTime:0.0016s ]
SQL: SELECT `id`,`pid`,`title`,`url`,`tip` FROM `fg_menu` WHERE `group` = '投诉管理' AND `pid` = 137 AND `hide` = 0 AND `is_dev` = 0 ORDER BY sort asc  [ RunTime:0.0017s ]
SQL: SELECT `id`,`pid`,`title`,`url`,`tip` FROM `fg_menu` WHERE `group` = '区域' AND `pid` = 137 AND `hide` = 0 AND `is_dev` = 0 ORDER BY sort asc  [ RunTime:0.0019s ]
SQL: SELECT `id`,`pid`,`title`,`url`,`tip` FROM `fg_menu` WHERE `group` = '红包管理' AND `pid` = 137 AND `hide` = 0 AND `is_dev` = 0 ORDER BY sort asc  [ RunTime:0.0018s ]
NOTIC: [8] Undefined variable: pid /var/www/didi/Application/Admin/Controller/CarrierController.class.php 第 26 行.
SQL: SHOW COLUMNS FROM `fg_carrier` [ RunTime:0.0025s ]
SQL: SELECT `id`,`uid`,`name`,`province`,`city`,`county`,`area`,`linkman`,`tel`,`mobile`,`address`,`cityid` FROM `fg_carrier` ORDER BY id asc  [ RunTime:0.0017s ]
INFO: [ view_parse ] --START--
INFO: [ template_filter ] --START--
INFO: Run Behavior\ContentReplaceBehavior [ RunTime:0.000132s ]
INFO: [ template_filter ] --END-- [ RunTime:0.000210s ]
INFO: Run Behavior\ParseTemplateBehavior [ RunTime:0.018551s ]
INFO: [ view_parse ] --END-- [ RunTime:0.018633s ]
INFO: [ view_filter ] --START--
INFO: Run Behavior\WriteHtmlCacheBehavior [ RunTime:0.000217s ]
INFO: [ view_filter ] --END-- [ RunTime:0.000274s ]
INFO: [ app_end ] --START--
INFO: Run Behavior\ShowPageTraceBehavior [ RunTime:0.000601s ]
INFO: [ app_end ] --END-- [ RunTime:0.000672s ]

[ 2016-05-26T22:37:25+08:00 ] 115.210.38.160 /admin.php?s=/Canal/index.html
INFO: [ app_init ] --START--
INFO: Run Behavior\BuildLiteBehavior [ RunTime:0.000017s ]
INFO: Run Common\Behavior\InitHookBehavior [ RunTime:0.001082s ]
INFO: [ app_init ] --END-- [ RunTime:0.001609s ]
INFO: [ app_begin ] --START--
INFO: Run Behavior\ReadHtmlCacheBehavior [ RunTime:0.000376s ]
INFO: [ app_begin ] --END-- [ RunTime:0.000426s ]
SQL: SHOW COLUMNS FROM `fg_shop` [ RunTime:0.0032s ]
SQL: SELECT * FROM `fg_shop` WHERE `uid` = 1 LIMIT 1   [ RunTime:0.0019s ]
SQL: SHOW COLUMNS FROM `fg_menu` [ RunTime:0.0026s ]
SQL: SELECT `id`,`title`,`url` FROM `fg_menu` WHERE `pid` = 0 AND `hide` = 0 AND `is_dev` = 0 ORDER BY sort asc  [ RunTime:0.0019s ]
SQL: SELECT `pid` FROM `fg_menu` WHERE ( pid !=0 AND url like '%Canal/index%' ) LIMIT 1   [ RunTime:0.0019s ]
SQL: SELECT * FROM `fg_menu` WHERE `id` = 137 LIMIT 1   [ RunTime:0.0019s ]
SQL: SELECT DISTINCT  `group` FROM `fg_menu` WHERE `group` <> '' AND `pid` = 137  [ RunTime:0.0019s ]
SQL: SELECT `id`,`url` FROM `fg_menu` WHERE `pid` = 137 AND `hide` = 0 AND `is_dev` = 0  [ RunTime:0.0018s ]
SQL: SELECT `id`,`pid`,`title`,`url`,`tip` FROM `fg_menu` WHERE `group` = '门店' AND `pid` = 137 AND `hide` = 0 AND `is_dev` = 0 ORDER BY sort asc  [ RunTime:0.0018s ]
SQL: SELECT `id`,`pid`,`title`,`url`,`tip` FROM `fg_menu` WHERE `group` = '运营商' AND `pid` = 137 AND `hide` = 0 AND `is_dev` = 0 ORDER BY sort asc  [ RunTime:0.0019s ]
SQL: SELECT `id`,`pid`,`title`,`url`,`tip` FROM `fg_menu` WHERE `group` = '微信管理' AND `pid` = 137 AND `hide` = 0 AND `is_dev` = 0 ORDER BY sort asc  [ RunTime:0.0018s ]
SQL: SELECT `id`,`pid`,`title`,`url`,`tip` FROM `fg_menu` WHERE `group` = '权限' AND `pid` = 137 AND `hide` = 0 AND `is_dev` = 0 ORDER BY sort asc  [ RunTime:0.0018s ]
SQL: SELECT `id`,`pid`,`title`,`url`,`tip` FROM `fg_menu` WHERE `group` = '优惠券管理' AND `pid` = 137 AND `hide` = 0 AND `is_dev` = 0 ORDER BY sort asc  [ RunTime:0.0018s ]
SQL: SELECT `id`,`pid`,`title`,`url`,`tip` FROM `fg_menu` WHERE `group` = '渠道管理' AND `pid` = 137 AND `hide` = 0 AND `is_dev` = 0 ORDER BY sort asc  [ RunTime:0.0017s ]
SQL: SELECT `id`,`pid`,`title`,`url`,`tip` FROM `fg_menu` WHERE `group` = '投诉管理' AND `pid` = 137 AND `hide` = 0 AND `is_dev` = 0 ORDER BY sort asc  [ RunTime:0.0018s ]
SQL: SELECT `id`,`pid`,`title`,`url`,`tip` FROM `fg_menu` WHERE `group` = '区域' AND `pid` = 137 AND `hide` = 0 AND `is_dev` = 0 ORDER BY sort asc  [ RunTime:0.0020s ]
SQL: SELECT `id`,`pid`,`title`,`url`,`tip` FROM `fg_menu` WHERE `group` = '红包管理' AND `pid` = 137 AND `hide` = 0 AND `is_dev` = 0 ORDER BY sort asc  [ RunTime:0.0018s ]
SQL: SHOW COLUMNS FROM `fg_canal` [ RunTime:0.0028s ]
SQL: SELECT `id`,`name`,`code`,`qimg`,`click`,`status`,`pid`,`keyword` FROM `fg_canal` WHERE `code` = 'YX' ORDER BY id asc  [ RunTime:0.0021s ]
INFO: [ view_parse ] --START--
INFO: [ template_filter ] --START--
INFO: Run Behavior\ContentReplaceBehavior [ RunTime:0.000124s ]
INFO: [ template_filter ] --END-- [ RunTime:0.000205s ]
INFO: Run Behavior\ParseTemplateBehavior [ RunTime:0.015965s ]
INFO: [ view_parse ] --END-- [ RunTime:0.016016s ]
INFO: [ view_filter ] --START--
INFO: Run Behavior\WriteHtmlCacheBehavior [ RunTime:0.000149s ]
INFO: [ view_filter ] --END-- [ RunTime:0.000192s ]
INFO: [ app_end ] --START--
INFO: Run Behavior\ShowPageTraceBehavior [ RunTime:0.000465s ]
INFO: [ app_end ] --END-- [ RunTime:0.000514s ]

[ 2016-05-26T22:37:29+08:00 ] 115.210.38.160 /admin.php?s=/Fans/index.html
INFO: [ app_init ] --START--
INFO: Run Behavior\BuildLiteBehavior [ RunTime:0.000015s ]
INFO: Run Common\Behavior\InitHookBehavior [ RunTime:0.001048s ]
INFO: [ app_init ] --END-- [ RunTime:0.001549s ]
INFO: [ app_begin ] --START--
INFO: Run Behavior\ReadHtmlCacheBehavior [ RunTime:0.000386s ]
INFO: [ app_begin ] --END-- [ RunTime:0.000436s ]
SQL: SHOW COLUMNS FROM `fg_shop` [ RunTime:0.0033s ]
SQL: SELECT * FROM `fg_shop` WHERE `uid` = 1 LIMIT 1   [ RunTime:0.0017s ]
SQL: SHOW COLUMNS FROM `fg_menu` [ RunTime:0.0024s ]
SQL: SELECT `id`,`title`,`url` FROM `fg_menu` WHERE `pid` = 0 AND `hide` = 0 AND `is_dev` = 0 ORDER BY sort asc  [ RunTime:0.0016s ]
SQL: SELECT `pid` FROM `fg_menu` WHERE ( pid !=0 AND url like '%Fans/index%' ) LIMIT 1   [ RunTime:0.0018s ]
SQL: SELECT * FROM `fg_menu` WHERE `id` = 16 LIMIT 1   [ RunTime:0.0015s ]
SQL: SELECT DISTINCT  `group` FROM `fg_menu` WHERE `group` <> '' AND `pid` = 16  [ RunTime:0.0017s ]
SQL: SELECT `id`,`url` FROM `fg_menu` WHERE `pid` = 16 AND `hide` = 0 AND `is_dev` = 0  [ RunTime:0.0016s ]
SQL: SELECT `id`,`pid`,`title`,`url`,`tip` FROM `fg_menu` WHERE `group` = '用户管理' AND `pid` = 16 AND `hide` = 0 AND `is_dev` = 0 ORDER BY sort asc  [ RunTime:0.0018s ]
SQL: SELECT `id`,`pid`,`title`,`url`,`tip` FROM `fg_menu` WHERE `group` = '行为管理' AND `pid` = 16 AND `hide` = 0 AND `is_dev` = 0 ORDER BY sort asc  [ RunTime:0.0015s ]
SQL: SELECT `id`,`pid`,`title`,`url`,`tip` FROM `fg_menu` WHERE `group` = '会员管理' AND `pid` = 16 AND `hide` = 0 AND `is_dev` = 0 ORDER BY sort asc  [ RunTime:0.0016s ]
SQL: SELECT `id`,`pid`,`title`,`url`,`tip` FROM `fg_menu` WHERE `group` = '积分管理' AND `pid` = 16 AND `hide` = 0 AND `is_dev` = 0 ORDER BY sort asc  [ RunTime:0.0017s ]
SQL: SHOW COLUMNS FROM `fg_fans` [ RunTime:0.0032s ]
SQL: SELECT COUNT(*) AS tp_count FROM fg_fans a WHERE a.status >= 0 LIMIT 1   [ RunTime:0.0019s ]
SQL: SELECT a.*,b.name as bikename,b.bike as biketype,b.count as bikecount FROM fg_fans a left join (select c.brandid,d.id,c.uid,d.name,c.bike,count(uid) as count from fg_fans_bike as c right join fg_brand as d on c.brandid=d.id group by uid ) b on a.id=b.uid   WHERE a.status >= 0 ORDER BY id desc LIMIT 0,20   [ RunTime:0.0186s ]
NOTIC: [8] Undefined index: create_time_start /var/www/didi/Application/Admin/Controller/FansController.class.php 第 50 行.
NOTIC: [8] Undefined index: create_time_end /var/www/didi/Application/Admin/Controller/FansController.class.php 第 51 行.
INFO: [ view_parse ] --START--
INFO: [ template_filter ] --START--
INFO: Run Behavior\ContentReplaceBehavior [ RunTime:0.000140s ]
INFO: [ template_filter ] --END-- [ RunTime:0.000203s ]
INFO: Run Behavior\ParseTemplateBehavior [ RunTime:0.020644s ]
INFO: [ view_parse ] --END-- [ RunTime:0.020705s ]
INFO: [ view_filter ] --START--
INFO: Run Behavior\WriteHtmlCacheBehavior [ RunTime:0.000159s ]
INFO: [ view_filter ] --END-- [ RunTime:0.000199s ]
INFO: [ app_end ] --START--
INFO: Run Behavior\ShowPageTraceBehavior [ RunTime:0.000470s ]
INFO: [ app_end ] --END-- [ RunTime:0.000517s ]

[ 2016-05-26T22:37:30+08:00 ] 115.210.38.160 /admin.php?s=/Service/index.html
INFO: [ app_init ] --START--
INFO: Run Behavior\BuildLiteBehavior [ RunTime:0.000016s ]
INFO: Run Common\Behavior\InitHookBehavior [ RunTime:0.001037s ]
INFO: [ app_init ] --END-- [ RunTime:0.001528s ]
INFO: [ app_begin ] --START--
INFO: Run Behavior\ReadHtmlCacheBehavior [ RunTime:0.000409s ]
INFO: [ app_begin ] --END-- [ RunTime:0.000480s ]
SQL: SHOW COLUMNS FROM `fg_shop` [ RunTime:0.0031s ]
SQL: SELECT * FROM `fg_shop` WHERE `uid` = 1 LIMIT 1   [ RunTime:0.0034s ]
SQL: SHOW COLUMNS FROM `fg_menu` [ RunTime:0.0022s ]
SQL: SELECT `id`,`title`,`url` FROM `fg_menu` WHERE `pid` = 0 AND `hide` = 0 AND `is_dev` = 0 ORDER BY sort asc  [ RunTime:0.0016s ]
SQL: SELECT `pid` FROM `fg_menu` WHERE ( pid !=0 AND url like '%Service/index%' ) LIMIT 1   [ RunTime:0.0017s ]
SQL: SELECT * FROM `fg_menu` WHERE `id` = 124 LIMIT 1   [ RunTime:0.0015s ]
SQL: SELECT DISTINCT  `group` FROM `fg_menu` WHERE `group` <> '' AND `pid` = 124  [ RunTime:0.0016s ]
SQL: SELECT `id`,`url` FROM `fg_menu` WHERE `pid` = 124 AND `hide` = 0 AND `is_dev` = 0  [ RunTime:0.0015s ]
SQL: SELECT `id`,`pid`,`title`,`url`,`tip` FROM `fg_menu` WHERE `group` = '保养' AND `pid` = 124 AND `hide` = 0 AND `is_dev` = 0 ORDER BY sort asc  [ RunTime:0.0016s ]
SQL: SELECT `id`,`pid`,`title`,`url`,`tip` FROM `fg_menu` WHERE `group` = '维修' AND `pid` = 124 AND `hide` = 0 AND `is_dev` = 0 ORDER BY sort asc  [ RunTime:0.0016s ]
SQL: SELECT `id`,`pid`,`title`,`url`,`tip` FROM `fg_menu` WHERE `group` = '租车' AND `pid` = 124 AND `hide` = 0 AND `is_dev` = 0 ORDER BY sort asc  [ RunTime:0.0015s ]
SQL: SELECT `id`,`pid`,`title`,`url`,`tip` FROM `fg_menu` WHERE `group` = '充电' AND `pid` = 124 AND `hide` = 0 AND `is_dev` = 0 ORDER BY sort asc  [ RunTime:0.0016s ]
SQL: SELECT `id`,`pid`,`title`,`url`,`tip` FROM `fg_menu` WHERE `group` = '销售' AND `pid` = 124 AND `hide` = 0 AND `is_dev` = 0 ORDER BY sort asc  [ RunTime:0.0016s ]
SQL: SELECT `id`,`pid`,`title`,`url`,`tip` FROM `fg_menu` WHERE `group` = '二手车' AND `pid` = 124 AND `hide` = 0 AND `is_dev` = 0 ORDER BY sort asc  [ RunTime:0.0015s ]
SQL: SELECT `id`,`title` FROM `fg_menu`  [ RunTime:0.0018s ]
SQL: SELECT `id`,`title`,`pid`,`sort`,`url`,`hide`,`tip`,`group`,`is_dev`,`status` FROM `fg_menu` WHERE `pid` = 0 ORDER BY sort asc,id asc  [ RunTime:0.0017s ]
INFO: [ view_parse ] --START--
INFO: [ template_filter ] --START--
INFO: Run Behavior\ContentReplaceBehavior [ RunTime:0.000129s ]
INFO: [ template_filter ] --END-- [ RunTime:0.000189s ]
INFO: Run Behavior\ParseTemplateBehavior [ RunTime:0.012334s ]
INFO: [ view_parse ] --END-- [ RunTime:0.012395s ]
INFO: [ view_filter ] --START--
INFO: Run Behavior\WriteHtmlCacheBehavior [ RunTime:0.000147s ]
INFO: [ view_filter ] --END-- [ RunTime:0.000188s ]
INFO: [ app_end ] --START--
INFO: Run Behavior\ShowPageTraceBehavior [ RunTime:0.000474s ]
INFO: [ app_end ] --END-- [ RunTime:0.000538s ]

[ 2016-05-26T22:37:33+08:00 ] 115.210.38.160 /admin.php?s=/Maintain/products.html
INFO: [ app_init ] --START--
INFO: Run Behavior\BuildLiteBehavior [ RunTime:0.000015s ]
INFO: Run Common\Behavior\InitHookBehavior [ RunTime:0.001343s ]
INFO: [ app_init ] --END-- [ RunTime:0.001873s ]
INFO: [ app_begin ] --START--
INFO: Run Behavior\ReadHtmlCacheBehavior [ RunTime:0.000403s ]
INFO: [ app_begin ] --END-- [ RunTime:0.000455s ]
SQL: SHOW COLUMNS FROM `fg_shop` [ RunTime:0.0031s ]
SQL: SELECT * FROM `fg_shop` WHERE `uid` = 1 LIMIT 1   [ RunTime:0.0018s ]
SQL: SHOW COLUMNS FROM `fg_menu` [ RunTime:0.0024s ]
SQL: SELECT `id`,`title`,`url` FROM `fg_menu` WHERE `pid` = 0 AND `hide` = 0 AND `is_dev` = 0 ORDER BY sort asc  [ RunTime:0.0020s ]
SQL: SELECT `pid` FROM `fg_menu` WHERE ( pid !=0 AND url like '%Maintain/products%' ) LIMIT 1   [ RunTime:0.0018s ]
SQL: SELECT * FROM `fg_menu` WHERE `id` = 124 LIMIT 1   [ RunTime:0.0017s ]
SQL: SELECT DISTINCT  `group` FROM `fg_menu` WHERE `group` <> '' AND `pid` = 124  [ RunTime:0.0018s ]
SQL: SELECT `id`,`url` FROM `fg_menu` WHERE `pid` = 124 AND `hide` = 0 AND `is_dev` = 0  [ RunTime:0.0016s ]
SQL: SELECT `id`,`pid`,`title`,`url`,`tip` FROM `fg_menu` WHERE `group` = '保养' AND `pid` = 124 AND `hide` = 0 AND `is_dev` = 0 ORDER BY sort asc  [ RunTime:0.0018s ]
SQL: SELECT `id`,`pid`,`title`,`url`,`tip` FROM `fg_menu` WHERE `group` = '维修' AND `pid` = 124 AND `hide` = 0 AND `is_dev` = 0 ORDER BY sort asc  [ RunTime:0.0017s ]
SQL: SELECT `id`,`pid`,`title`,`url`,`tip` FROM `fg_menu` WHERE `group` = '租车' AND `pid` = 124 AND `hide` = 0 AND `is_dev` = 0 ORDER BY sort asc  [ RunTime:0.0017s ]
SQL: SELECT `id`,`pid`,`title`,`url`,`tip` FROM `fg_menu` WHERE `group` = '充电' AND `pid` = 124 AND `hide` = 0 AND `is_dev` = 0 ORDER BY sort asc  [ RunTime:0.0017s ]
SQL: SELECT `id`,`pid`,`title`,`url`,`tip` FROM `fg_menu` WHERE `group` = '销售' AND `pid` = 124 AND `hide` = 0 AND `is_dev` = 0 ORDER BY sort asc  [ RunTime:0.0018s ]
SQL: SELECT `id`,`pid`,`title`,`url`,`tip` FROM `fg_menu` WHERE `group` = '二手车' AND `pid` = 124 AND `hide` = 0 AND `is_dev` = 0 ORDER BY sort asc  [ RunTime:0.0017s ]
SQL: SHOW COLUMNS FROM `fg_maintain_product` [ RunTime:0.0034s ]
NOTIC: [8] Undefined variable: map /var/www/didi/Application/Admin/Controller/MaintainController.class.php 第 41 行.
SQL: SELECT `id`,`type`,`name`,`define`,`slogan`,`picture1`,`picture2`,`picture3`,`details`,`time`,`price`,`is_show`,`sort`,`oprice`,`content`,`cityid`,`areaid` FROM `fg_maintain_product` ORDER BY sort asc,id asc  [ RunTime:0.0021s ]
SQL: SHOW COLUMNS FROM `fg_city` [ RunTime:0.0023s ]
SQL: SHOW COLUMNS FROM `fg_city_area` [ RunTime:0.0021s ]
SQL: SELECT * FROM `fg_city` WHERE `id` = 1 LIMIT 1   [ RunTime:0.0017s ]
SQL: SELECT * FROM `fg_city_area` WHERE `id` = 1 LIMIT 1   [ RunTime:0.0016s ]
SQL: SELECT * FROM `fg_city` WHERE `id` = 1 LIMIT 1   [ RunTime:0.0017s ]
SQL: SELECT * FROM `fg_city_area` WHERE `id` = 1 LIMIT 1   [ RunTime:0.0017s ]
SQL: SELECT * FROM `fg_city` WHERE `id` = 1 LIMIT 1   [ RunTime:0.0016s ]
SQL: SELECT * FROM `fg_city_area` WHERE `id` = 1 LIMIT 1   [ RunTime:0.0017s ]
SQL: SELECT * FROM `fg_city` WHERE `id` = 1 LIMIT 1   [ RunTime:0.0017s ]
SQL: SELECT * FROM `fg_city_area` WHERE `id` = 1 LIMIT 1   [ RunTime:0.0016s ]
SQL: SELECT * FROM `fg_city` WHERE `id` = 1 LIMIT 1   [ RunTime:0.0016s ]
SQL: SELECT * FROM `fg_city_area` WHERE `id` = 1 LIMIT 1   [ RunTime:0.0016s ]
SQL: SELECT * FROM `fg_city` WHERE `id` = 1 LIMIT 1   [ RunTime:0.0016s ]
SQL: SELECT * FROM `fg_city_area` WHERE `id` = 1 LIMIT 1   [ RunTime:0.0017s ]
SQL: SELECT * FROM `fg_city` WHERE `id` = 1 LIMIT 1   [ RunTime:0.0019s ]
SQL: SELECT * FROM `fg_city_area` WHERE `id` = 1 LIMIT 1   [ RunTime:0.0017s ]
SQL: SELECT * FROM `fg_city` WHERE `id` = 1 LIMIT 1   [ RunTime:0.0017s ]
SQL: SELECT * FROM `fg_city_area` WHERE `id` = 1 LIMIT 1   [ RunTime:0.0017s ]
SQL: SELECT * FROM `fg_city` WHERE `id` = 1 LIMIT 1   [ RunTime:0.0017s ]
SQL: SELECT * FROM `fg_city_area` WHERE `id` = 1 LIMIT 1   [ RunTime:0.0016s ]
SQL: SELECT * FROM `fg_city` WHERE `id` = 1 LIMIT 1   [ RunTime:0.0016s ]
SQL: SELECT * FROM `fg_city_area` WHERE `id` = 1 LIMIT 1   [ RunTime:0.0016s ]
INFO: [ view_parse ] --START--
INFO: [ template_filter ] --START--
INFO: Run Behavior\ContentReplaceBehavior [ RunTime:0.000134s ]
INFO: [ template_filter ] --END-- [ RunTime:0.000217s ]
NOTIC: [8] Undefined variable: _page /var/www/didi/Runtime/Cache/Admin/f92cdbdf174d651b7764712a307fb553.php 第 147 行.
NOTIC: [8] Undefined variable: page /var/www/didi/Runtime/Cache/Admin/f92cdbdf174d651b7764712a307fb553.php 第 148 行.
INFO: Run Behavior\ParseTemplateBehavior [ RunTime:0.016591s ]
INFO: [ view_parse ] --END-- [ RunTime:0.016641s ]
INFO: [ view_filter ] --START--
INFO: Run Behavior\WriteHtmlCacheBehavior [ RunTime:0.000142s ]
INFO: [ view_filter ] --END-- [ RunTime:0.000181s ]
INFO: [ app_end ] --START--
INFO: Run Behavior\ShowPageTraceBehavior [ RunTime:0.000496s ]
INFO: [ app_end ] --END-- [ RunTime:0.000545s ]

[ 2016-05-26T22:37:42+08:00 ] 115.210.38.160 /admin.php?s=/Maintain/product_edit/id/16.html
INFO: [ app_init ] --START--
INFO: Run Behavior\BuildLiteBehavior [ RunTime:0.000015s ]
INFO: Run Common\Behavior\InitHookBehavior [ RunTime:0.001044s ]
INFO: [ app_init ] --END-- [ RunTime:0.001524s ]
INFO: [ app_begin ] --START--
INFO: Run Behavior\ReadHtmlCacheBehavior [ RunTime:0.000359s ]
INFO: [ app_begin ] --END-- [ RunTime:0.000409s ]
SQL: SHOW COLUMNS FROM `fg_shop` [ RunTime:0.0031s ]
SQL: SELECT * FROM `fg_shop` WHERE `uid` = 1 LIMIT 1   [ RunTime:0.0020s ]
SQL: SHOW COLUMNS FROM `fg_menu` [ RunTime:0.0024s ]
SQL: SELECT `id`,`title`,`url` FROM `fg_menu` WHERE `pid` = 0 AND `hide` = 0 AND `is_dev` = 0 ORDER BY sort asc  [ RunTime:0.0020s ]
SQL: SELECT `pid` FROM `fg_menu` WHERE ( pid !=0 AND url like '%Maintain/product_edit%' ) LIMIT 1   [ RunTime:0.0019s ]
SQL: SHOW COLUMNS FROM `fg_maintain_product` [ RunTime:0.0026s ]
SQL: SELECT `id`,`type`,`name`,`define`,`slogan`,`picture1`,`picture2`,`picture3`,`details`,`time`,`price`,`is_show`,`sort`,`oprice`,`content`,`cityid`,`areaid` FROM `fg_maintain_product` WHERE `id` = 16 LIMIT 1   [ RunTime:0.0026s ]
INFO: [ view_parse ] --START--
INFO: [ template_filter ] --START--
INFO: Run Behavior\ContentReplaceBehavior [ RunTime:0.000120s ]
INFO: [ template_filter ] --END-- [ RunTime:0.000187s ]
INFO: [ province_city_area ] --START--
SQL: SHOW COLUMNS FROM `fg_city` [ RunTime:0.0024s ]
SQL: SELECT * FROM `fg_city`  [ RunTime:0.0018s ]
INFO: [ view_parse ] --START--
INFO: [ template_filter ] --START--
INFO: Run Behavior\ContentReplaceBehavior [ RunTime:0.000037s ]
INFO: [ template_filter ] --END-- [ RunTime:-0.011133s ]
INFO: Run Behavior\ParseTemplateBehavior [ RunTime:0.002331s ]
INFO: [ view_parse ] --END-- [ RunTime:0.002381s ]
INFO: [ view_filter ] --START--
INFO: Run Behavior\WriteHtmlCacheBehavior [ RunTime:0.000125s ]
INFO: [ view_filter ] --END-- [ RunTime:0.000163s ]
INFO: Run Addons\Ssq\SsqAddon [ RunTime:0.008217s ]
INFO: [ province_city_area ] --END-- [ RunTime:0.008255s ]
INFO: [ adminPictureUpload ] --START--
SQL: SHOW COLUMNS FROM `fg_addons` [ RunTime:0.0024s ]
SQL: SELECT `config` FROM `fg_addons` WHERE `name` = 'PictureForAdmin' AND `status` = 1 LIMIT 1   [ RunTime:0.0017s ]
INFO: [ view_parse ] --START--
INFO: [ template_filter ] --START--
INFO: Run Behavior\ContentReplaceBehavior [ RunTime:0.000039s ]
INFO: [ template_filter ] --END-- [ RunTime:-0.017901s ]
INFO: Run Behavior\ParseTemplateBehavior [ RunTime:0.001672s ]
INFO: [ view_parse ] --END-- [ RunTime:-0.004994s ]
INFO: [ view_filter ] --START--
INFO: Run Behavior\WriteHtmlCacheBehavior [ RunTime:0.000010s ]
INFO: [ view_filter ] --END-- [ RunTime:-0.006544s ]
INFO: Run Addons\PictureForAdmin\PictureForAdminAddon [ RunTime:0.006544s ]
INFO: [ adminPictureUpload ] --END-- [ RunTime:0.006578s ]
INFO: [ adminPictureUpload ] --START--
INFO: [ view_parse ] --START--
INFO: [ template_filter ] --START--
INFO: Run Behavior\ContentReplaceBehavior [ RunTime:0.000040s ]
INFO: [ template_filter ] --END-- [ RunTime:-0.019781s ]
INFO: Run Behavior\ParseTemplateBehavior [ RunTime:0.001632s ]
INFO: [ view_parse ] --END-- [ RunTime:-0.006910s ]
INFO: [ view_filter ] --START--
INFO: Run Behavior\WriteHtmlCacheBehavior [ RunTime:0.000009s ]
INFO: [ view_filter ] --END-- [ RunTime:-0.008416s ]
INFO: Run Addons\PictureForAdmin\PictureForAdminAddon [ RunTime:0.001807s ]
INFO: [ adminPictureUpload ] --END-- [ RunTime:-0.000018s ]
INFO: [ adminPictureUpload ] --START--
INFO: [ view_parse ] --START--
INFO: [ template_filter ] --START--
INFO: Run Behavior\ContentReplaceBehavior [ RunTime:0.000040s ]
INFO: [ template_filter ] --END-- [ RunTime:-0.021658s ]
INFO: Run Behavior\ParseTemplateBehavior [ RunTime:0.001623s ]
INFO: [ view_parse ] --END-- [ RunTime:-0.008781s ]
INFO: [ view_filter ] --START--
INFO: Run Behavior\WriteHtmlCacheBehavior [ RunTime:0.000010s ]
INFO: [ view_filter ] --END-- [ RunTime:-0.010281s ]
INFO: Run Addons\PictureForAdmin\PictureForAdminAddon [ RunTime:0.001813s ]
INFO: [ adminPictureUpload ] --END-- [ RunTime:-0.001872s ]
INFO: [ adminArticleEdit ] --START--
SQL: SELECT `config` FROM `fg_addons` WHERE `name` = 'EditorForAdmin' AND `status` = 1 LIMIT 1   [ RunTime:0.0017s ]
INFO: [ view_parse ] --START--
INFO: [ template_filter ] --START--
INFO: Run Behavior\ContentReplaceBehavior [ RunTime:0.000105s ]
INFO: [ template_filter ] --END-- [ RunTime:-0.027525s ]
INFO: Run Behavior\ParseTemplateBehavior [ RunTime:0.004211s ]
INFO: [ view_parse ] --END-- [ RunTime:-0.012781s ]
INFO: [ view_filter ] --START--
INFO: Run Behavior\WriteHtmlCacheBehavior [ RunTime:0.000010s ]
INFO: [ view_filter ] --END-- [ RunTime:-0.016870s ]
INFO: Run Addons\EditorForAdmin\EditorForAdminAddon [ RunTime:0.006546s ]
INFO: [ adminArticleEdit ] --END-- [ RunTime:0.006577s ]
INFO: Run Behavior\ParseTemplateBehavior [ RunTime:0.004438s ]
INFO: [ view_parse ] --END-- [ RunTime:-0.012781s ]
INFO: [ view_filter ] --START--
INFO: Run Behavior\WriteHtmlCacheBehavior [ RunTime:0.000009s ]
INFO: [ view_filter ] --END-- [ RunTime:-0.017096s ]
INFO: [ app_end ] --START--
INFO: Run Behavior\ShowPageTraceBehavior [ RunTime:0.000487s ]
INFO: [ app_end ] --END-- [ RunTime:0.000534s ]

[ 2016-05-26T22:37:43+08:00 ] 115.210.38.160 /admin.php?s=/Addons/execute/_addons/Ssq/_controller/Ssq/_action/get_area.html&cityid=1
INFO: [ app_init ] --START--
INFO: Run Behavior\BuildLiteBehavior [ RunTime:0.000017s ]
INFO: Run Common\Behavior\InitHookBehavior [ RunTime:0.001058s ]
INFO: [ app_init ] --END-- [ RunTime:0.001558s ]
INFO: [ app_begin ] --START--
INFO: Run Behavior\ReadHtmlCacheBehavior [ RunTime:0.000385s ]
INFO: [ app_begin ] --END-- [ RunTime:0.000432s ]
SQL: SHOW COLUMNS FROM `fg_addons` [ RunTime:0.0028s ]
SQL: SELECT `title`,`name` FROM `fg_addons` WHERE ( status=1 AND has_adminlist=1 )  [ RunTime:0.0018s ]
SQL: SHOW COLUMNS FROM `fg_shop` [ RunTime:0.0030s ]
SQL: SELECT * FROM `fg_shop` WHERE `uid` = 1 LIMIT 1   [ RunTime:0.0018s ]
SQL: SHOW COLUMNS FROM `fg_menu` [ RunTime:0.0023s ]
SQL: SELECT `id`,`title`,`url` FROM `fg_menu` WHERE `pid` = 0 AND `hide` = 0 AND `is_dev` = 0 ORDER BY sort asc  [ RunTime:0.0019s ]
SQL: SELECT `pid` FROM `fg_menu` WHERE ( pid !=0 AND url like '%Addons/execute%' ) LIMIT 1   [ RunTime:0.0018s ]
SQL: SELECT * FROM `fg_menu` WHERE `id` = 44 LIMIT 1   [ RunTime:0.0018s ]
SQL: SELECT * FROM `fg_menu` WHERE `id` = 43 LIMIT 1   [ RunTime:0.0017s ]
SQL: SELECT DISTINCT  `group` FROM `fg_menu` WHERE `group` <> '' AND `pid` = 43  [ RunTime:0.0019s ]
SQL: SELECT `id`,`url` FROM `fg_menu` WHERE `pid` = 43 AND `hide` = 0 AND `is_dev` = 0  [ RunTime:0.0017s ]
SQL: SELECT `id`,`pid`,`title`,`url`,`tip` FROM `fg_menu` WHERE `group` = '扩展' AND `pid` = 43 AND `hide` = 0 AND `is_dev` = 0 ORDER BY sort asc  [ RunTime:0.0020s ]
SQL: SHOW COLUMNS FROM `fg_city_area` [ RunTime:0.0022s ]
SQL: SELECT * FROM `fg_city_area` WHERE `cityid` = 1  [ RunTime:0.0018s ]

