[ 2016-06-03T12:14:05+08:00 ] 115.212.63.252 /admin.php
INFO: [ app_init ] --START--
INFO: Run Behavior\BuildLiteBehavior [ RunTime:0.000021s ]
INFO: Run Common\Behavior\InitHookBehavior [ RunTime:0.001682s ]
INFO: [ app_init ] --END-- [ RunTime:0.002272s ]
INFO: [ app_begin ] --START--
INFO: Run Behavior\ReadHtmlCacheBehavior [ RunTime:0.000423s ]
INFO: [ app_begin ] --END-- [ RunTime:0.000494s ]

[ 2016-06-03T12:14:05+08:00 ] 115.212.63.252 /admin.php?s=/Public/login.html
INFO: [ app_init ] --START--
INFO: Run Behavior\BuildLiteBehavior [ RunTime:0.000017s ]
INFO: Run Common\Behavior\InitHookBehavior [ RunTime:0.001081s ]
INFO: [ app_init ] --END-- [ RunTime:0.001590s ]
INFO: [ app_begin ] --START--
INFO: Run Behavior\ReadHtmlCacheBehavior [ RunTime:0.000399s ]
INFO: [ app_begin ] --END-- [ RunTime:0.000454s ]
INFO: [ view_parse ] --START--
INFO: [ template_filter ] --START--
INFO: Run Behavior\ContentReplaceBehavior [ RunTime:0.000092s ]
INFO: [ template_filter ] --END-- [ RunTime:0.000174s ]
INFO: Run Behavior\ParseTemplateBehavior [ RunTime:0.006133s ]
INFO: [ view_parse ] --END-- [ RunTime:0.006202s ]
INFO: [ view_filter ] --START--
INFO: Run Behavior\WriteHtmlCacheBehavior [ RunTime:0.000179s ]
INFO: [ view_filter ] --END-- [ RunTime:0.000248s ]
INFO: [ app_end ] --START--
INFO: Run Behavior\ShowPageTraceBehavior [ RunTime:0.000671s ]
INFO: [ app_end ] --END-- [ RunTime:0.000736s ]

[ 2016-06-03T12:14:05+08:00 ] 115.212.63.252 /admin.php?s=/Public/verify.html
INFO: [ app_init ] --START--
INFO: Run Behavior\BuildLiteBehavior [ RunTime:0.000038s ]
INFO: Run Common\Behavior\InitHookBehavior [ RunTime:0.001073s ]
INFO: [ app_init ] --END-- [ RunTime:0.001623s ]
INFO: [ app_begin ] --START--
INFO: Run Behavior\ReadHtmlCacheBehavior [ RunTime:0.000389s ]
INFO: [ app_begin ] --END-- [ RunTime:0.000439s ]
INFO: [ app_end ] --START--
INFO: Run Behavior\ShowPageTraceBehavior [ RunTime:0.000413s ]
INFO: [ app_end ] --END-- [ RunTime:0.000466s ]

[ 2016-06-03T12:14:33+08:00 ] 115.212.63.252 /admin.php?s=/Public/login.html
INFO: [ app_init ] --START--
INFO: Run Behavior\BuildLiteBehavior [ RunTime:0.000018s ]
INFO: Run Common\Behavior\InitHookBehavior [ RunTime:0.001112s ]
INFO: [ app_init ] --END-- [ RunTime:0.001694s ]
INFO: [ app_begin ] --START--
INFO: Run Behavior\ReadHtmlCacheBehavior [ RunTime:0.000370s ]
INFO: [ app_begin ] --END-- [ RunTime:0.000417s ]

[ 2016-06-03T12:14:33+08:00 ] 115.212.63.252 /admin.php?s=/Public/verify.html&random=0.602283036801964
INFO: [ app_init ] --START--
INFO: Run Behavior\BuildLiteBehavior [ RunTime:0.000017s ]
INFO: Run Common\Behavior\InitHookBehavior [ RunTime:0.001117s ]
INFO: [ app_init ] --END-- [ RunTime:0.001628s ]
INFO: [ app_begin ] --START--
INFO: Run Behavior\ReadHtmlCacheBehavior [ RunTime:0.000385s ]
INFO: [ app_begin ] --END-- [ RunTime:0.000458s ]
INFO: [ app_end ] --START--
INFO: Run Behavior\ShowPageTraceBehavior [ RunTime:0.000438s ]
INFO: [ app_end ] --END-- [ RunTime:0.000493s ]

[ 2016-06-03T12:14:42+08:00 ] 115.212.63.252 /admin.php?s=/Public/login.html
INFO: [ app_init ] --START--
INFO: Run Behavior\BuildLiteBehavior [ RunTime:0.000021s ]
INFO: Run Common\Behavior\InitHookBehavior [ RunTime:0.001199s ]
INFO: [ app_init ] --END-- [ RunTime:0.001877s ]
INFO: [ app_begin ] --START--
INFO: Run Behavior\ReadHtmlCacheBehavior [ RunTime:0.000485s ]
INFO: [ app_begin ] --END-- [ RunTime:0.000541s ]
NOTIC: [8] Undefined index: lite /var/www/didi/ThinkPHP/Library/Think/Db.class.php 第 37 行.
SQL: SHOW COLUMNS FROM `fg_member` [ RunTime:0.0026s ]
SQL: SELECT `uid`,`nickname`,`sex`,`birthday`,`qq`,`score`,`login`,`reg_ip`,`reg_time`,`last_login_ip`,`last_login_time`,`status`,`group_id` FROM `fg_member` WHERE `uid` = 1 LIMIT 1   [ RunTime:0.0018s ]
SQL: SHOW COLUMNS FROM `fg_action` [ RunTime:0.0022s ]
SQL: SELECT * FROM `fg_action` WHERE `name` = 'user_login' LIMIT 1   [ RunTime:0.0017s ]
SQL: SHOW COLUMNS FROM `fg_action_log` [ RunTime:0.0026s ]
SQL: INSERT INTO `fg_action_log` (`action_id`,`user_id`,`action_ip`,`model`,`record_id`,`create_time`,`remark`) VALUES ('1','1','1943289852','member','1','1464927282','admin在2016-06-03 12:14登录了后台') [ RunTime:0.0028s ]
SQL: SELECT * FROM `fg_action` WHERE `name` = 'user_login' LIMIT 1   [ RunTime:0.0017s ]
NOTIC: [8] Undefined offset: 1 /var/www/didi/Application/Common/Common/function.php 第 679 行.
NOTIC: [2] array_key_exists() expects parameter 2 to be array, null given /var/www/didi/Application/Common/Common/function.php 第 679 行.
SQL: SELECT COUNT(*) AS tp_count FROM `fg_action_log` WHERE `action_id` = 1 AND `user_id` = 1 AND `create_time` > 1464840882 LIMIT 1   [ RunTime:0.0018s ]
SQL: SHOW COLUMNS FROM `fg_shop` [ RunTime:0.0031s ]
SQL: SELECT * FROM `fg_shop` WHERE `uid` = 1 LIMIT 1   [ RunTime:0.0017s ]
SQL: UPDATE `fg_member` SET `login`=`login`+1,`last_login_time`='1464927282',`last_login_ip`='1943289852' WHERE `uid` = 1 [ RunTime:0.0028s ]

[ 2016-06-03T12:14:42+08:00 ] 115.212.63.252 /admin.php?s=/Index/index.html
INFO: [ app_init ] --START--
INFO: Run Behavior\BuildLiteBehavior [ RunTime:0.000016s ]
INFO: Run Common\Behavior\InitHookBehavior [ RunTime:0.001046s ]
INFO: [ app_init ] --END-- [ RunTime:0.001571s ]
INFO: [ app_begin ] --START--
INFO: Run Behavior\ReadHtmlCacheBehavior [ RunTime:0.000387s ]
INFO: [ app_begin ] --END-- [ RunTime:0.000439s ]
SQL: SHOW COLUMNS FROM `fg_shop` [ RunTime:0.0030s ]
SQL: SELECT * FROM `fg_shop` WHERE `uid` = 1 LIMIT 1   [ RunTime:0.0019s ]
SQL: SHOW COLUMNS FROM `fg_menu` [ RunTime:0.0024s ]
SQL: SELECT `id`,`title`,`url` FROM `fg_menu` WHERE `pid` = 0 AND `hide` = 0 AND `is_dev` = 0 ORDER BY sort asc  [ RunTime:0.0018s ]
SQL: SELECT `pid` FROM `fg_menu` WHERE ( pid !=0 AND url like '%Index/index%' ) LIMIT 1   [ RunTime:0.0019s ]
INFO: [ view_parse ] --START--
INFO: [ template_filter ] --START--
INFO: Run Behavior\ContentReplaceBehavior [ RunTime:0.000135s ]
INFO: [ template_filter ] --END-- [ RunTime:0.000194s ]
INFO: [ AdminIndex ] --START--
SQL: SHOW COLUMNS FROM `fg_addons` [ RunTime:0.0026s ]
SQL: SELECT `config` FROM `fg_addons` WHERE `name` = 'SiteStat' AND `status` = 1 LIMIT 1   [ RunTime:0.0018s ]
SQL: SHOW COLUMNS FROM `fg_member` [ RunTime:0.0025s ]
SQL: SELECT COUNT(*) AS tp_count FROM `fg_member` LIMIT 1   [ RunTime:0.0017s ]
SQL: SHOW COLUMNS FROM `fg_action_log` [ RunTime:0.0022s ]
SQL: SELECT COUNT(*) AS tp_count FROM `fg_action_log` LIMIT 1   [ RunTime:0.0016s ]
SQL: SHOW COLUMNS FROM `fg_document` [ RunTime:0.0027s ]
SQL: SELECT COUNT(*) AS tp_count FROM `fg_document` LIMIT 1   [ RunTime:0.0017s ]
SQL: SHOW COLUMNS FROM `fg_category` [ RunTime:0.0027s ]
SQL: SELECT COUNT(*) AS tp_count FROM `fg_category` LIMIT 1   [ RunTime:0.0016s ]
SQL: SHOW COLUMNS FROM `fg_model` [ RunTime:0.0025s ]
SQL: SELECT COUNT(*) AS tp_count FROM `fg_model` LIMIT 1   [ RunTime:0.0017s ]
INFO: [ view_parse ] --START--
INFO: [ template_filter ] --START--
INFO: Run Behavior\ContentReplaceBehavior [ RunTime:0.000038s ]
INFO: [ template_filter ] --END-- [ RunTime:-0.031529s ]
INFO: Run Behavior\ParseTemplateBehavior [ RunTime:0.001893s ]
INFO: [ view_parse ] --END-- [ RunTime:0.001946s ]
INFO: [ view_filter ] --START--
INFO: Run Behavior\WriteHtmlCacheBehavior [ RunTime:0.000157s ]
INFO: [ view_filter ] --END-- [ RunTime:0.000195s ]
INFO: Run Addons\SiteStat\SiteStatAddon [ RunTime:0.030494s ]
SQL: SELECT `config` FROM `fg_addons` WHERE `name` = 'SystemInfo' AND `status` = 1 LIMIT 1   [ RunTime:0.0016s ]
INFO: [ view_parse ] --START--
INFO: [ template_filter ] --START--
INFO: Run Behavior\ContentReplaceBehavior [ RunTime:0.000046s ]
INFO: [ template_filter ] --END-- [ RunTime:-0.217495s ]
SQL: select version() as v; [ RunTime:0.0017s ]
INFO: Run Behavior\ParseTemplateBehavior [ RunTime:0.004395s ]
INFO: [ view_parse ] --END-- [ RunTime:-0.183663s ]
INFO: [ view_filter ] --START--
INFO: Run Behavior\WriteHtmlCacheBehavior [ RunTime:0.000013s ]
INFO: [ view_filter ] --END-- [ RunTime:-0.187951s ]
INFO: Run Addons\SystemInfo\SystemInfoAddon [ RunTime:0.187979s ]
SQL: SELECT `config` FROM `fg_addons` WHERE `name` = 'DevTeam' AND `status` = 1 LIMIT 1   [ RunTime:0.0017s ]
INFO: [ view_parse ] --START--
INFO: [ template_filter ] --START--
INFO: Run Behavior\ContentReplaceBehavior [ RunTime:0.000032s ]
INFO: [ template_filter ] --END-- [ RunTime:-0.223704s ]
INFO: Run Behavior\ParseTemplateBehavior [ RunTime:0.001472s ]
INFO: [ view_parse ] --END-- [ RunTime:-0.190471s ]
INFO: [ view_filter ] --START--
INFO: Run Behavior\WriteHtmlCacheBehavior [ RunTime:0.000010s ]
INFO: [ view_filter ] --END-- [ RunTime:-0.191788s ]
INFO: Run Addons\DevTeam\DevTeamAddon [ RunTime:0.003808s ]
INFO: [ AdminIndex ] --END-- [ RunTime:0.222358s ]
INFO: Run Behavior\ParseTemplateBehavior [ RunTime:0.001636s ]
INFO: [ view_parse ] --END-- [ RunTime:-0.190471s ]
INFO: [ view_filter ] --START--
INFO: Run Behavior\WriteHtmlCacheBehavior [ RunTime:0.000008s ]
INFO: [ view_filter ] --END-- [ RunTime:-0.191946s ]
INFO: [ app_end ] --START--
INFO: Run Behavior\ShowPageTraceBehavior [ RunTime:0.000528s ]
INFO: [ app_end ] --END-- [ RunTime:0.000576s ]

[ 2016-06-03T12:14:45+08:00 ] 115.212.63.252 /admin.php?s=/Shop/index.html
INFO: [ app_init ] --START--
INFO: Run Behavior\BuildLiteBehavior [ RunTime:0.000022s ]
INFO: Run Common\Behavior\InitHookBehavior [ RunTime:0.001032s ]
INFO: [ app_init ] --END-- [ RunTime:0.001573s ]
INFO: [ app_begin ] --START--
INFO: Run Behavior\ReadHtmlCacheBehavior [ RunTime:0.000579s ]
INFO: [ app_begin ] --END-- [ RunTime:0.000633s ]
SQL: SHOW COLUMNS FROM `fg_shop` [ RunTime:0.0033s ]
SQL: SELECT * FROM `fg_shop` WHERE `uid` = 1 LIMIT 1   [ RunTime:0.0018s ]
SQL: SHOW COLUMNS FROM `fg_menu` [ RunTime:0.0022s ]
SQL: SELECT `id`,`title`,`url` FROM `fg_menu` WHERE `pid` = 0 AND `hide` = 0 AND `is_dev` = 0 ORDER BY sort asc  [ RunTime:0.0017s ]
SQL: SELECT `pid` FROM `fg_menu` WHERE ( pid !=0 AND url like '%Shop/index%' ) LIMIT 1   [ RunTime:0.0017s ]
SQL: SELECT * FROM `fg_menu` WHERE `id` = 137 LIMIT 1   [ RunTime:0.0014s ]
SQL: SELECT DISTINCT  `group` FROM `fg_menu` WHERE `group` <> '' AND `pid` = 137  [ RunTime:0.0017s ]
SQL: SELECT `id`,`url` FROM `fg_menu` WHERE `pid` = 137 AND `hide` = 0 AND `is_dev` = 0  [ RunTime:0.0015s ]
SQL: SELECT `id`,`pid`,`title`,`url`,`tip` FROM `fg_menu` WHERE `group` = '门店' AND `pid` = 137 AND `hide` = 0 AND `is_dev` = 0 ORDER BY sort asc  [ RunTime:0.0016s ]
SQL: SELECT `id`,`pid`,`title`,`url`,`tip` FROM `fg_menu` WHERE `group` = '运营商' AND `pid` = 137 AND `hide` = 0 AND `is_dev` = 0 ORDER BY sort asc  [ RunTime:0.0016s ]
SQL: SELECT `id`,`pid`,`title`,`url`,`tip` FROM `fg_menu` WHERE `group` = '微信管理' AND `pid` = 137 AND `hide` = 0 AND `is_dev` = 0 ORDER BY sort asc  [ RunTime:0.0016s ]
SQL: SELECT `id`,`pid`,`title`,`url`,`tip` FROM `fg_menu` WHERE `group` = '权限' AND `pid` = 137 AND `hide` = 0 AND `is_dev` = 0 ORDER BY sort asc  [ RunTime:0.0015s ]
SQL: SELECT `id`,`pid`,`title`,`url`,`tip` FROM `fg_menu` WHERE `group` = '优惠券管理' AND `pid` = 137 AND `hide` = 0 AND `is_dev` = 0 ORDER BY sort asc  [ RunTime:0.0016s ]
SQL: SELECT `id`,`pid`,`title`,`url`,`tip` FROM `fg_menu` WHERE `group` = '渠道管理' AND `pid` = 137 AND `hide` = 0 AND `is_dev` = 0 ORDER BY sort asc  [ RunTime:0.0016s ]
SQL: SELECT `id`,`pid`,`title`,`url`,`tip` FROM `fg_menu` WHERE `group` = '投诉管理' AND `pid` = 137 AND `hide` = 0 AND `is_dev` = 0 ORDER BY sort asc  [ RunTime:0.0015s ]
SQL: SELECT `id`,`pid`,`title`,`url`,`tip` FROM `fg_menu` WHERE `group` = '区域' AND `pid` = 137 AND `hide` = 0 AND `is_dev` = 0 ORDER BY sort asc  [ RunTime:0.0016s ]
SQL: SELECT `id`,`pid`,`title`,`url`,`tip` FROM `fg_menu` WHERE `group` = '红包管理' AND `pid` = 137 AND `hide` = 0 AND `is_dev` = 0 ORDER BY sort asc  [ RunTime:0.0016s ]
SQL: SELECT `id`,`uid`,`carrierid`,`name`,`cityid`,`areaid`,`picture1`,`picture2`,`picture3`,`latitude`,`longitude`,`tel`,`mobile`,`address`,`intro`,`shopno`,`orders`,`star`,`status`,`openid`,`wechatname`,`shop_type`,`s_rent`,`s_maintain`,`s_repair`,`s_mall` FROM `fg_shop` WHERE `shop_type` = 1 ORDER BY id asc  [ RunTime:0.0018s ]
SQL: SHOW COLUMNS FROM `fg_city` [ RunTime:0.0021s ]
SQL: SELECT * FROM `fg_city` WHERE `id` = 1 LIMIT 1   [ RunTime:0.0016s ]
SQL: SHOW COLUMNS FROM `fg_city_area` [ RunTime:0.0018s ]
SQL: SELECT * FROM `fg_city_area` WHERE `id` = 1 LIMIT 1   [ RunTime:0.0016s ]
SQL: SELECT * FROM `fg_city` WHERE `id` = 1 LIMIT 1   [ RunTime:0.0014s ]
SQL: SELECT * FROM `fg_city_area` WHERE `id` = 1 LIMIT 1   [ RunTime:0.0014s ]
SQL: SELECT * FROM `fg_city` WHERE `id` = 1 LIMIT 1   [ RunTime:0.0014s ]
SQL: SELECT * FROM `fg_city_area` WHERE `id` = 1 LIMIT 1   [ RunTime:0.0016s ]
SQL: SELECT * FROM `fg_city` WHERE `id` = 1 LIMIT 1   [ RunTime:0.0015s ]
SQL: SELECT * FROM `fg_city_area` WHERE `id` = 1 LIMIT 1   [ RunTime:0.0014s ]
SQL: SELECT * FROM `fg_city` WHERE `id` = 1 LIMIT 1   [ RunTime:0.0016s ]
SQL: SELECT * FROM `fg_city_area` WHERE `id` = 1 LIMIT 1   [ RunTime:0.0014s ]
SQL: SELECT * FROM `fg_city` WHERE `id` = 1 LIMIT 1   [ RunTime:0.0015s ]
SQL: SELECT * FROM `fg_city_area` WHERE `id` = 1 LIMIT 1   [ RunTime:0.0015s ]
SQL: SELECT * FROM `fg_city` WHERE `id` = 1 LIMIT 1   [ RunTime:0.0017s ]
SQL: SELECT * FROM `fg_city_area` WHERE `id` = 1 LIMIT 1   [ RunTime:0.0014s ]
SQL: SELECT * FROM `fg_city` WHERE `id` = 1 LIMIT 1   [ RunTime:0.0016s ]
SQL: SELECT * FROM `fg_city_area` WHERE `id` = 1 LIMIT 1   [ RunTime:0.0017s ]
SQL: SELECT * FROM `fg_city` WHERE `id` = 1 LIMIT 1   [ RunTime:0.0018s ]
SQL: SELECT * FROM `fg_city_area` WHERE `id` = 1 LIMIT 1   [ RunTime:0.0015s ]
SQL: SELECT * FROM `fg_city` WHERE `id` = 1 LIMIT 1   [ RunTime:0.0015s ]
SQL: SELECT * FROM `fg_city_area` WHERE `id` = 1 LIMIT 1   [ RunTime:0.0014s ]
SQL: SELECT * FROM `fg_city` WHERE `id` = 1 LIMIT 1   [ RunTime:0.0048s ]
SQL: SELECT * FROM `fg_city_area` WHERE `id` = 1 LIMIT 1   [ RunTime:0.0014s ]
SQL: SELECT * FROM `fg_city` WHERE `id` = 1 LIMIT 1   [ RunTime:0.0014s ]
SQL: SELECT * FROM `fg_city_area` WHERE `id` = 1 LIMIT 1   [ RunTime:0.0015s ]
SQL: SELECT * FROM `fg_city` WHERE `id` = 1 LIMIT 1   [ RunTime:0.0014s ]
SQL: SELECT * FROM `fg_city_area` WHERE `id` = 1 LIMIT 1   [ RunTime:0.0015s ]
SQL: SELECT * FROM `fg_city` WHERE `id` = 1 LIMIT 1   [ RunTime:0.0015s ]
SQL: SELECT * FROM `fg_city_area` WHERE `id` = 1 LIMIT 1   [ RunTime:0.0014s ]
SQL: SELECT * FROM `fg_city` WHERE `id` = 1 LIMIT 1   [ RunTime:0.0015s ]
SQL: SELECT * FROM `fg_city_area` WHERE `id` = 1 LIMIT 1   [ RunTime:0.0016s ]
SQL: SELECT * FROM `fg_city` WHERE `id` = 3 LIMIT 1   [ RunTime:0.0015s ]
SQL: SELECT * FROM `fg_city_area` WHERE `id` = 3 LIMIT 1   [ RunTime:0.0015s ]
SQL: SELECT * FROM `fg_city` WHERE `id` = 5 LIMIT 1   [ RunTime:0.0016s ]
SQL: SELECT * FROM `fg_city_area` WHERE `id` = -1 LIMIT 1   [ RunTime:0.0015s ]
SQL: SELECT * FROM `fg_city` WHERE `id` = 4 LIMIT 1   [ RunTime:0.0015s ]
SQL: SELECT * FROM `fg_city_area` WHERE `id` = -1 LIMIT 1   [ RunTime:0.0014s ]
SQL: SELECT * FROM `fg_city` WHERE `id` = 3 LIMIT 1   [ RunTime:0.0015s ]
SQL: SELECT * FROM `fg_city_area` WHERE `id` = 3 LIMIT 1   [ RunTime:0.0015s ]
SQL: SELECT * FROM `fg_city` WHERE `id` = 3 LIMIT 1   [ RunTime:0.0017s ]
SQL: SELECT * FROM `fg_city_area` WHERE `id` = 3 LIMIT 1   [ RunTime:0.0014s ]
SQL: SELECT * FROM `fg_city` WHERE `id` = 6 LIMIT 1   [ RunTime:0.0014s ]
SQL: SELECT * FROM `fg_city_area` WHERE `id` = 4 LIMIT 1   [ RunTime:0.0014s ]
INFO: [ view_parse ] --START--
INFO: [ template_filter ] --START--
INFO: Run Behavior\ContentReplaceBehavior [ RunTime:0.000121s ]
INFO: [ template_filter ] --END-- [ RunTime:0.000180s ]
INFO: Run Behavior\ParseTemplateBehavior [ RunTime:0.021601s ]
INFO: [ view_parse ] --END-- [ RunTime:0.021655s ]
INFO: [ view_filter ] --START--
INFO: Run Behavior\WriteHtmlCacheBehavior [ RunTime:0.000159s ]
INFO: [ view_filter ] --END-- [ RunTime:0.000200s ]
INFO: [ app_end ] --START--
INFO: Run Behavior\ShowPageTraceBehavior [ RunTime:0.000465s ]
INFO: [ app_end ] --END-- [ RunTime:0.000513s ]

[ 2016-06-03T12:14:47+08:00 ] 180.153.206.17 /admin.php?s=/Shop/index.html
INFO: [ app_init ] --START--
INFO: Run Behavior\BuildLiteBehavior [ RunTime:0.000018s ]
INFO: Run Common\Behavior\InitHookBehavior [ RunTime:0.001124s ]
INFO: [ app_init ] --END-- [ RunTime:0.001690s ]
INFO: [ app_begin ] --START--
INFO: Run Behavior\ReadHtmlCacheBehavior [ RunTime:0.000369s ]
INFO: [ app_begin ] --END-- [ RunTime:0.000427s ]

[ 2016-06-03T12:14:47+08:00 ] 101.226.227.98 /admin.php?s=/Shop/index.html
INFO: [ app_init ] --START--
INFO: Run Behavior\BuildLiteBehavior [ RunTime:0.000015s ]
INFO: Run Common\Behavior\InitHookBehavior [ RunTime:0.001120s ]
INFO: [ app_init ] --END-- [ RunTime:0.001641s ]
INFO: [ app_begin ] --START--
INFO: Run Behavior\ReadHtmlCacheBehavior [ RunTime:0.000363s ]
INFO: [ app_begin ] --END-- [ RunTime:0.000414s ]

[ 2016-06-03T12:14:47+08:00 ] 180.153.206.17 /admin.php?s=/Public/login.html
INFO: [ app_init ] --START--
INFO: Run Behavior\BuildLiteBehavior [ RunTime:0.000017s ]
INFO: Run Common\Behavior\InitHookBehavior [ RunTime:0.001214s ]
INFO: [ app_init ] --END-- [ RunTime:0.001897s ]
INFO: [ app_begin ] --START--
INFO: Run Behavior\ReadHtmlCacheBehavior [ RunTime:0.000372s ]
INFO: [ app_begin ] --END-- [ RunTime:0.000445s ]
INFO: [ view_parse ] --START--
INFO: [ template_filter ] --START--
INFO: Run Behavior\ContentReplaceBehavior [ RunTime:0.000051s ]
INFO: [ template_filter ] --END-- [ RunTime:0.000100s ]
INFO: Run Behavior\ParseTemplateBehavior [ RunTime:0.005579s ]
INFO: [ view_parse ] --END-- [ RunTime:0.005627s ]
INFO: [ view_filter ] --START--
INFO: Run Behavior\WriteHtmlCacheBehavior [ RunTime:0.000137s ]
INFO: [ view_filter ] --END-- [ RunTime:0.000175s ]
INFO: [ app_end ] --START--
INFO: Run Behavior\ShowPageTraceBehavior [ RunTime:0.000383s ]
INFO: [ app_end ] --END-- [ RunTime:0.000426s ]

[ 2016-06-03T12:14:47+08:00 ] 101.226.227.98 /admin.php?s=/Public/login.html
INFO: [ app_init ] --START--
INFO: Run Behavior\BuildLiteBehavior [ RunTime:0.000016s ]
INFO: Run Common\Behavior\InitHookBehavior [ RunTime:0.001105s ]
INFO: [ app_init ] --END-- [ RunTime:0.001610s ]
INFO: [ app_begin ] --START--
INFO: Run Behavior\ReadHtmlCacheBehavior [ RunTime:0.000390s ]
INFO: [ app_begin ] --END-- [ RunTime:0.000440s ]
INFO: [ view_parse ] --START--
INFO: [ template_filter ] --START--
INFO: Run Behavior\ContentReplaceBehavior [ RunTime:0.000055s ]
INFO: [ template_filter ] --END-- [ RunTime:0.000106s ]
INFO: Run Behavior\ParseTemplateBehavior [ RunTime:0.005351s ]
INFO: [ view_parse ] --END-- [ RunTime:0.005404s ]
INFO: [ view_filter ] --START--
INFO: Run Behavior\WriteHtmlCacheBehavior [ RunTime:0.000120s ]
INFO: [ view_filter ] --END-- [ RunTime:0.000158s ]
INFO: [ app_end ] --START--
INFO: Run Behavior\ShowPageTraceBehavior [ RunTime:0.000417s ]
INFO: [ app_end ] --END-- [ RunTime:0.000461s ]

[ 2016-06-03T12:14:51+08:00 ] 115.212.63.252 /admin.php?s=/Canal/index.html
INFO: [ app_init ] --START--
INFO: Run Behavior\BuildLiteBehavior [ RunTime:0.000017s ]
INFO: Run Common\Behavior\InitHookBehavior [ RunTime:0.001159s ]
INFO: [ app_init ] --END-- [ RunTime:0.001699s ]
INFO: [ app_begin ] --START--
INFO: Run Behavior\ReadHtmlCacheBehavior [ RunTime:0.000441s ]
INFO: [ app_begin ] --END-- [ RunTime:0.000493s ]
SQL: SHOW COLUMNS FROM `fg_shop` [ RunTime:0.0032s ]
SQL: SELECT * FROM `fg_shop` WHERE `uid` = 1 LIMIT 1   [ RunTime:0.0020s ]
SQL: SHOW COLUMNS FROM `fg_menu` [ RunTime:0.0023s ]
SQL: SELECT `id`,`title`,`url` FROM `fg_menu` WHERE `pid` = 0 AND `hide` = 0 AND `is_dev` = 0 ORDER BY sort asc  [ RunTime:0.0018s ]
SQL: SELECT `pid` FROM `fg_menu` WHERE ( pid !=0 AND url like '%Canal/index%' ) LIMIT 1   [ RunTime:0.0019s ]
SQL: SELECT * FROM `fg_menu` WHERE `id` = 137 LIMIT 1   [ RunTime:0.0016s ]
SQL: SELECT DISTINCT  `group` FROM `fg_menu` WHERE `group` <> '' AND `pid` = 137  [ RunTime:0.0019s ]
SQL: SELECT `id`,`url` FROM `fg_menu` WHERE `pid` = 137 AND `hide` = 0 AND `is_dev` = 0  [ RunTime:0.0018s ]
SQL: SELECT `id`,`pid`,`title`,`url`,`tip` FROM `fg_menu` WHERE `group` = '门店' AND `pid` = 137 AND `hide` = 0 AND `is_dev` = 0 ORDER BY sort asc  [ RunTime:0.0018s ]
SQL: SELECT `id`,`pid`,`title`,`url`,`tip` FROM `fg_menu` WHERE `group` = '运营商' AND `pid` = 137 AND `hide` = 0 AND `is_dev` = 0 ORDER BY sort asc  [ RunTime:0.0017s ]
SQL: SELECT `id`,`pid`,`title`,`url`,`tip` FROM `fg_menu` WHERE `group` = '微信管理' AND `pid` = 137 AND `hide` = 0 AND `is_dev` = 0 ORDER BY sort asc  [ RunTime:0.0018s ]
SQL: SELECT `id`,`pid`,`title`,`url`,`tip` FROM `fg_menu` WHERE `group` = '权限' AND `pid` = 137 AND `hide` = 0 AND `is_dev` = 0 ORDER BY sort asc  [ RunTime:0.0018s ]
SQL: SELECT `id`,`pid`,`title`,`url`,`tip` FROM `fg_menu` WHERE `group` = '优惠券管理' AND `pid` = 137 AND `hide` = 0 AND `is_dev` = 0 ORDER BY sort asc  [ RunTime:0.0019s ]
SQL: SELECT `id`,`pid`,`title`,`url`,`tip` FROM `fg_menu` WHERE `group` = '渠道管理' AND `pid` = 137 AND `hide` = 0 AND `is_dev` = 0 ORDER BY sort asc  [ RunTime:0.0018s ]
SQL: SELECT `id`,`pid`,`title`,`url`,`tip` FROM `fg_menu` WHERE `group` = '投诉管理' AND `pid` = 137 AND `hide` = 0 AND `is_dev` = 0 ORDER BY sort asc  [ RunTime:0.0018s ]
SQL: SELECT `id`,`pid`,`title`,`url`,`tip` FROM `fg_menu` WHERE `group` = '区域' AND `pid` = 137 AND `hide` = 0 AND `is_dev` = 0 ORDER BY sort asc  [ RunTime:0.0019s ]
SQL: SELECT `id`,`pid`,`title`,`url`,`tip` FROM `fg_menu` WHERE `group` = '红包管理' AND `pid` = 137 AND `hide` = 0 AND `is_dev` = 0 ORDER BY sort asc  [ RunTime:0.0018s ]
SQL: SHOW COLUMNS FROM `fg_canal` [ RunTime:0.0023s ]
SQL: SELECT `id`,`name`,`code`,`qimg`,`click`,`status`,`pid`,`keyword` FROM `fg_canal` WHERE `code` = 'YX' ORDER BY id asc  [ RunTime:0.0019s ]
INFO: [ view_parse ] --START--
INFO: [ template_filter ] --START--
INFO: Run Behavior\ContentReplaceBehavior [ RunTime:0.000118s ]
INFO: [ template_filter ] --END-- [ RunTime:0.000176s ]
INFO: Run Behavior\ParseTemplateBehavior [ RunTime:0.016792s ]
INFO: [ view_parse ] --END-- [ RunTime:0.016846s ]
INFO: [ view_filter ] --START--
INFO: Run Behavior\WriteHtmlCacheBehavior [ RunTime:0.000155s ]
INFO: [ view_filter ] --END-- [ RunTime:0.000198s ]
INFO: [ app_end ] --START--
INFO: Run Behavior\ShowPageTraceBehavior [ RunTime:0.000466s ]
INFO: [ app_end ] --END-- [ RunTime:0.000515s ]

