[ 2016-05-03T08:14:23+08:00 ] 58.247.206.143 /wap.php?s=/Weixin/index.html&signature=5cd702f0b7a6204521ea28cc33188084fe164039&timestamp=1462234463&nonce=523058659
INFO: [ app_init ] --START--
INFO: Run Behavior\BuildLiteBehavior [ RunTime:0.000015s ]
INFO: Run Common\Behavior\InitHookBehavior [ RunTime:0.001053s ]
INFO: [ app_init ] --END-- [ RunTime:0.001542s ]
INFO: [ app_begin ] --START--
INFO: Run Behavior\ReadHtmlCacheBehavior [ RunTime:0.000385s ]
INFO: [ app_begin ] --END-- [ RunTime:0.000436s ]
SQL: SHOW COLUMNS FROM `fg_config` [ RunTime:0.0024s ]
SQL: SELECT `type`,`name`,`value` FROM `fg_config` WHERE `status` = 1  [ RunTime:0.0017s ]
INFO: [ app_end ] --START--
INFO: Run Behavior\ShowPageTraceBehavior [ RunTime:0.000433s ]
INFO: [ app_end ] --END-- [ RunTime:0.000489s ]

[ 2016-05-03T08:59:14+08:00 ] 140.207.54.79 /wap.php?s=/Weixin/index.html&signature=260c9d1d288326f7a177a004f606e87bab13d64f&timestamp=1462237154&nonce=1215972677
INFO: [ app_init ] --START--
INFO: Run Behavior\BuildLiteBehavior [ RunTime:0.000022s ]
INFO: Run Common\Behavior\InitHookBehavior [ RunTime:0.001477s ]
INFO: [ app_init ] --END-- [ RunTime:0.002201s ]
INFO: [ app_begin ] --START--
INFO: Run Behavior\ReadHtmlCacheBehavior [ RunTime:0.000372s ]
INFO: [ app_begin ] --END-- [ RunTime:0.000435s ]
SQL: SHOW COLUMNS FROM `fg_config` [ RunTime:0.0032s ]
SQL: SELECT `type`,`name`,`value` FROM `fg_config` WHERE `status` = 1  [ RunTime:0.0018s ]
SQL: SHOW COLUMNS FROM `fg_canal` [ RunTime:0.0021s ]
SQL: SELECT * FROM `fg_canal` WHERE `id` = 4 LIMIT 1   [ RunTime:0.0015s ]
SQL: SHOW COLUMNS FROM `fg_reply` [ RunTime:0.0022s ]
SQL: SELECT * FROM `fg_reply` WHERE `status` = 1 AND `keyword` = '宋军达' ORDER BY reply_type desc,sort desc,create_time desc LIMIT 1   [ RunTime:0.0017s ]
SQL: SELECT * FROM `fg_reply` WHERE `status` = 1 AND `keyword` LIKE '%宋军达%' ORDER BY reply_type desc,sort desc,create_time desc LIMIT 1   [ RunTime:0.0017s ]
INFO: [ app_end ] --START--
INFO: Run Behavior\ShowPageTraceBehavior [ RunTime:0.000532s ]
INFO: [ app_end ] --END-- [ RunTime:0.000600s ]

[ 2016-05-03T08:59:24+08:00 ] 140.207.54.79 /wap.php?s=/Weixin/index.html&signature=bdc6f117e99788b5092a7a6fde32fbef26f4f733&timestamp=1462237164&nonce=734802024
INFO: [ app_init ] --START--
INFO: Run Behavior\BuildLiteBehavior [ RunTime:0.000017s ]
INFO: Run Common\Behavior\InitHookBehavior [ RunTime:0.001241s ]
INFO: [ app_init ] --END-- [ RunTime:0.001777s ]
INFO: [ app_begin ] --START--
INFO: Run Behavior\ReadHtmlCacheBehavior [ RunTime:0.000506s ]
INFO: [ app_begin ] --END-- [ RunTime:0.000559s ]
SQL: SHOW COLUMNS FROM `fg_config` [ RunTime:0.0026s ]
SQL: SELECT `type`,`name`,`value` FROM `fg_config` WHERE `status` = 1  [ RunTime:0.0020s ]
INFO: [ app_end ] --START--
INFO: Run Behavior\ShowPageTraceBehavior [ RunTime:0.000675s ]
INFO: [ app_end ] --END-- [ RunTime:0.000738s ]

[ 2016-05-03T09:03:25+08:00 ] 140.207.54.79 /wap.php?s=/Weixin/index.html&signature=bd65bce2d4ccd944da315ac1c77af8c887f9ab13&timestamp=1462237404&nonce=1162401541
INFO: [ app_init ] --START--
INFO: Run Behavior\BuildLiteBehavior [ RunTime:0.000021s ]
INFO: Run Common\Behavior\InitHookBehavior [ RunTime:0.001109s ]
INFO: [ app_init ] --END-- [ RunTime:0.001898s ]
INFO: [ app_begin ] --START--
INFO: Run Behavior\ReadHtmlCacheBehavior [ RunTime:0.000410s ]
INFO: [ app_begin ] --END-- [ RunTime:0.000461s ]
SQL: SHOW COLUMNS FROM `fg_config` [ RunTime:0.0029s ]
SQL: SELECT `type`,`name`,`value` FROM `fg_config` WHERE `status` = 1  [ RunTime:0.0018s ]
INFO: [ app_end ] --START--
INFO: Run Behavior\ShowPageTraceBehavior [ RunTime:0.000601s ]
INFO: [ app_end ] --END-- [ RunTime:0.000681s ]

[ 2016-05-03T09:03:25+08:00 ] 36.23.0.67 /wap.php/Shop/index.html
INFO: [ app_init ] --START--
INFO: Run Behavior\BuildLiteBehavior [ RunTime:0.000016s ]
INFO: Run Common\Behavior\InitHookBehavior [ RunTime:0.001049s ]
INFO: [ app_init ] --END-- [ RunTime:0.001541s ]
INFO: [ app_begin ] --START--
INFO: Run Behavior\ReadHtmlCacheBehavior [ RunTime:0.000420s ]
INFO: [ app_begin ] --END-- [ RunTime:0.000476s ]
SQL: SHOW COLUMNS FROM `fg_config` [ RunTime:0.0025s ]
SQL: SELECT `type`,`name`,`value` FROM `fg_config` WHERE `status` = 1  [ RunTime:0.0019s ]
SQL: SELECT `type`,`name`,`value` FROM `fg_config` WHERE `status` = 1  [ RunTime:0.0019s ]
SQL: SHOW COLUMNS FROM `fg_fans_city` [ RunTime:0.0022s ]
SQL: SELECT `city` FROM `fg_fans_city` WHERE `openid` = null LIMIT 1   [ RunTime:0.0016s ]

[ 2016-05-03T09:03:26+08:00 ] 36.23.0.67 /wap.php/Shop/index.html?code=041ia6pl199Dqy0AvAol1o65pl1ia6pn&state=base
INFO: [ app_init ] --START--
INFO: Run Behavior\BuildLiteBehavior [ RunTime:0.000015s ]
INFO: Run Common\Behavior\InitHookBehavior [ RunTime:0.001075s ]
INFO: [ app_init ] --END-- [ RunTime:0.001568s ]
INFO: [ app_begin ] --START--
INFO: Run Behavior\ReadHtmlCacheBehavior [ RunTime:0.000378s ]
INFO: [ app_begin ] --END-- [ RunTime:0.000432s ]
SQL: SHOW COLUMNS FROM `fg_config` [ RunTime:0.0027s ]
SQL: SELECT `type`,`name`,`value` FROM `fg_config` WHERE `status` = 1  [ RunTime:0.0018s ]
SQL: SELECT `type`,`name`,`value` FROM `fg_config` WHERE `status` = 1  [ RunTime:0.0019s ]
SQL: SHOW COLUMNS FROM `fg_fans_city` [ RunTime:0.0020s ]
SQL: SELECT `city` FROM `fg_fans_city` WHERE `openid` = null LIMIT 1   [ RunTime:0.0016s ]
NOTIC: [8] Undefined index: unionid /var/www/didi/Application/Wap/Controller/WapController.class.php 第 134 行.
SQL: SHOW COLUMNS FROM `fg_fans` [ RunTime:0.0033s ]
SQL: SELECT * FROM `fg_fans` WHERE `openid` = 'o97bDvkCtLCaK9X5FHDiuyb_MC-c' LIMIT 1   [ RunTime:0.0019s ]
SQL: SHOW COLUMNS FROM `fg_shop` [ RunTime:0.0028s ]
SQL: SELECT * FROM `fg_shop` WHERE `status` = 1 AND `shop_type` = 1  [ RunTime:0.0019s ]
INFO: [ view_parse ] --START--
INFO: [ template_filter ] --START--
INFO: Run Behavior\ContentReplaceBehavior [ RunTime:0.000063s ]
INFO: [ template_filter ] --END-- [ RunTime:0.000116s ]
INFO: Run Behavior\ParseTemplateBehavior [ RunTime:0.009259s ]
INFO: [ view_parse ] --END-- [ RunTime:0.009309s ]
INFO: [ view_filter ] --START--
INFO: Run Behavior\WriteHtmlCacheBehavior [ RunTime:0.000130s ]
INFO: [ view_filter ] --END-- [ RunTime:0.000176s ]
INFO: [ app_end ] --START--
INFO: Run Behavior\ShowPageTraceBehavior [ RunTime:0.000569s ]
INFO: [ app_end ] --END-- [ RunTime:0.000638s ]

[ 2016-05-03T09:03:28+08:00 ] 36.23.0.67 /wap.php?s=/Location/getmycity.html
INFO: [ app_init ] --START--
INFO: Run Behavior\BuildLiteBehavior [ RunTime:0.000016s ]
INFO: Run Common\Behavior\InitHookBehavior [ RunTime:0.001119s ]
INFO: [ app_init ] --END-- [ RunTime:0.001678s ]
INFO: [ app_begin ] --START--
INFO: Run Behavior\ReadHtmlCacheBehavior [ RunTime:0.000370s ]
INFO: [ app_begin ] --END-- [ RunTime:0.000421s ]
SQL: SHOW COLUMNS FROM `fg_config` [ RunTime:0.0025s ]
SQL: SELECT `type`,`name`,`value` FROM `fg_config` WHERE `status` = 1  [ RunTime:0.0018s ]
SQL: SELECT `type`,`name`,`value` FROM `fg_config` WHERE `status` = 1  [ RunTime:0.0016s ]
SQL: SHOW COLUMNS FROM `fg_fans_city` [ RunTime:0.0019s ]
SQL: SELECT `city` FROM `fg_fans_city` WHERE `openid` = 'o97bDvkCtLCaK9X5FHDiuyb_MC-c' LIMIT 1   [ RunTime:0.0014s ]
SQL: SELECT `city` FROM `fg_fans_city` WHERE `openid` = 'o97bDvkCtLCaK9X5FHDiuyb_MC-c' LIMIT 1   [ RunTime:0.0016s ]
SQL: SHOW COLUMNS FROM `fg_city` [ RunTime:0.0020s ]
SQL: SELECT * FROM `fg_city` WHERE `id` = null LIMIT 1   [ RunTime:0.0015s ]

[ 2016-05-03T09:03:37+08:00 ] 140.207.54.79 /wap.php?s=/Weixin/index.html&signature=5180c906a46209fefd89f6a497ccb6861e90c503&timestamp=1462237416&nonce=939679481
INFO: [ app_init ] --START--
INFO: Run Behavior\BuildLiteBehavior [ RunTime:0.000017s ]
INFO: Run Common\Behavior\InitHookBehavior [ RunTime:0.001049s ]
INFO: [ app_init ] --END-- [ RunTime:0.001554s ]
INFO: [ app_begin ] --START--
INFO: Run Behavior\ReadHtmlCacheBehavior [ RunTime:0.000376s ]
INFO: [ app_begin ] --END-- [ RunTime:0.000427s ]
SQL: SHOW COLUMNS FROM `fg_config` [ RunTime:0.0028s ]
SQL: SELECT `type`,`name`,`value` FROM `fg_config` WHERE `status` = 1  [ RunTime:0.0019s ]
INFO: [ app_end ] --START--
INFO: Run Behavior\ShowPageTraceBehavior [ RunTime:0.000560s ]
INFO: [ app_end ] --END-- [ RunTime:0.000620s ]

[ 2016-05-03T09:05:21+08:00 ] 140.207.54.80 /wap.php?s=/Weixin/index.html&signature=ec386169f2d1845cb1492bf40141bae6b13901c1&timestamp=1462237521&nonce=515296724
INFO: [ app_init ] --START--
INFO: Run Behavior\BuildLiteBehavior [ RunTime:0.000015s ]
INFO: Run Common\Behavior\InitHookBehavior [ RunTime:0.001032s ]
INFO: [ app_init ] --END-- [ RunTime:0.001523s ]
INFO: [ app_begin ] --START--
INFO: Run Behavior\ReadHtmlCacheBehavior [ RunTime:0.000356s ]
INFO: [ app_begin ] --END-- [ RunTime:0.000432s ]
SQL: SHOW COLUMNS FROM `fg_config` [ RunTime:0.0026s ]
SQL: SELECT `type`,`name`,`value` FROM `fg_config` WHERE `status` = 1  [ RunTime:0.0020s ]
INFO: [ app_end ] --START--
INFO: Run Behavior\ShowPageTraceBehavior [ RunTime:0.000477s ]
INFO: [ app_end ] --END-- [ RunTime:0.000535s ]

[ 2016-05-03T09:05:22+08:00 ] 36.23.0.67 /wap.php/Maintain/index.html
INFO: [ app_init ] --START--
INFO: Run Behavior\BuildLiteBehavior [ RunTime:0.000018s ]
INFO: Run Common\Behavior\InitHookBehavior [ RunTime:0.001121s ]
INFO: [ app_init ] --END-- [ RunTime:0.001683s ]
INFO: [ app_begin ] --START--
INFO: Run Behavior\ReadHtmlCacheBehavior [ RunTime:0.000403s ]
INFO: [ app_begin ] --END-- [ RunTime:0.000454s ]
NOTIC: [2048] Declaration of Wap\Controller\MaintainController::prepay() should be compatible with Wap\Controller\WapController::prepay($body, $transid, $price) /var/www/didi/Application/Wap/Controller/MaintainController.class.php 第 27 行.
SQL: SHOW COLUMNS FROM `fg_config` [ RunTime:0.0027s ]
SQL: SELECT `type`,`name`,`value` FROM `fg_config` WHERE `status` = 1  [ RunTime:0.0019s ]
SQL: SELECT `type`,`name`,`value` FROM `fg_config` WHERE `status` = 1  [ RunTime:0.0020s ]
SQL: SHOW COLUMNS FROM `fg_fans_city` [ RunTime:0.0021s ]
SQL: SELECT `city` FROM `fg_fans_city` WHERE `openid` = 'o97bDvkCtLCaK9X5FHDiuyb_MC-c' LIMIT 1   [ RunTime:0.0016s ]
SQL: SHOW COLUMNS FROM `fg_maintain_product` [ RunTime:0.0027s ]
SQL: SELECT * FROM `fg_maintain_product` WHERE `type` = 1 AND `is_show` = 1 AND `cityid` = 1  [ RunTime:0.0019s ]
SQL: SELECT * FROM `fg_maintain_product` WHERE `type` = 2 AND `is_show` = 1 AND `cityid` = 1  [ RunTime:0.0018s ]
SQL: SELECT * FROM `fg_maintain_product` WHERE `type` = 3 AND `is_show` = 1 AND `cityid` = 1  [ RunTime:0.0017s ]
INFO: [ view_parse ] --START--
INFO: [ template_filter ] --START--
INFO: Run Behavior\ContentReplaceBehavior [ RunTime:0.000071s ]
INFO: [ template_filter ] --END-- [ RunTime:0.000137s ]
NOTIC: [8] Undefined index: type /var/www/didi/Runtime/Cache/Wap/be92367b9dfb9fa5a18377565ae95133.php 第 41 行.
NOTIC: [8] Undefined index: type /var/www/didi/Runtime/Cache/Wap/be92367b9dfb9fa5a18377565ae95133.php 第 41 行.
NOTIC: [8] Undefined index: type /var/www/didi/Runtime/Cache/Wap/be92367b9dfb9fa5a18377565ae95133.php 第 42 行.
NOTIC: [8] Undefined index: type /var/www/didi/Runtime/Cache/Wap/be92367b9dfb9fa5a18377565ae95133.php 第 43 行.
INFO: Run Behavior\ParseTemplateBehavior [ RunTime:0.013514s ]
INFO: [ view_parse ] --END-- [ RunTime:0.013561s ]
INFO: [ view_filter ] --START--
INFO: Run Behavior\WriteHtmlCacheBehavior [ RunTime:0.000133s ]
INFO: [ view_filter ] --END-- [ RunTime:0.000172s ]
INFO: [ app_end ] --START--
INFO: Run Behavior\ShowPageTraceBehavior [ RunTime:0.000453s ]
INFO: [ app_end ] --END-- [ RunTime:0.000498s ]

[ 2016-05-03T09:05:23+08:00 ] 36.23.0.67 /wap.php?s=/Location/getmycity.html
INFO: [ app_init ] --START--
INFO: Run Behavior\BuildLiteBehavior [ RunTime:0.000015s ]
INFO: Run Common\Behavior\InitHookBehavior [ RunTime:0.001040s ]
INFO: [ app_init ] --END-- [ RunTime:0.001624s ]
INFO: [ app_begin ] --START--
INFO: Run Behavior\ReadHtmlCacheBehavior [ RunTime:0.000386s ]
INFO: [ app_begin ] --END-- [ RunTime:0.000432s ]
SQL: SHOW COLUMNS FROM `fg_config` [ RunTime:0.0473s ]
SQL: SELECT `type`,`name`,`value` FROM `fg_config` WHERE `status` = 1  [ RunTime:0.0020s ]
SQL: SELECT `type`,`name`,`value` FROM `fg_config` WHERE `status` = 1  [ RunTime:0.0019s ]
SQL: SHOW COLUMNS FROM `fg_fans_city` [ RunTime:0.0023s ]
SQL: SELECT `city` FROM `fg_fans_city` WHERE `openid` = 'o97bDvkCtLCaK9X5FHDiuyb_MC-c' LIMIT 1   [ RunTime:0.0018s ]
SQL: SELECT `city` FROM `fg_fans_city` WHERE `openid` = 'o97bDvkCtLCaK9X5FHDiuyb_MC-c' LIMIT 1   [ RunTime:0.0018s ]
SQL: SHOW COLUMNS FROM `fg_city` [ RunTime:0.0363s ]
SQL: SELECT * FROM `fg_city` WHERE `id` = null LIMIT 1   [ RunTime:0.0489s ]

[ 2016-05-03T09:07:56+08:00 ] 58.247.206.143 /wap.php?s=/Weixin/index.html&signature=04c99b9752e678816abea59b60afeebd347717f8&timestamp=1462237675&nonce=1741035402
INFO: [ app_init ] --START--
INFO: Run Behavior\BuildLiteBehavior [ RunTime:0.000044s ]
INFO: Run Common\Behavior\InitHookBehavior [ RunTime:0.001124s ]
INFO: [ app_init ] --END-- [ RunTime:0.001834s ]
INFO: [ app_begin ] --START--
INFO: Run Behavior\ReadHtmlCacheBehavior [ RunTime:0.000362s ]
INFO: [ app_begin ] --END-- [ RunTime:0.000414s ]
SQL: SHOW COLUMNS FROM `fg_config` [ RunTime:0.0034s ]
SQL: SELECT `type`,`name`,`value` FROM `fg_config` WHERE `status` = 1  [ RunTime:0.0020s ]
NOTIC: [8] Undefined index: errcode /var/www/didi/ThinkPHP/Library/OT/Wechat/Wechat.class.php 第 883 行.
NOTIC: [8] Undefined index: errcode /var/www/didi/ThinkPHP/Library/OT/Wechat/Wechat.class.php 第 919 行.
NOTIC: [8] Undefined index: unionid /var/www/didi/Application/Wap/Controller/WeixinController.class.php 第 266 行.
SQL: SHOW COLUMNS FROM `fg_fans` [ RunTime:0.0038s ]
SQL: SELECT * FROM `fg_fans` WHERE `openid` = 'o97bDvl46SXEGcqrhbfnQgn8FkbA' LIMIT 1   [ RunTime:0.0019s ]
SQL: INSERT INTO `fg_fans` (`openid`,`nickname`,`headimgurl`,`sex`,`subscribe`,`subscribe_time`,`address`,`create_time`,`canalid`,`intro`) VALUES ('o97bDvl46SXEGcqrhbfnQgn8FkbA','被淹死的鱼','http://wx.qlogo.cn/mmopen/icFTnRoibgibp9RKXbMzNiceoopgszmRYRXdI8QWMDGnhcT2UCPQmEVrwuOZSiaq0Kbibr4ib82PlDdy0PZs2rtIlWOUg/0','1','1','1462237675','中国浙江金华','1462237675','4','通过场景id=4关注') [ RunTime:0.0032s ]
SQL: SHOW COLUMNS FROM `fg_coupon_config` [ RunTime:0.0025s ]
SQL: SELECT * FROM `fg_coupon_config` WHERE `actions` = 1 AND `status` = 1  [ RunTime:0.0019s ]
SQL: SHOW COLUMNS FROM `fg_fans_coupon` [ RunTime:0.0026s ]
SQL: SELECT * FROM `fg_fans` WHERE `id` = 508 LIMIT 1   [ RunTime:0.0018s ]
SQL: SHOW COLUMNS FROM `fg_canal` [ RunTime:0.0021s ]
SQL: SELECT * FROM `fg_canal` WHERE `id` = 4 LIMIT 1   [ RunTime:0.0017s ]
SQL: UPDATE `fg_canal` SET `click`=click+1 WHERE `id` = 4 [ RunTime:0.0038s ]
SQL: SHOW COLUMNS FROM `fg_reply` [ RunTime:0.0024s ]
SQL: SELECT * FROM `fg_reply` WHERE `status` = 1 AND `keyword` = '关注时回复' ORDER BY reply_type desc,sort desc,create_time desc LIMIT 1   [ RunTime:0.0019s ]
INFO: [ app_end ] --START--
INFO: Run Behavior\ShowPageTraceBehavior [ RunTime:0.000601s ]
INFO: [ app_end ] --END-- [ RunTime:0.000672s ]

[ 2016-05-03T09:08:07+08:00 ] 58.247.206.156 /wap.php?s=/Weixin/index.html&signature=92a73ba42ded795883f1f26b80fa599519cd03a8&timestamp=1462237686&nonce=1322838989
INFO: [ app_init ] --START--
INFO: Run Behavior\BuildLiteBehavior [ RunTime:0.000018s ]
INFO: Run Common\Behavior\InitHookBehavior [ RunTime:0.001080s ]
INFO: [ app_init ] --END-- [ RunTime:0.001614s ]
INFO: [ app_begin ] --START--
INFO: Run Behavior\ReadHtmlCacheBehavior [ RunTime:0.000364s ]
INFO: [ app_begin ] --END-- [ RunTime:0.000416s ]
SQL: SHOW COLUMNS FROM `fg_config` [ RunTime:0.0027s ]
SQL: SELECT `type`,`name`,`value` FROM `fg_config` WHERE `status` = 1  [ RunTime:0.0020s ]
INFO: [ app_end ] --START--
INFO: Run Behavior\ShowPageTraceBehavior [ RunTime:0.000792s ]
INFO: [ app_end ] --END-- [ RunTime:0.000863s ]

[ 2016-05-03T09:10:48+08:00 ] 58.247.206.154 /wap.php?s=/Weixin/index.html&signature=353071d1c59a49b1939f0c7b48306d3fbbab978b&timestamp=1462237848&nonce=1007819721
INFO: [ app_init ] --START--
INFO: Run Behavior\BuildLiteBehavior [ RunTime:0.000016s ]
INFO: Run Common\Behavior\InitHookBehavior [ RunTime:0.001096s ]
INFO: [ app_init ] --END-- [ RunTime:0.001614s ]
INFO: [ app_begin ] --START--
INFO: Run Behavior\ReadHtmlCacheBehavior [ RunTime:0.000376s ]
INFO: [ app_begin ] --END-- [ RunTime:0.000430s ]
SQL: SHOW COLUMNS FROM `fg_config` [ RunTime:0.0027s ]
SQL: SELECT `type`,`name`,`value` FROM `fg_config` WHERE `status` = 1  [ RunTime:0.0020s ]
NOTIC: [8] Undefined index: errcode /var/www/didi/ThinkPHP/Library/OT/Wechat/Wechat.class.php 第 919 行.
NOTIC: [8] Undefined index: unionid /var/www/didi/Application/Wap/Controller/WeixinController.class.php 第 266 行.
SQL: SHOW COLUMNS FROM `fg_fans` [ RunTime:0.0030s ]
SQL: SELECT * FROM `fg_fans` WHERE `openid` = 'o97bDvoMnSGI-nqDLGt--FajH8fc' LIMIT 1   [ RunTime:0.0019s ]
SQL: INSERT INTO `fg_fans` (`openid`,`nickname`,`headimgurl`,`sex`,`subscribe`,`subscribe_time`,`address`,`create_time`,`canalid`,`intro`) VALUES ('o97bDvoMnSGI-nqDLGt--FajH8fc','AQ@东','http://wx.qlogo.cn/mmopen/ajNVdqHZLLAicOYrPRZndQTic1bUKIhPTfEIc2a21zgIXZVbSgPuBqMdWkXrkvxk4StZRdk8E6lGAiaSv6y09L7cw/0','1','1','1462237848','中国浙江金华','1462237848','4','通过场景id=4关注') [ RunTime:0.0028s ]
SQL: SHOW COLUMNS FROM `fg_coupon_config` [ RunTime:0.0025s ]
SQL: SELECT * FROM `fg_coupon_config` WHERE `actions` = 1 AND `status` = 1  [ RunTime:0.0017s ]
SQL: SHOW COLUMNS FROM `fg_fans_coupon` [ RunTime:0.0026s ]
SQL: SELECT * FROM `fg_fans` WHERE `id` = 509 LIMIT 1   [ RunTime:0.0019s ]
SQL: SHOW COLUMNS FROM `fg_canal` [ RunTime:0.0024s ]
SQL: SELECT * FROM `fg_canal` WHERE `id` = 4 LIMIT 1   [ RunTime:0.0017s ]
SQL: UPDATE `fg_canal` SET `click`=click+1 WHERE `id` = 4 [ RunTime:0.0037s ]
SQL: SHOW COLUMNS FROM `fg_reply` [ RunTime:0.0032s ]
SQL: SELECT * FROM `fg_reply` WHERE `status` = 1 AND `keyword` = '关注时回复' ORDER BY reply_type desc,sort desc,create_time desc LIMIT 1   [ RunTime:0.0018s ]
INFO: [ app_end ] --START--
INFO: Run Behavior\ShowPageTraceBehavior [ RunTime:0.000607s ]
INFO: [ app_end ] --END-- [ RunTime:0.000663s ]

[ 2016-05-03T09:10:58+08:00 ] 58.247.206.139 /wap.php?s=/Weixin/index.html&signature=a35459289826644dc379b803d45a72add2d5cef0&timestamp=1462237857&nonce=524486629
INFO: [ app_init ] --START--
INFO: Run Behavior\BuildLiteBehavior [ RunTime:0.000018s ]
INFO: Run Common\Behavior\InitHookBehavior [ RunTime:0.001136s ]
INFO: [ app_init ] --END-- [ RunTime:0.001700s ]
INFO: [ app_begin ] --START--
INFO: Run Behavior\ReadHtmlCacheBehavior [ RunTime:0.000416s ]
INFO: [ app_begin ] --END-- [ RunTime:0.000468s ]
SQL: SHOW COLUMNS FROM `fg_config` [ RunTime:0.0025s ]
SQL: SELECT `type`,`name`,`value` FROM `fg_config` WHERE `status` = 1  [ RunTime:0.0018s ]
INFO: [ app_end ] --START--
INFO: Run Behavior\ShowPageTraceBehavior [ RunTime:0.000747s ]
INFO: [ app_end ] --END-- [ RunTime:0.000818s ]

[ 2016-05-03T09:11:09+08:00 ] 58.247.206.146 /wap.php?s=/Weixin/index.html&signature=372de49771749e61bb056f0e90861df640fecd61&timestamp=1462237869&nonce=1915069765
INFO: [ app_init ] --START--
INFO: Run Behavior\BuildLiteBehavior [ RunTime:0.000019s ]
INFO: Run Common\Behavior\InitHookBehavior [ RunTime:0.001126s ]
INFO: [ app_init ] --END-- [ RunTime:0.001645s ]
INFO: [ app_begin ] --START--
INFO: Run Behavior\ReadHtmlCacheBehavior [ RunTime:0.000367s ]
INFO: [ app_begin ] --END-- [ RunTime:0.000419s ]
SQL: SHOW COLUMNS FROM `fg_config` [ RunTime:0.0030s ]
SQL: SELECT `type`,`name`,`value` FROM `fg_config` WHERE `status` = 1  [ RunTime:0.0036s ]
INFO: [ app_end ] --START--
INFO: Run Behavior\ShowPageTraceBehavior [ RunTime:0.000731s ]
INFO: [ app_end ] --END-- [ RunTime:0.000795s ]

[ 2016-05-03T09:11:09+08:00 ] 117.149.43.16 /wap.php/Fans/myorders.html
INFO: [ app_init ] --START--
INFO: Run Behavior\BuildLiteBehavior [ RunTime:0.000017s ]
INFO: Run Common\Behavior\InitHookBehavior [ RunTime:0.001078s ]
INFO: [ app_init ] --END-- [ RunTime:0.001576s ]
INFO: [ app_begin ] --START--
INFO: Run Behavior\ReadHtmlCacheBehavior [ RunTime:0.000408s ]
INFO: [ app_begin ] --END-- [ RunTime:0.000485s ]
SQL: SHOW COLUMNS FROM `fg_config` [ RunTime:0.0025s ]
SQL: SELECT `type`,`name`,`value` FROM `fg_config` WHERE `status` = 1  [ RunTime:0.0020s ]
SQL: SELECT `type`,`name`,`value` FROM `fg_config` WHERE `status` = 1  [ RunTime:0.0019s ]
SQL: SHOW COLUMNS FROM `fg_fans_city` [ RunTime:0.0021s ]
SQL: SELECT `city` FROM `fg_fans_city` WHERE `openid` = null LIMIT 1   [ RunTime:0.0016s ]

[ 2016-05-03T09:11:10+08:00 ] 117.149.43.16 /wap.php/Fans/myorders.html?code=001n6zWy0kzLSl1lxFYy00PxWy0n6zWB&state=base
INFO: [ app_init ] --START--
INFO: Run Behavior\BuildLiteBehavior [ RunTime:0.000018s ]
INFO: Run Common\Behavior\InitHookBehavior [ RunTime:0.001023s ]
INFO: [ app_init ] --END-- [ RunTime:0.001544s ]
INFO: [ app_begin ] --START--
INFO: Run Behavior\ReadHtmlCacheBehavior [ RunTime:0.000375s ]
INFO: [ app_begin ] --END-- [ RunTime:0.000424s ]
SQL: SHOW COLUMNS FROM `fg_config` [ RunTime:0.0027s ]
SQL: SELECT `type`,`name`,`value` FROM `fg_config` WHERE `status` = 1  [ RunTime:0.0020s ]
SQL: SELECT `type`,`name`,`value` FROM `fg_config` WHERE `status` = 1  [ RunTime:0.0023s ]
SQL: SHOW COLUMNS FROM `fg_fans_city` [ RunTime:0.0022s ]
SQL: SELECT `city` FROM `fg_fans_city` WHERE `openid` = null LIMIT 1   [ RunTime:0.0016s ]
NOTIC: [8] Undefined index: unionid /var/www/didi/Application/Wap/Controller/WapController.class.php 第 134 行.
SQL: SHOW COLUMNS FROM `fg_fans` [ RunTime:0.0035s ]
SQL: SELECT * FROM `fg_fans` WHERE `openid` = 'o97bDvoMnSGI-nqDLGt--FajH8fc' LIMIT 1   [ RunTime:0.0018s ]
SQL: SELECT * FROM `fg_fans` WHERE `openid` = 'o97bDvoMnSGI-nqDLGt--FajH8fc' LIMIT 1   [ RunTime:0.0018s ]
SQL: SHOW COLUMNS FROM `fg_maintain_order` [ RunTime:0.0034s ]
SQL: SELECT * FROM `fg_maintain_order` WHERE `openid` = 'o97bDvoMnSGI-nqDLGt--FajH8fc' ORDER BY id desc  [ RunTime:0.0019s ]
NOTIC: [2] Invalid argument supplied for foreach() /var/www/didi/Application/Wap/Controller/FansController.class.php 第 483 行.
INFO: [ view_parse ] --START--
INFO: [ template_filter ] --START--
INFO: Run Behavior\ContentReplaceBehavior [ RunTime:0.000071s ]
INFO: [ template_filter ] --END-- [ RunTime:0.000136s ]
INFO: Run Behavior\ParseTemplateBehavior [ RunTime:0.012765s ]
INFO: [ view_parse ] --END-- [ RunTime:0.012833s ]
INFO: [ view_filter ] --START--
INFO: Run Behavior\WriteHtmlCacheBehavior [ RunTime:0.000128s ]
INFO: [ view_filter ] --END-- [ RunTime:0.000169s ]
INFO: [ app_end ] --START--
INFO: Run Behavior\ShowPageTraceBehavior [ RunTime:0.000463s ]
INFO: [ app_end ] --END-- [ RunTime:0.000511s ]

[ 2016-05-03T09:11:11+08:00 ] 117.149.43.16 /wap.php?s=/Location/getmycity.html
INFO: [ app_init ] --START--
INFO: Run Behavior\BuildLiteBehavior [ RunTime:0.000019s ]
INFO: Run Common\Behavior\InitHookBehavior [ RunTime:0.001453s ]
INFO: [ app_init ] --END-- [ RunTime:0.001988s ]
INFO: [ app_begin ] --START--
INFO: Run Behavior\ReadHtmlCacheBehavior [ RunTime:0.000557s ]
INFO: [ app_begin ] --END-- [ RunTime:0.000621s ]
SQL: SHOW COLUMNS FROM `fg_config` [ RunTime:0.0029s ]
SQL: SELECT `type`,`name`,`value` FROM `fg_config` WHERE `status` = 1  [ RunTime:0.0018s ]
SQL: SELECT `type`,`name`,`value` FROM `fg_config` WHERE `status` = 1  [ RunTime:0.0018s ]
SQL: SHOW COLUMNS FROM `fg_fans_city` [ RunTime:0.0022s ]
SQL: SELECT `city` FROM `fg_fans_city` WHERE `openid` = 'o97bDvoMnSGI-nqDLGt--FajH8fc' LIMIT 1   [ RunTime:0.0016s ]
SQL: SELECT `city` FROM `fg_fans_city` WHERE `openid` = 'o97bDvoMnSGI-nqDLGt--FajH8fc' LIMIT 1   [ RunTime:0.0014s ]
SQL: SHOW COLUMNS FROM `fg_city` [ RunTime:0.0020s ]
SQL: SELECT * FROM `fg_city` WHERE `id` = null LIMIT 1   [ RunTime:0.0014s ]

[ 2016-05-03T09:11:14+08:00 ] 58.247.206.154 /wap.php?s=/Weixin/index.html&signature=1c755cf7b162ece7a9ac9040e234c1043ae72929&timestamp=1462237874&nonce=47763239
INFO: [ app_init ] --START--
INFO: Run Behavior\BuildLiteBehavior [ RunTime:0.000015s ]
INFO: Run Common\Behavior\InitHookBehavior [ RunTime:0.001005s ]
INFO: [ app_init ] --END-- [ RunTime:0.001498s ]
INFO: [ app_begin ] --START--
INFO: Run Behavior\ReadHtmlCacheBehavior [ RunTime:0.000386s ]
INFO: [ app_begin ] --END-- [ RunTime:0.000436s ]
SQL: SHOW COLUMNS FROM `fg_config` [ RunTime:0.0027s ]
SQL: SELECT `type`,`name`,`value` FROM `fg_config` WHERE `status` = 1  [ RunTime:0.0019s ]
INFO: [ app_end ] --START--
INFO: Run Behavior\ShowPageTraceBehavior [ RunTime:0.000466s ]
INFO: [ app_end ] --END-- [ RunTime:0.000522s ]

[ 2016-05-03T09:11:29+08:00 ] 140.207.54.80 /wap.php?s=/Weixin/index.html&signature=0e6db4c1c429e5ab7a45edcb880bb91e8dbefd4f&timestamp=1462237889&nonce=977712670
INFO: [ app_init ] --START--
INFO: Run Behavior\BuildLiteBehavior [ RunTime:0.000016s ]
INFO: Run Common\Behavior\InitHookBehavior [ RunTime:0.001042s ]
INFO: [ app_init ] --END-- [ RunTime:0.001564s ]
INFO: [ app_begin ] --START--
INFO: Run Behavior\ReadHtmlCacheBehavior [ RunTime:0.000359s ]
INFO: [ app_begin ] --END-- [ RunTime:0.000410s ]
SQL: SHOW COLUMNS FROM `fg_config` [ RunTime:0.0026s ]
SQL: SELECT `type`,`name`,`value` FROM `fg_config` WHERE `status` = 1  [ RunTime:0.0018s ]
INFO: [ app_end ] --START--
INFO: Run Behavior\ShowPageTraceBehavior [ RunTime:0.000563s ]
INFO: [ app_end ] --END-- [ RunTime:0.000626s ]

[ 2016-05-03T09:11:30+08:00 ] 125.113.119.136 /wap.php/Maintain/index.html
INFO: [ app_init ] --START--
INFO: Run Behavior\BuildLiteBehavior [ RunTime:0.000014s ]
INFO: Run Common\Behavior\InitHookBehavior [ RunTime:0.001103s ]
INFO: [ app_init ] --END-- [ RunTime:0.001585s ]
INFO: [ app_begin ] --START--
INFO: Run Behavior\ReadHtmlCacheBehavior [ RunTime:0.000443s ]
INFO: [ app_begin ] --END-- [ RunTime:0.000492s ]
NOTIC: [2048] Declaration of Wap\Controller\MaintainController::prepay() should be compatible with Wap\Controller\WapController::prepay($body, $transid, $price) /var/www/didi/Application/Wap/Controller/MaintainController.class.php 第 27 行.
SQL: SHOW COLUMNS FROM `fg_config` [ RunTime:0.0026s ]
SQL: SELECT `type`,`name`,`value` FROM `fg_config` WHERE `status` = 1  [ RunTime:0.0018s ]
SQL: SELECT `type`,`name`,`value` FROM `fg_config` WHERE `status` = 1  [ RunTime:0.0019s ]
SQL: SHOW COLUMNS FROM `fg_fans_city` [ RunTime:0.0022s ]
SQL: SELECT `city` FROM `fg_fans_city` WHERE `openid` = null LIMIT 1   [ RunTime:0.0016s ]

[ 2016-05-03T09:11:31+08:00 ] 125.113.119.136 /wap.php/Maintain/index.html?code=001KfYSK0srFxj2SO0UK0irVSK0KfYSu&state=base
INFO: [ app_init ] --START--
INFO: Run Behavior\BuildLiteBehavior [ RunTime:0.000027s ]
INFO: Run Common\Behavior\InitHookBehavior [ RunTime:0.001358s ]
INFO: [ app_init ] --END-- [ RunTime:0.001944s ]
INFO: [ app_begin ] --START--
INFO: Run Behavior\ReadHtmlCacheBehavior [ RunTime:0.000521s ]
INFO: [ app_begin ] --END-- [ RunTime:0.000593s ]
NOTIC: [2048] Declaration of Wap\Controller\MaintainController::prepay() should be compatible with Wap\Controller\WapController::prepay($body, $transid, $price) /var/www/didi/Application/Wap/Controller/MaintainController.class.php 第 27 行.
SQL: SHOW COLUMNS FROM `fg_config` [ RunTime:0.0024s ]
SQL: SELECT `type`,`name`,`value` FROM `fg_config` WHERE `status` = 1  [ RunTime:0.0022s ]
SQL: SELECT `type`,`name`,`value` FROM `fg_config` WHERE `status` = 1  [ RunTime:0.0016s ]
SQL: SHOW COLUMNS FROM `fg_fans_city` [ RunTime:0.0018s ]
SQL: SELECT `city` FROM `fg_fans_city` WHERE `openid` = null LIMIT 1   [ RunTime:0.0014s ]
NOTIC: [8] Undefined index: unionid /var/www/didi/Application/Wap/Controller/WapController.class.php 第 134 行.
SQL: SHOW COLUMNS FROM `fg_fans` [ RunTime:0.0029s ]
SQL: SELECT * FROM `fg_fans` WHERE `openid` = 'o97bDvpz7Zn4pMaL23FJ8xvN_VHM' LIMIT 1   [ RunTime:0.0017s ]
SQL: SHOW COLUMNS FROM `fg_maintain_product` [ RunTime:0.0022s ]
SQL: SELECT * FROM `fg_maintain_product` WHERE `type` = 1 AND `is_show` = 1 AND `cityid` = 1  [ RunTime:0.0016s ]
SQL: SELECT * FROM `fg_maintain_product` WHERE `type` = 2 AND `is_show` = 1 AND `cityid` = 1  [ RunTime:0.0014s ]
SQL: SELECT * FROM `fg_maintain_product` WHERE `type` = 3 AND `is_show` = 1 AND `cityid` = 1  [ RunTime:0.0014s ]
INFO: [ view_parse ] --START--
INFO: [ template_filter ] --START--
INFO: Run Behavior\ContentReplaceBehavior [ RunTime:0.000098s ]
INFO: [ template_filter ] --END-- [ RunTime:0.000193s ]
NOTIC: [8] Undefined index: type /var/www/didi/Runtime/Cache/Wap/be92367b9dfb9fa5a18377565ae95133.php 第 41 行.
NOTIC: [8] Undefined index: type /var/www/didi/Runtime/Cache/Wap/be92367b9dfb9fa5a18377565ae95133.php 第 41 行.
NOTIC: [8] Undefined index: type /var/www/didi/Runtime/Cache/Wap/be92367b9dfb9fa5a18377565ae95133.php 第 42 行.
NOTIC: [8] Undefined index: type /var/www/didi/Runtime/Cache/Wap/be92367b9dfb9fa5a18377565ae95133.php 第 43 行.
INFO: Run Behavior\ParseTemplateBehavior [ RunTime:0.016091s ]
INFO: [ view_parse ] --END-- [ RunTime:0.016167s ]
INFO: [ view_filter ] --START--
INFO: Run Behavior\WriteHtmlCacheBehavior [ RunTime:0.000196s ]
INFO: [ view_filter ] --END-- [ RunTime:0.000259s ]
INFO: [ app_end ] --START--
INFO: Run Behavior\ShowPageTraceBehavior [ RunTime:0.000607s ]
INFO: [ app_end ] --END-- [ RunTime:0.000674s ]

[ 2016-05-03T09:11:34+08:00 ] 125.113.119.136 /wap.php?s=/Location/getmycity.html
INFO: [ app_init ] --START--
INFO: Run Behavior\BuildLiteBehavior [ RunTime:0.000049s ]
INFO: Run Common\Behavior\InitHookBehavior [ RunTime:0.001373s ]
INFO: [ app_init ] --END-- [ RunTime:0.002172s ]
INFO: [ app_begin ] --START--
INFO: Run Behavior\ReadHtmlCacheBehavior [ RunTime:0.000543s ]
INFO: [ app_begin ] --END-- [ RunTime:0.000639s ]
SQL: SHOW COLUMNS FROM `fg_config` [ RunTime:0.0027s ]
SQL: SELECT `type`,`name`,`value` FROM `fg_config` WHERE `status` = 1  [ RunTime:0.0019s ]
SQL: SELECT `type`,`name`,`value` FROM `fg_config` WHERE `status` = 1  [ RunTime:0.0018s ]
SQL: SHOW COLUMNS FROM `fg_fans_city` [ RunTime:0.0023s ]
SQL: SELECT `city` FROM `fg_fans_city` WHERE `openid` = 'o97bDvpz7Zn4pMaL23FJ8xvN_VHM' LIMIT 1   [ RunTime:0.0017s ]
SQL: SELECT `city` FROM `fg_fans_city` WHERE `openid` = 'o97bDvpz7Zn4pMaL23FJ8xvN_VHM' LIMIT 1   [ RunTime:0.0016s ]
SQL: SHOW COLUMNS FROM `fg_city` [ RunTime:0.0021s ]
SQL: SELECT * FROM `fg_city` WHERE `id` = null LIMIT 1   [ RunTime:0.0018s ]

[ 2016-05-03T09:11:45+08:00 ] 140.207.54.80 /wap.php?s=/Weixin/index.html&signature=ee2d7855accf341b37d0478ad6e568cd7a8426b9&timestamp=1462237904&nonce=1106841085
INFO: [ app_init ] --START--
INFO: Run Behavior\BuildLiteBehavior [ RunTime:0.000021s ]
INFO: Run Common\Behavior\InitHookBehavior [ RunTime:0.001270s ]
INFO: [ app_init ] --END-- [ RunTime:0.001824s ]
INFO: [ app_begin ] --START--
INFO: Run Behavior\ReadHtmlCacheBehavior [ RunTime:0.000429s ]
INFO: [ app_begin ] --END-- [ RunTime:0.000500s ]
SQL: SHOW COLUMNS FROM `fg_config` [ RunTime:0.0025s ]
SQL: SELECT `type`,`name`,`value` FROM `fg_config` WHERE `status` = 1  [ RunTime:0.0024s ]
INFO: [ app_end ] --START--
INFO: Run Behavior\ShowPageTraceBehavior [ RunTime:0.000643s ]
INFO: [ app_end ] --END-- [ RunTime:0.000704s ]

[ 2016-05-03T09:50:27+08:00 ] 58.247.206.143 /wap.php?s=/Weixin/index.html&signature=e6ab80b29ee64d4f4658a8fb4b27e0fedc0a0718&timestamp=1462240227&nonce=637346287
INFO: [ app_init ] --START--
INFO: Run Behavior\BuildLiteBehavior [ RunTime:0.000015s ]
INFO: Run Common\Behavior\InitHookBehavior [ RunTime:0.001041s ]
INFO: [ app_init ] --END-- [ RunTime:0.001540s ]
INFO: [ app_begin ] --START--
INFO: Run Behavior\ReadHtmlCacheBehavior [ RunTime:0.000385s ]
INFO: [ app_begin ] --END-- [ RunTime:0.000436s ]
SQL: SHOW COLUMNS FROM `fg_config` [ RunTime:0.0030s ]
SQL: SELECT `type`,`name`,`value` FROM `fg_config` WHERE `status` = 1  [ RunTime:0.0022s ]
NOTIC: [8] Undefined index: errcode /var/www/didi/ThinkPHP/Library/OT/Wechat/Wechat.class.php 第 919 行.
NOTIC: [8] Undefined index: unionid /var/www/didi/Application/Wap/Controller/WeixinController.class.php 第 266 行.
SQL: SHOW COLUMNS FROM `fg_fans` [ RunTime:0.0036s ]
SQL: SELECT * FROM `fg_fans` WHERE `openid` = 'o97bDvvA24kbLOijrWBaddpINcqo' LIMIT 1   [ RunTime:0.0019s ]
SQL: INSERT INTO `fg_fans` (`openid`,`nickname`,`headimgurl`,`sex`,`subscribe`,`subscribe_time`,`address`,`create_time`,`canalid`,`intro`) VALUES ('o97bDvvA24kbLOijrWBaddpINcqo','lovestld','http://wx.qlogo.cn/mmopen/8984aO4eojcJiaGQXiadmEibbNJjAP8vvgo7k2gQ7tIgRfq3DGELznalSGe4aTS8SlMiaMEwkaeMZTvIfNCqXicZJvAHzFsWd0gPm/0','1','1','1462240227','中国浙江金华','1462240227','4','通过场景id=4关注') [ RunTime:0.0031s ]
SQL: SHOW COLUMNS FROM `fg_coupon_config` [ RunTime:0.0023s ]
SQL: SELECT * FROM `fg_coupon_config` WHERE `actions` = 1 AND `status` = 1  [ RunTime:0.0018s ]
SQL: SHOW COLUMNS FROM `fg_fans_coupon` [ RunTime:0.0027s ]
SQL: SELECT * FROM `fg_fans` WHERE `id` = 510 LIMIT 1   [ RunTime:0.0018s ]
SQL: SHOW COLUMNS FROM `fg_canal` [ RunTime:0.0038s ]
SQL: SELECT * FROM `fg_canal` WHERE `id` = 4 LIMIT 1   [ RunTime:0.0021s ]
SQL: UPDATE `fg_canal` SET `click`=click+1 WHERE `id` = 4 [ RunTime:0.0027s ]
SQL: SHOW COLUMNS FROM `fg_reply` [ RunTime:0.0025s ]
SQL: SELECT * FROM `fg_reply` WHERE `status` = 1 AND `keyword` = '关注时回复' ORDER BY reply_type desc,sort desc,create_time desc LIMIT 1   [ RunTime:0.0018s ]
INFO: [ app_end ] --START--
INFO: Run Behavior\ShowPageTraceBehavior [ RunTime:0.000636s ]
INFO: [ app_end ] --END-- [ RunTime:0.000711s ]

[ 2016-05-03T09:51:03+08:00 ] 58.247.206.144 /wap.php?s=/Weixin/index.html&signature=1a20d8b48d4190ea900eb688482a51423a4ac660&timestamp=1462240262&nonce=573513582
INFO: [ app_init ] --START--
INFO: Run Behavior\BuildLiteBehavior [ RunTime:0.000018s ]
INFO: Run Common\Behavior\InitHookBehavior [ RunTime:0.001139s ]
INFO: [ app_init ] --END-- [ RunTime:0.001671s ]
INFO: [ app_begin ] --START--
INFO: Run Behavior\ReadHtmlCacheBehavior [ RunTime:0.000374s ]
INFO: [ app_begin ] --END-- [ RunTime:0.000425s ]
SQL: SHOW COLUMNS FROM `fg_config` [ RunTime:0.0029s ]
SQL: SELECT `type`,`name`,`value` FROM `fg_config` WHERE `status` = 1  [ RunTime:0.0021s ]
SQL: SHOW COLUMNS FROM `fg_canal` [ RunTime:0.0021s ]
SQL: SELECT * FROM `fg_canal` WHERE `id` = 4 LIMIT 1   [ RunTime:0.0016s ]
SQL: SHOW COLUMNS FROM `fg_reply` [ RunTime:0.0026s ]
SQL: SELECT * FROM `fg_reply` WHERE `status` = 1 AND `keyword` = '宋军达' ORDER BY reply_type desc,sort desc,create_time desc LIMIT 1   [ RunTime:0.0019s ]
SQL: SELECT * FROM `fg_reply` WHERE `status` = 1 AND `keyword` LIKE '%宋军达%' ORDER BY reply_type desc,sort desc,create_time desc LIMIT 1   [ RunTime:0.0016s ]
INFO: [ app_end ] --START--
INFO: Run Behavior\ShowPageTraceBehavior [ RunTime:0.000669s ]
INFO: [ app_end ] --END-- [ RunTime:0.000728s ]

[ 2016-05-03T09:51:13+08:00 ] 58.247.206.149 /wap.php?s=/Weixin/index.html&signature=0b81991c9d04ec3988c3581cf8901743512fe059&timestamp=1462240272&nonce=288887950
INFO: [ app_init ] --START--
INFO: Run Behavior\BuildLiteBehavior [ RunTime:0.000019s ]
INFO: Run Common\Behavior\InitHookBehavior [ RunTime:0.001213s ]
INFO: [ app_init ] --END-- [ RunTime:0.001797s ]
INFO: [ app_begin ] --START--
INFO: Run Behavior\ReadHtmlCacheBehavior [ RunTime:0.000419s ]
INFO: [ app_begin ] --END-- [ RunTime:0.000475s ]
SQL: SHOW COLUMNS FROM `fg_config` [ RunTime:0.0024s ]
SQL: SELECT `type`,`name`,`value` FROM `fg_config` WHERE `status` = 1  [ RunTime:0.0018s ]
INFO: [ app_end ] --START--
INFO: Run Behavior\ShowPageTraceBehavior [ RunTime:0.000621s ]
INFO: [ app_end ] --END-- [ RunTime:0.000694s ]

[ 2016-05-03T09:51:13+08:00 ] 101.226.125.109 /wap.php/Fans/myorders.html
INFO: [ app_init ] --START--
INFO: Run Behavior\BuildLiteBehavior [ RunTime:0.000020s ]
INFO: Run Common\Behavior\InitHookBehavior [ RunTime:0.001575s ]
INFO: [ app_init ] --END-- [ RunTime:0.002371s ]
INFO: [ app_begin ] --START--
INFO: Run Behavior\ReadHtmlCacheBehavior [ RunTime:0.000467s ]
INFO: [ app_begin ] --END-- [ RunTime:0.000519s ]
SQL: SHOW COLUMNS FROM `fg_config` [ RunTime:0.0023s ]
SQL: SELECT `type`,`name`,`value` FROM `fg_config` WHERE `status` = 1  [ RunTime:0.0017s ]
SQL: SELECT `type`,`name`,`value` FROM `fg_config` WHERE `status` = 1  [ RunTime:0.0017s ]
SQL: SHOW COLUMNS FROM `fg_fans_city` [ RunTime:0.0022s ]
SQL: SELECT `city` FROM `fg_fans_city` WHERE `openid` = null LIMIT 1   [ RunTime:0.0014s ]

[ 2016-05-03T09:51:14+08:00 ] 101.226.125.109 /wap.php/Fans/myorders.html?code=031y6CBj1nosgj0AJmBj18tABj1y6CBq&state=base
INFO: [ app_init ] --START--
INFO: Run Behavior\BuildLiteBehavior [ RunTime:0.000022s ]
INFO: Run Common\Behavior\InitHookBehavior [ RunTime:0.001136s ]
INFO: [ app_init ] --END-- [ RunTime:0.001672s ]
INFO: [ app_begin ] --START--
INFO: Run Behavior\ReadHtmlCacheBehavior [ RunTime:0.000395s ]
INFO: [ app_begin ] --END-- [ RunTime:0.000445s ]
SQL: SHOW COLUMNS FROM `fg_config` [ RunTime:0.0025s ]
SQL: SELECT `type`,`name`,`value` FROM `fg_config` WHERE `status` = 1  [ RunTime:0.0019s ]
SQL: SELECT `type`,`name`,`value` FROM `fg_config` WHERE `status` = 1  [ RunTime:0.0033s ]
SQL: SHOW COLUMNS FROM `fg_fans_city` [ RunTime:0.0021s ]
SQL: SELECT `city` FROM `fg_fans_city` WHERE `openid` = null LIMIT 1   [ RunTime:0.0016s ]
NOTIC: [8] Undefined index: unionid /var/www/didi/Application/Wap/Controller/WapController.class.php 第 134 行.
SQL: SHOW COLUMNS FROM `fg_fans` [ RunTime:0.0033s ]
SQL: SELECT * FROM `fg_fans` WHERE `openid` = 'o97bDvnIVlItOErcQmczpLsPV5dk' LIMIT 1   [ RunTime:0.0019s ]
SQL: SELECT * FROM `fg_fans` WHERE `openid` = 'o97bDvnIVlItOErcQmczpLsPV5dk' LIMIT 1   [ RunTime:0.0018s ]
SQL: SHOW COLUMNS FROM `fg_maintain_order` [ RunTime:0.0025s ]
SQL: SELECT * FROM `fg_maintain_order` WHERE `openid` = 'o97bDvnIVlItOErcQmczpLsPV5dk' ORDER BY id desc  [ RunTime:0.0020s ]
NOTIC: [2] Invalid argument supplied for foreach() /var/www/didi/Application/Wap/Controller/FansController.class.php 第 483 行.
INFO: [ view_parse ] --START--
INFO: [ template_filter ] --START--
INFO: Run Behavior\ContentReplaceBehavior [ RunTime:0.000068s ]
INFO: [ template_filter ] --END-- [ RunTime:0.000123s ]
INFO: Run Behavior\ParseTemplateBehavior [ RunTime:0.011141s ]
INFO: [ view_parse ] --END-- [ RunTime:0.011189s ]
INFO: [ view_filter ] --START--
INFO: Run Behavior\WriteHtmlCacheBehavior [ RunTime:0.000127s ]
INFO: [ view_filter ] --END-- [ RunTime:0.000166s ]
INFO: [ app_end ] --START--
INFO: Run Behavior\ShowPageTraceBehavior [ RunTime:0.000482s ]
INFO: [ app_end ] --END-- [ RunTime:0.000538s ]

[ 2016-05-03T09:51:15+08:00 ] 101.226.125.109 /wap.php?s=/Location/getmycity.html
INFO: [ app_init ] --START--
INFO: Run Behavior\BuildLiteBehavior [ RunTime:0.000021s ]
INFO: Run Common\Behavior\InitHookBehavior [ RunTime:0.001166s ]
INFO: [ app_init ] --END-- [ RunTime:0.001813s ]
INFO: [ app_begin ] --START--
INFO: Run Behavior\ReadHtmlCacheBehavior [ RunTime:0.000461s ]
INFO: [ app_begin ] --END-- [ RunTime:0.000512s ]
SQL: SHOW COLUMNS FROM `fg_config` [ RunTime:0.0028s ]
SQL: SELECT `type`,`name`,`value` FROM `fg_config` WHERE `status` = 1  [ RunTime:0.0022s ]
SQL: SELECT `type`,`name`,`value` FROM `fg_config` WHERE `status` = 1  [ RunTime:0.0018s ]
SQL: SHOW COLUMNS FROM `fg_fans_city` [ RunTime:0.0022s ]
SQL: SELECT `city` FROM `fg_fans_city` WHERE `openid` = 'o97bDvnIVlItOErcQmczpLsPV5dk' LIMIT 1   [ RunTime:0.0016s ]
SQL: SELECT `city` FROM `fg_fans_city` WHERE `openid` = 'o97bDvnIVlItOErcQmczpLsPV5dk' LIMIT 1   [ RunTime:0.0015s ]
SQL: SHOW COLUMNS FROM `fg_city` [ RunTime:0.0020s ]
SQL: SELECT * FROM `fg_city` WHERE `id` = null LIMIT 1   [ RunTime:0.0016s ]

[ 2016-05-03T10:48:50+08:00 ] 140.207.54.79 /wap.php?s=/Weixin/index.html&signature=bec299461de9792d622068f012a955c0a7074e0e&timestamp=1462243729&nonce=361338391
INFO: [ app_init ] --START--
INFO: Run Behavior\BuildLiteBehavior [ RunTime:0.000018s ]
INFO: Run Common\Behavior\InitHookBehavior [ RunTime:0.001254s ]
INFO: [ app_init ] --END-- [ RunTime:0.001818s ]
INFO: [ app_begin ] --START--
INFO: Run Behavior\ReadHtmlCacheBehavior [ RunTime:0.000550s ]
INFO: [ app_begin ] --END-- [ RunTime:0.000630s ]
SQL: SHOW COLUMNS FROM `fg_config` [ RunTime:0.0027s ]
SQL: SELECT `type`,`name`,`value` FROM `fg_config` WHERE `status` = 1  [ RunTime:0.0019s ]
SQL: SHOW COLUMNS FROM `fg_canal` [ RunTime:0.0023s ]
SQL: SELECT * FROM `fg_canal` WHERE `id` = 4 LIMIT 1   [ RunTime:0.0017s ]
SQL: SHOW COLUMNS FROM `fg_reply` [ RunTime:0.0023s ]
SQL: SELECT * FROM `fg_reply` WHERE `status` = 1 AND `keyword` = '宋军达' ORDER BY reply_type desc,sort desc,create_time desc LIMIT 1   [ RunTime:0.0018s ]
SQL: SELECT * FROM `fg_reply` WHERE `status` = 1 AND `keyword` LIKE '%宋军达%' ORDER BY reply_type desc,sort desc,create_time desc LIMIT 1   [ RunTime:0.0019s ]
INFO: [ app_end ] --START--
INFO: Run Behavior\ShowPageTraceBehavior [ RunTime:0.000610s ]
INFO: [ app_end ] --END-- [ RunTime:0.000662s ]

[ 2016-05-03T10:49:29+08:00 ] 140.207.54.79 /wap.php?s=/Weixin/index.html&signature=52183db43691b4dc9396b500886f1ec56fa04cc9&timestamp=1462243768&nonce=18531556
INFO: [ app_init ] --START--
INFO: Run Behavior\BuildLiteBehavior [ RunTime:0.000021s ]
INFO: Run Common\Behavior\InitHookBehavior [ RunTime:0.001172s ]
INFO: [ app_init ] --END-- [ RunTime:0.001868s ]
INFO: [ app_begin ] --START--
INFO: Run Behavior\ReadHtmlCacheBehavior [ RunTime:0.000401s ]
INFO: [ app_begin ] --END-- [ RunTime:0.000465s ]
SQL: SHOW COLUMNS FROM `fg_config` [ RunTime:0.0027s ]
SQL: SELECT `type`,`name`,`value` FROM `fg_config` WHERE `status` = 1  [ RunTime:0.0018s ]
INFO: [ app_end ] --START--
INFO: Run Behavior\ShowPageTraceBehavior [ RunTime:0.000542s ]
INFO: [ app_end ] --END-- [ RunTime:0.000602s ]

[ 2016-05-03T10:51:18+08:00 ] 140.207.54.79 /wap.php?s=/Weixin/index.html&signature=26b58029ad5bb46203307b3b918b079ef5a87d26&timestamp=1462243878&nonce=1633046971
INFO: [ app_init ] --START--
INFO: Run Behavior\BuildLiteBehavior [ RunTime:0.000017s ]
INFO: Run Common\Behavior\InitHookBehavior [ RunTime:0.001099s ]
INFO: [ app_init ] --END-- [ RunTime:0.001614s ]
INFO: [ app_begin ] --START--
INFO: Run Behavior\ReadHtmlCacheBehavior [ RunTime:0.000369s ]
INFO: [ app_begin ] --END-- [ RunTime:0.000423s ]
SQL: SHOW COLUMNS FROM `fg_config` [ RunTime:0.0025s ]
SQL: SELECT `type`,`name`,`value` FROM `fg_config` WHERE `status` = 1  [ RunTime:0.0019s ]
SQL: SHOW COLUMNS FROM `fg_canal` [ RunTime:0.0022s ]
SQL: SELECT * FROM `fg_canal` WHERE `id` = 4 LIMIT 1   [ RunTime:0.0015s ]
SQL: SHOW COLUMNS FROM `fg_reply` [ RunTime:0.0021s ]
SQL: SELECT * FROM `fg_reply` WHERE `status` = 1 AND `keyword` = '宋军达' ORDER BY reply_type desc,sort desc,create_time desc LIMIT 1   [ RunTime:0.0015s ]
SQL: SELECT * FROM `fg_reply` WHERE `status` = 1 AND `keyword` LIKE '%宋军达%' ORDER BY reply_type desc,sort desc,create_time desc LIMIT 1   [ RunTime:0.0016s ]
INFO: [ app_end ] --START--
INFO: Run Behavior\ShowPageTraceBehavior [ RunTime:0.000638s ]
INFO: [ app_end ] --END-- [ RunTime:0.000721s ]

[ 2016-05-03T10:51:24+08:00 ] 140.207.54.79 /wap.php?s=/Weixin/index.html&signature=24717dc68aac77a6d04ae43415ba355e4d44cb70&timestamp=1462243883&nonce=1991455354
INFO: [ app_init ] --START--
INFO: Run Behavior\BuildLiteBehavior [ RunTime:0.000018s ]
INFO: Run Common\Behavior\InitHookBehavior [ RunTime:0.001066s ]
INFO: [ app_init ] --END-- [ RunTime:0.001610s ]
INFO: [ app_begin ] --START--
INFO: Run Behavior\ReadHtmlCacheBehavior [ RunTime:0.000383s ]
INFO: [ app_begin ] --END-- [ RunTime:0.000456s ]
SQL: SHOW COLUMNS FROM `fg_config` [ RunTime:0.0029s ]
SQL: SELECT `type`,`name`,`value` FROM `fg_config` WHERE `status` = 1  [ RunTime:0.0024s ]
INFO: [ app_end ] --START--
INFO: Run Behavior\ShowPageTraceBehavior [ RunTime:0.000530s ]
INFO: [ app_end ] --END-- [ RunTime:0.000611s ]

[ 2016-05-03T11:02:11+08:00 ] 140.207.54.79 /wap.php?s=/Weixin/index.html&signature=4bfbdc3ab1f9e821cdfd4bd3714dd89a743e2d50&timestamp=1462244530&nonce=1059598184
INFO: [ app_init ] --START--
INFO: Run Behavior\BuildLiteBehavior [ RunTime:0.000019s ]
INFO: Run Common\Behavior\InitHookBehavior [ RunTime:0.001098s ]
INFO: [ app_init ] --END-- [ RunTime:0.001753s ]
INFO: [ app_begin ] --START--
INFO: Run Behavior\ReadHtmlCacheBehavior [ RunTime:0.000546s ]
INFO: [ app_begin ] --END-- [ RunTime:0.000631s ]
SQL: SHOW COLUMNS FROM `fg_config` [ RunTime:0.0028s ]
SQL: SELECT `type`,`name`,`value` FROM `fg_config` WHERE `status` = 1  [ RunTime:0.0021s ]
INFO: [ app_end ] --START--
INFO: Run Behavior\ShowPageTraceBehavior [ RunTime:0.000525s ]
INFO: [ app_end ] --END-- [ RunTime:0.000584s ]

[ 2016-05-03T12:11:06+08:00 ] 58.247.206.153 /wap.php?s=/Weixin/index.html&signature=944b33d424ee4d3b78ad32a71e8710387051f7d0&timestamp=1462248665&nonce=1032083085
INFO: [ app_init ] --START--
INFO: Run Behavior\BuildLiteBehavior [ RunTime:0.000019s ]
INFO: Run Common\Behavior\InitHookBehavior [ RunTime:0.001178s ]
INFO: [ app_init ] --END-- [ RunTime:0.001828s ]
INFO: [ app_begin ] --START--
INFO: Run Behavior\ReadHtmlCacheBehavior [ RunTime:0.000380s ]
INFO: [ app_begin ] --END-- [ RunTime:0.000458s ]
SQL: SHOW COLUMNS FROM `fg_config` [ RunTime:0.0026s ]
SQL: SELECT `type`,`name`,`value` FROM `fg_config` WHERE `status` = 1  [ RunTime:0.0019s ]
INFO: [ app_end ] --START--
INFO: Run Behavior\ShowPageTraceBehavior [ RunTime:0.000649s ]
INFO: [ app_end ] --END-- [ RunTime:0.000777s ]

[ 2016-05-03T12:14:51+08:00 ] 58.247.206.150 /wap.php?s=/Weixin/index.html&signature=cf3a0547f5be14b36d76b7bdf40b779e5c87e3d9&timestamp=1462248890&nonce=1224792764
INFO: [ app_init ] --START--
INFO: Run Behavior\BuildLiteBehavior [ RunTime:0.000020s ]
INFO: Run Common\Behavior\InitHookBehavior [ RunTime:0.001142s ]
INFO: [ app_init ] --END-- [ RunTime:0.001715s ]
INFO: [ app_begin ] --START--
INFO: Run Behavior\ReadHtmlCacheBehavior [ RunTime:0.000366s ]
INFO: [ app_begin ] --END-- [ RunTime:0.000420s ]
SQL: SHOW COLUMNS FROM `fg_config` [ RunTime:0.0026s ]
SQL: SELECT `type`,`name`,`value` FROM `fg_config` WHERE `status` = 1  [ RunTime:0.0019s ]
NOTIC: [8] Undefined index: errcode /var/www/didi/ThinkPHP/Library/OT/Wechat/Wechat.class.php 第 883 行.
NOTIC: [8] Undefined index: errcode /var/www/didi/ThinkPHP/Library/OT/Wechat/Wechat.class.php 第 919 行.
NOTIC: [8] Undefined index: unionid /var/www/didi/Application/Wap/Controller/WeixinController.class.php 第 266 行.
SQL: SHOW COLUMNS FROM `fg_fans` [ RunTime:0.0037s ]
SQL: SELECT * FROM `fg_fans` WHERE `openid` = 'o97bDvpt-_xmbC0M0u8SnLBAHiEs' LIMIT 1   [ RunTime:0.0019s ]
SQL: INSERT INTO `fg_fans` (`openid`,`nickname`,`headimgurl`,`sex`,`subscribe`,`subscribe_time`,`address`,`create_time`,`canalid`,`intro`) VALUES ('o97bDvpt-_xmbC0M0u8SnLBAHiEs','A广汽传祺陈钢','http://wx.qlogo.cn/mmopen/PiajxSqBRaEKP9cicafEzCyTzBr9AdI4cJx0cdodibTd7KeUibOXlCiaibU8OSFRRvKNBsUEeiab1J2F1MgFlueMXiczDA/0','1','1','1462248890','中国浙江金华','1462248891','4','通过场景id=4关注') [ RunTime:0.0025s ]
SQL: SHOW COLUMNS FROM `fg_coupon_config` [ RunTime:0.0022s ]
SQL: SELECT * FROM `fg_coupon_config` WHERE `actions` = 1 AND `status` = 1  [ RunTime:0.0016s ]
SQL: SHOW COLUMNS FROM `fg_fans_coupon` [ RunTime:0.0025s ]
SQL: SELECT * FROM `fg_fans` WHERE `id` = 511 LIMIT 1   [ RunTime:0.0020s ]
SQL: SHOW COLUMNS FROM `fg_canal` [ RunTime:0.0022s ]
SQL: SELECT * FROM `fg_canal` WHERE `id` = 4 LIMIT 1   [ RunTime:0.0016s ]
SQL: UPDATE `fg_canal` SET `click`=click+1 WHERE `id` = 4 [ RunTime:0.0025s ]
SQL: SHOW COLUMNS FROM `fg_reply` [ RunTime:0.0025s ]
SQL: SELECT * FROM `fg_reply` WHERE `status` = 1 AND `keyword` = '关注时回复' ORDER BY reply_type desc,sort desc,create_time desc LIMIT 1   [ RunTime:0.0018s ]
INFO: [ app_end ] --START--
INFO: Run Behavior\ShowPageTraceBehavior [ RunTime:0.000907s ]
INFO: [ app_end ] --END-- [ RunTime:0.000991s ]

[ 2016-05-03T12:14:53+08:00 ] 180.153.206.25 /wap.php?s=/Weixin/index.html
INFO: [ app_init ] --START--
INFO: Run Behavior\BuildLiteBehavior [ RunTime:0.000020s ]
INFO: Run Common\Behavior\InitHookBehavior [ RunTime:0.001086s ]
INFO: [ app_init ] --END-- [ RunTime:0.001639s ]
INFO: [ app_begin ] --START--
INFO: Run Behavior\ReadHtmlCacheBehavior [ RunTime:0.000377s ]
INFO: [ app_begin ] --END-- [ RunTime:0.000427s ]
SQL: SHOW COLUMNS FROM `fg_config` [ RunTime:0.0026s ]
SQL: SELECT `type`,`name`,`value` FROM `fg_config` WHERE `status` = 1  [ RunTime:0.0020s ]

[ 2016-05-03T12:15:02+08:00 ] 58.247.206.148 /wap.php?s=/Weixin/index.html&signature=658307f92b39a033bcb76758c3b3b32f9453b0c7&timestamp=1462248901&nonce=364920791
INFO: [ app_init ] --START--
INFO: Run Behavior\BuildLiteBehavior [ RunTime:0.000016s ]
INFO: Run Common\Behavior\InitHookBehavior [ RunTime:0.001088s ]
INFO: [ app_init ] --END-- [ RunTime:0.001585s ]
INFO: [ app_begin ] --START--
INFO: Run Behavior\ReadHtmlCacheBehavior [ RunTime:0.000365s ]
INFO: [ app_begin ] --END-- [ RunTime:0.000416s ]
SQL: SHOW COLUMNS FROM `fg_config` [ RunTime:0.0027s ]
SQL: SELECT `type`,`name`,`value` FROM `fg_config` WHERE `status` = 1  [ RunTime:0.0022s ]
INFO: [ app_end ] --START--
INFO: Run Behavior\ShowPageTraceBehavior [ RunTime:0.000752s ]
INFO: [ app_end ] --END-- [ RunTime:0.000828s ]

[ 2016-05-03T12:15:35+08:00 ] 58.247.206.158 /wap.php?s=/Weixin/index.html&signature=aa6ca861531c6057405d45df09ca789d80f1caf3&timestamp=1462248934&nonce=442518121
INFO: [ app_init ] --START--
INFO: Run Behavior\BuildLiteBehavior [ RunTime:0.000018s ]
INFO: Run Common\Behavior\InitHookBehavior [ RunTime:0.001935s ]
INFO: [ app_init ] --END-- [ RunTime:0.002469s ]
INFO: [ app_begin ] --START--
INFO: Run Behavior\ReadHtmlCacheBehavior [ RunTime:0.000504s ]
INFO: [ app_begin ] --END-- [ RunTime:0.000592s ]
SQL: SHOW COLUMNS FROM `fg_config` [ RunTime:0.0026s ]
SQL: SELECT `type`,`name`,`value` FROM `fg_config` WHERE `status` = 1  [ RunTime:0.0018s ]
INFO: [ app_end ] --START--
INFO: Run Behavior\ShowPageTraceBehavior [ RunTime:0.000572s ]
INFO: [ app_end ] --END-- [ RunTime:0.000632s ]

[ 2016-05-03T12:15:35+08:00 ] 183.246.125.48 /wap.php/Maintain/index.html
INFO: [ app_init ] --START--
INFO: Run Behavior\BuildLiteBehavior [ RunTime:0.000018s ]
INFO: Run Common\Behavior\InitHookBehavior [ RunTime:0.001264s ]
INFO: [ app_init ] --END-- [ RunTime:0.001802s ]
INFO: [ app_begin ] --START--
INFO: Run Behavior\ReadHtmlCacheBehavior [ RunTime:0.000374s ]
INFO: [ app_begin ] --END-- [ RunTime:0.000424s ]
NOTIC: [2048] Declaration of Wap\Controller\MaintainController::prepay() should be compatible with Wap\Controller\WapController::prepay($body, $transid, $price) /var/www/didi/Application/Wap/Controller/MaintainController.class.php 第 27 行.
SQL: SHOW COLUMNS FROM `fg_config` [ RunTime:0.0029s ]
SQL: SELECT `type`,`name`,`value` FROM `fg_config` WHERE `status` = 1  [ RunTime:0.0021s ]
SQL: SELECT `type`,`name`,`value` FROM `fg_config` WHERE `status` = 1  [ RunTime:0.0020s ]
SQL: SHOW COLUMNS FROM `fg_fans_city` [ RunTime:0.0022s ]
SQL: SELECT `city` FROM `fg_fans_city` WHERE `openid` = null LIMIT 1   [ RunTime:0.0017s ]

[ 2016-05-03T12:15:36+08:00 ] 183.246.125.48 /wap.php/Maintain/index.html?code=041w0TeQ0jSzzd2KuZeQ0ELTeQ0w0Tei&state=base
INFO: [ app_init ] --START--
INFO: Run Behavior\BuildLiteBehavior [ RunTime:0.000020s ]
INFO: Run Common\Behavior\InitHookBehavior [ RunTime:0.001101s ]
INFO: [ app_init ] --END-- [ RunTime:0.001635s ]
INFO: [ app_begin ] --START--
INFO: Run Behavior\ReadHtmlCacheBehavior [ RunTime:0.000438s ]
INFO: [ app_begin ] --END-- [ RunTime:0.000489s ]
NOTIC: [2048] Declaration of Wap\Controller\MaintainController::prepay() should be compatible with Wap\Controller\WapController::prepay($body, $transid, $price) /var/www/didi/Application/Wap/Controller/MaintainController.class.php 第 27 行.
SQL: SHOW COLUMNS FROM `fg_config` [ RunTime:0.0029s ]
SQL: SELECT `type`,`name`,`value` FROM `fg_config` WHERE `status` = 1  [ RunTime:0.0021s ]
SQL: SELECT `type`,`name`,`value` FROM `fg_config` WHERE `status` = 1  [ RunTime:0.0018s ]
SQL: SHOW COLUMNS FROM `fg_fans_city` [ RunTime:0.0022s ]
SQL: SELECT `city` FROM `fg_fans_city` WHERE `openid` = null LIMIT 1   [ RunTime:0.0016s ]
NOTIC: [8] Undefined index: unionid /var/www/didi/Application/Wap/Controller/WapController.class.php 第 134 行.
SQL: SHOW COLUMNS FROM `fg_fans` [ RunTime:0.0037s ]
SQL: SELECT * FROM `fg_fans` WHERE `openid` = 'o97bDvpt-_xmbC0M0u8SnLBAHiEs' LIMIT 1   [ RunTime:0.0021s ]
SQL: SHOW COLUMNS FROM `fg_maintain_product` [ RunTime:0.0027s ]
SQL: SELECT * FROM `fg_maintain_product` WHERE `type` = 1 AND `is_show` = 1 AND `cityid` = 1  [ RunTime:0.0021s ]
SQL: SELECT * FROM `fg_maintain_product` WHERE `type` = 2 AND `is_show` = 1 AND `cityid` = 1  [ RunTime:0.0019s ]
SQL: SELECT * FROM `fg_maintain_product` WHERE `type` = 3 AND `is_show` = 1 AND `cityid` = 1  [ RunTime:0.0020s ]
INFO: [ view_parse ] --START--
INFO: [ template_filter ] --START--
INFO: Run Behavior\ContentReplaceBehavior [ RunTime:0.000089s ]
INFO: [ template_filter ] --END-- [ RunTime:0.000161s ]
NOTIC: [8] Undefined index: type /var/www/didi/Runtime/Cache/Wap/be92367b9dfb9fa5a18377565ae95133.php 第 41 行.
NOTIC: [8] Undefined index: type /var/www/didi/Runtime/Cache/Wap/be92367b9dfb9fa5a18377565ae95133.php 第 41 行.
NOTIC: [8] Undefined index: type /var/www/didi/Runtime/Cache/Wap/be92367b9dfb9fa5a18377565ae95133.php 第 42 行.
NOTIC: [8] Undefined index: type /var/www/didi/Runtime/Cache/Wap/be92367b9dfb9fa5a18377565ae95133.php 第 43 行.
INFO: Run Behavior\ParseTemplateBehavior [ RunTime:0.015000s ]
INFO: [ view_parse ] --END-- [ RunTime:0.015063s ]
INFO: [ view_filter ] --START--
INFO: Run Behavior\WriteHtmlCacheBehavior [ RunTime:0.000154s ]
INFO: [ view_filter ] --END-- [ RunTime:0.000201s ]
INFO: [ app_end ] --START--
INFO: Run Behavior\ShowPageTraceBehavior [ RunTime:0.000477s ]
INFO: [ app_end ] --END-- [ RunTime:0.000524s ]

[ 2016-05-03T12:16:40+08:00 ] 58.247.206.143 /wap.php?s=/Weixin/index.html&signature=c5db35958ae24270accfda38beb6f745b32bb12c&timestamp=1462249000&nonce=544480397
INFO: [ app_init ] --START--
INFO: Run Behavior\BuildLiteBehavior [ RunTime:0.000020s ]
INFO: Run Common\Behavior\InitHookBehavior [ RunTime:0.001198s ]
INFO: [ app_init ] --END-- [ RunTime:0.001736s ]
INFO: [ app_begin ] --START--
INFO: Run Behavior\ReadHtmlCacheBehavior [ RunTime:0.000361s ]
INFO: [ app_begin ] --END-- [ RunTime:0.000414s ]
SQL: SHOW COLUMNS FROM `fg_config` [ RunTime:0.0025s ]
SQL: SELECT `type`,`name`,`value` FROM `fg_config` WHERE `status` = 1  [ RunTime:0.0018s ]
INFO: [ app_end ] --START--
INFO: Run Behavior\ShowPageTraceBehavior [ RunTime:0.000482s ]
INFO: [ app_end ] --END-- [ RunTime:0.000541s ]

[ 2016-05-03T12:18:09+08:00 ] 58.247.206.143 /wap.php?s=/Weixin/index.html&signature=6f6342210e156a3148b2cbbb5c0c5e85c4842037&timestamp=1462249089&nonce=1203553905
INFO: [ app_init ] --START--
INFO: Run Behavior\BuildLiteBehavior [ RunTime:0.000017s ]
INFO: Run Common\Behavior\InitHookBehavior [ RunTime:0.001093s ]
INFO: [ app_init ] --END-- [ RunTime:0.001640s ]
INFO: [ app_begin ] --START--
INFO: Run Behavior\ReadHtmlCacheBehavior [ RunTime:0.000394s ]
INFO: [ app_begin ] --END-- [ RunTime:0.000446s ]
SQL: SHOW COLUMNS FROM `fg_config` [ RunTime:0.0026s ]
SQL: SELECT `type`,`name`,`value` FROM `fg_config` WHERE `status` = 1  [ RunTime:0.0018s ]
INFO: [ app_end ] --START--
INFO: Run Behavior\ShowPageTraceBehavior [ RunTime:0.000848s ]
INFO: [ app_end ] --END-- [ RunTime:0.000984s ]

[ 2016-05-03T12:22:42+08:00 ] 140.207.54.79 /wap.php?s=/Weixin/index.html&signature=0ecb605c7275c867321cffbad7ca322591c62284&timestamp=1462249362&nonce=256186363
INFO: [ app_init ] --START--
INFO: Run Behavior\BuildLiteBehavior [ RunTime:0.000018s ]
INFO: Run Common\Behavior\InitHookBehavior [ RunTime:0.001075s ]
INFO: [ app_init ] --END-- [ RunTime:0.001634s ]
INFO: [ app_begin ] --START--
INFO: Run Behavior\ReadHtmlCacheBehavior [ RunTime:0.000362s ]
INFO: [ app_begin ] --END-- [ RunTime:0.000425s ]
SQL: SHOW COLUMNS FROM `fg_config` [ RunTime:0.0027s ]
SQL: SELECT `type`,`name`,`value` FROM `fg_config` WHERE `status` = 1  [ RunTime:0.0019s ]
INFO: [ app_end ] --START--
INFO: Run Behavior\ShowPageTraceBehavior [ RunTime:0.000595s ]
INFO: [ app_end ] --END-- [ RunTime:0.000656s ]

[ 2016-05-03T13:26:23+08:00 ] 58.247.206.158 /wap.php?s=/Weixin/index.html&signature=ba8fe2e26605966b3f8f78c55c269009a477a4c8&timestamp=1462253183&nonce=1275947905
INFO: [ app_init ] --START--
INFO: Run Behavior\BuildLiteBehavior [ RunTime:0.000022s ]
INFO: Run Common\Behavior\InitHookBehavior [ RunTime:0.001086s ]
INFO: [ app_init ] --END-- [ RunTime:0.001621s ]
INFO: [ app_begin ] --START--
INFO: Run Behavior\ReadHtmlCacheBehavior [ RunTime:0.000360s ]
INFO: [ app_begin ] --END-- [ RunTime:0.000411s ]
SQL: SHOW COLUMNS FROM `fg_config` [ RunTime:0.0030s ]
SQL: SELECT `type`,`name`,`value` FROM `fg_config` WHERE `status` = 1  [ RunTime:0.0019s ]
INFO: [ app_end ] --START--
INFO: Run Behavior\ShowPageTraceBehavior [ RunTime:0.000535s ]
INFO: [ app_end ] --END-- [ RunTime:0.000596s ]

[ 2016-05-03T13:28:07+08:00 ] 58.247.206.154 /wap.php?s=/Weixin/index.html&signature=d25edf2d4a92a550dbad04c40721d1b7ca6a865b&timestamp=1462253287&nonce=1200025346
INFO: [ app_init ] --START--
INFO: Run Behavior\BuildLiteBehavior [ RunTime:0.000019s ]
INFO: Run Common\Behavior\InitHookBehavior [ RunTime:0.001122s ]
INFO: [ app_init ] --END-- [ RunTime:0.001636s ]
INFO: [ app_begin ] --START--
INFO: Run Behavior\ReadHtmlCacheBehavior [ RunTime:0.000454s ]
INFO: [ app_begin ] --END-- [ RunTime:0.000513s ]
SQL: SHOW COLUMNS FROM `fg_config` [ RunTime:0.0028s ]
SQL: SELECT `type`,`name`,`value` FROM `fg_config` WHERE `status` = 1  [ RunTime:0.0022s ]
INFO: [ app_end ] --START--
INFO: Run Behavior\ShowPageTraceBehavior [ RunTime:0.000503s ]
INFO: [ app_end ] --END-- [ RunTime:0.000575s ]

[ 2016-05-03T13:30:17+08:00 ] 58.247.206.158 /wap.php?s=/Weixin/index.html&signature=24f2fe5e454a54b9286ee2151155696b43a90560&timestamp=1462253417&nonce=548634401
INFO: [ app_init ] --START--
INFO: Run Behavior\BuildLiteBehavior [ RunTime:0.000019s ]
INFO: Run Common\Behavior\InitHookBehavior [ RunTime:0.001087s ]
INFO: [ app_init ] --END-- [ RunTime:0.001620s ]
INFO: [ app_begin ] --START--
INFO: Run Behavior\ReadHtmlCacheBehavior [ RunTime:0.000425s ]
INFO: [ app_begin ] --END-- [ RunTime:0.000491s ]
SQL: SHOW COLUMNS FROM `fg_config` [ RunTime:0.0025s ]
SQL: SELECT `type`,`name`,`value` FROM `fg_config` WHERE `status` = 1  [ RunTime:0.0019s ]
INFO: [ app_end ] --START--
INFO: Run Behavior\ShowPageTraceBehavior [ RunTime:0.000679s ]
INFO: [ app_end ] --END-- [ RunTime:0.000744s ]

[ 2016-05-03T13:30:18+08:00 ] 101.226.125.15 /wap.php/Fans/myorders.html
INFO: [ app_init ] --START--
INFO: Run Behavior\BuildLiteBehavior [ RunTime:0.000017s ]
INFO: Run Common\Behavior\InitHookBehavior [ RunTime:0.001076s ]
INFO: [ app_init ] --END-- [ RunTime:0.001564s ]
INFO: [ app_begin ] --START--
INFO: Run Behavior\ReadHtmlCacheBehavior [ RunTime:0.000463s ]
INFO: [ app_begin ] --END-- [ RunTime:0.000525s ]
SQL: SHOW COLUMNS FROM `fg_config` [ RunTime:0.0026s ]
SQL: SELECT `type`,`name`,`value` FROM `fg_config` WHERE `status` = 1  [ RunTime:0.0021s ]
SQL: SELECT `type`,`name`,`value` FROM `fg_config` WHERE `status` = 1  [ RunTime:0.0018s ]
SQL: SHOW COLUMNS FROM `fg_fans_city` [ RunTime:0.0021s ]
SQL: SELECT `city` FROM `fg_fans_city` WHERE `openid` = null LIMIT 1   [ RunTime:0.0018s ]

[ 2016-05-03T13:30:19+08:00 ] 101.226.125.15 /wap.php/Fans/myorders.html?code=0216lUDD1QXiFg0kBFDD1Sl0ED16lUDe&state=base
INFO: [ app_init ] --START--
INFO: Run Behavior\BuildLiteBehavior [ RunTime:0.000015s ]
INFO: Run Common\Behavior\InitHookBehavior [ RunTime:0.001106s ]
INFO: [ app_init ] --END-- [ RunTime:0.001610s ]
INFO: [ app_begin ] --START--
INFO: Run Behavior\ReadHtmlCacheBehavior [ RunTime:0.000376s ]
INFO: [ app_begin ] --END-- [ RunTime:0.000427s ]
SQL: SHOW COLUMNS FROM `fg_config` [ RunTime:0.0025s ]
SQL: SELECT `type`,`name`,`value` FROM `fg_config` WHERE `status` = 1  [ RunTime:0.0018s ]
SQL: SELECT `type`,`name`,`value` FROM `fg_config` WHERE `status` = 1  [ RunTime:0.0019s ]
SQL: SHOW COLUMNS FROM `fg_fans_city` [ RunTime:0.0022s ]
SQL: SELECT `city` FROM `fg_fans_city` WHERE `openid` = null LIMIT 1   [ RunTime:0.0016s ]
NOTIC: [8] Undefined index: unionid /var/www/didi/Application/Wap/Controller/WapController.class.php 第 134 行.
SQL: SHOW COLUMNS FROM `fg_fans` [ RunTime:0.0031s ]
SQL: SELECT * FROM `fg_fans` WHERE `openid` = 'o97bDvr51E-tThVSImjzDazHiOBM' LIMIT 1   [ RunTime:0.0018s ]
SQL: SELECT * FROM `fg_fans` WHERE `openid` = 'o97bDvr51E-tThVSImjzDazHiOBM' LIMIT 1   [ RunTime:0.0018s ]
SQL: SHOW COLUMNS FROM `fg_maintain_order` [ RunTime:0.0028s ]
SQL: SELECT * FROM `fg_maintain_order` WHERE `openid` = 'o97bDvr51E-tThVSImjzDazHiOBM' ORDER BY id desc  [ RunTime:0.0018s ]
NOTIC: [2] Invalid argument supplied for foreach() /var/www/didi/Application/Wap/Controller/FansController.class.php 第 483 行.
INFO: [ view_parse ] --START--
INFO: [ template_filter ] --START--
INFO: Run Behavior\ContentReplaceBehavior [ RunTime:0.000069s ]
INFO: [ template_filter ] --END-- [ RunTime:0.000141s ]
INFO: Run Behavior\ParseTemplateBehavior [ RunTime:0.013327s ]
INFO: [ view_parse ] --END-- [ RunTime:0.013376s ]
INFO: [ view_filter ] --START--
INFO: Run Behavior\WriteHtmlCacheBehavior [ RunTime:0.000187s ]
INFO: [ view_filter ] --END-- [ RunTime:0.000241s ]
INFO: [ app_end ] --START--
INFO: Run Behavior\ShowPageTraceBehavior [ RunTime:0.000491s ]
INFO: [ app_end ] --END-- [ RunTime:0.000537s ]

[ 2016-05-03T13:30:21+08:00 ] 101.226.125.15 /wap.php?s=/Location/getmycity.html
INFO: [ app_init ] --START--
INFO: Run Behavior\BuildLiteBehavior [ RunTime:0.000018s ]
INFO: Run Common\Behavior\InitHookBehavior [ RunTime:0.001036s ]
INFO: [ app_init ] --END-- [ RunTime:0.001538s ]
INFO: [ app_begin ] --START--
INFO: Run Behavior\ReadHtmlCacheBehavior [ RunTime:0.000363s ]
INFO: [ app_begin ] --END-- [ RunTime:0.000408s ]
SQL: SHOW COLUMNS FROM `fg_config` [ RunTime:0.0029s ]
SQL: SELECT `type`,`name`,`value` FROM `fg_config` WHERE `status` = 1  [ RunTime:0.0019s ]
SQL: SELECT `type`,`name`,`value` FROM `fg_config` WHERE `status` = 1  [ RunTime:0.0019s ]
SQL: SHOW COLUMNS FROM `fg_fans_city` [ RunTime:0.0024s ]
SQL: SELECT `city` FROM `fg_fans_city` WHERE `openid` = 'o97bDvr51E-tThVSImjzDazHiOBM' LIMIT 1   [ RunTime:0.0016s ]
SQL: SELECT `city` FROM `fg_fans_city` WHERE `openid` = 'o97bDvr51E-tThVSImjzDazHiOBM' LIMIT 1   [ RunTime:0.0015s ]
SQL: SHOW COLUMNS FROM `fg_city` [ RunTime:0.0021s ]
SQL: SELECT * FROM `fg_city` WHERE `id` = null LIMIT 1   [ RunTime:0.0016s ]

[ 2016-05-03T13:51:50+08:00 ] 58.247.206.154 /wap.php?s=/Weixin/index.html&signature=6b4201cf656849833140ea70fc081a685908d6a8&timestamp=1462254710&nonce=645093256
INFO: [ app_init ] --START--
INFO: Run Behavior\BuildLiteBehavior [ RunTime:0.000020s ]
INFO: Run Common\Behavior\InitHookBehavior [ RunTime:0.001490s ]
INFO: [ app_init ] --END-- [ RunTime:0.002151s ]
INFO: [ app_begin ] --START--
INFO: Run Behavior\ReadHtmlCacheBehavior [ RunTime:0.000428s ]
INFO: [ app_begin ] --END-- [ RunTime:0.000485s ]
SQL: SHOW COLUMNS FROM `fg_config` [ RunTime:0.0025s ]
SQL: SELECT `type`,`name`,`value` FROM `fg_config` WHERE `status` = 1  [ RunTime:0.0020s ]
INFO: [ app_end ] --START--
INFO: Run Behavior\ShowPageTraceBehavior [ RunTime:0.000582s ]
INFO: [ app_end ] --END-- [ RunTime:0.000647s ]

[ 2016-05-03T15:04:44+08:00 ] 220.181.132.216 /wap.php/Shop/index.html
INFO: [ app_init ] --START--
INFO: Run Behavior\BuildLiteBehavior [ RunTime:0.000103s ]
INFO: Run Common\Behavior\InitHookBehavior [ RunTime:0.001454s ]
INFO: [ app_init ] --END-- [ RunTime:0.002540s ]
INFO: [ app_begin ] --START--
INFO: Run Behavior\ReadHtmlCacheBehavior [ RunTime:0.000449s ]
INFO: [ app_begin ] --END-- [ RunTime:0.000509s ]
SQL: SHOW COLUMNS FROM `fg_config` [ RunTime:0.0030s ]
SQL: SELECT `type`,`name`,`value` FROM `fg_config` WHERE `status` = 1  [ RunTime:0.0020s ]
SQL: SELECT `type`,`name`,`value` FROM `fg_config` WHERE `status` = 1  [ RunTime:0.0020s ]
SQL: SHOW COLUMNS FROM `fg_fans_city` [ RunTime:0.0025s ]
SQL: SELECT `city` FROM `fg_fans_city` WHERE `openid` = null LIMIT 1   [ RunTime:0.0015s ]

[ 2016-05-03T15:04:45+08:00 ] 220.181.132.216 /wap.php/Shop/index.html?code=041ia6pl199Dqy0AvAol1o65pl1ia6pn&state=base
INFO: [ app_init ] --START--
INFO: Run Behavior\BuildLiteBehavior [ RunTime:0.000015s ]
INFO: Run Common\Behavior\InitHookBehavior [ RunTime:0.001084s ]
INFO: [ app_init ] --END-- [ RunTime:0.001707s ]
INFO: [ app_begin ] --START--
INFO: Run Behavior\ReadHtmlCacheBehavior [ RunTime:0.000398s ]
INFO: [ app_begin ] --END-- [ RunTime:0.000449s ]
SQL: SHOW COLUMNS FROM `fg_config` [ RunTime:0.0025s ]
SQL: SELECT `type`,`name`,`value` FROM `fg_config` WHERE `status` = 1  [ RunTime:0.0019s ]
SQL: SELECT `type`,`name`,`value` FROM `fg_config` WHERE `status` = 1  [ RunTime:0.0018s ]
SQL: SHOW COLUMNS FROM `fg_fans_city` [ RunTime:0.0031s ]
SQL: SELECT `city` FROM `fg_fans_city` WHERE `openid` = null LIMIT 1   [ RunTime:0.0017s ]

[ 2016-05-03T15:37:27+08:00 ] 101.199.108.119 /wap.php/Shop/index.html?code=041ia6pl199Dqy0AvAol1o65pl1ia6pn&state=base
INFO: [ app_init ] --START--
INFO: Run Behavior\BuildLiteBehavior [ RunTime:0.000018s ]
INFO: Run Common\Behavior\InitHookBehavior [ RunTime:0.001150s ]
INFO: [ app_init ] --END-- [ RunTime:0.001710s ]
INFO: [ app_begin ] --START--
INFO: Run Behavior\ReadHtmlCacheBehavior [ RunTime:0.000409s ]
INFO: [ app_begin ] --END-- [ RunTime:0.000461s ]
SQL: SHOW COLUMNS FROM `fg_config` [ RunTime:0.0027s ]
SQL: SELECT `type`,`name`,`value` FROM `fg_config` WHERE `status` = 1  [ RunTime:0.0020s ]
SQL: SELECT `type`,`name`,`value` FROM `fg_config` WHERE `status` = 1  [ RunTime:0.0019s ]
SQL: SHOW COLUMNS FROM `fg_fans_city` [ RunTime:0.0022s ]
SQL: SELECT `city` FROM `fg_fans_city` WHERE `openid` = null LIMIT 1   [ RunTime:0.0017s ]

[ 2016-05-03T15:38:31+08:00 ] 171.8.167.75 /wap.php/Shop/index.html
INFO: [ app_init ] --START--
INFO: Run Behavior\BuildLiteBehavior [ RunTime:0.000019s ]
INFO: Run Common\Behavior\InitHookBehavior [ RunTime:0.001067s ]
INFO: [ app_init ] --END-- [ RunTime:0.001600s ]
INFO: [ app_begin ] --START--
INFO: Run Behavior\ReadHtmlCacheBehavior [ RunTime:0.000364s ]
INFO: [ app_begin ] --END-- [ RunTime:0.000414s ]
SQL: SHOW COLUMNS FROM `fg_config` [ RunTime:0.0025s ]
SQL: SELECT `type`,`name`,`value` FROM `fg_config` WHERE `status` = 1  [ RunTime:0.0018s ]
SQL: SELECT `type`,`name`,`value` FROM `fg_config` WHERE `status` = 1  [ RunTime:0.0018s ]
SQL: SHOW COLUMNS FROM `fg_fans_city` [ RunTime:0.0024s ]
SQL: SELECT `city` FROM `fg_fans_city` WHERE `openid` = null LIMIT 1   [ RunTime:0.0015s ]

[ 2016-05-03T16:00:16+08:00 ] 140.207.54.80 /wap.php?s=/Weixin/index.html&signature=35d7dc461c67398b0a5831b0294869f0c6b5b0a4&timestamp=1462262416&nonce=2058650189
INFO: [ app_init ] --START--
INFO: Run Behavior\BuildLiteBehavior [ RunTime:0.000020s ]
INFO: Run Common\Behavior\InitHookBehavior [ RunTime:0.001105s ]
INFO: [ app_init ] --END-- [ RunTime:0.001599s ]
INFO: [ app_begin ] --START--
INFO: Run Behavior\ReadHtmlCacheBehavior [ RunTime:0.000391s ]
INFO: [ app_begin ] --END-- [ RunTime:0.000442s ]
SQL: SHOW COLUMNS FROM `fg_config` [ RunTime:0.0032s ]
SQL: SELECT `type`,`name`,`value` FROM `fg_config` WHERE `status` = 1  [ RunTime:0.0022s ]
SQL: SHOW COLUMNS FROM `fg_canal` [ RunTime:0.0028s ]
SQL: SELECT * FROM `fg_canal` WHERE `id` = 4 LIMIT 1   [ RunTime:0.0019s ]
SQL: SHOW COLUMNS FROM `fg_reply` [ RunTime:0.0026s ]
SQL: SELECT * FROM `fg_reply` WHERE `status` = 1 AND `keyword` = '宋军达' ORDER BY reply_type desc,sort desc,create_time desc LIMIT 1   [ RunTime:0.0018s ]
SQL: SELECT * FROM `fg_reply` WHERE `status` = 1 AND `keyword` LIKE '%宋军达%' ORDER BY reply_type desc,sort desc,create_time desc LIMIT 1   [ RunTime:0.0019s ]
INFO: [ app_end ] --START--
INFO: Run Behavior\ShowPageTraceBehavior [ RunTime:0.000792s ]
INFO: [ app_end ] --END-- [ RunTime:0.000906s ]

