[ 2016-05-01T08:04:29+08:00 ] 58.247.206.144 /wap.php?s=/Weixin/index.html&signature=a170872846ddb1165030fd1e861780b2e06dcb58&timestamp=1462061068&nonce=1611839529
INFO: [ app_init ] --START--
INFO: Run Behavior\BuildLiteBehavior [ RunTime:0.000018s ]
INFO: Run Common\Behavior\InitHookBehavior [ RunTime:0.001126s ]
INFO: [ app_init ] --END-- [ RunTime:0.001675s ]
INFO: [ app_begin ] --START--
INFO: Run Behavior\ReadHtmlCacheBehavior [ RunTime:0.000366s ]
INFO: [ app_begin ] --END-- [ RunTime:0.000424s ]
SQL: SHOW COLUMNS FROM `fg_config` [ RunTime:0.0032s ]
SQL: SELECT `type`,`name`,`value` FROM `fg_config` WHERE `status` = 1  [ RunTime:0.0021s ]
SQL: SHOW COLUMNS FROM `fg_fans` [ RunTime:0.0040s ]
SQL: UPDATE `fg_fans` SET `subscribe`='0' WHERE `openid` = 'o97bDvutNraHf1vAgu4RzXE0aoAE' [ RunTime:0.0018s ]
INFO: [ app_end ] --START--
INFO: Run Behavior\ShowPageTraceBehavior [ RunTime:0.000488s ]
INFO: [ app_end ] --END-- [ RunTime:0.000544s ]

[ 2016-05-01T11:02:15+08:00 ] 58.247.206.153 /wap.php?s=/Weixin/index.html&signature=eb6ab732a3bf6bd7bee7708af6b626e50479530b&timestamp=1462071734&nonce=731363315
INFO: [ app_init ] --START--
INFO: Run Behavior\BuildLiteBehavior [ RunTime:0.000018s ]
INFO: Run Common\Behavior\InitHookBehavior [ RunTime:0.001124s ]
INFO: [ app_init ] --END-- [ RunTime:0.001656s ]
INFO: [ app_begin ] --START--
INFO: Run Behavior\ReadHtmlCacheBehavior [ RunTime:0.000420s ]
INFO: [ app_begin ] --END-- [ RunTime:0.000473s ]
SQL: SHOW COLUMNS FROM `fg_config` [ RunTime:0.0029s ]
SQL: SELECT `type`,`name`,`value` FROM `fg_config` WHERE `status` = 1  [ RunTime:0.0020s ]
NOTIC: [8] Undefined offset: 1 /var/www/didi/Application/Wap/Controller/WeixinController.class.php 第 309 行.
NOTIC: [8] Undefined index: errcode /var/www/didi/ThinkPHP/Library/OT/Wechat/Wechat.class.php 第 883 行.
NOTIC: [8] Undefined index: errcode /var/www/didi/ThinkPHP/Library/OT/Wechat/Wechat.class.php 第 919 行.
NOTIC: [8] Undefined index: unionid /var/www/didi/Application/Wap/Controller/WeixinController.class.php 第 266 行.
SQL: SHOW COLUMNS FROM `fg_fans` [ RunTime:0.0034s ]
SQL: SELECT * FROM `fg_fans` WHERE `openid` = 'o97bDvjLyO8pCLZmNqijgNUaV1NQ' LIMIT 1   [ RunTime:0.0019s ]
SQL: INSERT INTO `fg_fans` (`openid`,`nickname`,`headimgurl`,`sex`,`subscribe`,`subscribe_time`,`address`,`create_time`) VALUES ('o97bDvjLyO8pCLZmNqijgNUaV1NQ','开开❤️心','http://wx.qlogo.cn/mmopen/8984aO4eojc5gexRtKdnNVf3Ca3D7X6BRWvXY95brMHf6EqDwmHnC9dcxcU6ibsrAVRZfTpUv42p6ul6zMicIq5NaibEDiaJ2GFL/0','0','1','1462071734','','1462071734') [ RunTime:0.0053s ]
SQL: SHOW COLUMNS FROM `fg_coupon_config` [ RunTime:0.0024s ]
SQL: SELECT * FROM `fg_coupon_config` WHERE `actions` = 1 AND `status` = 1  [ RunTime:0.0017s ]
SQL: SHOW COLUMNS FROM `fg_fans_coupon` [ RunTime:0.0029s ]
SQL: SELECT * FROM `fg_fans` WHERE `id` = 501 LIMIT 1   [ RunTime:0.0018s ]
SQL: SHOW COLUMNS FROM `fg_reply` [ RunTime:0.0023s ]
SQL: SELECT * FROM `fg_reply` WHERE `status` = 1 AND `keyword` = '关注时回复' ORDER BY reply_type desc,sort desc,create_time desc LIMIT 1   [ RunTime:0.0019s ]
INFO: [ app_end ] --START--
INFO: Run Behavior\ShowPageTraceBehavior [ RunTime:0.000604s ]
INFO: [ app_end ] --END-- [ RunTime:0.000666s ]

[ 2016-05-01T11:09:30+08:00 ] 58.247.206.139 /wap.php?s=/Weixin/index.html&signature=68b4006ed93f2d75000e862b2d81fb98ff2038b0&timestamp=1462072170&nonce=1571907725
INFO: [ app_init ] --START--
INFO: Run Behavior\BuildLiteBehavior [ RunTime:0.000019s ]
INFO: Run Common\Behavior\InitHookBehavior [ RunTime:0.001118s ]
INFO: [ app_init ] --END-- [ RunTime:0.001631s ]
INFO: [ app_begin ] --START--
INFO: Run Behavior\ReadHtmlCacheBehavior [ RunTime:0.000367s ]
INFO: [ app_begin ] --END-- [ RunTime:0.000418s ]
SQL: SHOW COLUMNS FROM `fg_config` [ RunTime:0.0031s ]
SQL: SELECT `type`,`name`,`value` FROM `fg_config` WHERE `status` = 1  [ RunTime:0.0021s ]
INFO: [ app_end ] --START--
INFO: Run Behavior\ShowPageTraceBehavior [ RunTime:0.000557s ]
INFO: [ app_end ] --END-- [ RunTime:0.000624s ]

[ 2016-05-01T11:09:42+08:00 ] 58.247.206.144 /wap.php?s=/Weixin/index.html&signature=80005f23f716263d8aaca98587f3a928b6b8e496&timestamp=1462072182&nonce=2004960740
INFO: [ app_init ] --START--
INFO: Run Behavior\BuildLiteBehavior [ RunTime:0.000019s ]
INFO: Run Common\Behavior\InitHookBehavior [ RunTime:0.001279s ]
INFO: [ app_init ] --END-- [ RunTime:0.001780s ]
INFO: [ app_begin ] --START--
INFO: Run Behavior\ReadHtmlCacheBehavior [ RunTime:0.000382s ]
INFO: [ app_begin ] --END-- [ RunTime:0.000434s ]
SQL: SHOW COLUMNS FROM `fg_config` [ RunTime:0.0023s ]
SQL: SELECT `type`,`name`,`value` FROM `fg_config` WHERE `status` = 1  [ RunTime:0.0016s ]
INFO: [ app_end ] --START--
INFO: Run Behavior\ShowPageTraceBehavior [ RunTime:0.000582s ]
INFO: [ app_end ] --END-- [ RunTime:0.000642s ]

[ 2016-05-01T11:09:42+08:00 ] 125.112.198.247 /wap.php/Maintain/index.html
INFO: [ app_init ] --START--
INFO: Run Behavior\BuildLiteBehavior [ RunTime:0.000018s ]
INFO: Run Common\Behavior\InitHookBehavior [ RunTime:0.001066s ]
INFO: [ app_init ] --END-- [ RunTime:0.001570s ]
INFO: [ app_begin ] --START--
INFO: Run Behavior\ReadHtmlCacheBehavior [ RunTime:0.000370s ]
INFO: [ app_begin ] --END-- [ RunTime:0.000419s ]
NOTIC: [2048] Declaration of Wap\Controller\MaintainController::prepay() should be compatible with Wap\Controller\WapController::prepay($body, $transid, $price) /var/www/didi/Application/Wap/Controller/MaintainController.class.php 第 27 行.
SQL: SHOW COLUMNS FROM `fg_config` [ RunTime:0.0029s ]
SQL: SELECT `type`,`name`,`value` FROM `fg_config` WHERE `status` = 1  [ RunTime:0.0021s ]
SQL: SELECT `type`,`name`,`value` FROM `fg_config` WHERE `status` = 1  [ RunTime:0.0021s ]
SQL: SHOW COLUMNS FROM `fg_fans_city` [ RunTime:0.0026s ]
SQL: SELECT `city` FROM `fg_fans_city` WHERE `openid` = null LIMIT 1   [ RunTime:0.0017s ]

[ 2016-05-01T11:09:43+08:00 ] 125.112.198.247 /wap.php/Maintain/index.html?code=001xsVdc2HA0kB0x2Bbc2ZHQdc2xsVdo&state=base
INFO: [ app_init ] --START--
INFO: Run Behavior\BuildLiteBehavior [ RunTime:0.000027s ]
INFO: Run Common\Behavior\InitHookBehavior [ RunTime:0.001224s ]
INFO: [ app_init ] --END-- [ RunTime:0.002217s ]
INFO: [ app_begin ] --START--
INFO: Run Behavior\ReadHtmlCacheBehavior [ RunTime:0.000532s ]
INFO: [ app_begin ] --END-- [ RunTime:0.000621s ]
NOTIC: [2048] Declaration of Wap\Controller\MaintainController::prepay() should be compatible with Wap\Controller\WapController::prepay($body, $transid, $price) /var/www/didi/Application/Wap/Controller/MaintainController.class.php 第 27 行.
SQL: SHOW COLUMNS FROM `fg_config` [ RunTime:0.0029s ]
SQL: SELECT `type`,`name`,`value` FROM `fg_config` WHERE `status` = 1  [ RunTime:0.0021s ]
SQL: SELECT `type`,`name`,`value` FROM `fg_config` WHERE `status` = 1  [ RunTime:0.0018s ]
SQL: SHOW COLUMNS FROM `fg_fans_city` [ RunTime:0.0022s ]
SQL: SELECT `city` FROM `fg_fans_city` WHERE `openid` = null LIMIT 1   [ RunTime:0.0016s ]
NOTIC: [8] Undefined index: unionid /var/www/didi/Application/Wap/Controller/WapController.class.php 第 134 行.
SQL: SHOW COLUMNS FROM `fg_fans` [ RunTime:0.0033s ]
SQL: SELECT * FROM `fg_fans` WHERE `openid` = 'o97bDvjLyO8pCLZmNqijgNUaV1NQ' LIMIT 1   [ RunTime:0.0020s ]
SQL: SHOW COLUMNS FROM `fg_maintain_product` [ RunTime:0.0025s ]
SQL: SELECT * FROM `fg_maintain_product` WHERE `type` = 1 AND `is_show` = 1 AND `cityid` = 1  [ RunTime:0.0019s ]
SQL: SELECT * FROM `fg_maintain_product` WHERE `type` = 2 AND `is_show` = 1 AND `cityid` = 1  [ RunTime:0.0017s ]
SQL: SELECT * FROM `fg_maintain_product` WHERE `type` = 3 AND `is_show` = 1 AND `cityid` = 1  [ RunTime:0.0017s ]
INFO: [ view_parse ] --START--
INFO: [ template_filter ] --START--
INFO: Run Behavior\ContentReplaceBehavior [ RunTime:0.000092s ]
INFO: [ template_filter ] --END-- [ RunTime:0.000168s ]
NOTIC: [8] Undefined index: type /var/www/didi/Runtime/Cache/Wap/be92367b9dfb9fa5a18377565ae95133.php 第 41 行.
NOTIC: [8] Undefined index: type /var/www/didi/Runtime/Cache/Wap/be92367b9dfb9fa5a18377565ae95133.php 第 41 行.
NOTIC: [8] Undefined index: type /var/www/didi/Runtime/Cache/Wap/be92367b9dfb9fa5a18377565ae95133.php 第 42 行.
NOTIC: [8] Undefined index: type /var/www/didi/Runtime/Cache/Wap/be92367b9dfb9fa5a18377565ae95133.php 第 43 行.
INFO: Run Behavior\ParseTemplateBehavior [ RunTime:0.014762s ]
INFO: [ view_parse ] --END-- [ RunTime:0.014816s ]
INFO: [ view_filter ] --START--
INFO: Run Behavior\WriteHtmlCacheBehavior [ RunTime:0.000142s ]
INFO: [ view_filter ] --END-- [ RunTime:0.000181s ]
INFO: [ app_end ] --START--
INFO: Run Behavior\ShowPageTraceBehavior [ RunTime:0.000553s ]
INFO: [ app_end ] --END-- [ RunTime:0.000611s ]

[ 2016-05-01T11:09:44+08:00 ] 125.112.198.247 /wap.php?s=/Location/getmycity.html
INFO: [ app_init ] --START--
INFO: Run Behavior\BuildLiteBehavior [ RunTime:0.000016s ]
INFO: Run Common\Behavior\InitHookBehavior [ RunTime:0.001533s ]
INFO: [ app_init ] --END-- [ RunTime:0.002198s ]
INFO: [ app_begin ] --START--
INFO: Run Behavior\ReadHtmlCacheBehavior [ RunTime:0.000533s ]
INFO: [ app_begin ] --END-- [ RunTime:0.000600s ]
SQL: SHOW COLUMNS FROM `fg_config` [ RunTime:0.0024s ]
SQL: SELECT `type`,`name`,`value` FROM `fg_config` WHERE `status` = 1  [ RunTime:0.0020s ]
SQL: SELECT `type`,`name`,`value` FROM `fg_config` WHERE `status` = 1  [ RunTime:0.0016s ]
SQL: SHOW COLUMNS FROM `fg_fans_city` [ RunTime:0.0021s ]
SQL: SELECT `city` FROM `fg_fans_city` WHERE `openid` = 'o97bDvjLyO8pCLZmNqijgNUaV1NQ' LIMIT 1   [ RunTime:0.0015s ]
SQL: SELECT `city` FROM `fg_fans_city` WHERE `openid` = 'o97bDvjLyO8pCLZmNqijgNUaV1NQ' LIMIT 1   [ RunTime:0.0015s ]
SQL: SHOW COLUMNS FROM `fg_city` [ RunTime:0.0024s ]
SQL: SELECT * FROM `fg_city` WHERE `id` = null LIMIT 1   [ RunTime:0.0016s ]

[ 2016-05-01T11:09:53+08:00 ] 125.112.198.247 /wap.php?s=/Maintain/details/pid/8.html
INFO: [ app_init ] --START--
INFO: Run Behavior\BuildLiteBehavior [ RunTime:0.000034s ]
INFO: Run Common\Behavior\InitHookBehavior [ RunTime:0.001297s ]
INFO: [ app_init ] --END-- [ RunTime:0.002301s ]
INFO: [ app_begin ] --START--
INFO: Run Behavior\ReadHtmlCacheBehavior [ RunTime:0.000439s ]
INFO: [ app_begin ] --END-- [ RunTime:0.000553s ]
NOTIC: [2048] Declaration of Wap\Controller\MaintainController::prepay() should be compatible with Wap\Controller\WapController::prepay($body, $transid, $price) /var/www/didi/Application/Wap/Controller/MaintainController.class.php 第 27 行.
SQL: SHOW COLUMNS FROM `fg_config` [ RunTime:0.0024s ]
SQL: SELECT `type`,`name`,`value` FROM `fg_config` WHERE `status` = 1  [ RunTime:0.0019s ]
SQL: SELECT `type`,`name`,`value` FROM `fg_config` WHERE `status` = 1  [ RunTime:0.0018s ]
SQL: SHOW COLUMNS FROM `fg_fans_city` [ RunTime:0.0019s ]
SQL: SELECT `city` FROM `fg_fans_city` WHERE `openid` = 'o97bDvjLyO8pCLZmNqijgNUaV1NQ' LIMIT 1   [ RunTime:0.0015s ]
SQL: SHOW COLUMNS FROM `fg_maintain_product` [ RunTime:0.0023s ]
SQL: SELECT * FROM `fg_maintain_product` WHERE `id` = 8 LIMIT 1   [ RunTime:0.0015s ]
SQL: SHOW COLUMNS FROM `fg_remark` [ RunTime:0.0022s ]
SQL: SELECT * FROM `fg_remark` WHERE `pid` = 8 ORDER BY id desc LIMIT 10   [ RunTime:0.0014s ]
INFO: [ view_parse ] --START--
INFO: [ template_filter ] --START--
INFO: Run Behavior\ContentReplaceBehavior [ RunTime:0.000072s ]
INFO: [ template_filter ] --END-- [ RunTime:0.000145s ]
INFO: Run Behavior\ParseTemplateBehavior [ RunTime:0.011452s ]
INFO: [ view_parse ] --END-- [ RunTime:0.011517s ]
INFO: [ view_filter ] --START--
INFO: Run Behavior\WriteHtmlCacheBehavior [ RunTime:0.000123s ]
INFO: [ view_filter ] --END-- [ RunTime:0.000161s ]
INFO: [ app_end ] --START--
INFO: Run Behavior\ShowPageTraceBehavior [ RunTime:0.000456s ]
INFO: [ app_end ] --END-- [ RunTime:0.000506s ]

[ 2016-05-01T11:09:53+08:00 ] 125.112.198.247 /wap.php?s=/Location/getmycity.html
INFO: [ app_init ] --START--
INFO: Run Behavior\BuildLiteBehavior [ RunTime:0.000026s ]
INFO: Run Common\Behavior\InitHookBehavior [ RunTime:0.001107s ]
INFO: [ app_init ] --END-- [ RunTime:0.001698s ]
INFO: [ app_begin ] --START--
INFO: Run Behavior\ReadHtmlCacheBehavior [ RunTime:0.000405s ]
INFO: [ app_begin ] --END-- [ RunTime:0.000454s ]
SQL: SHOW COLUMNS FROM `fg_config` [ RunTime:0.0025s ]
SQL: SELECT `type`,`name`,`value` FROM `fg_config` WHERE `status` = 1  [ RunTime:0.0018s ]
SQL: SELECT `type`,`name`,`value` FROM `fg_config` WHERE `status` = 1  [ RunTime:0.0020s ]
SQL: SHOW COLUMNS FROM `fg_fans_city` [ RunTime:0.0020s ]
SQL: SELECT `city` FROM `fg_fans_city` WHERE `openid` = 'o97bDvjLyO8pCLZmNqijgNUaV1NQ' LIMIT 1   [ RunTime:0.0016s ]
SQL: SELECT `city` FROM `fg_fans_city` WHERE `openid` = 'o97bDvjLyO8pCLZmNqijgNUaV1NQ' LIMIT 1   [ RunTime:0.0015s ]
SQL: SHOW COLUMNS FROM `fg_city` [ RunTime:0.0020s ]
SQL: SELECT * FROM `fg_city` WHERE `id` = null LIMIT 1   [ RunTime:0.0016s ]

[ 2016-05-01T11:09:55+08:00 ] 125.112.198.247 /wap.php/Maintain/index.html?code=001xsVdc2HA0kB0x2Bbc2ZHQdc2xsVdo&state=base
INFO: [ app_init ] --START--
INFO: Run Behavior\BuildLiteBehavior [ RunTime:0.000018s ]
INFO: Run Common\Behavior\InitHookBehavior [ RunTime:0.001336s ]
INFO: [ app_init ] --END-- [ RunTime:0.001883s ]
INFO: [ app_begin ] --START--
INFO: Run Behavior\ReadHtmlCacheBehavior [ RunTime:0.000380s ]
INFO: [ app_begin ] --END-- [ RunTime:0.000431s ]
NOTIC: [2048] Declaration of Wap\Controller\MaintainController::prepay() should be compatible with Wap\Controller\WapController::prepay($body, $transid, $price) /var/www/didi/Application/Wap/Controller/MaintainController.class.php 第 27 行.
SQL: SHOW COLUMNS FROM `fg_config` [ RunTime:0.0028s ]
SQL: SELECT `type`,`name`,`value` FROM `fg_config` WHERE `status` = 1  [ RunTime:0.0017s ]
SQL: SELECT `type`,`name`,`value` FROM `fg_config` WHERE `status` = 1  [ RunTime:0.0017s ]
SQL: SHOW COLUMNS FROM `fg_fans_city` [ RunTime:0.0019s ]
SQL: SELECT `city` FROM `fg_fans_city` WHERE `openid` = 'o97bDvjLyO8pCLZmNqijgNUaV1NQ' LIMIT 1   [ RunTime:0.0015s ]
SQL: SHOW COLUMNS FROM `fg_maintain_product` [ RunTime:0.0025s ]
SQL: SELECT * FROM `fg_maintain_product` WHERE `type` = 1 AND `is_show` = 1 AND `cityid` = 1  [ RunTime:0.0018s ]
SQL: SELECT * FROM `fg_maintain_product` WHERE `type` = 2 AND `is_show` = 1 AND `cityid` = 1  [ RunTime:0.0016s ]
SQL: SELECT * FROM `fg_maintain_product` WHERE `type` = 3 AND `is_show` = 1 AND `cityid` = 1  [ RunTime:0.0016s ]
INFO: [ view_parse ] --START--
INFO: [ template_filter ] --START--
INFO: Run Behavior\ContentReplaceBehavior [ RunTime:0.000086s ]
INFO: [ template_filter ] --END-- [ RunTime:0.000162s ]
NOTIC: [8] Undefined index: type /var/www/didi/Runtime/Cache/Wap/be92367b9dfb9fa5a18377565ae95133.php 第 41 行.
NOTIC: [8] Undefined index: type /var/www/didi/Runtime/Cache/Wap/be92367b9dfb9fa5a18377565ae95133.php 第 41 行.
NOTIC: [8] Undefined index: type /var/www/didi/Runtime/Cache/Wap/be92367b9dfb9fa5a18377565ae95133.php 第 42 行.
NOTIC: [8] Undefined index: type /var/www/didi/Runtime/Cache/Wap/be92367b9dfb9fa5a18377565ae95133.php 第 43 行.
INFO: Run Behavior\ParseTemplateBehavior [ RunTime:0.014689s ]
INFO: [ view_parse ] --END-- [ RunTime:0.014739s ]
INFO: [ view_filter ] --START--
INFO: Run Behavior\WriteHtmlCacheBehavior [ RunTime:0.000128s ]
INFO: [ view_filter ] --END-- [ RunTime:0.000188s ]
INFO: [ app_end ] --START--
INFO: Run Behavior\ShowPageTraceBehavior [ RunTime:0.000472s ]
INFO: [ app_end ] --END-- [ RunTime:0.000517s ]

[ 2016-05-01T11:09:55+08:00 ] 125.112.198.247 /wap.php?s=/Location/getmycity.html
INFO: [ app_init ] --START--
INFO: Run Behavior\BuildLiteBehavior [ RunTime:0.000015s ]
INFO: Run Common\Behavior\InitHookBehavior [ RunTime:0.001053s ]
INFO: [ app_init ] --END-- [ RunTime:0.001588s ]
INFO: [ app_begin ] --START--
INFO: Run Behavior\ReadHtmlCacheBehavior [ RunTime:0.000532s ]
INFO: [ app_begin ] --END-- [ RunTime:0.000604s ]
SQL: SHOW COLUMNS FROM `fg_config` [ RunTime:0.0028s ]
SQL: SELECT `type`,`name`,`value` FROM `fg_config` WHERE `status` = 1  [ RunTime:0.0019s ]
SQL: SELECT `type`,`name`,`value` FROM `fg_config` WHERE `status` = 1  [ RunTime:0.0020s ]
SQL: SHOW COLUMNS FROM `fg_fans_city` [ RunTime:0.0022s ]
SQL: SELECT `city` FROM `fg_fans_city` WHERE `openid` = 'o97bDvjLyO8pCLZmNqijgNUaV1NQ' LIMIT 1   [ RunTime:0.0015s ]
SQL: SELECT `city` FROM `fg_fans_city` WHERE `openid` = 'o97bDvjLyO8pCLZmNqijgNUaV1NQ' LIMIT 1   [ RunTime:0.0016s ]
SQL: SHOW COLUMNS FROM `fg_city` [ RunTime:0.0021s ]
SQL: SELECT * FROM `fg_city` WHERE `id` = null LIMIT 1   [ RunTime:0.0015s ]

[ 2016-05-01T11:10:11+08:00 ] 58.247.206.143 /wap.php?s=/Weixin/index.html&signature=5faef7c30397a59612f9dd62d0a423e381389b83&timestamp=1462072211&nonce=1071270231
INFO: [ app_init ] --START--
INFO: Run Behavior\BuildLiteBehavior [ RunTime:0.000034s ]
INFO: Run Common\Behavior\InitHookBehavior [ RunTime:0.001679s ]
INFO: [ app_init ] --END-- [ RunTime:0.002420s ]
INFO: [ app_begin ] --START--
INFO: Run Behavior\ReadHtmlCacheBehavior [ RunTime:0.000642s ]
INFO: [ app_begin ] --END-- [ RunTime:0.000719s ]
SQL: SHOW COLUMNS FROM `fg_config` [ RunTime:0.0034s ]
SQL: SELECT `type`,`name`,`value` FROM `fg_config` WHERE `status` = 1  [ RunTime:0.0023s ]
INFO: [ app_end ] --START--
INFO: Run Behavior\ShowPageTraceBehavior [ RunTime:0.000624s ]
INFO: [ app_end ] --END-- [ RunTime:0.000729s ]

[ 2016-05-01T11:14:17+08:00 ] 58.247.206.152 /wap.php?s=/Weixin/index.html&signature=a7e286f4ff1cf7a9476734ec723756573f2bb184&timestamp=1462072456&nonce=376251297
INFO: [ app_init ] --START--
INFO: Run Behavior\BuildLiteBehavior [ RunTime:0.000017s ]
INFO: Run Common\Behavior\InitHookBehavior [ RunTime:0.001089s ]
INFO: [ app_init ] --END-- [ RunTime:0.001611s ]
INFO: [ app_begin ] --START--
INFO: Run Behavior\ReadHtmlCacheBehavior [ RunTime:0.000668s ]
INFO: [ app_begin ] --END-- [ RunTime:0.000769s ]
SQL: SHOW COLUMNS FROM `fg_config` [ RunTime:0.0026s ]
SQL: SELECT `type`,`name`,`value` FROM `fg_config` WHERE `status` = 1  [ RunTime:0.0019s ]
INFO: [ app_end ] --START--
INFO: Run Behavior\ShowPageTraceBehavior [ RunTime:0.000541s ]
INFO: [ app_end ] --END-- [ RunTime:0.000602s ]

[ 2016-05-01T11:27:52+08:00 ] 58.247.206.154 /wap.php?s=/Weixin/index.html&signature=0cdaa7463b9123d839a2f75e6e0d62c4712215c9&timestamp=1462073272&nonce=902431152
INFO: [ app_init ] --START--
INFO: Run Behavior\BuildLiteBehavior [ RunTime:0.000016s ]
INFO: Run Common\Behavior\InitHookBehavior [ RunTime:0.001131s ]
INFO: [ app_init ] --END-- [ RunTime:0.001732s ]
INFO: [ app_begin ] --START--
INFO: Run Behavior\ReadHtmlCacheBehavior [ RunTime:0.000367s ]
INFO: [ app_begin ] --END-- [ RunTime:0.000418s ]
SQL: SHOW COLUMNS FROM `fg_config` [ RunTime:0.0026s ]
SQL: SELECT `type`,`name`,`value` FROM `fg_config` WHERE `status` = 1  [ RunTime:0.0018s ]
SQL: SHOW COLUMNS FROM `fg_fans` [ RunTime:0.0030s ]
SQL: UPDATE `fg_fans` SET `subscribe`='0' WHERE `openid` = 'o97bDvpkMlmyKi_taTsiVt0LKUk0' [ RunTime:0.0030s ]
INFO: [ app_end ] --START--
INFO: Run Behavior\ShowPageTraceBehavior [ RunTime:0.000633s ]
INFO: [ app_end ] --END-- [ RunTime:0.000725s ]

[ 2016-05-01T11:34:05+08:00 ] 58.247.206.146 /wap.php?s=/Weixin/index.html&signature=f8222543bb0cab67abc4c683def5ca20fc4129bf&timestamp=1462073645&nonce=142888291
INFO: [ app_init ] --START--
INFO: Run Behavior\BuildLiteBehavior [ RunTime:0.000023s ]
INFO: Run Common\Behavior\InitHookBehavior [ RunTime:0.001165s ]
INFO: [ app_init ] --END-- [ RunTime:0.001730s ]
INFO: [ app_begin ] --START--
INFO: Run Behavior\ReadHtmlCacheBehavior [ RunTime:0.000408s ]
INFO: [ app_begin ] --END-- [ RunTime:0.000460s ]
SQL: SHOW COLUMNS FROM `fg_config` [ RunTime:0.0026s ]
SQL: SELECT `type`,`name`,`value` FROM `fg_config` WHERE `status` = 1  [ RunTime:0.0020s ]
INFO: [ app_end ] --START--
INFO: Run Behavior\ShowPageTraceBehavior [ RunTime:0.000606s ]
INFO: [ app_end ] --END-- [ RunTime:0.000677s ]

[ 2016-05-01T14:37:40+08:00 ] 58.247.206.154 /wap.php?s=/Weixin/index.html&signature=f0918c37f76987438e6695246dae956aab6bd78b&timestamp=1462084659&nonce=2065006998
INFO: [ app_init ] --START--
INFO: Run Behavior\BuildLiteBehavior [ RunTime:0.000021s ]
INFO: Run Common\Behavior\InitHookBehavior [ RunTime:0.001154s ]
INFO: [ app_init ] --END-- [ RunTime:0.001766s ]
INFO: [ app_begin ] --START--
INFO: Run Behavior\ReadHtmlCacheBehavior [ RunTime:0.000401s ]
INFO: [ app_begin ] --END-- [ RunTime:0.000453s ]
SQL: SHOW COLUMNS FROM `fg_config` [ RunTime:0.0027s ]
SQL: SELECT `type`,`name`,`value` FROM `fg_config` WHERE `status` = 1  [ RunTime:0.0019s ]
NOTIC: [8] Undefined index: errcode /var/www/didi/ThinkPHP/Library/OT/Wechat/Wechat.class.php 第 883 行.
NOTIC: [8] Undefined index: errcode /var/www/didi/ThinkPHP/Library/OT/Wechat/Wechat.class.php 第 919 行.
NOTIC: [8] Undefined index: unionid /var/www/didi/Application/Wap/Controller/WeixinController.class.php 第 266 行.
SQL: SHOW COLUMNS FROM `fg_fans` [ RunTime:0.0039s ]
SQL: SELECT * FROM `fg_fans` WHERE `openid` = 'o97bDvkbVDe39dvwKTnQmVr6FmMM' LIMIT 1   [ RunTime:0.0018s ]
SQL: INSERT INTO `fg_fans` (`openid`,`nickname`,`headimgurl`,`sex`,`subscribe`,`subscribe_time`,`address`,`create_time`,`canalid`,`intro`) VALUES ('o97bDvkbVDe39dvwKTnQmVr6FmMM','大江👣','http://wx.qlogo.cn/mmopen/icFTnRoibgibp8ePby5kFokZ8Y3eJbBuc70ECUALLtaPtXZUUeYOuZcf1LkeUicdPhIdsLDxokAwpfDJ4f4kdsodnw/0','1','1','1462084659','中国浙江金华','1462084659','4','通过场景id=4关注') [ RunTime:0.0051s ]
SQL: SHOW COLUMNS FROM `fg_coupon_config` [ RunTime:0.0030s ]
SQL: SELECT * FROM `fg_coupon_config` WHERE `actions` = 1 AND `status` = 1  [ RunTime:0.0016s ]
SQL: SHOW COLUMNS FROM `fg_fans_coupon` [ RunTime:0.0024s ]
SQL: SELECT * FROM `fg_fans` WHERE `id` = 502 LIMIT 1   [ RunTime:0.0017s ]
SQL: SHOW COLUMNS FROM `fg_canal` [ RunTime:0.0021s ]
SQL: SELECT * FROM `fg_canal` WHERE `id` = 4 LIMIT 1   [ RunTime:0.0016s ]
SQL: UPDATE `fg_canal` SET `click`=click+1 WHERE `id` = 4 [ RunTime:0.0055s ]
SQL: SHOW COLUMNS FROM `fg_reply` [ RunTime:0.0025s ]
SQL: SELECT * FROM `fg_reply` WHERE `status` = 1 AND `keyword` = '关注时回复' ORDER BY reply_type desc,sort desc,create_time desc LIMIT 1   [ RunTime:0.0019s ]
INFO: [ app_end ] --START--
INFO: Run Behavior\ShowPageTraceBehavior [ RunTime:0.000581s ]
INFO: [ app_end ] --END-- [ RunTime:0.000651s ]

[ 2016-05-01T14:37:45+08:00 ] 58.247.206.154 /wap.php?s=/Weixin/index.html&signature=f903bc6ee3c5d7d67808ec7a3b95c5c9a9504d38&timestamp=1462084665&nonce=698102740
INFO: [ app_init ] --START--
INFO: Run Behavior\BuildLiteBehavior [ RunTime:0.000020s ]
INFO: Run Common\Behavior\InitHookBehavior [ RunTime:0.001115s ]
INFO: [ app_init ] --END-- [ RunTime:0.001659s ]
INFO: [ app_begin ] --START--
INFO: Run Behavior\ReadHtmlCacheBehavior [ RunTime:0.000451s ]
INFO: [ app_begin ] --END-- [ RunTime:0.000524s ]
SQL: SHOW COLUMNS FROM `fg_config` [ RunTime:0.0025s ]
SQL: SELECT `type`,`name`,`value` FROM `fg_config` WHERE `status` = 1  [ RunTime:0.0019s ]
INFO: [ app_end ] --START--
INFO: Run Behavior\ShowPageTraceBehavior [ RunTime:0.000625s ]
INFO: [ app_end ] --END-- [ RunTime:0.000688s ]

[ 2016-05-01T17:16:33+08:00 ] 58.247.206.153 /wap.php?s=/Weixin/index.html&signature=d10f0d59095b29b0805e4c8e666f21770ad6c9f1&timestamp=1462094192&nonce=628051862
INFO: [ app_init ] --START--
INFO: Run Behavior\BuildLiteBehavior [ RunTime:0.000042s ]
INFO: Run Common\Behavior\InitHookBehavior [ RunTime:0.001102s ]
INFO: [ app_init ] --END-- [ RunTime:0.001798s ]
INFO: [ app_begin ] --START--
INFO: Run Behavior\ReadHtmlCacheBehavior [ RunTime:0.000625s ]
INFO: [ app_begin ] --END-- [ RunTime:0.000705s ]
SQL: SHOW COLUMNS FROM `fg_config` [ RunTime:0.0027s ]
SQL: SELECT `type`,`name`,`value` FROM `fg_config` WHERE `status` = 1  [ RunTime:0.0018s ]
SQL: SHOW COLUMNS FROM `fg_fans` [ RunTime:0.0030s ]
SQL: UPDATE `fg_fans` SET `subscribe`='0' WHERE `openid` = 'o97bDvjvg1loXK5pAJXcJfsUy_VU' [ RunTime:0.0030s ]
INFO: [ app_end ] --START--
INFO: Run Behavior\ShowPageTraceBehavior [ RunTime:0.000648s ]
INFO: [ app_end ] --END-- [ RunTime:0.000714s ]

[ 2016-05-01T17:27:58+08:00 ] 58.247.206.154 /wap.php?s=/Weixin/index.html&signature=b4c410a5cdb6d63e0b7144f50439f1e79c20c7af&timestamp=1462094877&nonce=577871365
INFO: [ app_init ] --START--
INFO: Run Behavior\BuildLiteBehavior [ RunTime:0.000016s ]
INFO: Run Common\Behavior\InitHookBehavior [ RunTime:0.001069s ]
INFO: [ app_init ] --END-- [ RunTime:0.001596s ]
INFO: [ app_begin ] --START--
INFO: Run Behavior\ReadHtmlCacheBehavior [ RunTime:0.000364s ]
INFO: [ app_begin ] --END-- [ RunTime:0.000418s ]
SQL: SHOW COLUMNS FROM `fg_config` [ RunTime:0.0035s ]
SQL: SELECT `type`,`name`,`value` FROM `fg_config` WHERE `status` = 1  [ RunTime:0.0021s ]
NOTIC: [8] Undefined offset: 1 /var/www/didi/Application/Wap/Controller/WeixinController.class.php 第 309 行.
NOTIC: [8] Undefined index: errcode /var/www/didi/ThinkPHP/Library/OT/Wechat/Wechat.class.php 第 883 行.
NOTIC: [8] Undefined index: errcode /var/www/didi/ThinkPHP/Library/OT/Wechat/Wechat.class.php 第 919 行.
NOTIC: [8] Undefined index: unionid /var/www/didi/Application/Wap/Controller/WeixinController.class.php 第 266 行.
SQL: SHOW COLUMNS FROM `fg_fans` [ RunTime:0.0033s ]
SQL: SELECT * FROM `fg_fans` WHERE `openid` = 'o97bDvhk3w-_iGaAZb0ZI2exH-4Q' LIMIT 1   [ RunTime:0.0020s ]
SQL: INSERT INTO `fg_fans` (`openid`,`nickname`,`headimgurl`,`sex`,`subscribe`,`subscribe_time`,`address`,`create_time`) VALUES ('o97bDvhk3w-_iGaAZb0ZI2exH-4Q','LZ-QIAN','http://wx.qlogo.cn/mmopen/UadbjXQSYxCnY7Qonowia497CtVoA4mv9zkIvmJib6BoA2icQO2jgyglRekydt1iawP0txfGia90dicyXiauqPnuYDVveBEgibkCyJZm/0','1','1','1462094877','中国浙江金华','1462094877') [ RunTime:0.0028s ]
SQL: SHOW COLUMNS FROM `fg_coupon_config` [ RunTime:0.0023s ]
SQL: SELECT * FROM `fg_coupon_config` WHERE `actions` = 1 AND `status` = 1  [ RunTime:0.0022s ]
SQL: SHOW COLUMNS FROM `fg_fans_coupon` [ RunTime:0.0033s ]
SQL: SELECT * FROM `fg_fans` WHERE `id` = 503 LIMIT 1   [ RunTime:0.0021s ]
SQL: SHOW COLUMNS FROM `fg_reply` [ RunTime:0.0026s ]
SQL: SELECT * FROM `fg_reply` WHERE `status` = 1 AND `keyword` = '关注时回复' ORDER BY reply_type desc,sort desc,create_time desc LIMIT 1   [ RunTime:0.0019s ]
INFO: [ app_end ] --START--
INFO: Run Behavior\ShowPageTraceBehavior [ RunTime:0.000684s ]
INFO: [ app_end ] --END-- [ RunTime:0.000757s ]

[ 2016-05-01T17:28:00+08:00 ] 180.153.206.13 /wap.php?s=/Weixin/index.html
INFO: [ app_init ] --START--
INFO: Run Behavior\BuildLiteBehavior [ RunTime:0.000016s ]
INFO: Run Common\Behavior\InitHookBehavior [ RunTime:0.001120s ]
INFO: [ app_init ] --END-- [ RunTime:0.001730s ]
INFO: [ app_begin ] --START--
INFO: Run Behavior\ReadHtmlCacheBehavior [ RunTime:0.000431s ]
INFO: [ app_begin ] --END-- [ RunTime:0.000489s ]
SQL: SHOW COLUMNS FROM `fg_config` [ RunTime:0.0030s ]
SQL: SELECT `type`,`name`,`value` FROM `fg_config` WHERE `status` = 1  [ RunTime:0.0021s ]

[ 2016-05-01T17:28:00+08:00 ] 180.153.163.191 /wap.php?s=/Weixin/index.html
INFO: [ app_init ] --START--
INFO: Run Behavior\BuildLiteBehavior [ RunTime:0.000019s ]
INFO: Run Common\Behavior\InitHookBehavior [ RunTime:0.001064s ]
INFO: [ app_init ] --END-- [ RunTime:0.001579s ]
INFO: [ app_begin ] --START--
INFO: Run Behavior\ReadHtmlCacheBehavior [ RunTime:0.000372s ]
INFO: [ app_begin ] --END-- [ RunTime:0.000422s ]
SQL: SHOW COLUMNS FROM `fg_config` [ RunTime:0.0028s ]
SQL: SELECT `type`,`name`,`value` FROM `fg_config` WHERE `status` = 1  [ RunTime:0.0022s ]

[ 2016-05-01T18:11:42+08:00 ] 58.247.206.158 /wap.php?s=/Weixin/index.html&signature=7dad3b74364410e8861c3b5d94ff2c49b3971ced&timestamp=1462097501&nonce=618572081
INFO: [ app_init ] --START--
INFO: Run Behavior\BuildLiteBehavior [ RunTime:0.000021s ]
INFO: Run Common\Behavior\InitHookBehavior [ RunTime:0.001142s ]
INFO: [ app_init ] --END-- [ RunTime:0.001682s ]
INFO: [ app_begin ] --START--
INFO: Run Behavior\ReadHtmlCacheBehavior [ RunTime:0.000397s ]
INFO: [ app_begin ] --END-- [ RunTime:0.000453s ]
SQL: SHOW COLUMNS FROM `fg_config` [ RunTime:0.0025s ]
SQL: SELECT `type`,`name`,`value` FROM `fg_config` WHERE `status` = 1  [ RunTime:0.0024s ]
NOTIC: [8] Undefined index: errcode /var/www/didi/ThinkPHP/Library/OT/Wechat/Wechat.class.php 第 919 行.
NOTIC: [8] Undefined index: unionid /var/www/didi/Application/Wap/Controller/WeixinController.class.php 第 266 行.
SQL: SHOW COLUMNS FROM `fg_fans` [ RunTime:0.0038s ]
SQL: SELECT * FROM `fg_fans` WHERE `openid` = 'o97bDvgXrtpSW1u7RMrWYeCd9IoA' LIMIT 1   [ RunTime:0.0018s ]
SQL: INSERT INTO `fg_fans` (`openid`,`nickname`,`headimgurl`,`sex`,`subscribe`,`subscribe_time`,`address`,`create_time`,`canalid`,`intro`) VALUES ('o97bDvgXrtpSW1u7RMrWYeCd9IoA','C1,C2 🚗教练  驹','http://wx.qlogo.cn/mmopen/UadbjXQSYxDtzR5REVyhtwic5ibhhpRdGKhwFiaPOMFC1H3IlTlJTIRYu7ZxwaqZzjCylI7p46m2IUhTkKZPulIwQ/0','1','1','1462097501','中国浙江金华','1462097502','1','通过场景id=1关注') [ RunTime:0.0028s ]
SQL: SHOW COLUMNS FROM `fg_coupon_config` [ RunTime:0.0023s ]
SQL: SELECT * FROM `fg_coupon_config` WHERE `actions` = 1 AND `status` = 1  [ RunTime:0.0016s ]
SQL: SHOW COLUMNS FROM `fg_fans_coupon` [ RunTime:0.0028s ]
SQL: SELECT * FROM `fg_fans` WHERE `id` = 504 LIMIT 1   [ RunTime:0.0018s ]
SQL: SHOW COLUMNS FROM `fg_canal` [ RunTime:0.0025s ]
SQL: SELECT * FROM `fg_canal` WHERE `id` = 1 LIMIT 1   [ RunTime:0.0017s ]
SQL: UPDATE `fg_canal` SET `click`=click+1 WHERE `id` = 1 [ RunTime:0.0025s ]
SQL: SHOW COLUMNS FROM `fg_reply` [ RunTime:0.0024s ]
SQL: SELECT * FROM `fg_reply` WHERE `status` = 1 AND `keyword` = '关注时回复' ORDER BY reply_type desc,sort desc,create_time desc LIMIT 1   [ RunTime:0.0017s ]
INFO: [ app_end ] --START--
INFO: Run Behavior\ShowPageTraceBehavior [ RunTime:0.000588s ]
INFO: [ app_end ] --END-- [ RunTime:0.000645s ]

[ 2016-05-01T18:14:19+08:00 ] 58.247.206.158 /wap.php?s=/Weixin/index.html&signature=46c9ff62df6d7c188f47ed1f6c6854cc22463cbc&timestamp=1462097659&nonce=889726567
INFO: [ app_init ] --START--
INFO: Run Behavior\BuildLiteBehavior [ RunTime:0.000020s ]
INFO: Run Common\Behavior\InitHookBehavior [ RunTime:0.001095s ]
INFO: [ app_init ] --END-- [ RunTime:0.001635s ]
INFO: [ app_begin ] --START--
INFO: Run Behavior\ReadHtmlCacheBehavior [ RunTime:0.000383s ]
INFO: [ app_begin ] --END-- [ RunTime:0.000447s ]
SQL: SHOW COLUMNS FROM `fg_config` [ RunTime:0.0027s ]
SQL: SELECT `type`,`name`,`value` FROM `fg_config` WHERE `status` = 1  [ RunTime:0.0017s ]
INFO: [ app_end ] --START--
INFO: Run Behavior\ShowPageTraceBehavior [ RunTime:0.000611s ]
INFO: [ app_end ] --END-- [ RunTime:0.000682s ]

[ 2016-05-01T18:18:48+08:00 ] 58.247.206.142 /wap.php?s=/Weixin/index.html&signature=cf39a9f1701492c111bfa119dccb934c86c55b74&timestamp=1462097927&nonce=868259092
INFO: [ app_init ] --START--
INFO: Run Behavior\BuildLiteBehavior [ RunTime:0.000021s ]
INFO: Run Common\Behavior\InitHookBehavior [ RunTime:0.001296s ]
INFO: [ app_init ] --END-- [ RunTime:0.001895s ]
INFO: [ app_begin ] --START--
INFO: Run Behavior\ReadHtmlCacheBehavior [ RunTime:0.000422s ]
INFO: [ app_begin ] --END-- [ RunTime:0.000483s ]
SQL: SHOW COLUMNS FROM `fg_config` [ RunTime:0.0029s ]
SQL: SELECT `type`,`name`,`value` FROM `fg_config` WHERE `status` = 1  [ RunTime:0.0026s ]
INFO: [ app_end ] --START--
INFO: Run Behavior\ShowPageTraceBehavior [ RunTime:0.000534s ]
INFO: [ app_end ] --END-- [ RunTime:0.000595s ]

[ 2016-05-01T18:42:12+08:00 ] 58.247.206.153 /wap.php?s=/Weixin/index.html&signature=834caa5815e94e33ea27b11a846973af140f6511&timestamp=1462099332&nonce=2062821095
INFO: [ app_init ] --START--
INFO: Run Behavior\BuildLiteBehavior [ RunTime:0.000015s ]
INFO: Run Common\Behavior\InitHookBehavior [ RunTime:0.001065s ]
INFO: [ app_init ] --END-- [ RunTime:0.001600s ]
INFO: [ app_begin ] --START--
INFO: Run Behavior\ReadHtmlCacheBehavior [ RunTime:0.000369s ]
INFO: [ app_begin ] --END-- [ RunTime:0.000423s ]
SQL: SHOW COLUMNS FROM `fg_config` [ RunTime:0.0026s ]
SQL: SELECT `type`,`name`,`value` FROM `fg_config` WHERE `status` = 1  [ RunTime:0.0018s ]
INFO: [ app_end ] --START--
INFO: Run Behavior\ShowPageTraceBehavior [ RunTime:0.000590s ]
INFO: [ app_end ] --END-- [ RunTime:0.000661s ]

[ 2016-05-01T19:07:36+08:00 ] 58.247.206.142 /wap.php?s=/Weixin/index.html&signature=31e5a851ca92b17216050d0751fadc0d0b708412&timestamp=1462100855&nonce=1753254424
INFO: [ app_init ] --START--
INFO: Run Behavior\BuildLiteBehavior [ RunTime:0.000029s ]
INFO: Run Common\Behavior\InitHookBehavior [ RunTime:0.001626s ]
INFO: [ app_init ] --END-- [ RunTime:0.002420s ]
INFO: [ app_begin ] --START--
INFO: Run Behavior\ReadHtmlCacheBehavior [ RunTime:0.000481s ]
INFO: [ app_begin ] --END-- [ RunTime:0.000549s ]
SQL: SHOW COLUMNS FROM `fg_config` [ RunTime:0.0029s ]
SQL: SELECT `type`,`name`,`value` FROM `fg_config` WHERE `status` = 1  [ RunTime:0.0022s ]
NOTIC: [8] Undefined index: errcode /var/www/didi/ThinkPHP/Library/OT/Wechat/Wechat.class.php 第 919 行.
NOTIC: [8] Undefined index: unionid /var/www/didi/Application/Wap/Controller/WeixinController.class.php 第 266 行.
SQL: SHOW COLUMNS FROM `fg_fans` [ RunTime:0.0032s ]
SQL: SELECT * FROM `fg_fans` WHERE `openid` = 'o97bDvuULTyv3HH6F8WN5tynxjOs' LIMIT 1   [ RunTime:0.0018s ]
SQL: INSERT INTO `fg_fans` (`openid`,`nickname`,`headimgurl`,`sex`,`subscribe`,`subscribe_time`,`address`,`create_time`,`canalid`,`intro`) VALUES ('o97bDvuULTyv3HH6F8WN5tynxjOs','张茂高','http://wx.qlogo.cn/mmopen/geTMXvM0DicywsXbn0BHEuSrjN0dKBNRWG3JbZpVgwVrvozz3AEO1qHOSd7wDlWo3g7uLL649muzagUHuqhSd9XzWxlAho2Kq/0','1','1','1462100855','中国浙江金华','1462100856','5','通过场景id=5关注') [ RunTime:0.0026s ]
SQL: SHOW COLUMNS FROM `fg_coupon_config` [ RunTime:0.0023s ]
SQL: SELECT * FROM `fg_coupon_config` WHERE `actions` = 1 AND `status` = 1  [ RunTime:0.0017s ]
SQL: SHOW COLUMNS FROM `fg_fans_coupon` [ RunTime:0.0026s ]
SQL: SELECT * FROM `fg_fans` WHERE `id` = 505 LIMIT 1   [ RunTime:0.0020s ]
SQL: SHOW COLUMNS FROM `fg_canal` [ RunTime:0.0026s ]
SQL: SELECT * FROM `fg_canal` WHERE `id` = 5 LIMIT 1   [ RunTime:0.0017s ]
SQL: UPDATE `fg_canal` SET `click`=click+1 WHERE `id` = 5 [ RunTime:0.0031s ]
SQL: SHOW COLUMNS FROM `fg_reply` [ RunTime:0.0028s ]
SQL: SELECT * FROM `fg_reply` WHERE `status` = 1 AND `keyword` = '关注时回复' ORDER BY reply_type desc,sort desc,create_time desc LIMIT 1   [ RunTime:0.0018s ]
INFO: [ app_end ] --START--
INFO: Run Behavior\ShowPageTraceBehavior [ RunTime:0.000650s ]
INFO: [ app_end ] --END-- [ RunTime:0.000716s ]

[ 2016-05-01T19:07:55+08:00 ] 58.247.206.144 /wap.php?s=/Weixin/index.html&signature=0aa96cb352610e2dd76bfbf9e333a97991638b21&timestamp=1462100875&nonce=1443032591
INFO: [ app_init ] --START--
INFO: Run Behavior\BuildLiteBehavior [ RunTime:0.000020s ]
INFO: Run Common\Behavior\InitHookBehavior [ RunTime:0.001956s ]
INFO: [ app_init ] --END-- [ RunTime:0.002757s ]
INFO: [ app_begin ] --START--
INFO: Run Behavior\ReadHtmlCacheBehavior [ RunTime:0.000430s ]
INFO: [ app_begin ] --END-- [ RunTime:0.000483s ]
SQL: SHOW COLUMNS FROM `fg_config` [ RunTime:0.0029s ]
SQL: SELECT `type`,`name`,`value` FROM `fg_config` WHERE `status` = 1  [ RunTime:0.0020s ]
INFO: [ app_end ] --START--
INFO: Run Behavior\ShowPageTraceBehavior [ RunTime:0.000565s ]
INFO: [ app_end ] --END-- [ RunTime:0.000685s ]

[ 2016-05-01T19:08:11+08:00 ] 58.247.206.153 /wap.php?s=/Weixin/index.html&signature=6f602521977df2c701c178dbdcfa4f77f2c9053c&timestamp=1462100891&nonce=814051728
INFO: [ app_init ] --START--
INFO: Run Behavior\BuildLiteBehavior [ RunTime:0.000022s ]
INFO: Run Common\Behavior\InitHookBehavior [ RunTime:0.001525s ]
INFO: [ app_init ] --END-- [ RunTime:0.002422s ]
INFO: [ app_begin ] --START--
INFO: Run Behavior\ReadHtmlCacheBehavior [ RunTime:0.000378s ]
INFO: [ app_begin ] --END-- [ RunTime:0.000430s ]
SQL: SHOW COLUMNS FROM `fg_config` [ RunTime:0.0027s ]
SQL: SELECT `type`,`name`,`value` FROM `fg_config` WHERE `status` = 1  [ RunTime:0.0016s ]
INFO: [ app_end ] --START--
INFO: Run Behavior\ShowPageTraceBehavior [ RunTime:0.000493s ]
INFO: [ app_end ] --END-- [ RunTime:0.000551s ]

[ 2016-05-01T19:08:12+08:00 ] 36.23.133.203 /wap.php/Fans/myorders.html
INFO: [ app_init ] --START--
INFO: Run Behavior\BuildLiteBehavior [ RunTime:0.000017s ]
INFO: Run Common\Behavior\InitHookBehavior [ RunTime:0.001031s ]
INFO: [ app_init ] --END-- [ RunTime:0.001552s ]
INFO: [ app_begin ] --START--
INFO: Run Behavior\ReadHtmlCacheBehavior [ RunTime:0.000360s ]
INFO: [ app_begin ] --END-- [ RunTime:0.000411s ]
SQL: SHOW COLUMNS FROM `fg_config` [ RunTime:0.0029s ]
SQL: SELECT `type`,`name`,`value` FROM `fg_config` WHERE `status` = 1  [ RunTime:0.0020s ]
SQL: SELECT `type`,`name`,`value` FROM `fg_config` WHERE `status` = 1  [ RunTime:0.0018s ]
SQL: SHOW COLUMNS FROM `fg_fans_city` [ RunTime:0.0021s ]
SQL: SELECT `city` FROM `fg_fans_city` WHERE `openid` = null LIMIT 1   [ RunTime:0.0016s ]

[ 2016-05-01T19:08:13+08:00 ] 36.23.133.203 /wap.php/Fans/myorders.html?code=011XnNCG01Ifd62igDDG0KOKCG0XnNCB&state=base
INFO: [ app_init ] --START--
INFO: Run Behavior\BuildLiteBehavior [ RunTime:0.000014s ]
INFO: Run Common\Behavior\InitHookBehavior [ RunTime:0.001141s ]
INFO: [ app_init ] --END-- [ RunTime:0.001654s ]
INFO: [ app_begin ] --START--
INFO: Run Behavior\ReadHtmlCacheBehavior [ RunTime:0.000383s ]
INFO: [ app_begin ] --END-- [ RunTime:0.000433s ]
SQL: SHOW COLUMNS FROM `fg_config` [ RunTime:0.0027s ]
SQL: SELECT `type`,`name`,`value` FROM `fg_config` WHERE `status` = 1  [ RunTime:0.0020s ]
SQL: SELECT `type`,`name`,`value` FROM `fg_config` WHERE `status` = 1  [ RunTime:0.0018s ]
SQL: SHOW COLUMNS FROM `fg_fans_city` [ RunTime:0.0025s ]
SQL: SELECT `city` FROM `fg_fans_city` WHERE `openid` = null LIMIT 1   [ RunTime:0.0017s ]
NOTIC: [8] Undefined index: unionid /var/www/didi/Application/Wap/Controller/WapController.class.php 第 134 行.
SQL: SHOW COLUMNS FROM `fg_fans` [ RunTime:0.0039s ]
SQL: SELECT * FROM `fg_fans` WHERE `openid` = 'o97bDvuULTyv3HH6F8WN5tynxjOs' LIMIT 1   [ RunTime:0.0020s ]
SQL: SELECT * FROM `fg_fans` WHERE `openid` = 'o97bDvuULTyv3HH6F8WN5tynxjOs' LIMIT 1   [ RunTime:0.0019s ]
SQL: SHOW COLUMNS FROM `fg_maintain_order` [ RunTime:0.0028s ]
SQL: SELECT * FROM `fg_maintain_order` WHERE `openid` = 'o97bDvuULTyv3HH6F8WN5tynxjOs' ORDER BY id desc  [ RunTime:0.0020s ]
NOTIC: [2] Invalid argument supplied for foreach() /var/www/didi/Application/Wap/Controller/FansController.class.php 第 483 行.
INFO: [ view_parse ] --START--
INFO: [ template_filter ] --START--
INFO: Run Behavior\ContentReplaceBehavior [ RunTime:0.000069s ]
INFO: [ template_filter ] --END-- [ RunTime:0.000144s ]
INFO: Run Behavior\ParseTemplateBehavior [ RunTime:0.013866s ]
INFO: [ view_parse ] --END-- [ RunTime:0.013922s ]
INFO: [ view_filter ] --START--
INFO: Run Behavior\WriteHtmlCacheBehavior [ RunTime:0.000142s ]
INFO: [ view_filter ] --END-- [ RunTime:0.000182s ]
INFO: [ app_end ] --START--
INFO: Run Behavior\ShowPageTraceBehavior [ RunTime:0.000479s ]
INFO: [ app_end ] --END-- [ RunTime:0.000524s ]

[ 2016-05-01T19:08:13+08:00 ] 36.23.133.203 /wap.php/Fans/myorders.html?code=001DOoPf1POekm0cYFNf1g1uPf1DOoPq&state=base
INFO: [ app_init ] --START--
INFO: Run Behavior\BuildLiteBehavior [ RunTime:0.000020s ]
INFO: Run Common\Behavior\InitHookBehavior [ RunTime:0.001255s ]
INFO: [ app_init ] --END-- [ RunTime:0.001859s ]
INFO: [ app_begin ] --START--
INFO: Run Behavior\ReadHtmlCacheBehavior [ RunTime:0.000414s ]
INFO: [ app_begin ] --END-- [ RunTime:0.000516s ]
SQL: SHOW COLUMNS FROM `fg_config` [ RunTime:0.0028s ]
SQL: SELECT `type`,`name`,`value` FROM `fg_config` WHERE `status` = 1  [ RunTime:0.0021s ]
SQL: SELECT `type`,`name`,`value` FROM `fg_config` WHERE `status` = 1  [ RunTime:0.0020s ]
SQL: SHOW COLUMNS FROM `fg_fans_city` [ RunTime:0.0021s ]
SQL: SELECT `city` FROM `fg_fans_city` WHERE `openid` = 'o97bDvuULTyv3HH6F8WN5tynxjOs' LIMIT 1   [ RunTime:0.0016s ]
SQL: SHOW COLUMNS FROM `fg_fans` [ RunTime:0.0029s ]
SQL: SELECT * FROM `fg_fans` WHERE `openid` = 'o97bDvuULTyv3HH6F8WN5tynxjOs' LIMIT 1   [ RunTime:0.0018s ]
SQL: SHOW COLUMNS FROM `fg_maintain_order` [ RunTime:0.0027s ]
SQL: SELECT * FROM `fg_maintain_order` WHERE `openid` = 'o97bDvuULTyv3HH6F8WN5tynxjOs' ORDER BY id desc  [ RunTime:0.0018s ]
NOTIC: [2] Invalid argument supplied for foreach() /var/www/didi/Application/Wap/Controller/FansController.class.php 第 483 行.
INFO: [ view_parse ] --START--
INFO: [ template_filter ] --START--
INFO: Run Behavior\ContentReplaceBehavior [ RunTime:0.000093s ]
INFO: [ template_filter ] --END-- [ RunTime:0.000213s ]
INFO: Run Behavior\ParseTemplateBehavior [ RunTime:0.013786s ]
INFO: [ view_parse ] --END-- [ RunTime:0.013852s ]
INFO: [ view_filter ] --START--
INFO: Run Behavior\WriteHtmlCacheBehavior [ RunTime:0.000147s ]
INFO: [ view_filter ] --END-- [ RunTime:0.000217s ]
INFO: [ app_end ] --START--
INFO: Run Behavior\ShowPageTraceBehavior [ RunTime:0.000494s ]
INFO: [ app_end ] --END-- [ RunTime:0.000551s ]

[ 2016-05-01T19:08:42+08:00 ] 58.247.206.144 /wap.php?s=/Weixin/index.html&signature=2328fb7736f56d032803a07c373c984922980bea&timestamp=1462100922&nonce=734862578
INFO: [ app_init ] --START--
INFO: Run Behavior\BuildLiteBehavior [ RunTime:0.000016s ]
INFO: Run Common\Behavior\InitHookBehavior [ RunTime:0.001004s ]
INFO: [ app_init ] --END-- [ RunTime:0.001490s ]
INFO: [ app_begin ] --START--
INFO: Run Behavior\ReadHtmlCacheBehavior [ RunTime:0.000377s ]
INFO: [ app_begin ] --END-- [ RunTime:0.000428s ]
SQL: SHOW COLUMNS FROM `fg_config` [ RunTime:0.0026s ]
SQL: SELECT `type`,`name`,`value` FROM `fg_config` WHERE `status` = 1  [ RunTime:0.0019s ]
INFO: [ app_end ] --START--
INFO: Run Behavior\ShowPageTraceBehavior [ RunTime:0.000563s ]
INFO: [ app_end ] --END-- [ RunTime:0.000625s ]

[ 2016-05-01T19:24:44+08:00 ] 58.247.206.154 /wap.php?s=/Weixin/index.html&signature=c4261bc1275a10ea6b82444c915dc7b11a8f4e1d&timestamp=1462101884&nonce=1260292765
INFO: [ app_init ] --START--
INFO: Run Behavior\BuildLiteBehavior [ RunTime:0.000021s ]
INFO: Run Common\Behavior\InitHookBehavior [ RunTime:0.001248s ]
INFO: [ app_init ] --END-- [ RunTime:0.001919s ]
INFO: [ app_begin ] --START--
INFO: Run Behavior\ReadHtmlCacheBehavior [ RunTime:0.000473s ]
INFO: [ app_begin ] --END-- [ RunTime:0.000529s ]
SQL: SHOW COLUMNS FROM `fg_config` [ RunTime:0.0027s ]
SQL: SELECT `type`,`name`,`value` FROM `fg_config` WHERE `status` = 1  [ RunTime:0.0019s ]
NOTIC: [8] Undefined offset: 1 /var/www/didi/Application/Wap/Controller/WeixinController.class.php 第 309 行.
NOTIC: [8] Undefined index: errcode /var/www/didi/ThinkPHP/Library/OT/Wechat/Wechat.class.php 第 919 行.
NOTIC: [8] Undefined index: unionid /var/www/didi/Application/Wap/Controller/WeixinController.class.php 第 266 行.
SQL: SHOW COLUMNS FROM `fg_fans` [ RunTime:0.0031s ]
SQL: SELECT * FROM `fg_fans` WHERE `openid` = 'o97bDvr51E-tThVSImjzDazHiOBM' LIMIT 1   [ RunTime:0.0017s ]
SQL: UPDATE `fg_fans` SET `openid`='o97bDvr51E-tThVSImjzDazHiOBM',`nickname`='🐖',`headimgurl`='http://wx.qlogo.cn/mmopen/8984aO4eojcJiaGQXiadmEibZRc1zxUtHLFUyRk0sWnIbjibe1fzljQ1Lw0DibhPKO31LsRhyhtFXwENtoibficDibt8Nx8YWvP7LIrU/0',`sex`='1',`subscribe`='1',`subscribe_time`='1462101884',`address`='乌干达' WHERE `openid` = 'o97bDvr51E-tThVSImjzDazHiOBM' [ RunTime:0.0026s ]
SQL: SHOW COLUMNS FROM `fg_reply` [ RunTime:0.0026s ]
SQL: SELECT * FROM `fg_reply` WHERE `status` = 1 AND `keyword` = '关注时回复' ORDER BY reply_type desc,sort desc,create_time desc LIMIT 1   [ RunTime:0.0019s ]
INFO: [ app_end ] --START--
INFO: Run Behavior\ShowPageTraceBehavior [ RunTime:0.000685s ]
INFO: [ app_end ] --END-- [ RunTime:0.000744s ]

[ 2016-05-01T19:25:04+08:00 ] 58.247.206.149 /wap.php?s=/Weixin/index.html&signature=68faee0320cc8ba79693e07a742029ffbab6563b&timestamp=1462101904&nonce=879920128
INFO: [ app_init ] --START--
INFO: Run Behavior\BuildLiteBehavior [ RunTime:0.000016s ]
INFO: Run Common\Behavior\InitHookBehavior [ RunTime:0.001051s ]
INFO: [ app_init ] --END-- [ RunTime:0.001558s ]
INFO: [ app_begin ] --START--
INFO: Run Behavior\ReadHtmlCacheBehavior [ RunTime:0.000576s ]
INFO: [ app_begin ] --END-- [ RunTime:0.000664s ]
SQL: SHOW COLUMNS FROM `fg_config` [ RunTime:0.0029s ]
SQL: SELECT `type`,`name`,`value` FROM `fg_config` WHERE `status` = 1  [ RunTime:0.0020s ]
INFO: [ app_end ] --START--
INFO: Run Behavior\ShowPageTraceBehavior [ RunTime:0.000674s ]
INFO: [ app_end ] --END-- [ RunTime:0.000752s ]

[ 2016-05-01T19:30:11+08:00 ] 140.207.54.75 /wap.php?s=/Weixin/index.html&signature=15a303c9b84cd4c57d4c54f50ac21af6bf174de5&timestamp=1462102210&nonce=1464095521
INFO: [ app_init ] --START--
INFO: Run Behavior\BuildLiteBehavior [ RunTime:0.000018s ]
INFO: Run Common\Behavior\InitHookBehavior [ RunTime:0.001103s ]
INFO: [ app_init ] --END-- [ RunTime:0.001622s ]
INFO: [ app_begin ] --START--
INFO: Run Behavior\ReadHtmlCacheBehavior [ RunTime:0.000435s ]
INFO: [ app_begin ] --END-- [ RunTime:0.000488s ]
SQL: SHOW COLUMNS FROM `fg_config` [ RunTime:0.0025s ]
SQL: SELECT `type`,`name`,`value` FROM `fg_config` WHERE `status` = 1  [ RunTime:0.0019s ]
NOTIC: [8] Undefined offset: 1 /var/www/didi/Application/Wap/Controller/WeixinController.class.php 第 309 行.
NOTIC: [8] Undefined index: errcode /var/www/didi/ThinkPHP/Library/OT/Wechat/Wechat.class.php 第 883 行.
NOTIC: [8] Undefined index: errcode /var/www/didi/ThinkPHP/Library/OT/Wechat/Wechat.class.php 第 919 行.
NOTIC: [8] Undefined index: unionid /var/www/didi/Application/Wap/Controller/WeixinController.class.php 第 266 行.
SQL: SHOW COLUMNS FROM `fg_fans` [ RunTime:0.0039s ]
SQL: SELECT * FROM `fg_fans` WHERE `openid` = 'o97bDvk_WgkWeH_SV736hIscaVJU' LIMIT 1   [ RunTime:0.0019s ]
SQL: INSERT INTO `fg_fans` (`openid`,`nickname`,`headimgurl`,`sex`,`subscribe`,`subscribe_time`,`address`,`create_time`) VALUES ('o97bDvk_WgkWeH_SV736hIscaVJU','佐 👋 啲[自怞]','http://wx.qlogo.cn/mmopen/icFTnRoibgibpibeXNlm7n7EYkRmUrgBPykaNic39w6hWibHDSW2MlAgvwibTObbUhpNwv4SzmMPrq1gw2yPocNZPpkLEXiactH7lRaS/0','1','1','1462102210','马来西亚吉隆坡吉隆坡','1462102210') [ RunTime:0.0027s ]
SQL: SHOW COLUMNS FROM `fg_coupon_config` [ RunTime:0.0021s ]
SQL: SELECT * FROM `fg_coupon_config` WHERE `actions` = 1 AND `status` = 1  [ RunTime:0.0015s ]
SQL: SHOW COLUMNS FROM `fg_fans_coupon` [ RunTime:0.0023s ]
SQL: SELECT * FROM `fg_fans` WHERE `id` = 506 LIMIT 1   [ RunTime:0.0016s ]
SQL: SHOW COLUMNS FROM `fg_reply` [ RunTime:0.0022s ]
SQL: SELECT * FROM `fg_reply` WHERE `status` = 1 AND `keyword` = '关注时回复' ORDER BY reply_type desc,sort desc,create_time desc LIMIT 1   [ RunTime:0.0016s ]
INFO: [ app_end ] --START--
INFO: Run Behavior\ShowPageTraceBehavior [ RunTime:0.000625s ]
INFO: [ app_end ] --END-- [ RunTime:0.000689s ]

[ 2016-05-01T20:03:54+08:00 ] 58.247.206.150 /wap.php?s=/Weixin/index.html&signature=aa1e34e91a31e30944f7d65c084c2912ca41452e&timestamp=1462104234&nonce=1273329170
INFO: [ app_init ] --START--
INFO: Run Behavior\BuildLiteBehavior [ RunTime:0.000019s ]
INFO: Run Common\Behavior\InitHookBehavior [ RunTime:0.001205s ]
INFO: [ app_init ] --END-- [ RunTime:0.001722s ]
INFO: [ app_begin ] --START--
INFO: Run Behavior\ReadHtmlCacheBehavior [ RunTime:0.000428s ]
INFO: [ app_begin ] --END-- [ RunTime:0.000481s ]
SQL: SHOW COLUMNS FROM `fg_config` [ RunTime:0.0023s ]
SQL: SELECT `type`,`name`,`value` FROM `fg_config` WHERE `status` = 1  [ RunTime:0.0017s ]
INFO: [ app_end ] --START--
INFO: Run Behavior\ShowPageTraceBehavior [ RunTime:0.000484s ]
INFO: [ app_end ] --END-- [ RunTime:0.000542s ]

[ 2016-05-01T20:04:26+08:00 ] 58.247.206.144 /wap.php?s=/Weixin/index.html&signature=7597fb75086ff4c4ac36c8df237ef18fa429203e&timestamp=1462104266&nonce=718207803
INFO: [ app_init ] --START--
INFO: Run Behavior\BuildLiteBehavior [ RunTime:0.000022s ]
INFO: Run Common\Behavior\InitHookBehavior [ RunTime:0.001132s ]
INFO: [ app_init ] --END-- [ RunTime:0.001678s ]
INFO: [ app_begin ] --START--
INFO: Run Behavior\ReadHtmlCacheBehavior [ RunTime:0.000500s ]
INFO: [ app_begin ] --END-- [ RunTime:0.000564s ]
SQL: SHOW COLUMNS FROM `fg_config` [ RunTime:0.0035s ]
SQL: SELECT `type`,`name`,`value` FROM `fg_config` WHERE `status` = 1  [ RunTime:0.0020s ]
INFO: [ app_end ] --START--
INFO: Run Behavior\ShowPageTraceBehavior [ RunTime:0.000670s ]
INFO: [ app_end ] --END-- [ RunTime:0.000737s ]

[ 2016-05-01T20:18:35+08:00 ] 58.247.206.154 /wap.php?s=/Weixin/index.html&signature=6a52f760f13cff0b6dacf04ddb9403ec9a9ab002&timestamp=1462105115&nonce=1592693780
INFO: [ app_init ] --START--
INFO: Run Behavior\BuildLiteBehavior [ RunTime:0.000016s ]
INFO: Run Common\Behavior\InitHookBehavior [ RunTime:0.001057s ]
INFO: [ app_init ] --END-- [ RunTime:0.001560s ]
INFO: [ app_begin ] --START--
INFO: Run Behavior\ReadHtmlCacheBehavior [ RunTime:0.000525s ]
INFO: [ app_begin ] --END-- [ RunTime:0.000600s ]
SQL: SHOW COLUMNS FROM `fg_config` [ RunTime:0.0027s ]
SQL: SELECT `type`,`name`,`value` FROM `fg_config` WHERE `status` = 1  [ RunTime:0.0023s ]
INFO: [ app_end ] --START--
INFO: Run Behavior\ShowPageTraceBehavior [ RunTime:0.000856s ]
INFO: [ app_end ] --END-- [ RunTime:0.000944s ]

[ 2016-05-01T20:18:36+08:00 ] 101.226.125.108 /wap.php/Fans/myorders.html
INFO: [ app_init ] --START--
INFO: Run Behavior\BuildLiteBehavior [ RunTime:0.000022s ]
INFO: Run Common\Behavior\InitHookBehavior [ RunTime:0.001145s ]
INFO: [ app_init ] --END-- [ RunTime:0.001724s ]
INFO: [ app_begin ] --START--
INFO: Run Behavior\ReadHtmlCacheBehavior [ RunTime:0.000577s ]
INFO: [ app_begin ] --END-- [ RunTime:0.000651s ]
SQL: SHOW COLUMNS FROM `fg_config` [ RunTime:0.0033s ]
SQL: SELECT `type`,`name`,`value` FROM `fg_config` WHERE `status` = 1  [ RunTime:0.0023s ]
SQL: SELECT `type`,`name`,`value` FROM `fg_config` WHERE `status` = 1  [ RunTime:0.0018s ]
SQL: SHOW COLUMNS FROM `fg_fans_city` [ RunTime:0.0023s ]
SQL: SELECT `city` FROM `fg_fans_city` WHERE `openid` = null LIMIT 1   [ RunTime:0.0018s ]

[ 2016-05-01T20:18:37+08:00 ] 101.226.125.108 /wap.php/Fans/myorders.html?code=04198o0b2hUtkC0yOOZa2Zrl0b298o0q&state=base
INFO: [ app_init ] --START--
INFO: Run Behavior\BuildLiteBehavior [ RunTime:0.000014s ]
INFO: Run Common\Behavior\InitHookBehavior [ RunTime:0.001222s ]
INFO: [ app_init ] --END-- [ RunTime:0.001729s ]
INFO: [ app_begin ] --START--
INFO: Run Behavior\ReadHtmlCacheBehavior [ RunTime:0.000436s ]
INFO: [ app_begin ] --END-- [ RunTime:0.000502s ]
SQL: SHOW COLUMNS FROM `fg_config` [ RunTime:0.0024s ]
SQL: SELECT `type`,`name`,`value` FROM `fg_config` WHERE `status` = 1  [ RunTime:0.0023s ]
SQL: SELECT `type`,`name`,`value` FROM `fg_config` WHERE `status` = 1  [ RunTime:0.0017s ]
SQL: SHOW COLUMNS FROM `fg_fans_city` [ RunTime:0.0020s ]
SQL: SELECT `city` FROM `fg_fans_city` WHERE `openid` = null LIMIT 1   [ RunTime:0.0015s ]
NOTIC: [8] Undefined index: unionid /var/www/didi/Application/Wap/Controller/WapController.class.php 第 134 行.
SQL: SHOW COLUMNS FROM `fg_fans` [ RunTime:0.0036s ]
SQL: SELECT * FROM `fg_fans` WHERE `openid` = 'o97bDvuULTyv3HH6F8WN5tynxjOs' LIMIT 1   [ RunTime:0.0018s ]
SQL: SELECT * FROM `fg_fans` WHERE `openid` = 'o97bDvuULTyv3HH6F8WN5tynxjOs' LIMIT 1   [ RunTime:0.0017s ]
SQL: SHOW COLUMNS FROM `fg_maintain_order` [ RunTime:0.0026s ]
SQL: SELECT * FROM `fg_maintain_order` WHERE `openid` = 'o97bDvuULTyv3HH6F8WN5tynxjOs' ORDER BY id desc  [ RunTime:0.0016s ]
NOTIC: [2] Invalid argument supplied for foreach() /var/www/didi/Application/Wap/Controller/FansController.class.php 第 483 行.
INFO: [ view_parse ] --START--
INFO: [ template_filter ] --START--
INFO: Run Behavior\ContentReplaceBehavior [ RunTime:0.000087s ]
INFO: [ template_filter ] --END-- [ RunTime:0.000164s ]
INFO: Run Behavior\ParseTemplateBehavior [ RunTime:0.014020s ]
INFO: [ view_parse ] --END-- [ RunTime:0.014069s ]
INFO: [ view_filter ] --START--
INFO: Run Behavior\WriteHtmlCacheBehavior [ RunTime:0.000122s ]
INFO: [ view_filter ] --END-- [ RunTime:0.000162s ]
INFO: [ app_end ] --START--
INFO: Run Behavior\ShowPageTraceBehavior [ RunTime:0.000444s ]
INFO: [ app_end ] --END-- [ RunTime:0.000490s ]

[ 2016-05-01T20:18:38+08:00 ] 101.226.125.108 /wap.php?s=/Location/getmycity.html
INFO: [ app_init ] --START--
INFO: Run Behavior\BuildLiteBehavior [ RunTime:0.000021s ]
INFO: Run Common\Behavior\InitHookBehavior [ RunTime:0.001140s ]
INFO: [ app_init ] --END-- [ RunTime:0.001684s ]
INFO: [ app_begin ] --START--
INFO: Run Behavior\ReadHtmlCacheBehavior [ RunTime:0.000428s ]
INFO: [ app_begin ] --END-- [ RunTime:0.000484s ]
SQL: SHOW COLUMNS FROM `fg_config` [ RunTime:0.0030s ]
SQL: SELECT `type`,`name`,`value` FROM `fg_config` WHERE `status` = 1  [ RunTime:0.0019s ]
SQL: SELECT `type`,`name`,`value` FROM `fg_config` WHERE `status` = 1  [ RunTime:0.0018s ]
SQL: SHOW COLUMNS FROM `fg_fans_city` [ RunTime:0.0021s ]
SQL: SELECT `city` FROM `fg_fans_city` WHERE `openid` = 'o97bDvuULTyv3HH6F8WN5tynxjOs' LIMIT 1   [ RunTime:0.0015s ]
SQL: SELECT `city` FROM `fg_fans_city` WHERE `openid` = 'o97bDvuULTyv3HH6F8WN5tynxjOs' LIMIT 1   [ RunTime:0.0016s ]
SQL: SHOW COLUMNS FROM `fg_city` [ RunTime:0.0020s ]
SQL: SELECT * FROM `fg_city` WHERE `id` = null LIMIT 1   [ RunTime:0.0015s ]

[ 2016-05-01T20:18:46+08:00 ] 58.247.206.149 /wap.php?s=/Weixin/index.html&signature=4859611ea8d49af488d4b74afc3094abbd56d329&timestamp=1462105125&nonce=1622328184
INFO: [ app_init ] --START--
INFO: Run Behavior\BuildLiteBehavior [ RunTime:0.000019s ]
INFO: Run Common\Behavior\InitHookBehavior [ RunTime:0.001536s ]
INFO: [ app_init ] --END-- [ RunTime:0.002115s ]
INFO: [ app_begin ] --START--
INFO: Run Behavior\ReadHtmlCacheBehavior [ RunTime:0.000374s ]
INFO: [ app_begin ] --END-- [ RunTime:0.000428s ]
SQL: SHOW COLUMNS FROM `fg_config` [ RunTime:0.0024s ]
SQL: SELECT `type`,`name`,`value` FROM `fg_config` WHERE `status` = 1  [ RunTime:0.0018s ]
INFO: [ app_end ] --START--
INFO: Run Behavior\ShowPageTraceBehavior [ RunTime:0.000853s ]
INFO: [ app_end ] --END-- [ RunTime:0.000937s ]

[ 2016-05-01T20:18:46+08:00 ] 101.226.125.108 /wap.php/Fans/info.html
INFO: [ app_init ] --START--
INFO: Run Behavior\BuildLiteBehavior [ RunTime:0.000019s ]
INFO: Run Common\Behavior\InitHookBehavior [ RunTime:0.001102s ]
INFO: [ app_init ] --END-- [ RunTime:0.001716s ]
INFO: [ app_begin ] --START--
INFO: Run Behavior\ReadHtmlCacheBehavior [ RunTime:0.000396s ]
INFO: [ app_begin ] --END-- [ RunTime:0.000452s ]
SQL: SHOW COLUMNS FROM `fg_config` [ RunTime:0.0035s ]
SQL: SELECT `type`,`name`,`value` FROM `fg_config` WHERE `status` = 1  [ RunTime:0.0022s ]
SQL: SELECT `type`,`name`,`value` FROM `fg_config` WHERE `status` = 1  [ RunTime:0.0021s ]
SQL: SHOW COLUMNS FROM `fg_fans_city` [ RunTime:0.0023s ]
SQL: SELECT `city` FROM `fg_fans_city` WHERE `openid` = 'o97bDvuULTyv3HH6F8WN5tynxjOs' LIMIT 1   [ RunTime:0.0019s ]
SQL: SHOW COLUMNS FROM `fg_fans` [ RunTime:0.0034s ]
SQL: SELECT * FROM `fg_fans` WHERE `openid` = 'o97bDvuULTyv3HH6F8WN5tynxjOs' LIMIT 1   [ RunTime:0.0020s ]
SQL: SHOW COLUMNS FROM `fg_maintain_order` [ RunTime:0.0034s ]
SQL: SELECT COUNT(*) AS tp_count FROM `fg_maintain_order` WHERE `openid` = 'o97bDvuULTyv3HH6F8WN5tynxjOs' AND `status` <= 1 LIMIT 1   [ RunTime:0.0020s ]
SQL: SHOW COLUMNS FROM `fg_mall_order` [ RunTime:0.0028s ]
SQL: SELECT COUNT(*) AS tp_count FROM `fg_mall_order` WHERE `openid` = 'o97bDvuULTyv3HH6F8WN5tynxjOs' AND `status` = 0 LIMIT 1   [ RunTime:0.0019s ]
SQL: SHOW COLUMNS FROM `fg_rentbike_order` [ RunTime:0.0032s ]
SQL: SELECT COUNT(*) AS tp_count FROM `fg_rentbike_order` WHERE `openid` = 'o97bDvuULTyv3HH6F8WN5tynxjOs' AND `status` = 0 LIMIT 1   [ RunTime:0.0021s ]
SQL: SHOW COLUMNS FROM `fg_repair_order` [ RunTime:0.0035s ]
SQL: SELECT COUNT(*) AS tp_count FROM `fg_repair_order` WHERE `openid` = 'o97bDvuULTyv3HH6F8WN5tynxjOs' AND `status` <= 1 LIMIT 1   [ RunTime:0.0020s ]
SQL: SHOW COLUMNS FROM `fg_charge_order` [ RunTime:0.0054s ]
SQL: SELECT COUNT(*) AS tp_count FROM `fg_charge_order` WHERE `openid` = 'o97bDvuULTyv3HH6F8WN5tynxjOs' AND `status` = 0 LIMIT 1   [ RunTime:0.0020s ]
SQL: SHOW COLUMNS FROM `fg_fans_coupon` [ RunTime:0.0027s ]
SQL: SELECT COUNT(*) AS tp_count FROM `fg_fans_coupon` WHERE `uid` = 505 AND `status` = 1 LIMIT 1   [ RunTime:0.0019s ]
SQL: SHOW COLUMNS FROM `fg_fans_bike` [ RunTime:0.0023s ]
SQL: SELECT * FROM `fg_fans_bike` WHERE `uid` = 505 LIMIT 1   [ RunTime:0.0017s ]
INFO: [ view_parse ] --START--
INFO: [ template_filter ] --START--
INFO: Run Behavior\ContentReplaceBehavior [ RunTime:0.000150s ]
INFO: [ template_filter ] --END-- [ RunTime:0.000233s ]
INFO: Run Behavior\ParseTemplateBehavior [ RunTime:0.012173s ]
INFO: [ view_parse ] --END-- [ RunTime:0.012248s ]
INFO: [ view_filter ] --START--
INFO: Run Behavior\WriteHtmlCacheBehavior [ RunTime:0.000179s ]
INFO: [ view_filter ] --END-- [ RunTime:0.000225s ]
INFO: [ app_end ] --START--
INFO: Run Behavior\ShowPageTraceBehavior [ RunTime:0.000507s ]
INFO: [ app_end ] --END-- [ RunTime:0.000563s ]

[ 2016-05-01T20:18:47+08:00 ] 101.226.125.108 /wap.php?s=/Location/getmycity.html
INFO: [ app_init ] --START--
INFO: Run Behavior\BuildLiteBehavior [ RunTime:0.000016s ]
INFO: Run Common\Behavior\InitHookBehavior [ RunTime:0.001093s ]
INFO: [ app_init ] --END-- [ RunTime:0.001611s ]
INFO: [ app_begin ] --START--
INFO: Run Behavior\ReadHtmlCacheBehavior [ RunTime:0.000386s ]
INFO: [ app_begin ] --END-- [ RunTime:0.000432s ]
SQL: SHOW COLUMNS FROM `fg_config` [ RunTime:0.0026s ]
SQL: SELECT `type`,`name`,`value` FROM `fg_config` WHERE `status` = 1  [ RunTime:0.0019s ]
SQL: SELECT `type`,`name`,`value` FROM `fg_config` WHERE `status` = 1  [ RunTime:0.0019s ]
SQL: SHOW COLUMNS FROM `fg_fans_city` [ RunTime:0.0021s ]
SQL: SELECT `city` FROM `fg_fans_city` WHERE `openid` = 'o97bDvuULTyv3HH6F8WN5tynxjOs' LIMIT 1   [ RunTime:0.0016s ]
SQL: SELECT `city` FROM `fg_fans_city` WHERE `openid` = 'o97bDvuULTyv3HH6F8WN5tynxjOs' LIMIT 1   [ RunTime:0.0015s ]
SQL: SHOW COLUMNS FROM `fg_city` [ RunTime:0.0028s ]
SQL: SELECT * FROM `fg_city` WHERE `id` = null LIMIT 1   [ RunTime:0.0026s ]

