[ 2016-05-17T05:40:09+08:00 ] 140.207.54.80 /wap.php?s=/Weixin/index.html&signature=41d824b4bb7e8e1e17c973af916d925202d546cb&timestamp=1463434808&nonce=12511225
INFO: [ app_init ] --START--
INFO: Run Behavior\BuildLiteBehavior [ RunTime:0.000019s ]
INFO: Run Common\Behavior\InitHookBehavior [ RunTime:0.001160s ]
INFO: [ app_init ] --END-- [ RunTime:0.001708s ]
INFO: [ app_begin ] --START--
INFO: Run Behavior\ReadHtmlCacheBehavior [ RunTime:0.000676s ]
INFO: [ app_begin ] --END-- [ RunTime:0.000765s ]
SQL: SHOW COLUMNS FROM `fg_config` [ RunTime:0.0029s ]
SQL: SELECT `type`,`name`,`value` FROM `fg_config` WHERE `status` = 1  [ RunTime:0.0020s ]
SQL: SHOW COLUMNS FROM `fg_canal` [ RunTime:0.0024s ]
SQL: SELECT * FROM `fg_canal` WHERE `id` = 1 LIMIT 1   [ RunTime:0.0017s ]
SQL: SHOW COLUMNS FROM `fg_reply` [ RunTime:0.0028s ]
SQL: SELECT * FROM `fg_reply` WHERE `status` = 1 AND `keyword` = '刘献华' ORDER BY reply_type desc,sort desc,create_time desc LIMIT 1   [ RunTime:0.0017s ]
SQL: SELECT * FROM `fg_reply` WHERE `status` = 1 AND `keyword` LIKE '%刘献华%' ORDER BY reply_type desc,sort desc,create_time desc LIMIT 1   [ RunTime:0.0018s ]
INFO: [ app_end ] --START--
INFO: Run Behavior\ShowPageTraceBehavior [ RunTime:0.000627s ]
INFO: [ app_end ] --END-- [ RunTime:0.000696s ]

[ 2016-05-17T06:25:45+08:00 ] 58.247.206.144 /wap.php?s=/Weixin/index.html&signature=b853d1893c0e2e37a20c5d5d740f56abf087e086&timestamp=1463437543&nonce=1461883991
INFO: [ app_init ] --START--
INFO: Run Behavior\BuildLiteBehavior [ RunTime:0.000016s ]
INFO: Run Common\Behavior\InitHookBehavior [ RunTime:0.001070s ]
INFO: [ app_init ] --END-- [ RunTime:0.001577s ]
INFO: [ app_begin ] --START--
INFO: Run Behavior\ReadHtmlCacheBehavior [ RunTime:0.000364s ]
INFO: [ app_begin ] --END-- [ RunTime:0.000415s ]
SQL: SHOW COLUMNS FROM `fg_config` [ RunTime:0.0025s ]
SQL: SELECT `type`,`name`,`value` FROM `fg_config` WHERE `status` = 1  [ RunTime:0.0019s ]
NOTIC: [8] Undefined index: errcode /var/www/didi/ThinkPHP/Library/OT/Wechat/Wechat.class.php 第 883 行.
NOTIC: [8] Undefined index: errcode /var/www/didi/ThinkPHP/Library/OT/Wechat/Wechat.class.php 第 919 行.
NOTIC: [8] Undefined index: unionid /var/www/didi/Application/Wap/Controller/WeixinController.class.php 第 266 行.
SQL: SHOW COLUMNS FROM `fg_fans` [ RunTime:0.0037s ]
SQL: SELECT * FROM `fg_fans` WHERE `openid` = 'o97bDvjprSfk4boQjx8pSNesVTuw' LIMIT 1   [ RunTime:0.0018s ]
SQL: INSERT INTO `fg_fans` (`openid`,`nickname`,`headimgurl`,`sex`,`subscribe`,`subscribe_time`,`address`,`create_time`,`canalid`,`intro`) VALUES ('o97bDvjprSfk4boQjx8pSNesVTuw','汽车师','http://wx.qlogo.cn/mmopen/UadbjXQSYxDlMC0ZxANVYKsuHKOrbCX0b5KaSHW77oA9soKLVAMUSs7WhaxwwkOic9Xa0ndMJrg1Y47ia709ffGutblEefpYDic/0','1','1','1463437543','中国浙江金华','1463437545','1','通过场景id=1关注') [ RunTime:0.0025s ]
SQL: SHOW COLUMNS FROM `fg_coupon_config` [ RunTime:0.0022s ]
SQL: SELECT * FROM `fg_coupon_config` WHERE `actions` = 1 AND `status` = 1  [ RunTime:0.0017s ]
SQL: SHOW COLUMNS FROM `fg_fans_coupon` [ RunTime:0.0027s ]
SQL: SELECT * FROM `fg_fans` WHERE `id` = 781 LIMIT 1   [ RunTime:0.0017s ]
SQL: SHOW COLUMNS FROM `fg_canal` [ RunTime:0.0023s ]
SQL: SELECT * FROM `fg_canal` WHERE `id` = 1 LIMIT 1   [ RunTime:0.0016s ]
SQL: UPDATE `fg_canal` SET `click`=click+1 WHERE `id` = 1 [ RunTime:0.0027s ]
SQL: SHOW COLUMNS FROM `fg_reply` [ RunTime:0.0026s ]
SQL: SELECT * FROM `fg_reply` WHERE `status` = 1 AND `keyword` = '关注时回复' ORDER BY reply_type desc,sort desc,create_time desc LIMIT 1   [ RunTime:0.0020s ]
INFO: [ app_end ] --START--
INFO: Run Behavior\ShowPageTraceBehavior [ RunTime:0.000655s ]
INFO: [ app_end ] --END-- [ RunTime:0.000727s ]

[ 2016-05-17T06:26:27+08:00 ] 58.247.206.144 /wap.php?s=/Weixin/index.html&signature=56ccf1b8379c9b5b19ad81ee08bbafb86e9a6d7f&timestamp=1463437586&nonce=1956455694
INFO: [ app_init ] --START--
INFO: Run Behavior\BuildLiteBehavior [ RunTime:0.000017s ]
INFO: Run Common\Behavior\InitHookBehavior [ RunTime:0.001150s ]
INFO: [ app_init ] --END-- [ RunTime:0.001718s ]
INFO: [ app_begin ] --START--
INFO: Run Behavior\ReadHtmlCacheBehavior [ RunTime:0.000368s ]
INFO: [ app_begin ] --END-- [ RunTime:0.000419s ]
SQL: SHOW COLUMNS FROM `fg_config` [ RunTime:0.0029s ]
SQL: SELECT `type`,`name`,`value` FROM `fg_config` WHERE `status` = 1  [ RunTime:0.0022s ]
INFO: [ app_end ] --START--
INFO: Run Behavior\ShowPageTraceBehavior [ RunTime:0.000540s ]
INFO: [ app_end ] --END-- [ RunTime:0.000624s ]

[ 2016-05-17T06:52:21+08:00 ] 58.247.206.144 /wap.php?s=/Weixin/index.html&signature=ec3bc63b8b50e1ce2a6b524197f50c49d7aefc6e&timestamp=1463439140&nonce=2074154491
INFO: [ app_init ] --START--
INFO: Run Behavior\BuildLiteBehavior [ RunTime:0.000017s ]
INFO: Run Common\Behavior\InitHookBehavior [ RunTime:0.001172s ]
INFO: [ app_init ] --END-- [ RunTime:0.001677s ]
INFO: [ app_begin ] --START--
INFO: Run Behavior\ReadHtmlCacheBehavior [ RunTime:0.000440s ]
INFO: [ app_begin ] --END-- [ RunTime:0.000537s ]
SQL: SHOW COLUMNS FROM `fg_config` [ RunTime:0.0027s ]
SQL: SELECT `type`,`name`,`value` FROM `fg_config` WHERE `status` = 1  [ RunTime:0.0019s ]
SQL: SHOW COLUMNS FROM `fg_canal` [ RunTime:0.0022s ]
SQL: SELECT * FROM `fg_canal` WHERE `id` = 4 LIMIT 1   [ RunTime:0.0016s ]
SQL: SHOW COLUMNS FROM `fg_reply` [ RunTime:0.0027s ]
SQL: SELECT * FROM `fg_reply` WHERE `status` = 1 AND `keyword` = '宋军达' ORDER BY reply_type desc,sort desc,create_time desc LIMIT 1   [ RunTime:0.0018s ]
SQL: SELECT * FROM `fg_reply` WHERE `status` = 1 AND `keyword` LIKE '%宋军达%' ORDER BY reply_type desc,sort desc,create_time desc LIMIT 1   [ RunTime:0.0017s ]
INFO: [ app_end ] --START--
INFO: Run Behavior\ShowPageTraceBehavior [ RunTime:0.000886s ]
INFO: [ app_end ] --END-- [ RunTime:0.000941s ]

[ 2016-05-17T07:40:31+08:00 ] 58.247.206.144 /wap.php?s=/Weixin/index.html&signature=47732b2dd403570c67c4c54b88dcc43d23933268&timestamp=1463442029&nonce=1357001326
INFO: [ app_init ] --START--
INFO: Run Behavior\BuildLiteBehavior [ RunTime:0.000033s ]
INFO: Run Common\Behavior\InitHookBehavior [ RunTime:0.001081s ]
INFO: [ app_init ] --END-- [ RunTime:0.001590s ]
INFO: [ app_begin ] --START--
INFO: Run Behavior\ReadHtmlCacheBehavior [ RunTime:0.000366s ]
INFO: [ app_begin ] --END-- [ RunTime:0.000417s ]
SQL: SHOW COLUMNS FROM `fg_config` [ RunTime:0.0024s ]
SQL: SELECT `type`,`name`,`value` FROM `fg_config` WHERE `status` = 1  [ RunTime:0.0021s ]
NOTIC: [8] Undefined index: errcode /var/www/didi/ThinkPHP/Library/OT/Wechat/Wechat.class.php 第 919 行.
NOTIC: [8] Undefined index: unionid /var/www/didi/Application/Wap/Controller/WeixinController.class.php 第 266 行.
SQL: SHOW COLUMNS FROM `fg_fans` [ RunTime:0.0032s ]
SQL: SELECT * FROM `fg_fans` WHERE `openid` = 'o97bDviCKjZDFiHn803j9CNvnkj8' LIMIT 1   [ RunTime:0.0017s ]
SQL: INSERT INTO `fg_fans` (`openid`,`nickname`,`headimgurl`,`sex`,`subscribe`,`subscribe_time`,`address`,`create_time`,`canalid`,`intro`) VALUES ('o97bDviCKjZDFiHn803j9CNvnkj8','蓝岚   RT(可以吃的护肤品)','http://wx.qlogo.cn/mmopen/8984aO4eojcJiaGQXiadmEibSFqpqRnm10LOmicR98wlTgS1follPVJbCC0rEBJftJVnYqJCf8aKLUZpTM5iazNoMMPlbxdDJ1CZq/0','2','1','1463442029','中国浙江金华','1463442031','1','通过场景id=1关注') [ RunTime:0.0037s ]
SQL: SHOW COLUMNS FROM `fg_coupon_config` [ RunTime:0.0021s ]
SQL: SELECT * FROM `fg_coupon_config` WHERE `actions` = 1 AND `status` = 1  [ RunTime:0.0016s ]
SQL: SHOW COLUMNS FROM `fg_fans_coupon` [ RunTime:0.0023s ]
SQL: SELECT * FROM `fg_fans` WHERE `id` = 782 LIMIT 1   [ RunTime:0.0018s ]
SQL: SHOW COLUMNS FROM `fg_canal` [ RunTime:0.0020s ]
SQL: SELECT * FROM `fg_canal` WHERE `id` = 1 LIMIT 1   [ RunTime:0.0015s ]
SQL: UPDATE `fg_canal` SET `click`=click+1 WHERE `id` = 1 [ RunTime:0.0025s ]
SQL: SHOW COLUMNS FROM `fg_reply` [ RunTime:0.0023s ]
SQL: SELECT * FROM `fg_reply` WHERE `status` = 1 AND `keyword` = '关注时回复' ORDER BY reply_type desc,sort desc,create_time desc LIMIT 1   [ RunTime:0.0017s ]
INFO: [ app_end ] --START--
INFO: Run Behavior\ShowPageTraceBehavior [ RunTime:0.000591s ]
INFO: [ app_end ] --END-- [ RunTime:0.000651s ]

[ 2016-05-17T07:48:21+08:00 ] 58.247.206.154 /wap.php?s=/Weixin/index.html&signature=ce697b62f62de58a43df25c4543f1960060ff8e4&timestamp=1463442500&nonce=1023464741
INFO: [ app_init ] --START--
INFO: Run Behavior\BuildLiteBehavior [ RunTime:0.000020s ]
INFO: Run Common\Behavior\InitHookBehavior [ RunTime:0.001277s ]
INFO: [ app_init ] --END-- [ RunTime:0.001836s ]
INFO: [ app_begin ] --START--
INFO: Run Behavior\ReadHtmlCacheBehavior [ RunTime:0.000381s ]
INFO: [ app_begin ] --END-- [ RunTime:0.000432s ]
SQL: SHOW COLUMNS FROM `fg_config` [ RunTime:0.0025s ]
SQL: SELECT `type`,`name`,`value` FROM `fg_config` WHERE `status` = 1  [ RunTime:0.0019s ]
SQL: SHOW COLUMNS FROM `fg_fans` [ RunTime:0.0029s ]
SQL: UPDATE `fg_fans` SET `subscribe`='0' WHERE `openid` = 'o97bDvg4Ni7IT_HBPSEJmxyKggmI' [ RunTime:0.0024s ]
INFO: [ app_end ] --START--
INFO: Run Behavior\ShowPageTraceBehavior [ RunTime:0.000646s ]
INFO: [ app_end ] --END-- [ RunTime:0.000712s ]

[ 2016-05-17T08:36:38+08:00 ] 58.247.206.141 /wap.php?s=/Weixin/index.html&signature=7ab684edb1f0e110cbc205d1db9b3182543f31e3&timestamp=1463445396&nonce=766123651
INFO: [ app_init ] --START--
INFO: Run Behavior\BuildLiteBehavior [ RunTime:0.000018s ]
INFO: Run Common\Behavior\InitHookBehavior [ RunTime:0.001120s ]
INFO: [ app_init ] --END-- [ RunTime:0.001790s ]
INFO: [ app_begin ] --START--
INFO: Run Behavior\ReadHtmlCacheBehavior [ RunTime:0.000511s ]
INFO: [ app_begin ] --END-- [ RunTime:0.000562s ]
SQL: SHOW COLUMNS FROM `fg_config` [ RunTime:0.0025s ]
SQL: SELECT `type`,`name`,`value` FROM `fg_config` WHERE `status` = 1  [ RunTime:0.0018s ]
NOTIC: [8] Undefined index: errcode /var/www/didi/ThinkPHP/Library/OT/Wechat/Wechat.class.php 第 883 行.
NOTIC: [8] Undefined index: errcode /var/www/didi/ThinkPHP/Library/OT/Wechat/Wechat.class.php 第 919 行.
NOTIC: [8] Undefined index: unionid /var/www/didi/Application/Wap/Controller/WeixinController.class.php 第 266 行.
SQL: SHOW COLUMNS FROM `fg_fans` [ RunTime:0.0032s ]
SQL: SELECT * FROM `fg_fans` WHERE `openid` = 'o97bDvib8EccJ8QzWOcghXdS7ahk' LIMIT 1   [ RunTime:0.0018s ]
SQL: INSERT INTO `fg_fans` (`openid`,`nickname`,`headimgurl`,`sex`,`subscribe`,`subscribe_time`,`address`,`create_time`,`canalid`,`intro`) VALUES ('o97bDvib8EccJ8QzWOcghXdS7ahk','圆圆','http://wx.qlogo.cn/mmopen/ajNVdqHZLLDIr6bcwBfmvibAUEm6VticMMj8JHmgcHia0uxJFIBgdF2VeDmMmEoJcBDGNYWdUPPdRZkuVjV6Vxia2Q/0','2','1','1463445396','中国浙江金华','1463445397','1','通过场景id=1关注') [ RunTime:0.0026s ]
SQL: SHOW COLUMNS FROM `fg_coupon_config` [ RunTime:0.0021s ]
SQL: SELECT * FROM `fg_coupon_config` WHERE `actions` = 1 AND `status` = 1  [ RunTime:0.0016s ]
SQL: SHOW COLUMNS FROM `fg_fans_coupon` [ RunTime:0.0024s ]
SQL: SELECT * FROM `fg_fans` WHERE `id` = 783 LIMIT 1   [ RunTime:0.0018s ]
SQL: SHOW COLUMNS FROM `fg_canal` [ RunTime:0.0021s ]
SQL: SELECT * FROM `fg_canal` WHERE `id` = 1 LIMIT 1   [ RunTime:0.0017s ]
SQL: UPDATE `fg_canal` SET `click`=click+1 WHERE `id` = 1 [ RunTime:0.0030s ]
SQL: SHOW COLUMNS FROM `fg_reply` [ RunTime:0.0024s ]
SQL: SELECT * FROM `fg_reply` WHERE `status` = 1 AND `keyword` = '关注时回复' ORDER BY reply_type desc,sort desc,create_time desc LIMIT 1   [ RunTime:0.0017s ]
INFO: [ app_end ] --START--
INFO: Run Behavior\ShowPageTraceBehavior [ RunTime:0.000686s ]
INFO: [ app_end ] --END-- [ RunTime:0.000744s ]

[ 2016-05-17T08:39:29+08:00 ] 58.247.206.148 /wap.php?s=/Weixin/index.html&signature=e443a3cff2d18f9bac31d5a4e764cb263644f905&timestamp=1463445567&nonce=1972087584
INFO: [ app_init ] --START--
INFO: Run Behavior\BuildLiteBehavior [ RunTime:0.000018s ]
INFO: Run Common\Behavior\InitHookBehavior [ RunTime:0.001167s ]
INFO: [ app_init ] --END-- [ RunTime:0.001784s ]
INFO: [ app_begin ] --START--
INFO: Run Behavior\ReadHtmlCacheBehavior [ RunTime:0.000381s ]
INFO: [ app_begin ] --END-- [ RunTime:0.000436s ]
SQL: SHOW COLUMNS FROM `fg_config` [ RunTime:0.0028s ]
SQL: SELECT `type`,`name`,`value` FROM `fg_config` WHERE `status` = 1  [ RunTime:0.0018s ]
NOTIC: [8] Undefined index: errcode /var/www/didi/ThinkPHP/Library/OT/Wechat/Wechat.class.php 第 919 行.
NOTIC: [8] Undefined index: unionid /var/www/didi/Application/Wap/Controller/WeixinController.class.php 第 266 行.
SQL: SHOW COLUMNS FROM `fg_fans` [ RunTime:0.0040s ]
SQL: SELECT * FROM `fg_fans` WHERE `openid` = 'o97bDvm6CTlv-seeQkUl_QQErnY8' LIMIT 1   [ RunTime:0.0019s ]
SQL: INSERT INTO `fg_fans` (`openid`,`nickname`,`headimgurl`,`sex`,`subscribe`,`subscribe_time`,`address`,`create_time`,`canalid`,`intro`) VALUES ('o97bDvm6CTlv-seeQkUl_QQErnY8','糖主Ma.mi','http://wx.qlogo.cn/mmopen/icFTnRoibgibp8Nx0II1LdYgcgazTOicboDjbmCPAGwdoGzlVpvvu62RT6MqvSWb3cIONFkE9lZJ6q1aVV08bZVk03OWk4TcMQEA/0','2','1','1463445567','中国浙江金华','1463445568','1','通过场景id=1关注') [ RunTime:0.0026s ]
SQL: SHOW COLUMNS FROM `fg_coupon_config` [ RunTime:0.0025s ]
SQL: SELECT * FROM `fg_coupon_config` WHERE `actions` = 1 AND `status` = 1  [ RunTime:0.0016s ]
SQL: SHOW COLUMNS FROM `fg_fans_coupon` [ RunTime:0.0028s ]
SQL: SELECT * FROM `fg_fans` WHERE `id` = 784 LIMIT 1   [ RunTime:0.0017s ]
SQL: SHOW COLUMNS FROM `fg_canal` [ RunTime:0.0022s ]
SQL: SELECT * FROM `fg_canal` WHERE `id` = 1 LIMIT 1   [ RunTime:0.0018s ]
SQL: UPDATE `fg_canal` SET `click`=click+1 WHERE `id` = 1 [ RunTime:0.0049s ]
SQL: SHOW COLUMNS FROM `fg_reply` [ RunTime:0.0024s ]
SQL: SELECT * FROM `fg_reply` WHERE `status` = 1 AND `keyword` = '关注时回复' ORDER BY reply_type desc,sort desc,create_time desc LIMIT 1   [ RunTime:0.0019s ]
INFO: [ app_end ] --START--
INFO: Run Behavior\ShowPageTraceBehavior [ RunTime:0.000577s ]
INFO: [ app_end ] --END-- [ RunTime:0.000656s ]

[ 2016-05-17T08:40:07+08:00 ] 58.247.206.148 /wap.php?s=/Weixin/index.html&signature=780d7a650b7f068e8ea9815a12668bbae5a59a3d&timestamp=1463445605&nonce=241021
INFO: [ app_init ] --START--
INFO: Run Behavior\BuildLiteBehavior [ RunTime:0.000017s ]
INFO: Run Common\Behavior\InitHookBehavior [ RunTime:0.001185s ]
INFO: [ app_init ] --END-- [ RunTime:0.001738s ]
INFO: [ app_begin ] --START--
INFO: Run Behavior\ReadHtmlCacheBehavior [ RunTime:0.000397s ]
INFO: [ app_begin ] --END-- [ RunTime:0.000449s ]
SQL: SHOW COLUMNS FROM `fg_config` [ RunTime:0.0028s ]
SQL: SELECT `type`,`name`,`value` FROM `fg_config` WHERE `status` = 1  [ RunTime:0.0019s ]
INFO: [ app_end ] --START--
INFO: Run Behavior\ShowPageTraceBehavior [ RunTime:0.000672s ]
INFO: [ app_end ] --END-- [ RunTime:0.000770s ]

[ 2016-05-17T08:47:12+08:00 ] 58.247.206.143 /wap.php?s=/Weixin/index.html&signature=9edda9f06bfcaac96acf012ce6f08b5f142ed5d0&timestamp=1463446031&nonce=559136091
INFO: [ app_init ] --START--
INFO: Run Behavior\BuildLiteBehavior [ RunTime:0.000014s ]
INFO: Run Common\Behavior\InitHookBehavior [ RunTime:0.001073s ]
INFO: [ app_init ] --END-- [ RunTime:0.001569s ]
INFO: [ app_begin ] --START--
INFO: Run Behavior\ReadHtmlCacheBehavior [ RunTime:0.000455s ]
INFO: [ app_begin ] --END-- [ RunTime:0.000509s ]
SQL: SHOW COLUMNS FROM `fg_config` [ RunTime:0.0030s ]
SQL: SELECT `type`,`name`,`value` FROM `fg_config` WHERE `status` = 1  [ RunTime:0.0025s ]
NOTIC: [8] Undefined index: errcode /var/www/didi/ThinkPHP/Library/OT/Wechat/Wechat.class.php 第 919 行.
NOTIC: [8] Undefined index: unionid /var/www/didi/Application/Wap/Controller/WeixinController.class.php 第 266 行.
SQL: SHOW COLUMNS FROM `fg_fans` [ RunTime:0.0040s ]
SQL: SELECT * FROM `fg_fans` WHERE `openid` = 'o97bDvs0KYaapvEsM8IwFZhgGppQ' LIMIT 1   [ RunTime:0.0019s ]
SQL: INSERT INTO `fg_fans` (`openid`,`nickname`,`headimgurl`,`sex`,`subscribe`,`subscribe_time`,`address`,`create_time`,`canalid`,`intro`) VALUES ('o97bDvs0KYaapvEsM8IwFZhgGppQ','陈俊祥','http://wx.qlogo.cn/mmopen/8984aO4eojcJiaGQXiadmEibdpmkYo8y7jc6Xy7mE2FHQdl36hFm0zHOU6ZZ1ExyicdmmjxaPo0refzu8YibJY6ZJ6C5sEdyNKLBr/0','1','1','1463446031','爱尔兰蒂珀雷里','1463446032','1','通过场景id=1关注') [ RunTime:0.0027s ]
SQL: SHOW COLUMNS FROM `fg_coupon_config` [ RunTime:0.0023s ]
SQL: SELECT * FROM `fg_coupon_config` WHERE `actions` = 1 AND `status` = 1  [ RunTime:0.0017s ]
SQL: SHOW COLUMNS FROM `fg_fans_coupon` [ RunTime:0.0025s ]
SQL: SELECT * FROM `fg_fans` WHERE `id` = 785 LIMIT 1   [ RunTime:0.0018s ]
SQL: SHOW COLUMNS FROM `fg_canal` [ RunTime:0.0023s ]
SQL: SELECT * FROM `fg_canal` WHERE `id` = 1 LIMIT 1   [ RunTime:0.0017s ]
SQL: UPDATE `fg_canal` SET `click`=click+1 WHERE `id` = 1 [ RunTime:0.0026s ]
SQL: SHOW COLUMNS FROM `fg_reply` [ RunTime:0.0025s ]
SQL: SELECT * FROM `fg_reply` WHERE `status` = 1 AND `keyword` = '关注时回复' ORDER BY reply_type desc,sort desc,create_time desc LIMIT 1   [ RunTime:0.0022s ]
INFO: [ app_end ] --START--
INFO: Run Behavior\ShowPageTraceBehavior [ RunTime:0.000862s ]
INFO: [ app_end ] --END-- [ RunTime:0.000947s ]

[ 2016-05-17T08:47:20+08:00 ] 58.247.206.143 /wap.php?s=/Weixin/index.html&signature=0486224615c2fbc07381cbc324ff0e107b0c3548&timestamp=1463446039&nonce=538671207
INFO: [ app_init ] --START--
INFO: Run Behavior\BuildLiteBehavior [ RunTime:0.000016s ]
INFO: Run Common\Behavior\InitHookBehavior [ RunTime:0.001187s ]
INFO: [ app_init ] --END-- [ RunTime:0.001740s ]
INFO: [ app_begin ] --START--
INFO: Run Behavior\ReadHtmlCacheBehavior [ RunTime:0.000398s ]
INFO: [ app_begin ] --END-- [ RunTime:0.000455s ]
SQL: SHOW COLUMNS FROM `fg_config` [ RunTime:0.0026s ]
SQL: SELECT `type`,`name`,`value` FROM `fg_config` WHERE `status` = 1  [ RunTime:0.0018s ]
INFO: [ app_end ] --START--
INFO: Run Behavior\ShowPageTraceBehavior [ RunTime:0.000542s ]
INFO: [ app_end ] --END-- [ RunTime:0.000604s ]

[ 2016-05-17T08:49:46+08:00 ] 58.247.206.139 /wap.php?s=/Weixin/index.html&signature=873f59274b990fc6b3d992dfe0761978444b4429&timestamp=1463446184&nonce=1936430324
INFO: [ app_init ] --START--
INFO: Run Behavior\BuildLiteBehavior [ RunTime:0.000017s ]
INFO: Run Common\Behavior\InitHookBehavior [ RunTime:0.001145s ]
INFO: [ app_init ] --END-- [ RunTime:0.001681s ]
INFO: [ app_begin ] --START--
INFO: Run Behavior\ReadHtmlCacheBehavior [ RunTime:0.000392s ]
INFO: [ app_begin ] --END-- [ RunTime:0.000444s ]
SQL: SHOW COLUMNS FROM `fg_config` [ RunTime:0.0030s ]
SQL: SELECT `type`,`name`,`value` FROM `fg_config` WHERE `status` = 1  [ RunTime:0.0018s ]
NOTIC: [8] Undefined index: errcode /var/www/didi/ThinkPHP/Library/OT/Wechat/Wechat.class.php 第 919 行.
NOTIC: [8] Undefined index: unionid /var/www/didi/Application/Wap/Controller/WeixinController.class.php 第 266 行.
SQL: SHOW COLUMNS FROM `fg_fans` [ RunTime:0.0031s ]
SQL: SELECT * FROM `fg_fans` WHERE `openid` = 'o97bDvjTIrNIiEnAWGMPwquysKhA' LIMIT 1   [ RunTime:0.0017s ]
SQL: INSERT INTO `fg_fans` (`openid`,`nickname`,`headimgurl`,`sex`,`subscribe`,`subscribe_time`,`address`,`create_time`,`canalid`,`intro`) VALUES ('o97bDvjTIrNIiEnAWGMPwquysKhA','只在我家中','http://wx.qlogo.cn/mmopen/geTMXvM0DicyX3uLT7o9sGHBB3IibISpr9trRsUzuyibEvjMDQahJ635XZuduO1plEMpib5Ciac0gMejrUFV1awMwgYB78VGVxnDm/0','1','1','1463446184','中国浙江金华','1463446185','1','通过场景id=1关注') [ RunTime:0.0029s ]
SQL: SHOW COLUMNS FROM `fg_coupon_config` [ RunTime:0.0021s ]
SQL: SELECT * FROM `fg_coupon_config` WHERE `actions` = 1 AND `status` = 1  [ RunTime:0.0016s ]
SQL: SHOW COLUMNS FROM `fg_fans_coupon` [ RunTime:0.0023s ]
SQL: SELECT * FROM `fg_fans` WHERE `id` = 786 LIMIT 1   [ RunTime:0.0016s ]
SQL: SHOW COLUMNS FROM `fg_canal` [ RunTime:0.0020s ]
SQL: SELECT * FROM `fg_canal` WHERE `id` = 1 LIMIT 1   [ RunTime:0.0015s ]
SQL: UPDATE `fg_canal` SET `click`=click+1 WHERE `id` = 1 [ RunTime:0.0033s ]
SQL: SHOW COLUMNS FROM `fg_reply` [ RunTime:0.0024s ]
SQL: SELECT * FROM `fg_reply` WHERE `status` = 1 AND `keyword` = '关注时回复' ORDER BY reply_type desc,sort desc,create_time desc LIMIT 1   [ RunTime:0.0017s ]
INFO: [ app_end ] --START--
INFO: Run Behavior\ShowPageTraceBehavior [ RunTime:0.000598s ]
INFO: [ app_end ] --END-- [ RunTime:0.000652s ]

[ 2016-05-17T08:55:24+08:00 ] 140.207.54.79 /wap.php?s=/Weixin/index.html&signature=d0bcc051ccb16e3720a8e2e62115b3fc31dbb14a&timestamp=1463446523&nonce=317435517
INFO: [ app_init ] --START--
INFO: Run Behavior\BuildLiteBehavior [ RunTime:0.000025s ]
INFO: Run Common\Behavior\InitHookBehavior [ RunTime:0.001187s ]
INFO: [ app_init ] --END-- [ RunTime:0.002008s ]
INFO: [ app_begin ] --START--
INFO: Run Behavior\ReadHtmlCacheBehavior [ RunTime:0.000497s ]
INFO: [ app_begin ] --END-- [ RunTime:0.000562s ]
SQL: SHOW COLUMNS FROM `fg_config` [ RunTime:0.0026s ]
SQL: SELECT `type`,`name`,`value` FROM `fg_config` WHERE `status` = 1  [ RunTime:0.0019s ]
NOTIC: [8] Undefined index: errcode /var/www/didi/ThinkPHP/Library/OT/Wechat/Wechat.class.php 第 919 行.
NOTIC: [8] Undefined index: unionid /var/www/didi/Application/Wap/Controller/WeixinController.class.php 第 266 行.
SQL: SHOW COLUMNS FROM `fg_fans` [ RunTime:0.0040s ]
SQL: SELECT * FROM `fg_fans` WHERE `openid` = 'o97bDvmx1s4rHwouAm-OHZEJU1Fg' LIMIT 1   [ RunTime:0.0019s ]
SQL: INSERT INTO `fg_fans` (`openid`,`nickname`,`headimgurl`,`sex`,`subscribe`,`subscribe_time`,`address`,`create_time`,`canalid`,`intro`) VALUES ('o97bDvmx1s4rHwouAm-OHZEJU1Fg','安安','http://wx.qlogo.cn/mmopen/ajNVdqHZLLDibsJhhTxDkF8QPZOMB3KnKzCiaQO2eKIp4hicHiausLc9Lasdzd2X1SXaKtnytkicVyr3Fwic0EC1PdgQ/0','2','1','1463446523','中国浙江丽水','1463446524','4','通过场景id=4关注') [ RunTime:0.0043s ]
SQL: SHOW COLUMNS FROM `fg_coupon_config` [ RunTime:0.0025s ]
SQL: SELECT * FROM `fg_coupon_config` WHERE `actions` = 1 AND `status` = 1  [ RunTime:0.0017s ]
SQL: SHOW COLUMNS FROM `fg_fans_coupon` [ RunTime:0.0030s ]
SQL: SELECT * FROM `fg_fans` WHERE `id` = 787 LIMIT 1   [ RunTime:0.0018s ]
SQL: SHOW COLUMNS FROM `fg_canal` [ RunTime:0.0022s ]
SQL: SELECT * FROM `fg_canal` WHERE `id` = 4 LIMIT 1   [ RunTime:0.0016s ]
SQL: UPDATE `fg_canal` SET `click`=click+1 WHERE `id` = 4 [ RunTime:0.0024s ]
SQL: SHOW COLUMNS FROM `fg_reply` [ RunTime:0.0024s ]
SQL: SELECT * FROM `fg_reply` WHERE `status` = 1 AND `keyword` = '关注时回复' ORDER BY reply_type desc,sort desc,create_time desc LIMIT 1   [ RunTime:0.0016s ]
INFO: [ app_end ] --START--
INFO: Run Behavior\ShowPageTraceBehavior [ RunTime:0.000615s ]
INFO: [ app_end ] --END-- [ RunTime:0.000687s ]

[ 2016-05-17T09:06:32+08:00 ] 58.247.206.139 /wap.php?s=/Weixin/index.html&signature=0c52aa75136a121ace16c18d09a85106bfef3e10&timestamp=1463447190&nonce=1970059569
INFO: [ app_init ] --START--
INFO: Run Behavior\BuildLiteBehavior [ RunTime:0.000029s ]
INFO: Run Common\Behavior\InitHookBehavior [ RunTime:0.001472s ]
INFO: [ app_init ] --END-- [ RunTime:0.002239s ]
INFO: [ app_begin ] --START--
INFO: Run Behavior\ReadHtmlCacheBehavior [ RunTime:0.000377s ]
INFO: [ app_begin ] --END-- [ RunTime:0.000428s ]
SQL: SHOW COLUMNS FROM `fg_config` [ RunTime:0.0026s ]
SQL: SELECT `type`,`name`,`value` FROM `fg_config` WHERE `status` = 1  [ RunTime:0.0023s ]
NOTIC: [8] Undefined index: errcode /var/www/didi/ThinkPHP/Library/OT/Wechat/Wechat.class.php 第 919 行.
NOTIC: [8] Undefined index: unionid /var/www/didi/Application/Wap/Controller/WeixinController.class.php 第 266 行.
SQL: SHOW COLUMNS FROM `fg_fans` [ RunTime:0.0033s ]
SQL: SELECT * FROM `fg_fans` WHERE `openid` = 'o97bDvlOXCneiFyfiEnTS8r5p_A4' LIMIT 1   [ RunTime:0.0017s ]
SQL: INSERT INTO `fg_fans` (`openid`,`nickname`,`headimgurl`,`sex`,`subscribe`,`subscribe_time`,`address`,`create_time`,`canalid`,`intro`) VALUES ('o97bDvlOXCneiFyfiEnTS8r5p_A4','严春霞','http://wx.qlogo.cn/mmopen/ajNVdqHZLLDrnpiaSvvYWvgbXU5zszzJibtzmatTt0anjdQuqDn7YxykMTXTiaviaDrCUIra9SgxWAERUP96WMTiaHQ/0','2','1','1463447190','中国浙江金华','1463447192','1','通过场景id=1关注') [ RunTime:0.0034s ]
SQL: SHOW COLUMNS FROM `fg_coupon_config` [ RunTime:0.0022s ]
SQL: SELECT * FROM `fg_coupon_config` WHERE `actions` = 1 AND `status` = 1  [ RunTime:0.0016s ]
SQL: SHOW COLUMNS FROM `fg_fans_coupon` [ RunTime:0.0027s ]
SQL: SELECT * FROM `fg_fans` WHERE `id` = 788 LIMIT 1   [ RunTime:0.0020s ]
SQL: SHOW COLUMNS FROM `fg_canal` [ RunTime:0.0023s ]
SQL: SELECT * FROM `fg_canal` WHERE `id` = 1 LIMIT 1   [ RunTime:0.0016s ]
SQL: UPDATE `fg_canal` SET `click`=click+1 WHERE `id` = 1 [ RunTime:0.0028s ]
SQL: SHOW COLUMNS FROM `fg_reply` [ RunTime:0.0025s ]
SQL: SELECT * FROM `fg_reply` WHERE `status` = 1 AND `keyword` = '关注时回复' ORDER BY reply_type desc,sort desc,create_time desc LIMIT 1   [ RunTime:0.0019s ]
INFO: [ app_end ] --START--
INFO: Run Behavior\ShowPageTraceBehavior [ RunTime:0.000568s ]
INFO: [ app_end ] --END-- [ RunTime:0.000650s ]

[ 2016-05-17T10:18:00+08:00 ] 140.207.54.79 /wap.php?s=/Weixin/index.html&signature=003f17d2a1a01cfeca5f255b6f72dd82db0b2476&timestamp=1463451478&nonce=1199210080
INFO: [ app_init ] --START--
INFO: Run Behavior\BuildLiteBehavior [ RunTime:0.000017s ]
INFO: Run Common\Behavior\InitHookBehavior [ RunTime:0.001139s ]
INFO: [ app_init ] --END-- [ RunTime:0.001702s ]
INFO: [ app_begin ] --START--
INFO: Run Behavior\ReadHtmlCacheBehavior [ RunTime:0.000685s ]
INFO: [ app_begin ] --END-- [ RunTime:0.000778s ]
SQL: SHOW COLUMNS FROM `fg_config` [ RunTime:0.0028s ]
SQL: SELECT `type`,`name`,`value` FROM `fg_config` WHERE `status` = 1  [ RunTime:0.0017s ]
SQL: SHOW COLUMNS FROM `fg_fans` [ RunTime:0.0029s ]
SQL: UPDATE `fg_fans` SET `subscribe`='0' WHERE `openid` = 'o97bDvqWJs1cUzCfQk6XjD_G2u8g' [ RunTime:0.0024s ]
INFO: [ app_end ] --START--
INFO: Run Behavior\ShowPageTraceBehavior [ RunTime:0.000684s ]
INFO: [ app_end ] --END-- [ RunTime:0.000742s ]

[ 2016-05-17T11:48:31+08:00 ] 58.247.206.148 /wap.php?s=/Weixin/index.html&signature=c1b1e4fbe2a062ec3b46eac613fc2509f181a8b2&timestamp=1463456910&nonce=1562948911
INFO: [ app_init ] --START--
INFO: Run Behavior\BuildLiteBehavior [ RunTime:0.000020s ]
INFO: Run Common\Behavior\InitHookBehavior [ RunTime:0.001135s ]
INFO: [ app_init ] --END-- [ RunTime:0.001682s ]
INFO: [ app_begin ] --START--
INFO: Run Behavior\ReadHtmlCacheBehavior [ RunTime:0.000437s ]
INFO: [ app_begin ] --END-- [ RunTime:0.000514s ]
SQL: SHOW COLUMNS FROM `fg_config` [ RunTime:0.0027s ]
SQL: SELECT `type`,`name`,`value` FROM `fg_config` WHERE `status` = 1  [ RunTime:0.0021s ]
NOTIC: [8] Undefined index: errcode /var/www/didi/ThinkPHP/Library/OT/Wechat/Wechat.class.php 第 883 行.
NOTIC: [8] Undefined index: errcode /var/www/didi/ThinkPHP/Library/OT/Wechat/Wechat.class.php 第 919 行.
NOTIC: [8] Undefined index: unionid /var/www/didi/Application/Wap/Controller/WeixinController.class.php 第 266 行.
SQL: SHOW COLUMNS FROM `fg_fans` [ RunTime:0.0032s ]
SQL: SELECT * FROM `fg_fans` WHERE `openid` = 'o97bDvrZuaU3Sb2TvP2KCyJ-5UH0' LIMIT 1   [ RunTime:0.0018s ]
SQL: INSERT INTO `fg_fans` (`openid`,`nickname`,`headimgurl`,`sex`,`subscribe`,`subscribe_time`,`address`,`create_time`,`canalid`,`intro`) VALUES ('o97bDvrZuaU3Sb2TvP2KCyJ-5UH0','AA小宋，缺钱就找我','http://wx.qlogo.cn/mmopen/8984aO4eojcJiaGQXiadmEibQnj7GUicPxb2uh6PpCg5GxnXlmdwW5gaoSsGbDSkPib0fxmic8CfHM1BBejIPpx20qeic9Y3o12vA2G/0','2','1','1463456910','中国浙江金华','1463456911','1','通过场景id=1关注') [ RunTime:0.0025s ]
SQL: SHOW COLUMNS FROM `fg_coupon_config` [ RunTime:0.0022s ]
SQL: SELECT * FROM `fg_coupon_config` WHERE `actions` = 1 AND `status` = 1  [ RunTime:0.0017s ]
SQL: SHOW COLUMNS FROM `fg_fans_coupon` [ RunTime:0.0025s ]
SQL: SELECT * FROM `fg_fans` WHERE `id` = 789 LIMIT 1   [ RunTime:0.0018s ]
SQL: SHOW COLUMNS FROM `fg_canal` [ RunTime:0.0027s ]
SQL: SELECT * FROM `fg_canal` WHERE `id` = 1 LIMIT 1   [ RunTime:0.0017s ]
SQL: UPDATE `fg_canal` SET `click`=click+1 WHERE `id` = 1 [ RunTime:0.0041s ]
SQL: SHOW COLUMNS FROM `fg_reply` [ RunTime:0.0025s ]
SQL: SELECT * FROM `fg_reply` WHERE `status` = 1 AND `keyword` = '关注时回复' ORDER BY reply_type desc,sort desc,create_time desc LIMIT 1   [ RunTime:0.0018s ]
INFO: [ app_end ] --START--
INFO: Run Behavior\ShowPageTraceBehavior [ RunTime:0.000620s ]
INFO: [ app_end ] --END-- [ RunTime:0.000688s ]

[ 2016-05-17T11:56:44+08:00 ] 58.247.206.149 /wap.php?s=/Weixin/index.html&signature=557a03edc0669f1d17771619b4058eb4593629d0&timestamp=1463457402&nonce=2134500606
INFO: [ app_init ] --START--
INFO: Run Behavior\BuildLiteBehavior [ RunTime:0.000017s ]
INFO: Run Common\Behavior\InitHookBehavior [ RunTime:0.001160s ]
INFO: [ app_init ] --END-- [ RunTime:0.001709s ]
INFO: [ app_begin ] --START--
INFO: Run Behavior\ReadHtmlCacheBehavior [ RunTime:0.000427s ]
INFO: [ app_begin ] --END-- [ RunTime:0.000486s ]
SQL: SHOW COLUMNS FROM `fg_config` [ RunTime:0.0031s ]
SQL: SELECT `type`,`name`,`value` FROM `fg_config` WHERE `status` = 1  [ RunTime:0.0023s ]
NOTIC: [8] Undefined index: errcode /var/www/didi/ThinkPHP/Library/OT/Wechat/Wechat.class.php 第 919 行.
NOTIC: [8] Undefined index: unionid /var/www/didi/Application/Wap/Controller/WeixinController.class.php 第 266 行.
SQL: SHOW COLUMNS FROM `fg_fans` [ RunTime:0.0035s ]
SQL: SELECT * FROM `fg_fans` WHERE `openid` = 'o97bDvomtSLbtmrV9gOLLx8hnoFM' LIMIT 1   [ RunTime:0.0019s ]
SQL: INSERT INTO `fg_fans` (`openid`,`nickname`,`headimgurl`,`sex`,`subscribe`,`subscribe_time`,`address`,`create_time`,`canalid`,`intro`) VALUES ('o97bDvomtSLbtmrV9gOLLx8hnoFM','båòlÉÌ','http://wx.qlogo.cn/mmopen/icFTnRoibgibpicj12B9OF2w4L2QdDtcyyzGQicXa18pwF0q92S6XAialxwnmrdX98Ok2iapFJje6gQQbM2H7FDSn5NcA/0','2','1','1463457402','安道尔','1463457403','1','通过场景id=1关注') [ RunTime:0.0027s ]
SQL: SHOW COLUMNS FROM `fg_coupon_config` [ RunTime:0.0027s ]
SQL: SELECT * FROM `fg_coupon_config` WHERE `actions` = 1 AND `status` = 1  [ RunTime:0.0018s ]
SQL: SHOW COLUMNS FROM `fg_fans_coupon` [ RunTime:0.0027s ]
SQL: SELECT * FROM `fg_fans` WHERE `id` = 790 LIMIT 1   [ RunTime:0.0022s ]
SQL: SHOW COLUMNS FROM `fg_canal` [ RunTime:0.0024s ]
SQL: SELECT * FROM `fg_canal` WHERE `id` = 1 LIMIT 1   [ RunTime:0.0018s ]
SQL: UPDATE `fg_canal` SET `click`=click+1 WHERE `id` = 1 [ RunTime:0.0028s ]
SQL: SHOW COLUMNS FROM `fg_reply` [ RunTime:0.0026s ]
SQL: SELECT * FROM `fg_reply` WHERE `status` = 1 AND `keyword` = '关注时回复' ORDER BY reply_type desc,sort desc,create_time desc LIMIT 1   [ RunTime:0.0019s ]
INFO: [ app_end ] --START--
INFO: Run Behavior\ShowPageTraceBehavior [ RunTime:0.000638s ]
INFO: [ app_end ] --END-- [ RunTime:0.000709s ]

[ 2016-05-17T11:57:18+08:00 ] 58.247.206.154 /wap.php?s=/Weixin/index.html&signature=608c6794969a8a34d6256c5e44925a38e3d1ecab&timestamp=1463457437&nonce=647662484
INFO: [ app_init ] --START--
INFO: Run Behavior\BuildLiteBehavior [ RunTime:0.000018s ]
INFO: Run Common\Behavior\InitHookBehavior [ RunTime:0.001403s ]
INFO: [ app_init ] --END-- [ RunTime:0.001970s ]
INFO: [ app_begin ] --START--
INFO: Run Behavior\ReadHtmlCacheBehavior [ RunTime:0.000427s ]
INFO: [ app_begin ] --END-- [ RunTime:0.000479s ]
SQL: SHOW COLUMNS FROM `fg_config` [ RunTime:0.0026s ]
SQL: SELECT `type`,`name`,`value` FROM `fg_config` WHERE `status` = 1  [ RunTime:0.0018s ]
INFO: [ app_end ] --START--
INFO: Run Behavior\ShowPageTraceBehavior [ RunTime:0.000533s ]
INFO: [ app_end ] --END-- [ RunTime:0.000604s ]

[ 2016-05-17T13:29:00+08:00 ] 58.247.206.142 /wap.php?s=/Weixin/index.html&signature=8680d5aadd7428d7db2781ae83088adb17b5dc7f&timestamp=1463462938&nonce=232840592
INFO: [ app_init ] --START--
INFO: Run Behavior\BuildLiteBehavior [ RunTime:0.000019s ]
INFO: Run Common\Behavior\InitHookBehavior [ RunTime:0.001156s ]
INFO: [ app_init ] --END-- [ RunTime:0.001790s ]
INFO: [ app_begin ] --START--
INFO: Run Behavior\ReadHtmlCacheBehavior [ RunTime:0.000387s ]
INFO: [ app_begin ] --END-- [ RunTime:0.000440s ]
SQL: SHOW COLUMNS FROM `fg_config` [ RunTime:0.0028s ]
SQL: SELECT `type`,`name`,`value` FROM `fg_config` WHERE `status` = 1  [ RunTime:0.0019s ]
NOTIC: [8] Undefined index: errcode /var/www/didi/ThinkPHP/Library/OT/Wechat/Wechat.class.php 第 919 行.
NOTIC: [8] Undefined index: unionid /var/www/didi/Application/Wap/Controller/WeixinController.class.php 第 266 行.
SQL: SHOW COLUMNS FROM `fg_fans` [ RunTime:0.0032s ]
SQL: SELECT * FROM `fg_fans` WHERE `openid` = 'o97bDvjQ0ua-Z1N2s-pbninnGuCY' LIMIT 1   [ RunTime:0.0018s ]
SQL: INSERT INTO `fg_fans` (`openid`,`nickname`,`headimgurl`,`sex`,`subscribe`,`subscribe_time`,`address`,`create_time`,`canalid`,`intro`) VALUES ('o97bDvjQ0ua-Z1N2s-pbninnGuCY','A      吴丽艳','http://wx.qlogo.cn/mmopen/ajNVdqHZLLCok9lxxSiaZWbJW9VcxCjRqsaH8p7O8qnInXia43AY8FCFLapSicd1qqf2ZicouI6yVAxFbHcuOJ85Lg/0','2','1','1463462938','丹麦','1463462939','1','通过场景id=1关注') [ RunTime:0.0024s ]
SQL: SHOW COLUMNS FROM `fg_coupon_config` [ RunTime:0.0022s ]
SQL: SELECT * FROM `fg_coupon_config` WHERE `actions` = 1 AND `status` = 1  [ RunTime:0.0017s ]
SQL: SHOW COLUMNS FROM `fg_fans_coupon` [ RunTime:0.0026s ]
SQL: SELECT * FROM `fg_fans` WHERE `id` = 791 LIMIT 1   [ RunTime:0.0018s ]
SQL: SHOW COLUMNS FROM `fg_canal` [ RunTime:0.0022s ]
SQL: SELECT * FROM `fg_canal` WHERE `id` = 1 LIMIT 1   [ RunTime:0.0017s ]
SQL: UPDATE `fg_canal` SET `click`=click+1 WHERE `id` = 1 [ RunTime:0.0025s ]
SQL: SHOW COLUMNS FROM `fg_reply` [ RunTime:0.0024s ]
SQL: SELECT * FROM `fg_reply` WHERE `status` = 1 AND `keyword` = '关注时回复' ORDER BY reply_type desc,sort desc,create_time desc LIMIT 1   [ RunTime:0.0017s ]
INFO: [ app_end ] --START--
INFO: Run Behavior\ShowPageTraceBehavior [ RunTime:0.000637s ]
INFO: [ app_end ] --END-- [ RunTime:0.000699s ]

[ 2016-05-17T14:13:57+08:00 ] 140.207.54.80 /wap.php?s=/Weixin/index.html&signature=464f8071f7d7a65bf4b4f87fefed06361700ee38&timestamp=1463465636&nonce=578960144
INFO: [ app_init ] --START--
INFO: Run Behavior\BuildLiteBehavior [ RunTime:0.000016s ]
INFO: Run Common\Behavior\InitHookBehavior [ RunTime:0.001202s ]
INFO: [ app_init ] --END-- [ RunTime:0.001720s ]
INFO: [ app_begin ] --START--
INFO: Run Behavior\ReadHtmlCacheBehavior [ RunTime:0.000389s ]
INFO: [ app_begin ] --END-- [ RunTime:0.000438s ]
SQL: SHOW COLUMNS FROM `fg_config` [ RunTime:0.0030s ]
SQL: SELECT `type`,`name`,`value` FROM `fg_config` WHERE `status` = 1  [ RunTime:0.0019s ]
INFO: [ app_end ] --START--
INFO: Run Behavior\ShowPageTraceBehavior [ RunTime:0.000501s ]
INFO: [ app_end ] --END-- [ RunTime:0.000561s ]

[ 2016-05-17T14:13:59+08:00 ] 125.113.96.255 /wap.php/Maintain/index.html
INFO: [ app_init ] --START--
INFO: Run Behavior\BuildLiteBehavior [ RunTime:0.000020s ]
INFO: Run Common\Behavior\InitHookBehavior [ RunTime:0.001135s ]
INFO: [ app_init ] --END-- [ RunTime:0.001653s ]
INFO: [ app_begin ] --START--
INFO: Run Behavior\ReadHtmlCacheBehavior [ RunTime:0.000387s ]
INFO: [ app_begin ] --END-- [ RunTime:0.000438s ]
NOTIC: [2048] Declaration of Wap\Controller\MaintainController::prepay() should be compatible with Wap\Controller\WapController::prepay($body, $transid, $price) /var/www/didi/Application/Wap/Controller/MaintainController.class.php 第 27 行.
SQL: SHOW COLUMNS FROM `fg_config` [ RunTime:0.0181s ]
SQL: SELECT `type`,`name`,`value` FROM `fg_config` WHERE `status` = 1  [ RunTime:0.0021s ]
SQL: SELECT `type`,`name`,`value` FROM `fg_config` WHERE `status` = 1  [ RunTime:0.0019s ]
SQL: SHOW COLUMNS FROM `fg_fans_city` [ RunTime:0.0024s ]
SQL: SELECT `city` FROM `fg_fans_city` WHERE `openid` = null LIMIT 1   [ RunTime:0.0017s ]

[ 2016-05-17T14:14:00+08:00 ] 125.113.96.255 /wap.php/Maintain/index.html?code=001arkcx0Oar3m1X1Oax0NLgcx0arkcO&state=base
INFO: [ app_init ] --START--
INFO: Run Behavior\BuildLiteBehavior [ RunTime:0.000017s ]
INFO: Run Common\Behavior\InitHookBehavior [ RunTime:0.001076s ]
INFO: [ app_init ] --END-- [ RunTime:0.001652s ]
INFO: [ app_begin ] --START--
INFO: Run Behavior\ReadHtmlCacheBehavior [ RunTime:0.000368s ]
INFO: [ app_begin ] --END-- [ RunTime:0.000418s ]
NOTIC: [2048] Declaration of Wap\Controller\MaintainController::prepay() should be compatible with Wap\Controller\WapController::prepay($body, $transid, $price) /var/www/didi/Application/Wap/Controller/MaintainController.class.php 第 27 行.
SQL: SHOW COLUMNS FROM `fg_config` [ RunTime:0.0026s ]
SQL: SELECT `type`,`name`,`value` FROM `fg_config` WHERE `status` = 1  [ RunTime:0.0019s ]
SQL: SELECT `type`,`name`,`value` FROM `fg_config` WHERE `status` = 1  [ RunTime:0.0018s ]
SQL: SHOW COLUMNS FROM `fg_fans_city` [ RunTime:0.0024s ]
SQL: SELECT `city` FROM `fg_fans_city` WHERE `openid` = null LIMIT 1   [ RunTime:0.0016s ]
NOTIC: [8] Undefined index: unionid /var/www/didi/Application/Wap/Controller/WapController.class.php 第 134 行.
SQL: SHOW COLUMNS FROM `fg_fans` [ RunTime:0.0035s ]
SQL: SELECT * FROM `fg_fans` WHERE `openid` = 'o97bDvpz7Zn4pMaL23FJ8xvN_VHM' LIMIT 1   [ RunTime:0.0019s ]
SQL: SHOW COLUMNS FROM `fg_maintain_product` [ RunTime:0.0030s ]
SQL: SELECT * FROM `fg_maintain_product` WHERE `type` = 1 AND `is_show` = 1 AND `cityid` = 1  [ RunTime:0.0021s ]
SQL: SELECT * FROM `fg_maintain_product` WHERE `type` = 2 AND `is_show` = 1 AND `cityid` = 1  [ RunTime:0.0019s ]
SQL: SELECT * FROM `fg_maintain_product` WHERE `type` = 3 AND `is_show` = 1 AND `cityid` = 1  [ RunTime:0.0018s ]
INFO: [ view_parse ] --START--
INFO: [ template_filter ] --START--
INFO: Run Behavior\ContentReplaceBehavior [ RunTime:0.000069s ]
INFO: [ template_filter ] --END-- [ RunTime:0.000131s ]
NOTIC: [8] Undefined index: type /var/www/didi/Runtime/Cache/Wap/be92367b9dfb9fa5a18377565ae95133.php 第 41 行.
NOTIC: [8] Undefined index: type /var/www/didi/Runtime/Cache/Wap/be92367b9dfb9fa5a18377565ae95133.php 第 41 行.
NOTIC: [8] Undefined index: type /var/www/didi/Runtime/Cache/Wap/be92367b9dfb9fa5a18377565ae95133.php 第 42 行.
NOTIC: [8] Undefined index: type /var/www/didi/Runtime/Cache/Wap/be92367b9dfb9fa5a18377565ae95133.php 第 43 行.
INFO: Run Behavior\ParseTemplateBehavior [ RunTime:0.014506s ]
INFO: [ view_parse ] --END-- [ RunTime:0.014560s ]
INFO: [ view_filter ] --START--
INFO: Run Behavior\WriteHtmlCacheBehavior [ RunTime:0.000137s ]
INFO: [ view_filter ] --END-- [ RunTime:0.000196s ]
INFO: [ app_end ] --START--
INFO: Run Behavior\ShowPageTraceBehavior [ RunTime:0.000538s ]
INFO: [ app_end ] --END-- [ RunTime:0.000585s ]

[ 2016-05-17T14:14:01+08:00 ] 125.113.96.255 /wap.php?s=/Location/getmycity.html
INFO: [ app_init ] --START--
INFO: Run Behavior\BuildLiteBehavior [ RunTime:0.000015s ]
INFO: Run Common\Behavior\InitHookBehavior [ RunTime:0.001041s ]
INFO: [ app_init ] --END-- [ RunTime:0.001551s ]
INFO: [ app_begin ] --START--
INFO: Run Behavior\ReadHtmlCacheBehavior [ RunTime:0.000358s ]
INFO: [ app_begin ] --END-- [ RunTime:0.000403s ]
SQL: SHOW COLUMNS FROM `fg_config` [ RunTime:0.0030s ]
SQL: SELECT `type`,`name`,`value` FROM `fg_config` WHERE `status` = 1  [ RunTime:0.0019s ]
SQL: SELECT `type`,`name`,`value` FROM `fg_config` WHERE `status` = 1  [ RunTime:0.0018s ]
SQL: SHOW COLUMNS FROM `fg_fans_city` [ RunTime:0.0023s ]
SQL: SELECT `city` FROM `fg_fans_city` WHERE `openid` = 'o97bDvpz7Zn4pMaL23FJ8xvN_VHM' LIMIT 1   [ RunTime:0.0016s ]
SQL: SELECT `city` FROM `fg_fans_city` WHERE `openid` = 'o97bDvpz7Zn4pMaL23FJ8xvN_VHM' LIMIT 1   [ RunTime:0.0015s ]
SQL: SHOW COLUMNS FROM `fg_city` [ RunTime:0.0021s ]
SQL: SELECT * FROM `fg_city` WHERE `id` = null LIMIT 1   [ RunTime:0.0016s ]

[ 2016-05-17T14:24:18+08:00 ] 58.247.206.158 /wap.php?s=/Weixin/index.html&signature=7cfbb98c299ef0b309486ef8a2fca902ac75088a&timestamp=1463466257&nonce=1983725738
INFO: [ app_init ] --START--
INFO: Run Behavior\BuildLiteBehavior [ RunTime:0.000027s ]
INFO: Run Common\Behavior\InitHookBehavior [ RunTime:0.001222s ]
INFO: [ app_init ] --END-- [ RunTime:0.001840s ]
INFO: [ app_begin ] --START--
INFO: Run Behavior\ReadHtmlCacheBehavior [ RunTime:0.000391s ]
INFO: [ app_begin ] --END-- [ RunTime:0.000451s ]
SQL: SHOW COLUMNS FROM `fg_config` [ RunTime:0.0031s ]
SQL: SELECT `type`,`name`,`value` FROM `fg_config` WHERE `status` = 1  [ RunTime:0.0020s ]
SQL: SHOW COLUMNS FROM `fg_fans` [ RunTime:0.0031s ]
SQL: UPDATE `fg_fans` SET `subscribe`='0' WHERE `openid` = 'o97bDvqr0YCZRi-p1DbRDhgYDXSE' [ RunTime:0.0028s ]
INFO: [ app_end ] --START--
INFO: Run Behavior\ShowPageTraceBehavior [ RunTime:0.000591s ]
INFO: [ app_end ] --END-- [ RunTime:0.000654s ]

[ 2016-05-17T14:30:24+08:00 ] 140.207.54.79 /wap.php?s=/Weixin/index.html&signature=74155b96a835a7df2b91c872578f19a709207498&timestamp=1463466623&nonce=844407528
INFO: [ app_init ] --START--
INFO: Run Behavior\BuildLiteBehavior [ RunTime:0.000016s ]
INFO: Run Common\Behavior\InitHookBehavior [ RunTime:0.001228s ]
INFO: [ app_init ] --END-- [ RunTime:0.001726s ]
INFO: [ app_begin ] --START--
INFO: Run Behavior\ReadHtmlCacheBehavior [ RunTime:0.000367s ]
INFO: [ app_begin ] --END-- [ RunTime:0.000418s ]
SQL: SHOW COLUMNS FROM `fg_config` [ RunTime:0.0025s ]
SQL: SELECT `type`,`name`,`value` FROM `fg_config` WHERE `status` = 1  [ RunTime:0.0019s ]
SQL: SHOW COLUMNS FROM `fg_fans` [ RunTime:0.0030s ]
SQL: UPDATE `fg_fans` SET `subscribe`='0' WHERE `openid` = 'o97bDvhDw7it3pdvrkGzJyuRJwzA' [ RunTime:0.0028s ]
INFO: [ app_end ] --START--
INFO: Run Behavior\ShowPageTraceBehavior [ RunTime:0.000474s ]
INFO: [ app_end ] --END-- [ RunTime:0.000529s ]

[ 2016-05-17T15:24:16+08:00 ] 58.247.206.153 /wap.php?s=/Weixin/index.html&signature=08effddcd23235a40fc0bdc04c1917cfb50f821f&timestamp=1463469855&nonce=1058207626
INFO: [ app_init ] --START--
INFO: Run Behavior\BuildLiteBehavior [ RunTime:0.000017s ]
INFO: Run Common\Behavior\InitHookBehavior [ RunTime:0.001159s ]
INFO: [ app_init ] --END-- [ RunTime:0.001732s ]
INFO: [ app_begin ] --START--
INFO: Run Behavior\ReadHtmlCacheBehavior [ RunTime:0.000396s ]
INFO: [ app_begin ] --END-- [ RunTime:0.000448s ]
SQL: SHOW COLUMNS FROM `fg_config` [ RunTime:0.0025s ]
SQL: SELECT `type`,`name`,`value` FROM `fg_config` WHERE `status` = 1  [ RunTime:0.0024s ]
INFO: [ app_end ] --START--
INFO: Run Behavior\ShowPageTraceBehavior [ RunTime:0.000570s ]
INFO: [ app_end ] --END-- [ RunTime:0.000630s ]

[ 2016-05-17T15:24:16+08:00 ] 124.160.219.179 /wap.php/Maintain/index.html
INFO: [ app_init ] --START--
INFO: Run Behavior\BuildLiteBehavior [ RunTime:0.000016s ]
INFO: Run Common\Behavior\InitHookBehavior [ RunTime:0.001089s ]
INFO: [ app_init ] --END-- [ RunTime:0.001616s ]
INFO: [ app_begin ] --START--
INFO: Run Behavior\ReadHtmlCacheBehavior [ RunTime:0.000364s ]
INFO: [ app_begin ] --END-- [ RunTime:0.000414s ]
NOTIC: [2048] Declaration of Wap\Controller\MaintainController::prepay() should be compatible with Wap\Controller\WapController::prepay($body, $transid, $price) /var/www/didi/Application/Wap/Controller/MaintainController.class.php 第 27 行.
SQL: SHOW COLUMNS FROM `fg_config` [ RunTime:0.0028s ]
SQL: SELECT `type`,`name`,`value` FROM `fg_config` WHERE `status` = 1  [ RunTime:0.0018s ]
SQL: SELECT `type`,`name`,`value` FROM `fg_config` WHERE `status` = 1  [ RunTime:0.0018s ]
SQL: SHOW COLUMNS FROM `fg_fans_city` [ RunTime:0.0024s ]
SQL: SELECT `city` FROM `fg_fans_city` WHERE `openid` = null LIMIT 1   [ RunTime:0.0016s ]

[ 2016-05-17T15:24:17+08:00 ] 124.160.219.179 /wap.php/Maintain/index.html?code=041ak2mL1ZA2V01KgLnL1hz0mL1ak2mm&state=base
INFO: [ app_init ] --START--
INFO: Run Behavior\BuildLiteBehavior [ RunTime:0.000016s ]
INFO: Run Common\Behavior\InitHookBehavior [ RunTime:0.001305s ]
INFO: [ app_init ] --END-- [ RunTime:0.001829s ]
INFO: [ app_begin ] --START--
INFO: Run Behavior\ReadHtmlCacheBehavior [ RunTime:0.000358s ]
INFO: [ app_begin ] --END-- [ RunTime:0.000408s ]
NOTIC: [2048] Declaration of Wap\Controller\MaintainController::prepay() should be compatible with Wap\Controller\WapController::prepay($body, $transid, $price) /var/www/didi/Application/Wap/Controller/MaintainController.class.php 第 27 行.
SQL: SHOW COLUMNS FROM `fg_config` [ RunTime:0.0027s ]
SQL: SELECT `type`,`name`,`value` FROM `fg_config` WHERE `status` = 1  [ RunTime:0.0019s ]
SQL: SELECT `type`,`name`,`value` FROM `fg_config` WHERE `status` = 1  [ RunTime:0.0018s ]
SQL: SHOW COLUMNS FROM `fg_fans_city` [ RunTime:0.0020s ]
SQL: SELECT `city` FROM `fg_fans_city` WHERE `openid` = null LIMIT 1   [ RunTime:0.0016s ]
NOTIC: [8] Undefined index: unionid /var/www/didi/Application/Wap/Controller/WapController.class.php 第 134 行.
SQL: SHOW COLUMNS FROM `fg_fans` [ RunTime:0.0030s ]
SQL: SELECT * FROM `fg_fans` WHERE `openid` = 'o97bDvqpPU-PNcQEayRXtvYe9fJY' LIMIT 1   [ RunTime:0.0017s ]
SQL: SHOW COLUMNS FROM `fg_maintain_product` [ RunTime:0.0026s ]
SQL: SELECT * FROM `fg_maintain_product` WHERE `type` = 1 AND `is_show` = 1 AND `cityid` = 1  [ RunTime:0.0017s ]
SQL: SELECT * FROM `fg_maintain_product` WHERE `type` = 2 AND `is_show` = 1 AND `cityid` = 1  [ RunTime:0.0016s ]
SQL: SELECT * FROM `fg_maintain_product` WHERE `type` = 3 AND `is_show` = 1 AND `cityid` = 1  [ RunTime:0.0019s ]
INFO: [ view_parse ] --START--
INFO: [ template_filter ] --START--
INFO: Run Behavior\ContentReplaceBehavior [ RunTime:0.000071s ]
INFO: [ template_filter ] --END-- [ RunTime:0.000142s ]
NOTIC: [8] Undefined index: type /var/www/didi/Runtime/Cache/Wap/be92367b9dfb9fa5a18377565ae95133.php 第 41 行.
NOTIC: [8] Undefined index: type /var/www/didi/Runtime/Cache/Wap/be92367b9dfb9fa5a18377565ae95133.php 第 41 行.
NOTIC: [8] Undefined index: type /var/www/didi/Runtime/Cache/Wap/be92367b9dfb9fa5a18377565ae95133.php 第 42 行.
NOTIC: [8] Undefined index: type /var/www/didi/Runtime/Cache/Wap/be92367b9dfb9fa5a18377565ae95133.php 第 43 行.
INFO: Run Behavior\ParseTemplateBehavior [ RunTime:0.017369s ]
INFO: [ view_parse ] --END-- [ RunTime:0.017442s ]
INFO: [ view_filter ] --START--
INFO: Run Behavior\WriteHtmlCacheBehavior [ RunTime:0.000204s ]
INFO: [ view_filter ] --END-- [ RunTime:0.000263s ]
INFO: [ app_end ] --START--
INFO: Run Behavior\ShowPageTraceBehavior [ RunTime:0.000631s ]
INFO: [ app_end ] --END-- [ RunTime:0.000693s ]

[ 2016-05-17T15:24:18+08:00 ] 124.160.219.179 /wap.php?s=/Location/getmycity.html
INFO: [ app_init ] --START--
INFO: Run Behavior\BuildLiteBehavior [ RunTime:0.000015s ]
INFO: Run Common\Behavior\InitHookBehavior [ RunTime:0.001028s ]
INFO: [ app_init ] --END-- [ RunTime:0.001530s ]
INFO: [ app_begin ] --START--
INFO: Run Behavior\ReadHtmlCacheBehavior [ RunTime:0.000357s ]
INFO: [ app_begin ] --END-- [ RunTime:0.000402s ]
SQL: SHOW COLUMNS FROM `fg_config` [ RunTime:0.0026s ]
SQL: SELECT `type`,`name`,`value` FROM `fg_config` WHERE `status` = 1  [ RunTime:0.0019s ]
SQL: SELECT `type`,`name`,`value` FROM `fg_config` WHERE `status` = 1  [ RunTime:0.0018s ]
SQL: SHOW COLUMNS FROM `fg_fans_city` [ RunTime:0.0022s ]
SQL: SELECT `city` FROM `fg_fans_city` WHERE `openid` = 'o97bDvqpPU-PNcQEayRXtvYe9fJY' LIMIT 1   [ RunTime:0.0015s ]
SQL: SELECT `city` FROM `fg_fans_city` WHERE `openid` = 'o97bDvqpPU-PNcQEayRXtvYe9fJY' LIMIT 1   [ RunTime:0.0015s ]
SQL: SHOW COLUMNS FROM `fg_city` [ RunTime:0.0021s ]
SQL: SELECT * FROM `fg_city` WHERE `id` = null LIMIT 1   [ RunTime:0.0015s ]

[ 2016-05-17T15:24:29+08:00 ] 58.247.206.153 /wap.php?s=/Weixin/index.html&signature=f98630e7339c989579139f6a559515e70822735b&timestamp=1463469868&nonce=1702299345
INFO: [ app_init ] --START--
INFO: Run Behavior\BuildLiteBehavior [ RunTime:0.000017s ]
INFO: Run Common\Behavior\InitHookBehavior [ RunTime:0.001262s ]
INFO: [ app_init ] --END-- [ RunTime:0.001832s ]
INFO: [ app_begin ] --START--
INFO: Run Behavior\ReadHtmlCacheBehavior [ RunTime:0.000409s ]
INFO: [ app_begin ] --END-- [ RunTime:0.000472s ]
SQL: SHOW COLUMNS FROM `fg_config` [ RunTime:0.0026s ]
SQL: SELECT `type`,`name`,`value` FROM `fg_config` WHERE `status` = 1  [ RunTime:0.0019s ]
INFO: [ app_end ] --START--
INFO: Run Behavior\ShowPageTraceBehavior [ RunTime:0.000577s ]
INFO: [ app_end ] --END-- [ RunTime:0.000656s ]

[ 2016-05-17T15:24:29+08:00 ] 124.160.219.179 /wap.php/Shop/index.html
INFO: [ app_init ] --START--
INFO: Run Behavior\BuildLiteBehavior [ RunTime:0.000018s ]
INFO: Run Common\Behavior\InitHookBehavior [ RunTime:0.001283s ]
INFO: [ app_init ] --END-- [ RunTime:0.001910s ]
INFO: [ app_begin ] --START--
INFO: Run Behavior\ReadHtmlCacheBehavior [ RunTime:0.000404s ]
INFO: [ app_begin ] --END-- [ RunTime:0.000456s ]
SQL: SHOW COLUMNS FROM `fg_config` [ RunTime:0.0034s ]
SQL: SELECT `type`,`name`,`value` FROM `fg_config` WHERE `status` = 1  [ RunTime:0.0020s ]
SQL: SELECT `type`,`name`,`value` FROM `fg_config` WHERE `status` = 1  [ RunTime:0.0020s ]
SQL: SHOW COLUMNS FROM `fg_fans_city` [ RunTime:0.0028s ]
SQL: SELECT `city` FROM `fg_fans_city` WHERE `openid` = 'o97bDvqpPU-PNcQEayRXtvYe9fJY' LIMIT 1   [ RunTime:0.0017s ]
SQL: SHOW COLUMNS FROM `fg_shop` [ RunTime:0.0029s ]
SQL: SELECT * FROM `fg_shop` WHERE `status` = 1 AND `shop_type` = 1  [ RunTime:0.0021s ]
INFO: [ view_parse ] --START--
INFO: [ template_filter ] --START--
INFO: Run Behavior\ContentReplaceBehavior [ RunTime:0.000065s ]
INFO: [ template_filter ] --END-- [ RunTime:0.000131s ]
INFO: Run Behavior\ParseTemplateBehavior [ RunTime:0.011006s ]
INFO: [ view_parse ] --END-- [ RunTime:0.011075s ]
INFO: [ view_filter ] --START--
INFO: Run Behavior\WriteHtmlCacheBehavior [ RunTime:0.000152s ]
INFO: [ view_filter ] --END-- [ RunTime:0.000194s ]
INFO: [ app_end ] --START--
INFO: Run Behavior\ShowPageTraceBehavior [ RunTime:0.000439s ]
INFO: [ app_end ] --END-- [ RunTime:0.000516s ]

[ 2016-05-17T15:24:30+08:00 ] 124.160.219.179 /wap.php?s=/Location/getmycity.html
INFO: [ app_init ] --START--
INFO: Run Behavior\BuildLiteBehavior [ RunTime:0.000018s ]
INFO: Run Common\Behavior\InitHookBehavior [ RunTime:0.001207s ]
INFO: [ app_init ] --END-- [ RunTime:0.002033s ]
INFO: [ app_begin ] --START--
INFO: Run Behavior\ReadHtmlCacheBehavior [ RunTime:0.000360s ]
INFO: [ app_begin ] --END-- [ RunTime:0.000405s ]
SQL: SHOW COLUMNS FROM `fg_config` [ RunTime:0.0030s ]
SQL: SELECT `type`,`name`,`value` FROM `fg_config` WHERE `status` = 1  [ RunTime:0.0021s ]
SQL: SELECT `type`,`name`,`value` FROM `fg_config` WHERE `status` = 1  [ RunTime:0.0020s ]
SQL: SHOW COLUMNS FROM `fg_fans_city` [ RunTime:0.0023s ]
SQL: SELECT `city` FROM `fg_fans_city` WHERE `openid` = 'o97bDvqpPU-PNcQEayRXtvYe9fJY' LIMIT 1   [ RunTime:0.0017s ]
SQL: SELECT `city` FROM `fg_fans_city` WHERE `openid` = 'o97bDvqpPU-PNcQEayRXtvYe9fJY' LIMIT 1   [ RunTime:0.0018s ]
SQL: SHOW COLUMNS FROM `fg_city` [ RunTime:0.0021s ]
SQL: SELECT * FROM `fg_city` WHERE `id` = null LIMIT 1   [ RunTime:0.0021s ]

[ 2016-05-17T15:39:42+08:00 ] 58.247.206.143 /wap.php?s=/Weixin/index.html&signature=d4d7ee73191f0055998886c086d26447288de5c3&timestamp=1463470781&nonce=489081350
INFO: [ app_init ] --START--
INFO: Run Behavior\BuildLiteBehavior [ RunTime:0.000018s ]
INFO: Run Common\Behavior\InitHookBehavior [ RunTime:0.001630s ]
INFO: [ app_init ] --END-- [ RunTime:0.002175s ]
INFO: [ app_begin ] --START--
INFO: Run Behavior\ReadHtmlCacheBehavior [ RunTime:0.000495s ]
INFO: [ app_begin ] --END-- [ RunTime:0.000548s ]
SQL: SHOW COLUMNS FROM `fg_config` [ RunTime:0.0028s ]
SQL: SELECT `type`,`name`,`value` FROM `fg_config` WHERE `status` = 1  [ RunTime:0.0020s ]
SQL: SHOW COLUMNS FROM `fg_canal` [ RunTime:0.0024s ]
SQL: SELECT * FROM `fg_canal` WHERE `id` = 1 LIMIT 1   [ RunTime:0.0018s ]
SQL: SHOW COLUMNS FROM `fg_reply` [ RunTime:0.0025s ]
SQL: SELECT * FROM `fg_reply` WHERE `status` = 1 AND `keyword` = '刘献华' ORDER BY reply_type desc,sort desc,create_time desc LIMIT 1   [ RunTime:0.0019s ]
SQL: SELECT * FROM `fg_reply` WHERE `status` = 1 AND `keyword` LIKE '%刘献华%' ORDER BY reply_type desc,sort desc,create_time desc LIMIT 1   [ RunTime:0.0019s ]
INFO: [ app_end ] --START--
INFO: Run Behavior\ShowPageTraceBehavior [ RunTime:0.000558s ]
INFO: [ app_end ] --END-- [ RunTime:0.000613s ]

[ 2016-05-17T15:39:49+08:00 ] 58.247.206.141 /wap.php?s=/Weixin/index.html&signature=513de43c62f901a3af2b079428512325801de391&timestamp=1463470788&nonce=1843621181
INFO: [ app_init ] --START--
INFO: Run Behavior\BuildLiteBehavior [ RunTime:0.000022s ]
INFO: Run Common\Behavior\InitHookBehavior [ RunTime:0.001240s ]
INFO: [ app_init ] --END-- [ RunTime:0.001854s ]
INFO: [ app_begin ] --START--
INFO: Run Behavior\ReadHtmlCacheBehavior [ RunTime:0.000405s ]
INFO: [ app_begin ] --END-- [ RunTime:0.000458s ]
SQL: SHOW COLUMNS FROM `fg_config` [ RunTime:0.0029s ]
SQL: SELECT `type`,`name`,`value` FROM `fg_config` WHERE `status` = 1  [ RunTime:0.0019s ]
INFO: [ app_end ] --START--
INFO: Run Behavior\ShowPageTraceBehavior [ RunTime:0.000533s ]
INFO: [ app_end ] --END-- [ RunTime:0.000609s ]

[ 2016-05-17T15:39:51+08:00 ] 101.226.125.115 /wap.php/Maintain/index.html
INFO: [ app_init ] --START--
INFO: Run Behavior\BuildLiteBehavior [ RunTime:0.000016s ]
INFO: Run Common\Behavior\InitHookBehavior [ RunTime:0.001296s ]
INFO: [ app_init ] --END-- [ RunTime:0.001879s ]
INFO: [ app_begin ] --START--
INFO: Run Behavior\ReadHtmlCacheBehavior [ RunTime:0.000397s ]
INFO: [ app_begin ] --END-- [ RunTime:0.000450s ]
NOTIC: [2048] Declaration of Wap\Controller\MaintainController::prepay() should be compatible with Wap\Controller\WapController::prepay($body, $transid, $price) /var/www/didi/Application/Wap/Controller/MaintainController.class.php 第 27 行.
SQL: SHOW COLUMNS FROM `fg_config` [ RunTime:0.0026s ]
SQL: SELECT `type`,`name`,`value` FROM `fg_config` WHERE `status` = 1  [ RunTime:0.0019s ]
SQL: SELECT `type`,`name`,`value` FROM `fg_config` WHERE `status` = 1  [ RunTime:0.0019s ]
SQL: SHOW COLUMNS FROM `fg_fans_city` [ RunTime:0.0023s ]
SQL: SELECT `city` FROM `fg_fans_city` WHERE `openid` = null LIMIT 1   [ RunTime:0.0016s ]

[ 2016-05-17T15:39:52+08:00 ] 101.226.125.115 /wap.php/Maintain/index.html?code=011XTP0e0dt3OF1DPj2e0hsS0e0XTP0G&state=base
INFO: [ app_init ] --START--
INFO: Run Behavior\BuildLiteBehavior [ RunTime:0.000019s ]
INFO: Run Common\Behavior\InitHookBehavior [ RunTime:0.001483s ]
INFO: [ app_init ] --END-- [ RunTime:0.002035s ]
INFO: [ app_begin ] --START--
INFO: Run Behavior\ReadHtmlCacheBehavior [ RunTime:0.000380s ]
INFO: [ app_begin ] --END-- [ RunTime:0.000429s ]
NOTIC: [2048] Declaration of Wap\Controller\MaintainController::prepay() should be compatible with Wap\Controller\WapController::prepay($body, $transid, $price) /var/www/didi/Application/Wap/Controller/MaintainController.class.php 第 27 行.
SQL: SHOW COLUMNS FROM `fg_config` [ RunTime:0.0029s ]
SQL: SELECT `type`,`name`,`value` FROM `fg_config` WHERE `status` = 1  [ RunTime:0.0019s ]
SQL: SELECT `type`,`name`,`value` FROM `fg_config` WHERE `status` = 1  [ RunTime:0.0018s ]
SQL: SHOW COLUMNS FROM `fg_fans_city` [ RunTime:0.0019s ]
SQL: SELECT `city` FROM `fg_fans_city` WHERE `openid` = null LIMIT 1   [ RunTime:0.0016s ]
NOTIC: [8] Undefined index: unionid /var/www/didi/Application/Wap/Controller/WapController.class.php 第 134 行.
SQL: SHOW COLUMNS FROM `fg_fans` [ RunTime:0.0034s ]
SQL: SELECT * FROM `fg_fans` WHERE `openid` = 'o97bDvomtSLbtmrV9gOLLx8hnoFM' LIMIT 1   [ RunTime:0.0019s ]
SQL: SHOW COLUMNS FROM `fg_maintain_product` [ RunTime:0.0024s ]
SQL: SELECT * FROM `fg_maintain_product` WHERE `type` = 1 AND `is_show` = 1 AND `cityid` = 1  [ RunTime:0.0020s ]
SQL: SELECT * FROM `fg_maintain_product` WHERE `type` = 2 AND `is_show` = 1 AND `cityid` = 1  [ RunTime:0.0017s ]
SQL: SELECT * FROM `fg_maintain_product` WHERE `type` = 3 AND `is_show` = 1 AND `cityid` = 1  [ RunTime:0.0018s ]
INFO: [ view_parse ] --START--
INFO: [ template_filter ] --START--
INFO: Run Behavior\ContentReplaceBehavior [ RunTime:0.000068s ]
INFO: [ template_filter ] --END-- [ RunTime:0.000122s ]
NOTIC: [8] Undefined index: type /var/www/didi/Runtime/Cache/Wap/be92367b9dfb9fa5a18377565ae95133.php 第 41 行.
NOTIC: [8] Undefined index: type /var/www/didi/Runtime/Cache/Wap/be92367b9dfb9fa5a18377565ae95133.php 第 41 行.
NOTIC: [8] Undefined index: type /var/www/didi/Runtime/Cache/Wap/be92367b9dfb9fa5a18377565ae95133.php 第 42 行.
NOTIC: [8] Undefined index: type /var/www/didi/Runtime/Cache/Wap/be92367b9dfb9fa5a18377565ae95133.php 第 43 行.
INFO: Run Behavior\ParseTemplateBehavior [ RunTime:0.014090s ]
INFO: [ view_parse ] --END-- [ RunTime:0.014147s ]
INFO: [ view_filter ] --START--
INFO: Run Behavior\WriteHtmlCacheBehavior [ RunTime:0.000139s ]
INFO: [ view_filter ] --END-- [ RunTime:0.000178s ]
INFO: [ app_end ] --START--
INFO: Run Behavior\ShowPageTraceBehavior [ RunTime:0.000434s ]
INFO: [ app_end ] --END-- [ RunTime:0.000478s ]

[ 2016-05-17T15:39:54+08:00 ] 101.226.125.115 /wap.php?s=/Location/getmycity.html
INFO: [ app_init ] --START--
INFO: Run Behavior\BuildLiteBehavior [ RunTime:0.000016s ]
INFO: Run Common\Behavior\InitHookBehavior [ RunTime:0.001144s ]
INFO: [ app_init ] --END-- [ RunTime:0.001699s ]
INFO: [ app_begin ] --START--
INFO: Run Behavior\ReadHtmlCacheBehavior [ RunTime:0.000379s ]
INFO: [ app_begin ] --END-- [ RunTime:0.000426s ]
SQL: SHOW COLUMNS FROM `fg_config` [ RunTime:0.0024s ]
SQL: SELECT `type`,`name`,`value` FROM `fg_config` WHERE `status` = 1  [ RunTime:0.0019s ]
SQL: SELECT `type`,`name`,`value` FROM `fg_config` WHERE `status` = 1  [ RunTime:0.0017s ]
SQL: SHOW COLUMNS FROM `fg_fans_city` [ RunTime:0.0020s ]
SQL: SELECT `city` FROM `fg_fans_city` WHERE `openid` = 'o97bDvomtSLbtmrV9gOLLx8hnoFM' LIMIT 1   [ RunTime:0.0015s ]
SQL: SELECT `city` FROM `fg_fans_city` WHERE `openid` = 'o97bDvomtSLbtmrV9gOLLx8hnoFM' LIMIT 1   [ RunTime:0.0015s ]
SQL: SHOW COLUMNS FROM `fg_city` [ RunTime:0.0019s ]
SQL: SELECT * FROM `fg_city` WHERE `id` = null LIMIT 1   [ RunTime:0.0016s ]

[ 2016-05-17T15:40:28+08:00 ] 58.247.206.144 /wap.php?s=/Weixin/index.html&signature=e55659c4e2c8327ec673af6be6ea4e59c5599114&timestamp=1463470827&nonce=1345319953
INFO: [ app_init ] --START--
INFO: Run Behavior\BuildLiteBehavior [ RunTime:0.000016s ]
INFO: Run Common\Behavior\InitHookBehavior [ RunTime:0.001060s ]
INFO: [ app_init ] --END-- [ RunTime:0.001630s ]
INFO: [ app_begin ] --START--
INFO: Run Behavior\ReadHtmlCacheBehavior [ RunTime:0.000354s ]
INFO: [ app_begin ] --END-- [ RunTime:0.000404s ]
SQL: SHOW COLUMNS FROM `fg_config` [ RunTime:0.0028s ]
SQL: SELECT `type`,`name`,`value` FROM `fg_config` WHERE `status` = 1  [ RunTime:0.0023s ]
INFO: [ app_end ] --START--
INFO: Run Behavior\ShowPageTraceBehavior [ RunTime:0.000456s ]
INFO: [ app_end ] --END-- [ RunTime:0.000532s ]

[ 2016-05-17T15:45:57+08:00 ] 58.247.206.153 /wap.php?s=/Weixin/index.html&signature=537ef790a59b9fe3734fb07b458085de363fb2df&timestamp=1463471156&nonce=32447736
INFO: [ app_init ] --START--
INFO: Run Behavior\BuildLiteBehavior [ RunTime:0.000017s ]
INFO: Run Common\Behavior\InitHookBehavior [ RunTime:0.001128s ]
INFO: [ app_init ] --END-- [ RunTime:0.001634s ]
INFO: [ app_begin ] --START--
INFO: Run Behavior\ReadHtmlCacheBehavior [ RunTime:0.000382s ]
INFO: [ app_begin ] --END-- [ RunTime:0.000432s ]
SQL: SHOW COLUMNS FROM `fg_config` [ RunTime:0.0027s ]
SQL: SELECT `type`,`name`,`value` FROM `fg_config` WHERE `status` = 1  [ RunTime:0.0017s ]
INFO: [ app_end ] --START--
INFO: Run Behavior\ShowPageTraceBehavior [ RunTime:0.000502s ]
INFO: [ app_end ] --END-- [ RunTime:0.000584s ]

[ 2016-05-17T15:45:57+08:00 ] 124.160.219.179 /wap.php/Shop/index.html
INFO: [ app_init ] --START--
INFO: Run Behavior\BuildLiteBehavior [ RunTime:0.000019s ]
INFO: Run Common\Behavior\InitHookBehavior [ RunTime:0.001179s ]
INFO: [ app_init ] --END-- [ RunTime:0.001865s ]
INFO: [ app_begin ] --START--
INFO: Run Behavior\ReadHtmlCacheBehavior [ RunTime:0.000654s ]
INFO: [ app_begin ] --END-- [ RunTime:0.000772s ]
SQL: SHOW COLUMNS FROM `fg_config` [ RunTime:0.0027s ]
SQL: SELECT `type`,`name`,`value` FROM `fg_config` WHERE `status` = 1  [ RunTime:0.0021s ]
SQL: SELECT `type`,`name`,`value` FROM `fg_config` WHERE `status` = 1  [ RunTime:0.0020s ]
SQL: SHOW COLUMNS FROM `fg_fans_city` [ RunTime:0.0022s ]
SQL: SELECT `city` FROM `fg_fans_city` WHERE `openid` = 'o97bDvqpPU-PNcQEayRXtvYe9fJY' LIMIT 1   [ RunTime:0.0018s ]
SQL: SHOW COLUMNS FROM `fg_shop` [ RunTime:0.0032s ]
SQL: SELECT * FROM `fg_shop` WHERE `status` = 1 AND `shop_type` = 1  [ RunTime:0.0020s ]
INFO: [ view_parse ] --START--
INFO: [ template_filter ] --START--
INFO: Run Behavior\ContentReplaceBehavior [ RunTime:0.000066s ]
INFO: [ template_filter ] --END-- [ RunTime:0.000137s ]
INFO: Run Behavior\ParseTemplateBehavior [ RunTime:0.010778s ]
INFO: [ view_parse ] --END-- [ RunTime:0.010850s ]
INFO: [ view_filter ] --START--
INFO: Run Behavior\WriteHtmlCacheBehavior [ RunTime:0.000178s ]
INFO: [ view_filter ] --END-- [ RunTime:0.000243s ]
INFO: [ app_end ] --START--
INFO: Run Behavior\ShowPageTraceBehavior [ RunTime:0.000473s ]
INFO: [ app_end ] --END-- [ RunTime:0.000570s ]

[ 2016-05-17T15:45:58+08:00 ] 124.160.219.179 /wap.php?s=/Location/getmycity.html
INFO: [ app_init ] --START--
INFO: Run Behavior\BuildLiteBehavior [ RunTime:0.000015s ]
INFO: Run Common\Behavior\InitHookBehavior [ RunTime:0.001111s ]
INFO: [ app_init ] --END-- [ RunTime:0.001618s ]
INFO: [ app_begin ] --START--
INFO: Run Behavior\ReadHtmlCacheBehavior [ RunTime:0.000364s ]
INFO: [ app_begin ] --END-- [ RunTime:0.000411s ]
SQL: SHOW COLUMNS FROM `fg_config` [ RunTime:0.0024s ]
SQL: SELECT `type`,`name`,`value` FROM `fg_config` WHERE `status` = 1  [ RunTime:0.0019s ]
SQL: SELECT `type`,`name`,`value` FROM `fg_config` WHERE `status` = 1  [ RunTime:0.0017s ]
SQL: SHOW COLUMNS FROM `fg_fans_city` [ RunTime:0.0020s ]
SQL: SELECT `city` FROM `fg_fans_city` WHERE `openid` = 'o97bDvqpPU-PNcQEayRXtvYe9fJY' LIMIT 1   [ RunTime:0.0016s ]
SQL: SELECT `city` FROM `fg_fans_city` WHERE `openid` = 'o97bDvqpPU-PNcQEayRXtvYe9fJY' LIMIT 1   [ RunTime:0.0016s ]
SQL: SHOW COLUMNS FROM `fg_city` [ RunTime:0.0020s ]
SQL: SELECT * FROM `fg_city` WHERE `id` = null LIMIT 1   [ RunTime:0.0016s ]

[ 2016-05-17T15:46:38+08:00 ] 58.247.206.143 /wap.php?s=/Weixin/index.html&signature=0fa1533a189ef659426f7425f47a4179c69b49cb&timestamp=1463471196&nonce=996926050
INFO: [ app_init ] --START--
INFO: Run Behavior\BuildLiteBehavior [ RunTime:0.000031s ]
INFO: Run Common\Behavior\InitHookBehavior [ RunTime:0.001324s ]
INFO: [ app_init ] --END-- [ RunTime:0.001992s ]
INFO: [ app_begin ] --START--
INFO: Run Behavior\ReadHtmlCacheBehavior [ RunTime:0.000531s ]
INFO: [ app_begin ] --END-- [ RunTime:0.000628s ]
SQL: SHOW COLUMNS FROM `fg_config` [ RunTime:0.0045s ]
SQL: SELECT `type`,`name`,`value` FROM `fg_config` WHERE `status` = 1  [ RunTime:0.0019s ]
INFO: [ app_end ] --START--
INFO: Run Behavior\ShowPageTraceBehavior [ RunTime:0.000670s ]
INFO: [ app_end ] --END-- [ RunTime:0.000739s ]

[ 2016-05-17T15:46:38+08:00 ] 124.160.219.179 /wap.php/Fans/myorders.html
INFO: [ app_init ] --START--
INFO: Run Behavior\BuildLiteBehavior [ RunTime:0.000025s ]
INFO: Run Common\Behavior\InitHookBehavior [ RunTime:0.001399s ]
INFO: [ app_init ] --END-- [ RunTime:0.002053s ]
INFO: [ app_begin ] --START--
INFO: Run Behavior\ReadHtmlCacheBehavior [ RunTime:0.000400s ]
INFO: [ app_begin ] --END-- [ RunTime:0.000452s ]
SQL: SHOW COLUMNS FROM `fg_config` [ RunTime:0.0025s ]
SQL: SELECT `type`,`name`,`value` FROM `fg_config` WHERE `status` = 1  [ RunTime:0.0019s ]
SQL: SELECT `type`,`name`,`value` FROM `fg_config` WHERE `status` = 1  [ RunTime:0.0019s ]
SQL: SHOW COLUMNS FROM `fg_fans_city` [ RunTime:0.0023s ]
SQL: SELECT `city` FROM `fg_fans_city` WHERE `openid` = 'o97bDvqpPU-PNcQEayRXtvYe9fJY' LIMIT 1   [ RunTime:0.0020s ]
SQL: SHOW COLUMNS FROM `fg_fans` [ RunTime:0.0033s ]
SQL: SELECT * FROM `fg_fans` WHERE `openid` = 'o97bDvqpPU-PNcQEayRXtvYe9fJY' LIMIT 1   [ RunTime:0.0020s ]
SQL: SHOW COLUMNS FROM `fg_maintain_order` [ RunTime:0.0028s ]
SQL: SELECT * FROM `fg_maintain_order` WHERE `openid` = 'o97bDvqpPU-PNcQEayRXtvYe9fJY' ORDER BY id desc  [ RunTime:0.0020s ]
SQL: SHOW COLUMNS FROM `fg_shop` [ RunTime:0.0029s ]
SQL: SELECT * FROM `fg_shop` WHERE `id` = 5 LIMIT 1   [ RunTime:0.0019s ]
INFO: [ view_parse ] --START--
INFO: [ template_filter ] --START--
INFO: Run Behavior\ContentReplaceBehavior [ RunTime:0.000068s ]
INFO: [ template_filter ] --END-- [ RunTime:0.000137s ]
INFO: Run Behavior\ParseTemplateBehavior [ RunTime:0.016201s ]
INFO: [ view_parse ] --END-- [ RunTime:0.016259s ]
INFO: [ view_filter ] --START--
INFO: Run Behavior\WriteHtmlCacheBehavior [ RunTime:0.000143s ]
INFO: [ view_filter ] --END-- [ RunTime:0.000184s ]
INFO: [ app_end ] --START--
INFO: Run Behavior\ShowPageTraceBehavior [ RunTime:0.000509s ]
INFO: [ app_end ] --END-- [ RunTime:0.000555s ]

[ 2016-05-17T15:46:38+08:00 ] 124.160.219.179 /wap.php?s=/Location/getmycity.html
INFO: [ app_init ] --START--
INFO: Run Behavior\BuildLiteBehavior [ RunTime:0.000016s ]
INFO: Run Common\Behavior\InitHookBehavior [ RunTime:0.001148s ]
INFO: [ app_init ] --END-- [ RunTime:0.001637s ]
INFO: [ app_begin ] --START--
INFO: Run Behavior\ReadHtmlCacheBehavior [ RunTime:0.000541s ]
INFO: [ app_begin ] --END-- [ RunTime:0.000587s ]
SQL: SHOW COLUMNS FROM `fg_config` [ RunTime:0.0029s ]
SQL: SELECT `type`,`name`,`value` FROM `fg_config` WHERE `status` = 1  [ RunTime:0.0020s ]
SQL: SELECT `type`,`name`,`value` FROM `fg_config` WHERE `status` = 1  [ RunTime:0.0016s ]
SQL: SHOW COLUMNS FROM `fg_fans_city` [ RunTime:0.0020s ]
SQL: SELECT `city` FROM `fg_fans_city` WHERE `openid` = 'o97bDvqpPU-PNcQEayRXtvYe9fJY' LIMIT 1   [ RunTime:0.0015s ]
SQL: SELECT `city` FROM `fg_fans_city` WHERE `openid` = 'o97bDvqpPU-PNcQEayRXtvYe9fJY' LIMIT 1   [ RunTime:0.0015s ]
SQL: SHOW COLUMNS FROM `fg_city` [ RunTime:0.0025s ]
SQL: SELECT * FROM `fg_city` WHERE `id` = null LIMIT 1   [ RunTime:0.0016s ]

[ 2016-05-17T15:46:48+08:00 ] 58.247.206.152 /wap.php?s=/Weixin/index.html&signature=4f40ddaefb13c16cfb8ef117c94118ed9e094eb7&timestamp=1463471207&nonce=1179356757
INFO: [ app_init ] --START--
INFO: Run Behavior\BuildLiteBehavior [ RunTime:0.000016s ]
INFO: Run Common\Behavior\InitHookBehavior [ RunTime:0.001173s ]
INFO: [ app_init ] --END-- [ RunTime:0.001694s ]
INFO: [ app_begin ] --START--
INFO: Run Behavior\ReadHtmlCacheBehavior [ RunTime:0.000366s ]
INFO: [ app_begin ] --END-- [ RunTime:0.000416s ]
SQL: SHOW COLUMNS FROM `fg_config` [ RunTime:0.0025s ]
SQL: SELECT `type`,`name`,`value` FROM `fg_config` WHERE `status` = 1  [ RunTime:0.0017s ]
INFO: [ app_end ] --START--
INFO: Run Behavior\ShowPageTraceBehavior [ RunTime:0.000570s ]
INFO: [ app_end ] --END-- [ RunTime:0.000629s ]

[ 2016-05-17T17:18:49+08:00 ] 58.247.206.153 /wap.php?s=/Weixin/index.html&signature=59c5ee0a68fa5f93652a19e0064b6cc2d1488309&timestamp=1463476727&nonce=1789736345
INFO: [ app_init ] --START--
INFO: Run Behavior\BuildLiteBehavior [ RunTime:0.000022s ]
INFO: Run Common\Behavior\InitHookBehavior [ RunTime:0.001776s ]
INFO: [ app_init ] --END-- [ RunTime:0.002453s ]
INFO: [ app_begin ] --START--
INFO: Run Behavior\ReadHtmlCacheBehavior [ RunTime:0.000643s ]
INFO: [ app_begin ] --END-- [ RunTime:0.000726s ]
SQL: SHOW COLUMNS FROM `fg_config` [ RunTime:0.0029s ]
SQL: SELECT `type`,`name`,`value` FROM `fg_config` WHERE `status` = 1  [ RunTime:0.0021s ]
INFO: [ app_end ] --START--
INFO: Run Behavior\ShowPageTraceBehavior [ RunTime:0.000476s ]
INFO: [ app_end ] --END-- [ RunTime:0.000534s ]

[ 2016-05-17T18:04:55+08:00 ] 140.207.54.79 /wap.php?s=/Weixin/index.html&signature=aeec090c04a528e6c149196751ea18a0f4ba7d46&timestamp=1463479493&nonce=1882145657
INFO: [ app_init ] --START--
INFO: Run Behavior\BuildLiteBehavior [ RunTime:0.000015s ]
INFO: Run Common\Behavior\InitHookBehavior [ RunTime:0.001123s ]
INFO: [ app_init ] --END-- [ RunTime:0.001683s ]
INFO: [ app_begin ] --START--
INFO: Run Behavior\ReadHtmlCacheBehavior [ RunTime:0.000358s ]
INFO: [ app_begin ] --END-- [ RunTime:0.000408s ]
SQL: SHOW COLUMNS FROM `fg_config` [ RunTime:0.0026s ]
SQL: SELECT `type`,`name`,`value` FROM `fg_config` WHERE `status` = 1  [ RunTime:0.0019s ]
NOTIC: [8] Undefined index: errcode /var/www/didi/ThinkPHP/Library/OT/Wechat/Wechat.class.php 第 883 行.
NOTIC: [8] Undefined index: errcode /var/www/didi/ThinkPHP/Library/OT/Wechat/Wechat.class.php 第 919 行.
NOTIC: [8] Undefined index: unionid /var/www/didi/Application/Wap/Controller/WeixinController.class.php 第 266 行.
SQL: SHOW COLUMNS FROM `fg_fans` [ RunTime:0.0033s ]
SQL: SELECT * FROM `fg_fans` WHERE `openid` = 'o97bDvp7u9j-BWdui7wV654tYieA' LIMIT 1   [ RunTime:0.0016s ]
SQL: INSERT INTO `fg_fans` (`openid`,`nickname`,`headimgurl`,`sex`,`subscribe`,`subscribe_time`,`address`,`create_time`,`canalid`,`intro`) VALUES ('o97bDvp7u9j-BWdui7wV654tYieA','嘿，借个自行车','http://wx.qlogo.cn/mmopen/PiajxSqBRaEI8IibIFfO5FG4oDicjNGMlrFUS7jM9JDZysTiajy2cupdhPB3BjwXageiaRD5fCVnsDAJGORqHL7PlnQ/0','2','1','1463479493','中国浙江金华','1463479494','1','通过场景id=1关注') [ RunTime:0.0026s ]
SQL: SHOW COLUMNS FROM `fg_coupon_config` [ RunTime:0.0022s ]
SQL: SELECT * FROM `fg_coupon_config` WHERE `actions` = 1 AND `status` = 1  [ RunTime:0.0015s ]
SQL: SHOW COLUMNS FROM `fg_fans_coupon` [ RunTime:0.0028s ]
SQL: SELECT * FROM `fg_fans` WHERE `id` = 792 LIMIT 1   [ RunTime:0.0015s ]
SQL: SHOW COLUMNS FROM `fg_canal` [ RunTime:0.0020s ]
SQL: SELECT * FROM `fg_canal` WHERE `id` = 1 LIMIT 1   [ RunTime:0.0015s ]
SQL: UPDATE `fg_canal` SET `click`=click+1 WHERE `id` = 1 [ RunTime:0.0025s ]
SQL: SHOW COLUMNS FROM `fg_reply` [ RunTime:0.0021s ]
SQL: SELECT * FROM `fg_reply` WHERE `status` = 1 AND `keyword` = '关注时回复' ORDER BY reply_type desc,sort desc,create_time desc LIMIT 1   [ RunTime:0.0015s ]
INFO: [ app_end ] --START--
INFO: Run Behavior\ShowPageTraceBehavior [ RunTime:0.000597s ]
INFO: [ app_end ] --END-- [ RunTime:0.000668s ]

[ 2016-05-17T18:05:05+08:00 ] 140.207.54.76 /wap.php?s=/Weixin/index.html&signature=6a85f4bb73296a29a390946a0915e244584d22a6&timestamp=1463479504&nonce=754872825
INFO: [ app_init ] --START--
INFO: Run Behavior\BuildLiteBehavior [ RunTime:0.000016s ]
INFO: Run Common\Behavior\InitHookBehavior [ RunTime:0.001162s ]
INFO: [ app_init ] --END-- [ RunTime:0.001664s ]
INFO: [ app_begin ] --START--
INFO: Run Behavior\ReadHtmlCacheBehavior [ RunTime:0.000379s ]
INFO: [ app_begin ] --END-- [ RunTime:0.000431s ]
SQL: SHOW COLUMNS FROM `fg_config` [ RunTime:0.0028s ]
SQL: SELECT `type`,`name`,`value` FROM `fg_config` WHERE `status` = 1  [ RunTime:0.0020s ]
INFO: [ app_end ] --START--
INFO: Run Behavior\ShowPageTraceBehavior [ RunTime:0.000842s ]
INFO: [ app_end ] --END-- [ RunTime:0.000949s ]

[ 2016-05-17T18:05:10+08:00 ] 140.207.54.80 /wap.php?s=/Weixin/index.html&signature=d2714cb28ab104e0365dd7ab6ea742c65b2d5481&timestamp=1463479509&nonce=81061926
INFO: [ app_init ] --START--
INFO: Run Behavior\BuildLiteBehavior [ RunTime:0.000017s ]
INFO: Run Common\Behavior\InitHookBehavior [ RunTime:0.001261s ]
INFO: [ app_init ] --END-- [ RunTime:0.001820s ]
INFO: [ app_begin ] --START--
INFO: Run Behavior\ReadHtmlCacheBehavior [ RunTime:0.000469s ]
INFO: [ app_begin ] --END-- [ RunTime:0.000530s ]
SQL: SHOW COLUMNS FROM `fg_config` [ RunTime:0.0027s ]
SQL: SELECT `type`,`name`,`value` FROM `fg_config` WHERE `status` = 1  [ RunTime:0.0020s ]
INFO: [ app_end ] --START--
INFO: Run Behavior\ShowPageTraceBehavior [ RunTime:0.000583s ]
INFO: [ app_end ] --END-- [ RunTime:0.000658s ]

[ 2016-05-17T18:05:10+08:00 ] 112.17.240.23 /wap.php/Maintain/index.html
INFO: [ app_init ] --START--
INFO: Run Behavior\BuildLiteBehavior [ RunTime:0.000019s ]
INFO: Run Common\Behavior\InitHookBehavior [ RunTime:0.001356s ]
INFO: [ app_init ] --END-- [ RunTime:0.001909s ]
INFO: [ app_begin ] --START--
INFO: Run Behavior\ReadHtmlCacheBehavior [ RunTime:0.000434s ]
INFO: [ app_begin ] --END-- [ RunTime:0.000485s ]
NOTIC: [2048] Declaration of Wap\Controller\MaintainController::prepay() should be compatible with Wap\Controller\WapController::prepay($body, $transid, $price) /var/www/didi/Application/Wap/Controller/MaintainController.class.php 第 27 行.
SQL: SHOW COLUMNS FROM `fg_config` [ RunTime:0.0030s ]
SQL: SELECT `type`,`name`,`value` FROM `fg_config` WHERE `status` = 1  [ RunTime:0.0020s ]
SQL: SELECT `type`,`name`,`value` FROM `fg_config` WHERE `status` = 1  [ RunTime:0.0023s ]
SQL: SHOW COLUMNS FROM `fg_fans_city` [ RunTime:0.0022s ]
SQL: SELECT `city` FROM `fg_fans_city` WHERE `openid` = null LIMIT 1   [ RunTime:0.0017s ]

[ 2016-05-17T18:05:11+08:00 ] 112.17.240.23 /wap.php/Maintain/index.html?code=021J1VMP1ULKXV0WJ7LP19nOMP1J1VMQ&state=base
INFO: [ app_init ] --START--
INFO: Run Behavior\BuildLiteBehavior [ RunTime:0.000036s ]
INFO: Run Common\Behavior\InitHookBehavior [ RunTime:0.001091s ]
INFO: [ app_init ] --END-- [ RunTime:0.001642s ]
INFO: [ app_begin ] --START--
INFO: Run Behavior\ReadHtmlCacheBehavior [ RunTime:0.000364s ]
INFO: [ app_begin ] --END-- [ RunTime:0.000413s ]
NOTIC: [2048] Declaration of Wap\Controller\MaintainController::prepay() should be compatible with Wap\Controller\WapController::prepay($body, $transid, $price) /var/www/didi/Application/Wap/Controller/MaintainController.class.php 第 27 行.
SQL: SHOW COLUMNS FROM `fg_config` [ RunTime:0.0024s ]
SQL: SELECT `type`,`name`,`value` FROM `fg_config` WHERE `status` = 1  [ RunTime:0.0019s ]
SQL: SELECT `type`,`name`,`value` FROM `fg_config` WHERE `status` = 1  [ RunTime:0.0017s ]
SQL: SHOW COLUMNS FROM `fg_fans_city` [ RunTime:0.0021s ]
SQL: SELECT `city` FROM `fg_fans_city` WHERE `openid` = null LIMIT 1   [ RunTime:0.0015s ]
NOTIC: [8] Undefined index: unionid /var/www/didi/Application/Wap/Controller/WapController.class.php 第 134 行.
SQL: SHOW COLUMNS FROM `fg_fans` [ RunTime:0.0031s ]
SQL: SELECT * FROM `fg_fans` WHERE `openid` = 'o97bDvp7u9j-BWdui7wV654tYieA' LIMIT 1   [ RunTime:0.0018s ]
SQL: SHOW COLUMNS FROM `fg_maintain_product` [ RunTime:0.0024s ]
SQL: SELECT * FROM `fg_maintain_product` WHERE `type` = 1 AND `is_show` = 1 AND `cityid` = 1  [ RunTime:0.0017s ]
SQL: SELECT * FROM `fg_maintain_product` WHERE `type` = 2 AND `is_show` = 1 AND `cityid` = 1  [ RunTime:0.0015s ]
SQL: SELECT * FROM `fg_maintain_product` WHERE `type` = 3 AND `is_show` = 1 AND `cityid` = 1  [ RunTime:0.0016s ]
INFO: [ view_parse ] --START--
INFO: [ template_filter ] --START--
INFO: Run Behavior\ContentReplaceBehavior [ RunTime:0.000103s ]
INFO: [ template_filter ] --END-- [ RunTime:0.000207s ]
NOTIC: [8] Undefined index: type /var/www/didi/Runtime/Cache/Wap/be92367b9dfb9fa5a18377565ae95133.php 第 41 行.
NOTIC: [8] Undefined index: type /var/www/didi/Runtime/Cache/Wap/be92367b9dfb9fa5a18377565ae95133.php 第 41 行.
NOTIC: [8] Undefined index: type /var/www/didi/Runtime/Cache/Wap/be92367b9dfb9fa5a18377565ae95133.php 第 42 行.
NOTIC: [8] Undefined index: type /var/www/didi/Runtime/Cache/Wap/be92367b9dfb9fa5a18377565ae95133.php 第 43 行.
INFO: Run Behavior\ParseTemplateBehavior [ RunTime:0.016022s ]
INFO: [ view_parse ] --END-- [ RunTime:0.016078s ]
INFO: [ view_filter ] --START--
INFO: Run Behavior\WriteHtmlCacheBehavior [ RunTime:0.000159s ]
INFO: [ view_filter ] --END-- [ RunTime:0.000207s ]
INFO: [ app_end ] --START--
INFO: Run Behavior\ShowPageTraceBehavior [ RunTime:0.000457s ]
INFO: [ app_end ] --END-- [ RunTime:0.000523s ]

[ 2016-05-17T18:05:13+08:00 ] 112.17.240.23 /wap.php?s=/Location/getmycity.html
INFO: [ app_init ] --START--
INFO: Run Behavior\BuildLiteBehavior [ RunTime:0.000016s ]
INFO: Run Common\Behavior\InitHookBehavior [ RunTime:0.001087s ]
INFO: [ app_init ] --END-- [ RunTime:0.001607s ]
INFO: [ app_begin ] --START--
INFO: Run Behavior\ReadHtmlCacheBehavior [ RunTime:0.000547s ]
INFO: [ app_begin ] --END-- [ RunTime:0.000606s ]
SQL: SHOW COLUMNS FROM `fg_config` [ RunTime:0.0025s ]
SQL: SELECT `type`,`name`,`value` FROM `fg_config` WHERE `status` = 1  [ RunTime:0.0018s ]
SQL: SELECT `type`,`name`,`value` FROM `fg_config` WHERE `status` = 1  [ RunTime:0.0018s ]
SQL: SHOW COLUMNS FROM `fg_fans_city` [ RunTime:0.0020s ]
SQL: SELECT `city` FROM `fg_fans_city` WHERE `openid` = 'o97bDvp7u9j-BWdui7wV654tYieA' LIMIT 1   [ RunTime:0.0015s ]
SQL: SELECT `city` FROM `fg_fans_city` WHERE `openid` = 'o97bDvp7u9j-BWdui7wV654tYieA' LIMIT 1   [ RunTime:0.0016s ]
SQL: SHOW COLUMNS FROM `fg_city` [ RunTime:0.0022s ]
SQL: SELECT * FROM `fg_city` WHERE `id` = null LIMIT 1   [ RunTime:0.0015s ]

[ 2016-05-17T19:21:11+08:00 ] 58.247.206.147 /wap.php?s=/Weixin/index.html&signature=638d690e0a66d3a1aad76dc07c8e2ded04ff5b6f&timestamp=1463484070&nonce=1262885582
INFO: [ app_init ] --START--
INFO: Run Behavior\BuildLiteBehavior [ RunTime:0.000015s ]
INFO: Run Common\Behavior\InitHookBehavior [ RunTime:0.001513s ]
INFO: [ app_init ] --END-- [ RunTime:0.002063s ]
INFO: [ app_begin ] --START--
INFO: Run Behavior\ReadHtmlCacheBehavior [ RunTime:0.000548s ]
INFO: [ app_begin ] --END-- [ RunTime:0.000625s ]
SQL: SHOW COLUMNS FROM `fg_config` [ RunTime:0.0028s ]
SQL: SELECT `type`,`name`,`value` FROM `fg_config` WHERE `status` = 1  [ RunTime:0.0019s ]
INFO: [ app_end ] --START--
INFO: Run Behavior\ShowPageTraceBehavior [ RunTime:0.000610s ]
INFO: [ app_end ] --END-- [ RunTime:0.000678s ]

[ 2016-05-17T19:21:12+08:00 ] 112.17.240.142 /wap.php/Fans/myorders.html
INFO: [ app_init ] --START--
INFO: Run Behavior\BuildLiteBehavior [ RunTime:0.000015s ]
INFO: Run Common\Behavior\InitHookBehavior [ RunTime:0.001121s ]
INFO: [ app_init ] --END-- [ RunTime:0.001612s ]
INFO: [ app_begin ] --START--
INFO: Run Behavior\ReadHtmlCacheBehavior [ RunTime:0.000381s ]
INFO: [ app_begin ] --END-- [ RunTime:0.000431s ]
SQL: SHOW COLUMNS FROM `fg_config` [ RunTime:0.0027s ]
SQL: SELECT `type`,`name`,`value` FROM `fg_config` WHERE `status` = 1  [ RunTime:0.0021s ]
SQL: SELECT `type`,`name`,`value` FROM `fg_config` WHERE `status` = 1  [ RunTime:0.0019s ]
SQL: SHOW COLUMNS FROM `fg_fans_city` [ RunTime:0.0024s ]
SQL: SELECT `city` FROM `fg_fans_city` WHERE `openid` = null LIMIT 1   [ RunTime:0.0017s ]

[ 2016-05-17T19:21:12+08:00 ] 112.17.240.142 /wap.php/Fans/myorders.html?code=031YwTKz1JFhi10g2HKz1oGXKz1YwTKN&state=base
INFO: [ app_init ] --START--
INFO: Run Behavior\BuildLiteBehavior [ RunTime:0.000017s ]
INFO: Run Common\Behavior\InitHookBehavior [ RunTime:0.001099s ]
INFO: [ app_init ] --END-- [ RunTime:0.001640s ]
INFO: [ app_begin ] --START--
INFO: Run Behavior\ReadHtmlCacheBehavior [ RunTime:0.000358s ]
INFO: [ app_begin ] --END-- [ RunTime:0.000407s ]
SQL: SHOW COLUMNS FROM `fg_config` [ RunTime:0.0033s ]
SQL: SELECT `type`,`name`,`value` FROM `fg_config` WHERE `status` = 1  [ RunTime:0.0024s ]
SQL: SELECT `type`,`name`,`value` FROM `fg_config` WHERE `status` = 1  [ RunTime:0.0022s ]
SQL: SHOW COLUMNS FROM `fg_fans_city` [ RunTime:0.0025s ]
SQL: SELECT `city` FROM `fg_fans_city` WHERE `openid` = null LIMIT 1   [ RunTime:0.0018s ]
NOTIC: [8] Undefined index: unionid /var/www/didi/Application/Wap/Controller/WapController.class.php 第 134 行.
SQL: SHOW COLUMNS FROM `fg_fans` [ RunTime:0.0037s ]
SQL: SELECT * FROM `fg_fans` WHERE `openid` = 'o97bDvtQhjMKxwlvj70WC9t7Eapk' LIMIT 1   [ RunTime:0.0022s ]
SQL: SELECT * FROM `fg_fans` WHERE `openid` = 'o97bDvtQhjMKxwlvj70WC9t7Eapk' LIMIT 1   [ RunTime:0.0020s ]
SQL: SHOW COLUMNS FROM `fg_maintain_order` [ RunTime:0.0028s ]
SQL: SELECT * FROM `fg_maintain_order` WHERE `openid` = 'o97bDvtQhjMKxwlvj70WC9t7Eapk' ORDER BY id desc  [ RunTime:0.0020s ]
NOTIC: [2] Invalid argument supplied for foreach() /var/www/didi/Application/Wap/Controller/FansController.class.php 第 483 行.
INFO: [ view_parse ] --START--
INFO: [ template_filter ] --START--
INFO: Run Behavior\ContentReplaceBehavior [ RunTime:0.000089s ]
INFO: [ template_filter ] --END-- [ RunTime:0.000178s ]
INFO: Run Behavior\ParseTemplateBehavior [ RunTime:0.014262s ]
INFO: [ view_parse ] --END-- [ RunTime:0.014320s ]
INFO: [ view_filter ] --START--
INFO: Run Behavior\WriteHtmlCacheBehavior [ RunTime:0.000212s ]
INFO: [ view_filter ] --END-- [ RunTime:0.000262s ]
INFO: [ app_end ] --START--
INFO: Run Behavior\ShowPageTraceBehavior [ RunTime:0.000502s ]
INFO: [ app_end ] --END-- [ RunTime:0.000549s ]

[ 2016-05-17T19:21:14+08:00 ] 112.17.240.142 /wap.php?s=/Location/getmycity.html
INFO: [ app_init ] --START--
INFO: Run Behavior\BuildLiteBehavior [ RunTime:0.000020s ]
INFO: Run Common\Behavior\InitHookBehavior [ RunTime:0.001576s ]
INFO: [ app_init ] --END-- [ RunTime:0.002119s ]
INFO: [ app_begin ] --START--
INFO: Run Behavior\ReadHtmlCacheBehavior [ RunTime:0.000456s ]
INFO: [ app_begin ] --END-- [ RunTime:0.000570s ]
SQL: SHOW COLUMNS FROM `fg_config` [ RunTime:0.0024s ]
SQL: SELECT `type`,`name`,`value` FROM `fg_config` WHERE `status` = 1  [ RunTime:0.0017s ]
SQL: SELECT `type`,`name`,`value` FROM `fg_config` WHERE `status` = 1  [ RunTime:0.0018s ]
SQL: SHOW COLUMNS FROM `fg_fans_city` [ RunTime:0.0020s ]
SQL: SELECT `city` FROM `fg_fans_city` WHERE `openid` = 'o97bDvtQhjMKxwlvj70WC9t7Eapk' LIMIT 1   [ RunTime:0.0015s ]
SQL: SELECT `city` FROM `fg_fans_city` WHERE `openid` = 'o97bDvtQhjMKxwlvj70WC9t7Eapk' LIMIT 1   [ RunTime:0.0015s ]
SQL: SHOW COLUMNS FROM `fg_city` [ RunTime:0.0020s ]
SQL: SELECT * FROM `fg_city` WHERE `id` = null LIMIT 1   [ RunTime:0.0015s ]

[ 2016-05-17T19:21:21+08:00 ] 58.247.206.157 /wap.php?s=/Weixin/index.html&signature=99fbf787fec645ce727de4aed205e2bc2e3a9c24&timestamp=1463484079&nonce=1227757173
INFO: [ app_init ] --START--
INFO: Run Behavior\BuildLiteBehavior [ RunTime:0.000017s ]
INFO: Run Common\Behavior\InitHookBehavior [ RunTime:0.001184s ]
INFO: [ app_init ] --END-- [ RunTime:0.001734s ]
INFO: [ app_begin ] --START--
INFO: Run Behavior\ReadHtmlCacheBehavior [ RunTime:0.000388s ]
INFO: [ app_begin ] --END-- [ RunTime:0.000441s ]
SQL: SHOW COLUMNS FROM `fg_config` [ RunTime:0.0033s ]
SQL: SELECT `type`,`name`,`value` FROM `fg_config` WHERE `status` = 1  [ RunTime:0.0020s ]
INFO: [ app_end ] --START--
INFO: Run Behavior\ShowPageTraceBehavior [ RunTime:0.000608s ]
INFO: [ app_end ] --END-- [ RunTime:0.000666s ]

[ 2016-05-17T19:21:21+08:00 ] 112.17.240.142 /wap.php/Fans/info.html
INFO: [ app_init ] --START--
INFO: Run Behavior\BuildLiteBehavior [ RunTime:0.000025s ]
INFO: Run Common\Behavior\InitHookBehavior [ RunTime:0.001542s ]
INFO: [ app_init ] --END-- [ RunTime:0.002419s ]
INFO: [ app_begin ] --START--
INFO: Run Behavior\ReadHtmlCacheBehavior [ RunTime:0.000559s ]
INFO: [ app_begin ] --END-- [ RunTime:0.000651s ]
SQL: SHOW COLUMNS FROM `fg_config` [ RunTime:0.0028s ]
SQL: SELECT `type`,`name`,`value` FROM `fg_config` WHERE `status` = 1  [ RunTime:0.0019s ]
SQL: SELECT `type`,`name`,`value` FROM `fg_config` WHERE `status` = 1  [ RunTime:0.0017s ]
SQL: SHOW COLUMNS FROM `fg_fans_city` [ RunTime:0.0021s ]
SQL: SELECT `city` FROM `fg_fans_city` WHERE `openid` = 'o97bDvtQhjMKxwlvj70WC9t7Eapk' LIMIT 1   [ RunTime:0.0017s ]
SQL: SHOW COLUMNS FROM `fg_fans` [ RunTime:0.0029s ]
SQL: SELECT * FROM `fg_fans` WHERE `openid` = 'o97bDvtQhjMKxwlvj70WC9t7Eapk' LIMIT 1   [ RunTime:0.0018s ]
SQL: SHOW COLUMNS FROM `fg_maintain_order` [ RunTime:0.0025s ]
SQL: SELECT COUNT(*) AS tp_count FROM `fg_maintain_order` WHERE `openid` = 'o97bDvtQhjMKxwlvj70WC9t7Eapk' AND `status` <= 1 LIMIT 1   [ RunTime:0.0017s ]
SQL: SHOW COLUMNS FROM `fg_mall_order` [ RunTime:0.0024s ]
SQL: SELECT COUNT(*) AS tp_count FROM `fg_mall_order` WHERE `openid` = 'o97bDvtQhjMKxwlvj70WC9t7Eapk' AND `status` = 0 LIMIT 1   [ RunTime:0.0016s ]
SQL: SHOW COLUMNS FROM `fg_rentbike_order` [ RunTime:0.0027s ]
SQL: SELECT COUNT(*) AS tp_count FROM `fg_rentbike_order` WHERE `openid` = 'o97bDvtQhjMKxwlvj70WC9t7Eapk' AND `status` = 0 LIMIT 1   [ RunTime:0.0017s ]
SQL: SHOW COLUMNS FROM `fg_repair_order` [ RunTime:0.0032s ]
SQL: SELECT COUNT(*) AS tp_count FROM `fg_repair_order` WHERE `openid` = 'o97bDvtQhjMKxwlvj70WC9t7Eapk' AND `status` <= 1 LIMIT 1   [ RunTime:0.0016s ]
SQL: SHOW COLUMNS FROM `fg_charge_order` [ RunTime:0.0025s ]
SQL: SELECT COUNT(*) AS tp_count FROM `fg_charge_order` WHERE `openid` = 'o97bDvtQhjMKxwlvj70WC9t7Eapk' AND `status` = 0 LIMIT 1   [ RunTime:0.0017s ]
SQL: SHOW COLUMNS FROM `fg_fans_coupon` [ RunTime:0.0024s ]
SQL: SELECT COUNT(*) AS tp_count FROM `fg_fans_coupon` WHERE `uid` = 452 AND `status` = 1 LIMIT 1   [ RunTime:0.0016s ]
SQL: SHOW COLUMNS FROM `fg_fans_bike` [ RunTime:0.0022s ]
SQL: SELECT * FROM `fg_fans_bike` WHERE `uid` = 452 LIMIT 1   [ RunTime:0.0017s ]
INFO: [ view_parse ] --START--
INFO: [ template_filter ] --START--
INFO: Run Behavior\ContentReplaceBehavior [ RunTime:0.000114s ]
INFO: [ template_filter ] --END-- [ RunTime:0.000187s ]
INFO: Run Behavior\ParseTemplateBehavior [ RunTime:0.011401s ]
INFO: [ view_parse ] --END-- [ RunTime:0.011464s ]
INFO: [ view_filter ] --START--
INFO: Run Behavior\WriteHtmlCacheBehavior [ RunTime:0.000134s ]
INFO: [ view_filter ] --END-- [ RunTime:0.000174s ]
INFO: [ app_end ] --START--
INFO: Run Behavior\ShowPageTraceBehavior [ RunTime:0.000468s ]
INFO: [ app_end ] --END-- [ RunTime:0.000519s ]

[ 2016-05-17T19:21:21+08:00 ] 112.17.240.142 /wap.php?s=/Location/getmycity.html
INFO: [ app_init ] --START--
INFO: Run Behavior\BuildLiteBehavior [ RunTime:0.000016s ]
INFO: Run Common\Behavior\InitHookBehavior [ RunTime:0.001104s ]
INFO: [ app_init ] --END-- [ RunTime:0.001682s ]
INFO: [ app_begin ] --START--
INFO: Run Behavior\ReadHtmlCacheBehavior [ RunTime:0.000362s ]
INFO: [ app_begin ] --END-- [ RunTime:0.000431s ]
SQL: SHOW COLUMNS FROM `fg_config` [ RunTime:0.0026s ]
SQL: SELECT `type`,`name`,`value` FROM `fg_config` WHERE `status` = 1  [ RunTime:0.0018s ]
SQL: SELECT `type`,`name`,`value` FROM `fg_config` WHERE `status` = 1  [ RunTime:0.0018s ]
SQL: SHOW COLUMNS FROM `fg_fans_city` [ RunTime:0.0021s ]
SQL: SELECT `city` FROM `fg_fans_city` WHERE `openid` = 'o97bDvtQhjMKxwlvj70WC9t7Eapk' LIMIT 1   [ RunTime:0.0015s ]
SQL: SELECT `city` FROM `fg_fans_city` WHERE `openid` = 'o97bDvtQhjMKxwlvj70WC9t7Eapk' LIMIT 1   [ RunTime:0.0015s ]
SQL: SHOW COLUMNS FROM `fg_city` [ RunTime:0.0020s ]
SQL: SELECT * FROM `fg_city` WHERE `id` = null LIMIT 1   [ RunTime:0.0015s ]

[ 2016-05-17T19:46:05+08:00 ] 58.247.206.154 /wap.php?s=/Weixin/index.html&signature=815dbd4e7e7b94b6ee09cecb37078562a3f98fcd&timestamp=1463485563&nonce=1211799677
INFO: [ app_init ] --START--
INFO: Run Behavior\BuildLiteBehavior [ RunTime:0.000022s ]
INFO: Run Common\Behavior\InitHookBehavior [ RunTime:0.001497s ]
INFO: [ app_init ] --END-- [ RunTime:0.002162s ]
INFO: [ app_begin ] --START--
INFO: Run Behavior\ReadHtmlCacheBehavior [ RunTime:0.000393s ]
INFO: [ app_begin ] --END-- [ RunTime:0.000470s ]
SQL: SHOW COLUMNS FROM `fg_config` [ RunTime:0.0027s ]
SQL: SELECT `type`,`name`,`value` FROM `fg_config` WHERE `status` = 1  [ RunTime:0.0019s ]
SQL: SHOW COLUMNS FROM `fg_fans` [ RunTime:0.0038s ]
SQL: UPDATE `fg_fans` SET `subscribe`='0' WHERE `openid` = 'o97bDvqlqaAxck8o8ixQKufoyraI' [ RunTime:0.0036s ]
INFO: [ app_end ] --START--
INFO: Run Behavior\ShowPageTraceBehavior [ RunTime:0.000490s ]
INFO: [ app_end ] --END-- [ RunTime:0.000545s ]

[ 2016-05-17T22:14:03+08:00 ] 58.247.206.139 /wap.php?s=/Weixin/index.html&signature=51ae6817804b24a31438d26822d814bdb094f7d3&timestamp=1463494442&nonce=1599393653
INFO: [ app_init ] --START--
INFO: Run Behavior\BuildLiteBehavior [ RunTime:0.000017s ]
INFO: Run Common\Behavior\InitHookBehavior [ RunTime:0.001078s ]
INFO: [ app_init ] --END-- [ RunTime:0.001649s ]
INFO: [ app_begin ] --START--
INFO: Run Behavior\ReadHtmlCacheBehavior [ RunTime:0.000358s ]
INFO: [ app_begin ] --END-- [ RunTime:0.000408s ]
SQL: SHOW COLUMNS FROM `fg_config` [ RunTime:0.0026s ]
SQL: SELECT `type`,`name`,`value` FROM `fg_config` WHERE `status` = 1  [ RunTime:0.0018s ]
INFO: [ app_end ] --START--
INFO: Run Behavior\ShowPageTraceBehavior [ RunTime:0.000724s ]
INFO: [ app_end ] --END-- [ RunTime:0.000796s ]

