[ 2016-06-13T06:16:19+08:00 ] 140.207.54.76 /wap.php?s=/Weixin/index.html&signature=a7967f08bd9fd73796b6c271437ee955f2fd0b12&timestamp=1465769776&nonce=1546240147&openid=o97bDvo7d48paFPdeQXDTm3zNDsk
INFO: [ app_init ] --START--
INFO: Run Behavior\BuildLiteBehavior [ RunTime:0.000023s ]
INFO: Run Common\Behavior\InitHookBehavior [ RunTime:0.001611s ]
INFO: [ app_init ] --END-- [ RunTime:0.002407s ]
INFO: [ app_begin ] --START--
INFO: Run Behavior\ReadHtmlCacheBehavior [ RunTime:0.000399s ]
INFO: [ app_begin ] --END-- [ RunTime:0.000452s ]
SQL: SHOW COLUMNS FROM `fg_config` [ RunTime:0.0032s ]
SQL: SELECT `type`,`name`,`value` FROM `fg_config` WHERE `status` = 1  [ RunTime:0.0020s ]
NOTIC: [8] Undefined index: errcode /var/www/didi/ThinkPHP/Library/OT/Wechat/Wechat.class.php 第 883 行.
NOTIC: [8] Undefined index: errcode /var/www/didi/ThinkPHP/Library/OT/Wechat/Wechat.class.php 第 919 行.
NOTIC: [8] Undefined index: unionid /var/www/didi/Application/Wap/Controller/WeixinController.class.php 第 261 行.
SQL: SHOW COLUMNS FROM `fg_fans` [ RunTime:0.0034s ]
SQL: SELECT * FROM `fg_fans` WHERE `openid` = 'o97bDvo7d48paFPdeQXDTm3zNDsk' LIMIT 1   [ RunTime:0.0027s ]
SQL: INSERT INTO `fg_fans` (`openid`,`nickname`,`headimgurl`,`sex`,`subscribe`,`subscribe_time`,`address`,`create_time`,`canalid`,`intro`) VALUES ('o97bDvo7d48paFPdeQXDTm3zNDsk','桂花香','http://wx.qlogo.cn/mmopen/8984aO4eojcJiaGQXiadmEibYLK8h1BIJlIFpY3pia9hmKgiafmN0iaePhkuoyd7xUwrpuVcMSJOZtjHibh8DalByA4icWEBKJrALIpv/0','2','1','1465769776','中国浙江金华','1465769778','7','通过场景id=7关注') [ RunTime:0.0030s ]
SQL: SHOW COLUMNS FROM `fg_coupon_config` [ RunTime:0.0022s ]
SQL: SELECT * FROM `fg_coupon_config` WHERE `actions` = 1 AND `status` = 1  [ RunTime:0.0016s ]
SQL: SHOW COLUMNS FROM `fg_fans_coupon` [ RunTime:0.0031s ]
SQL: SELECT * FROM `fg_fans` WHERE `id` = 1196 LIMIT 1   [ RunTime:0.0018s ]
SQL: SHOW COLUMNS FROM `fg_canal` [ RunTime:0.0030s ]
SQL: SELECT * FROM `fg_canal` WHERE `id` = 7 LIMIT 1   [ RunTime:0.0017s ]
SQL: UPDATE `fg_canal` SET `click`=click+1 WHERE `id` = 7 [ RunTime:0.0026s ]
SQL: SHOW COLUMNS FROM `fg_reply` [ RunTime:0.0022s ]
SQL: SELECT * FROM `fg_reply` WHERE `status` = 1 AND `keyword` = '关注时回复' ORDER BY reply_type desc,sort desc,create_time desc LIMIT 1   [ RunTime:0.0015s ]
INFO: [ app_end ] --START--
INFO: Run Behavior\ShowPageTraceBehavior [ RunTime:0.000649s ]
INFO: [ app_end ] --END-- [ RunTime:0.000716s ]

[ 2016-06-13T06:16:21+08:00 ] 180.153.163.210 /wap.php?s=/Weixin/index.html
INFO: [ app_init ] --START--
INFO: Run Behavior\BuildLiteBehavior [ RunTime:0.000018s ]
INFO: Run Common\Behavior\InitHookBehavior [ RunTime:0.001175s ]
INFO: [ app_init ] --END-- [ RunTime:0.001772s ]
INFO: [ app_begin ] --START--
INFO: Run Behavior\ReadHtmlCacheBehavior [ RunTime:0.000636s ]
INFO: [ app_begin ] --END-- [ RunTime:0.000721s ]
SQL: SHOW COLUMNS FROM `fg_config` [ RunTime:0.0028s ]
SQL: SELECT `type`,`name`,`value` FROM `fg_config` WHERE `status` = 1  [ RunTime:0.0020s ]

[ 2016-06-13T06:16:23+08:00 ] 140.207.54.76 /wap.php?s=/Weixin/index.html&signature=7ed04af69ae092bcc6a9fb5f7357a1d4b642d0ff&timestamp=1465769781&nonce=1842782381&openid=o97bDvo7d48paFPdeQXDTm3zNDsk
INFO: [ app_init ] --START--
INFO: Run Behavior\BuildLiteBehavior [ RunTime:0.000016s ]
INFO: Run Common\Behavior\InitHookBehavior [ RunTime:0.001082s ]
INFO: [ app_init ] --END-- [ RunTime:0.001620s ]
INFO: [ app_begin ] --START--
INFO: Run Behavior\ReadHtmlCacheBehavior [ RunTime:0.000362s ]
INFO: [ app_begin ] --END-- [ RunTime:0.000414s ]
SQL: SHOW COLUMNS FROM `fg_config` [ RunTime:0.0027s ]
SQL: SELECT `type`,`name`,`value` FROM `fg_config` WHERE `status` = 1  [ RunTime:0.0021s ]
SQL: SHOW COLUMNS FROM `fg_fans_location` [ RunTime:0.0023s ]
SQL: SELECT * FROM `fg_fans_location` WHERE `openid` = 'o97bDvo7d48paFPdeQXDTm3zNDsk' LIMIT 1   [ RunTime:0.0018s ]
SQL: INSERT INTO `fg_fans_location` (`openid`,`lng`,`lat`) VALUES ('o97bDvo7d48paFPdeQXDTm3zNDsk','119.618553','29.102962') [ RunTime:0.0060s ]
INFO: [ app_end ] --START--
INFO: Run Behavior\ShowPageTraceBehavior [ RunTime:0.000567s ]
INFO: [ app_end ] --END-- [ RunTime:0.000618s ]

[ 2016-06-13T06:18:35+08:00 ] 140.207.54.79 /wap.php?s=/Weixin/index.html&signature=7fe34c8f2881aaa0092be76bc9a39352c8643590&timestamp=1465769913&nonce=802681569&openid=o97bDvo7d48paFPdeQXDTm3zNDsk
INFO: [ app_init ] --START--
INFO: Run Behavior\BuildLiteBehavior [ RunTime:0.000016s ]
INFO: Run Common\Behavior\InitHookBehavior [ RunTime:0.001115s ]
INFO: [ app_init ] --END-- [ RunTime:0.001708s ]
INFO: [ app_begin ] --START--
INFO: Run Behavior\ReadHtmlCacheBehavior [ RunTime:0.000395s ]
INFO: [ app_begin ] --END-- [ RunTime:0.000456s ]
SQL: SHOW COLUMNS FROM `fg_config` [ RunTime:0.0027s ]
SQL: SELECT `type`,`name`,`value` FROM `fg_config` WHERE `status` = 1  [ RunTime:0.0019s ]
SQL: SHOW COLUMNS FROM `fg_fans_location` [ RunTime:0.0022s ]
SQL: SELECT * FROM `fg_fans_location` WHERE `openid` = 'o97bDvo7d48paFPdeQXDTm3zNDsk' LIMIT 1   [ RunTime:0.0017s ]
SQL: UPDATE `fg_fans_location` SET `openid`='o97bDvo7d48paFPdeQXDTm3zNDsk',`lng`='119.620682',`lat`='29.104176' WHERE `openid` = 'o97bDvo7d48paFPdeQXDTm3zNDsk' [ RunTime:0.0024s ]
INFO: [ app_end ] --START--
INFO: Run Behavior\ShowPageTraceBehavior [ RunTime:0.000610s ]
INFO: [ app_end ] --END-- [ RunTime:0.000679s ]

[ 2016-06-13T06:35:24+08:00 ] 58.247.206.158 /wap.php?s=/Weixin/index.html&signature=12ae0f6e045e2fa819d87547f1a2946a3772c912&timestamp=1465770921&nonce=440849921&openid=o97bDviOH4GF94biNeaN_xTbicE0
INFO: [ app_init ] --START--
INFO: Run Behavior\BuildLiteBehavior [ RunTime:0.000016s ]
INFO: Run Common\Behavior\InitHookBehavior [ RunTime:0.001091s ]
INFO: [ app_init ] --END-- [ RunTime:0.001617s ]
INFO: [ app_begin ] --START--
INFO: Run Behavior\ReadHtmlCacheBehavior [ RunTime:0.000378s ]
INFO: [ app_begin ] --END-- [ RunTime:0.000453s ]
SQL: SHOW COLUMNS FROM `fg_config` [ RunTime:0.0027s ]
SQL: SELECT `type`,`name`,`value` FROM `fg_config` WHERE `status` = 1  [ RunTime:0.0020s ]
NOTIC: [8] Undefined index: errcode /var/www/didi/ThinkPHP/Library/OT/Wechat/Wechat.class.php 第 919 行.
NOTIC: [8] Undefined index: unionid /var/www/didi/Application/Wap/Controller/WeixinController.class.php 第 261 行.
SQL: SHOW COLUMNS FROM `fg_fans` [ RunTime:0.0043s ]
SQL: SELECT * FROM `fg_fans` WHERE `openid` = 'o97bDviOH4GF94biNeaN_xTbicE0' LIMIT 1   [ RunTime:0.0023s ]
SQL: INSERT INTO `fg_fans` (`openid`,`nickname`,`headimgurl`,`sex`,`subscribe`,`subscribe_time`,`address`,`create_time`,`canalid`,`intro`) VALUES ('o97bDviOH4GF94biNeaN_xTbicE0','温室里的花','http://wx.qlogo.cn/mmopen/PiajxSqBRaELpTcmBQIjUMiaK2W7gjvZFdeSI4kamXaNyezdnms7hE0Z3fTPVvPxTfCjLHS3dgXPN4b6qL0bx2Zg/0','2','1','1465770921','中国浙江金华','1465770923','7','通过场景id=7关注') [ RunTime:0.0027s ]
SQL: SHOW COLUMNS FROM `fg_coupon_config` [ RunTime:0.0023s ]
SQL: SELECT * FROM `fg_coupon_config` WHERE `actions` = 1 AND `status` = 1  [ RunTime:0.0017s ]
SQL: SHOW COLUMNS FROM `fg_fans_coupon` [ RunTime:0.0027s ]
SQL: SELECT * FROM `fg_fans` WHERE `id` = 1197 LIMIT 1   [ RunTime:0.0018s ]
SQL: SHOW COLUMNS FROM `fg_canal` [ RunTime:0.0023s ]
SQL: SELECT * FROM `fg_canal` WHERE `id` = 7 LIMIT 1   [ RunTime:0.0017s ]
SQL: UPDATE `fg_canal` SET `click`=click+1 WHERE `id` = 7 [ RunTime:0.0030s ]
SQL: SHOW COLUMNS FROM `fg_reply` [ RunTime:0.0024s ]
SQL: SELECT * FROM `fg_reply` WHERE `status` = 1 AND `keyword` = '关注时回复' ORDER BY reply_type desc,sort desc,create_time desc LIMIT 1   [ RunTime:0.0017s ]
INFO: [ app_end ] --START--
INFO: Run Behavior\ShowPageTraceBehavior [ RunTime:0.000676s ]
INFO: [ app_end ] --END-- [ RunTime:0.000746s ]

[ 2016-06-13T06:35:30+08:00 ] 58.247.206.158 /wap.php?s=/Weixin/index.html&signature=f859b37323ff0b50eef473c2c2c93f4bf4a3d9ec&timestamp=1465770927&nonce=217256991&openid=o97bDviOH4GF94biNeaN_xTbicE0
INFO: [ app_init ] --START--
INFO: Run Behavior\BuildLiteBehavior [ RunTime:0.000015s ]
INFO: Run Common\Behavior\InitHookBehavior [ RunTime:0.001465s ]
INFO: [ app_init ] --END-- [ RunTime:0.002012s ]
INFO: [ app_begin ] --START--
INFO: Run Behavior\ReadHtmlCacheBehavior [ RunTime:0.000367s ]
INFO: [ app_begin ] --END-- [ RunTime:0.000434s ]
SQL: SHOW COLUMNS FROM `fg_config` [ RunTime:0.0022s ]
SQL: SELECT `type`,`name`,`value` FROM `fg_config` WHERE `status` = 1  [ RunTime:0.0017s ]
SQL: SHOW COLUMNS FROM `fg_fans_location` [ RunTime:0.0019s ]
SQL: SELECT * FROM `fg_fans_location` WHERE `openid` = 'o97bDviOH4GF94biNeaN_xTbicE0' LIMIT 1   [ RunTime:0.0014s ]
SQL: INSERT INTO `fg_fans_location` (`openid`,`lng`,`lat`) VALUES ('o97bDviOH4GF94biNeaN_xTbicE0','119.639153','29.12051') [ RunTime:0.0023s ]
INFO: [ app_end ] --START--
INFO: Run Behavior\ShowPageTraceBehavior [ RunTime:0.000594s ]
INFO: [ app_end ] --END-- [ RunTime:0.000649s ]

[ 2016-06-13T06:46:56+08:00 ] 58.247.206.143 /wap.php?s=/Weixin/index.html&signature=cadac7ae5ab52f6091f92a9b3701e3eb0869e801&timestamp=1465771613&nonce=262203763&openid=o97bDviOH4GF94biNeaN_xTbicE0
INFO: [ app_init ] --START--
INFO: Run Behavior\BuildLiteBehavior [ RunTime:0.000016s ]
INFO: Run Common\Behavior\InitHookBehavior [ RunTime:0.001087s ]
INFO: [ app_init ] --END-- [ RunTime:0.001591s ]
INFO: [ app_begin ] --START--
INFO: Run Behavior\ReadHtmlCacheBehavior [ RunTime:0.000569s ]
INFO: [ app_begin ] --END-- [ RunTime:0.000652s ]
SQL: SHOW COLUMNS FROM `fg_config` [ RunTime:0.0025s ]
SQL: SELECT `type`,`name`,`value` FROM `fg_config` WHERE `status` = 1  [ RunTime:0.0018s ]
SQL: SHOW COLUMNS FROM `fg_fans_location` [ RunTime:0.0019s ]
SQL: SELECT * FROM `fg_fans_location` WHERE `openid` = 'o97bDviOH4GF94biNeaN_xTbicE0' LIMIT 1   [ RunTime:0.0017s ]
SQL: UPDATE `fg_fans_location` SET `openid`='o97bDviOH4GF94biNeaN_xTbicE0',`lng`='119.659927',`lat`='29.114355' WHERE `openid` = 'o97bDviOH4GF94biNeaN_xTbicE0' [ RunTime:0.0038s ]
INFO: [ app_end ] --START--
INFO: Run Behavior\ShowPageTraceBehavior [ RunTime:0.000587s ]
INFO: [ app_end ] --END-- [ RunTime:0.000638s ]

[ 2016-06-13T06:47:17+08:00 ] 58.247.206.143 /wap.php?s=/Weixin/index.html&signature=5ccc9b549bb7c1a47204dd8fb2fc7da6c2dc0778&timestamp=1465771634&nonce=77061916&openid=o97bDviOH4GF94biNeaN_xTbicE0
INFO: [ app_init ] --START--
INFO: Run Behavior\BuildLiteBehavior [ RunTime:0.000015s ]
INFO: Run Common\Behavior\InitHookBehavior [ RunTime:0.001094s ]
INFO: [ app_init ] --END-- [ RunTime:0.001655s ]
INFO: [ app_begin ] --START--
INFO: Run Behavior\ReadHtmlCacheBehavior [ RunTime:0.000354s ]
INFO: [ app_begin ] --END-- [ RunTime:0.000423s ]
SQL: SHOW COLUMNS FROM `fg_config` [ RunTime:0.0034s ]
SQL: SELECT `type`,`name`,`value` FROM `fg_config` WHERE `status` = 1  [ RunTime:0.0026s ]
SQL: SHOW COLUMNS FROM `fg_fans_location` [ RunTime:0.0024s ]
SQL: SELECT * FROM `fg_fans_location` WHERE `openid` = 'o97bDviOH4GF94biNeaN_xTbicE0' LIMIT 1   [ RunTime:0.0019s ]
SQL: UPDATE `fg_fans_location` SET `openid`='o97bDviOH4GF94biNeaN_xTbicE0',`lng`='119.659927',`lat`='29.114355' WHERE `openid` = 'o97bDviOH4GF94biNeaN_xTbicE0' [ RunTime:0.0024s ]
INFO: [ app_end ] --START--
INFO: Run Behavior\ShowPageTraceBehavior [ RunTime:0.000760s ]
INFO: [ app_end ] --END-- [ RunTime:0.000856s ]

[ 2016-06-13T07:14:39+08:00 ] 58.247.206.144 /wap.php?s=/Weixin/index.html&signature=6d6e69d8b37a6fec14c59124c7c0b3556542a3f8&timestamp=1465773276&nonce=1535807271&openid=o97bDvp_s39sTSUyQgIstQVZ7ALc
INFO: [ app_init ] --START--
INFO: Run Behavior\BuildLiteBehavior [ RunTime:0.000015s ]
INFO: Run Common\Behavior\InitHookBehavior [ RunTime:0.001141s ]
INFO: [ app_init ] --END-- [ RunTime:0.001675s ]
INFO: [ app_begin ] --START--
INFO: Run Behavior\ReadHtmlCacheBehavior [ RunTime:0.000382s ]
INFO: [ app_begin ] --END-- [ RunTime:0.000457s ]
SQL: SHOW COLUMNS FROM `fg_config` [ RunTime:0.0024s ]
SQL: SELECT `type`,`name`,`value` FROM `fg_config` WHERE `status` = 1  [ RunTime:0.0018s ]
SQL: SHOW COLUMNS FROM `fg_fans` [ RunTime:0.0029s ]
SQL: UPDATE `fg_fans` SET `subscribe`='0' WHERE `openid` = 'o97bDvp_s39sTSUyQgIstQVZ7ALc' [ RunTime:0.0027s ]
INFO: [ app_end ] --START--
INFO: Run Behavior\ShowPageTraceBehavior [ RunTime:0.000545s ]
INFO: [ app_end ] --END-- [ RunTime:0.000612s ]

[ 2016-06-13T08:49:45+08:00 ] 60.182.239.134 /wap.php?s=/Fans/info/from/x/fromoid/o97bDvgQDFZgFx3TvfpdhqdVPgic
INFO: [ app_init ] --START--
INFO: Run Behavior\BuildLiteBehavior [ RunTime:0.000018s ]
INFO: Run Common\Behavior\InitHookBehavior [ RunTime:0.001248s ]
INFO: [ app_init ] --END-- [ RunTime:0.001811s ]
INFO: [ app_begin ] --START--
INFO: Run Behavior\ReadHtmlCacheBehavior [ RunTime:0.001494s ]
INFO: [ app_begin ] --END-- [ RunTime:0.001555s ]
SQL: SHOW COLUMNS FROM `fg_config` [ RunTime:0.0025s ]
SQL: SELECT `type`,`name`,`value` FROM `fg_config` WHERE `status` = 1  [ RunTime:0.0024s ]
SQL: SELECT `type`,`name`,`value` FROM `fg_config` WHERE `status` = 1  [ RunTime:0.0017s ]
SQL: SHOW COLUMNS FROM `fg_fans_city` [ RunTime:0.0022s ]
SQL: SELECT `city` FROM `fg_fans_city` WHERE `openid` = null LIMIT 1   [ RunTime:0.0015s ]
SQL: SHOW COLUMNS FROM `fg_fans` [ RunTime:0.0030s ]
SQL: SELECT * FROM `fg_fans` WHERE `openid` = 'o97bDvgQDFZgFx3TvfpdhqdVPgic' LIMIT 1   [ RunTime:0.0017s ]
SQL: SELECT * FROM `fg_fans` WHERE `openid` = 'o97bDvgQDFZgFx3TvfpdhqdVPgic' LIMIT 1   [ RunTime:0.0019s ]
SQL: SHOW COLUMNS FROM `fg_maintain_order` [ RunTime:0.0027s ]
SQL: SELECT COUNT(*) AS tp_count FROM `fg_maintain_order` WHERE `openid` = 'o97bDvgQDFZgFx3TvfpdhqdVPgic' AND `status` <= 1 LIMIT 1   [ RunTime:0.0016s ]
SQL: SHOW COLUMNS FROM `fg_mall_order` [ RunTime:0.0025s ]
SQL: SELECT COUNT(*) AS tp_count FROM `fg_mall_order` WHERE `openid` = 'o97bDvgQDFZgFx3TvfpdhqdVPgic' AND `status` = 0 LIMIT 1   [ RunTime:0.0016s ]
SQL: SHOW COLUMNS FROM `fg_rentbike_order` [ RunTime:0.0030s ]
SQL: SELECT COUNT(*) AS tp_count FROM `fg_rentbike_order` WHERE `openid` = 'o97bDvgQDFZgFx3TvfpdhqdVPgic' AND `status` = 0 LIMIT 1   [ RunTime:0.0015s ]
SQL: SHOW COLUMNS FROM `fg_repair_order` [ RunTime:0.0033s ]
SQL: SELECT COUNT(*) AS tp_count FROM `fg_repair_order` WHERE `openid` = 'o97bDvgQDFZgFx3TvfpdhqdVPgic' AND `status` <= 1 LIMIT 1   [ RunTime:0.0016s ]
SQL: SHOW COLUMNS FROM `fg_charge_order` [ RunTime:0.0034s ]
SQL: SELECT COUNT(*) AS tp_count FROM `fg_charge_order` WHERE `openid` = 'o97bDvgQDFZgFx3TvfpdhqdVPgic' AND `status` = 0 LIMIT 1   [ RunTime:0.0018s ]
SQL: SHOW COLUMNS FROM `fg_fans_coupon` [ RunTime:0.0026s ]
SQL: SELECT COUNT(*) AS tp_count FROM `fg_fans_coupon` WHERE `uid` = 965 AND `status` = 1 LIMIT 1   [ RunTime:0.0015s ]
SQL: SHOW COLUMNS FROM `fg_fans_bike` [ RunTime:0.0021s ]
SQL: SELECT * FROM `fg_fans_bike` WHERE `uid` = 965 LIMIT 1   [ RunTime:0.0015s ]
INFO: [ view_parse ] --START--
INFO: [ template_filter ] --START--
INFO: Run Behavior\ContentReplaceBehavior [ RunTime:0.000095s ]
INFO: [ template_filter ] --END-- [ RunTime:0.000205s ]
INFO: Run Behavior\ParseTemplateBehavior [ RunTime:0.012430s ]
INFO: [ view_parse ] --END-- [ RunTime:0.012506s ]
INFO: [ view_filter ] --START--
INFO: Run Behavior\WriteHtmlCacheBehavior [ RunTime:0.000151s ]
INFO: [ view_filter ] --END-- [ RunTime:0.000191s ]
INFO: [ app_end ] --START--
INFO: Run Behavior\ShowPageTraceBehavior [ RunTime:0.000493s ]
INFO: [ app_end ] --END-- [ RunTime:0.000543s ]

[ 2016-06-13T08:53:54+08:00 ] 140.207.54.79 /wap.php?s=/Weixin/index.html&signature=3dcc904f313b5b35700a0bbfa2ade9cef0da9d1d&timestamp=1465779232&nonce=265594306&openid=o97bDvgQDFZgFx3TvfpdhqdVPgic
INFO: [ app_init ] --START--
INFO: Run Behavior\BuildLiteBehavior [ RunTime:0.000019s ]
INFO: Run Common\Behavior\InitHookBehavior [ RunTime:0.001206s ]
INFO: [ app_init ] --END-- [ RunTime:0.001759s ]
INFO: [ app_begin ] --START--
INFO: Run Behavior\ReadHtmlCacheBehavior [ RunTime:0.000394s ]
INFO: [ app_begin ] --END-- [ RunTime:0.000451s ]
SQL: SHOW COLUMNS FROM `fg_config` [ RunTime:0.0024s ]
SQL: SELECT `type`,`name`,`value` FROM `fg_config` WHERE `status` = 1  [ RunTime:0.0018s ]
INFO: [ app_end ] --START--
INFO: Run Behavior\ShowPageTraceBehavior [ RunTime:0.000491s ]
INFO: [ app_end ] --END-- [ RunTime:0.000545s ]

[ 2016-06-13T08:53:59+08:00 ] 101.226.102.237 /wap.php/Maintain/index.html
INFO: [ app_init ] --START--
INFO: Run Behavior\BuildLiteBehavior [ RunTime:0.000021s ]
INFO: Run Common\Behavior\InitHookBehavior [ RunTime:0.001436s ]
INFO: [ app_init ] --END-- [ RunTime:0.002193s ]
INFO: [ app_begin ] --START--
INFO: Run Behavior\ReadHtmlCacheBehavior [ RunTime:0.000387s ]
INFO: [ app_begin ] --END-- [ RunTime:0.000440s ]
NOTIC: [2048] Declaration of Wap\Controller\MaintainController::prepay() should be compatible with Wap\Controller\WapController::prepay($body, $transid, $price) /var/www/didi/Application/Wap/Controller/MaintainController.class.php 第 27 行.
SQL: SHOW COLUMNS FROM `fg_config` [ RunTime:0.0027s ]
SQL: SELECT `type`,`name`,`value` FROM `fg_config` WHERE `status` = 1  [ RunTime:0.0020s ]
SQL: SELECT `type`,`name`,`value` FROM `fg_config` WHERE `status` = 1  [ RunTime:0.0019s ]
SQL: SHOW COLUMNS FROM `fg_fans_city` [ RunTime:0.0021s ]
SQL: SELECT `city` FROM `fg_fans_city` WHERE `openid` = null LIMIT 1   [ RunTime:0.0016s ]

[ 2016-06-13T08:53:59+08:00 ] 101.226.102.237 /wap.php/Maintain/index.html?code=021mxUWM0rNo5h2w0VWM0mhQWM0mxUWa&state=base
INFO: [ app_init ] --START--
INFO: Run Behavior\BuildLiteBehavior [ RunTime:0.000017s ]
INFO: Run Common\Behavior\InitHookBehavior [ RunTime:0.001089s ]
INFO: [ app_init ] --END-- [ RunTime:0.001622s ]
INFO: [ app_begin ] --START--
INFO: Run Behavior\ReadHtmlCacheBehavior [ RunTime:0.000378s ]
INFO: [ app_begin ] --END-- [ RunTime:0.000428s ]
NOTIC: [2048] Declaration of Wap\Controller\MaintainController::prepay() should be compatible with Wap\Controller\WapController::prepay($body, $transid, $price) /var/www/didi/Application/Wap/Controller/MaintainController.class.php 第 27 行.
SQL: SHOW COLUMNS FROM `fg_config` [ RunTime:0.0028s ]
SQL: SELECT `type`,`name`,`value` FROM `fg_config` WHERE `status` = 1  [ RunTime:0.0018s ]
SQL: SELECT `type`,`name`,`value` FROM `fg_config` WHERE `status` = 1  [ RunTime:0.0019s ]
SQL: SHOW COLUMNS FROM `fg_fans_city` [ RunTime:0.0020s ]
SQL: SELECT `city` FROM `fg_fans_city` WHERE `openid` = null LIMIT 1   [ RunTime:0.0016s ]
NOTIC: [8] Undefined index: unionid /var/www/didi/Application/Wap/Controller/WapController.class.php 第 134 行.
SQL: SHOW COLUMNS FROM `fg_fans` [ RunTime:0.0031s ]
SQL: SELECT * FROM `fg_fans` WHERE `openid` = 'o97bDvgQDFZgFx3TvfpdhqdVPgic' LIMIT 1   [ RunTime:0.0018s ]
SQL: SHOW COLUMNS FROM `fg_maintain_product` [ RunTime:0.0024s ]
SQL: SELECT * FROM `fg_maintain_product`  [ RunTime:0.0019s ]
SQL: SHOW COLUMNS FROM `fg_fans_location` [ RunTime:0.0019s ]
SQL: SELECT * FROM `fg_fans_location` WHERE `openid` = 'o97bDvgQDFZgFx3TvfpdhqdVPgic' LIMIT 1   [ RunTime:0.0016s ]
SQL: SHOW COLUMNS FROM `fg_shop` [ RunTime:0.0027s ]
SQL: SELECT * FROM `fg_shop` WHERE `longitude` BETWEEN '\'119.577266' AND '119.677266\'' AND `latitude` BETWEEN '\'29.067421' AND '29.207421\''  [ RunTime:0.0017s ]
INFO: [ view_parse ] --START--
INFO: [ template_filter ] --START--
INFO: Run Behavior\ContentReplaceBehavior [ RunTime:0.000061s ]
INFO: [ template_filter ] --END-- [ RunTime:0.000113s ]
NOTIC: [8] Undefined index: type /var/www/didi/Runtime/Cache/Wap/be92367b9dfb9fa5a18377565ae95133.php 第 41 行.
NOTIC: [8] Undefined index: type /var/www/didi/Runtime/Cache/Wap/be92367b9dfb9fa5a18377565ae95133.php 第 41 行.
NOTIC: [8] Undefined index: type /var/www/didi/Runtime/Cache/Wap/be92367b9dfb9fa5a18377565ae95133.php 第 42 行.
NOTIC: [8] Undefined index: type /var/www/didi/Runtime/Cache/Wap/be92367b9dfb9fa5a18377565ae95133.php 第 43 行.
INFO: Run Behavior\ParseTemplateBehavior [ RunTime:0.013162s ]
INFO: [ view_parse ] --END-- [ RunTime:0.013210s ]
INFO: [ view_filter ] --START--
INFO: Run Behavior\WriteHtmlCacheBehavior [ RunTime:0.000140s ]
INFO: [ view_filter ] --END-- [ RunTime:0.000181s ]
INFO: [ app_end ] --START--
INFO: Run Behavior\ShowPageTraceBehavior [ RunTime:0.000407s ]
INFO: [ app_end ] --END-- [ RunTime:0.000451s ]

[ 2016-06-13T08:55:19+08:00 ] 140.207.54.79 /wap.php?s=/Weixin/index.html&signature=3770874aac791a249760ed869fc43cc1d3d83f56&timestamp=1465779316&nonce=359939449&openid=o97bDvgQDFZgFx3TvfpdhqdVPgic
INFO: [ app_init ] --START--
INFO: Run Behavior\BuildLiteBehavior [ RunTime:0.000028s ]
INFO: Run Common\Behavior\InitHookBehavior [ RunTime:0.001258s ]
INFO: [ app_init ] --END-- [ RunTime:0.001912s ]
INFO: [ app_begin ] --START--
INFO: Run Behavior\ReadHtmlCacheBehavior [ RunTime:0.000419s ]
INFO: [ app_begin ] --END-- [ RunTime:0.000481s ]
SQL: SHOW COLUMNS FROM `fg_config` [ RunTime:0.0030s ]
SQL: SELECT `type`,`name`,`value` FROM `fg_config` WHERE `status` = 1  [ RunTime:0.0022s ]
INFO: [ app_end ] --START--
INFO: Run Behavior\ShowPageTraceBehavior [ RunTime:0.000508s ]
INFO: [ app_end ] --END-- [ RunTime:0.000571s ]

[ 2016-06-13T08:55:19+08:00 ] 101.226.102.237 /wap.php/Maintain/index.html
INFO: [ app_init ] --START--
INFO: Run Behavior\BuildLiteBehavior [ RunTime:0.000018s ]
INFO: Run Common\Behavior\InitHookBehavior [ RunTime:0.001080s ]
INFO: [ app_init ] --END-- [ RunTime:0.001611s ]
INFO: [ app_begin ] --START--
INFO: Run Behavior\ReadHtmlCacheBehavior [ RunTime:0.000671s ]
INFO: [ app_begin ] --END-- [ RunTime:0.000760s ]
NOTIC: [2048] Declaration of Wap\Controller\MaintainController::prepay() should be compatible with Wap\Controller\WapController::prepay($body, $transid, $price) /var/www/didi/Application/Wap/Controller/MaintainController.class.php 第 27 行.
SQL: SHOW COLUMNS FROM `fg_config` [ RunTime:0.0027s ]
SQL: SELECT `type`,`name`,`value` FROM `fg_config` WHERE `status` = 1  [ RunTime:0.0019s ]
SQL: SELECT `type`,`name`,`value` FROM `fg_config` WHERE `status` = 1  [ RunTime:0.0019s ]
SQL: SHOW COLUMNS FROM `fg_fans_city` [ RunTime:0.0026s ]
SQL: SELECT `city` FROM `fg_fans_city` WHERE `openid` = 'o97bDvgQDFZgFx3TvfpdhqdVPgic' LIMIT 1   [ RunTime:0.0017s ]
SQL: SHOW COLUMNS FROM `fg_maintain_product` [ RunTime:0.0029s ]
SQL: SELECT * FROM `fg_maintain_product`  [ RunTime:0.0020s ]
SQL: SHOW COLUMNS FROM `fg_fans_location` [ RunTime:0.0022s ]
SQL: SELECT * FROM `fg_fans_location` WHERE `openid` = 'o97bDvgQDFZgFx3TvfpdhqdVPgic' LIMIT 1   [ RunTime:0.0018s ]
SQL: SHOW COLUMNS FROM `fg_shop` [ RunTime:0.0027s ]
SQL: SELECT * FROM `fg_shop` WHERE `longitude` BETWEEN '\'119.577266' AND '119.677266\'' AND `latitude` BETWEEN '\'29.067421' AND '29.207421\''  [ RunTime:0.0021s ]
INFO: [ view_parse ] --START--
INFO: [ template_filter ] --START--
INFO: Run Behavior\ContentReplaceBehavior [ RunTime:0.000062s ]
INFO: [ template_filter ] --END-- [ RunTime:0.000118s ]
NOTIC: [8] Undefined index: type /var/www/didi/Runtime/Cache/Wap/be92367b9dfb9fa5a18377565ae95133.php 第 41 行.
NOTIC: [8] Undefined index: type /var/www/didi/Runtime/Cache/Wap/be92367b9dfb9fa5a18377565ae95133.php 第 41 行.
NOTIC: [8] Undefined index: type /var/www/didi/Runtime/Cache/Wap/be92367b9dfb9fa5a18377565ae95133.php 第 42 行.
NOTIC: [8] Undefined index: type /var/www/didi/Runtime/Cache/Wap/be92367b9dfb9fa5a18377565ae95133.php 第 43 行.
INFO: Run Behavior\ParseTemplateBehavior [ RunTime:0.013467s ]
INFO: [ view_parse ] --END-- [ RunTime:0.013516s ]
INFO: [ view_filter ] --START--
INFO: Run Behavior\WriteHtmlCacheBehavior [ RunTime:0.000148s ]
INFO: [ view_filter ] --END-- [ RunTime:0.000192s ]
INFO: [ app_end ] --START--
INFO: Run Behavior\ShowPageTraceBehavior [ RunTime:0.000423s ]
INFO: [ app_end ] --END-- [ RunTime:0.000473s ]

[ 2016-06-13T08:56:09+08:00 ] 140.207.54.80 /wap.php?s=/Weixin/index.html&signature=417247555267c6aebd2e346fc6906769d45a9786&timestamp=1465779366&nonce=1002648862&openid=o97bDvgQDFZgFx3TvfpdhqdVPgic
INFO: [ app_init ] --START--
INFO: Run Behavior\BuildLiteBehavior [ RunTime:0.000019s ]
INFO: Run Common\Behavior\InitHookBehavior [ RunTime:0.001126s ]
INFO: [ app_init ] --END-- [ RunTime:0.001687s ]
INFO: [ app_begin ] --START--
INFO: Run Behavior\ReadHtmlCacheBehavior [ RunTime:0.000446s ]
INFO: [ app_begin ] --END-- [ RunTime:0.000521s ]
SQL: SHOW COLUMNS FROM `fg_config` [ RunTime:0.0025s ]
SQL: SELECT `type`,`name`,`value` FROM `fg_config` WHERE `status` = 1  [ RunTime:0.0019s ]
INFO: [ app_end ] --START--
INFO: Run Behavior\ShowPageTraceBehavior [ RunTime:0.000572s ]
INFO: [ app_end ] --END-- [ RunTime:0.000633s ]

[ 2016-06-13T08:56:14+08:00 ] 101.226.102.237 /wap.php/Maintain/index.html
INFO: [ app_init ] --START--
INFO: Run Behavior\BuildLiteBehavior [ RunTime:0.000016s ]
INFO: Run Common\Behavior\InitHookBehavior [ RunTime:0.001091s ]
INFO: [ app_init ] --END-- [ RunTime:0.001608s ]
INFO: [ app_begin ] --START--
INFO: Run Behavior\ReadHtmlCacheBehavior [ RunTime:0.000410s ]
INFO: [ app_begin ] --END-- [ RunTime:0.000461s ]
NOTIC: [2048] Declaration of Wap\Controller\MaintainController::prepay() should be compatible with Wap\Controller\WapController::prepay($body, $transid, $price) /var/www/didi/Application/Wap/Controller/MaintainController.class.php 第 27 行.
SQL: SHOW COLUMNS FROM `fg_config` [ RunTime:0.0025s ]
SQL: SELECT `type`,`name`,`value` FROM `fg_config` WHERE `status` = 1  [ RunTime:0.0019s ]
SQL: SELECT `type`,`name`,`value` FROM `fg_config` WHERE `status` = 1  [ RunTime:0.0018s ]
SQL: SHOW COLUMNS FROM `fg_fans_city` [ RunTime:0.0021s ]
SQL: SELECT `city` FROM `fg_fans_city` WHERE `openid` = null LIMIT 1   [ RunTime:0.0015s ]

[ 2016-06-13T08:56:14+08:00 ] 101.226.102.237 /wap.php/Maintain/index.html?code=021yiDUt1ucwI807trUt1I9BUt1yiDUV&state=base
INFO: [ app_init ] --START--
INFO: Run Behavior\BuildLiteBehavior [ RunTime:0.000020s ]
INFO: Run Common\Behavior\InitHookBehavior [ RunTime:0.001121s ]
INFO: [ app_init ] --END-- [ RunTime:0.001675s ]
INFO: [ app_begin ] --START--
INFO: Run Behavior\ReadHtmlCacheBehavior [ RunTime:0.000406s ]
INFO: [ app_begin ] --END-- [ RunTime:0.000456s ]
NOTIC: [2048] Declaration of Wap\Controller\MaintainController::prepay() should be compatible with Wap\Controller\WapController::prepay($body, $transid, $price) /var/www/didi/Application/Wap/Controller/MaintainController.class.php 第 27 行.
SQL: SHOW COLUMNS FROM `fg_config` [ RunTime:0.0028s ]
SQL: SELECT `type`,`name`,`value` FROM `fg_config` WHERE `status` = 1  [ RunTime:0.0022s ]
SQL: SELECT `type`,`name`,`value` FROM `fg_config` WHERE `status` = 1  [ RunTime:0.0020s ]
SQL: SHOW COLUMNS FROM `fg_fans_city` [ RunTime:0.0022s ]
SQL: SELECT `city` FROM `fg_fans_city` WHERE `openid` = null LIMIT 1   [ RunTime:0.0017s ]
NOTIC: [8] Undefined index: unionid /var/www/didi/Application/Wap/Controller/WapController.class.php 第 134 行.
SQL: SHOW COLUMNS FROM `fg_fans` [ RunTime:0.0037s ]
SQL: SELECT * FROM `fg_fans` WHERE `openid` = 'o97bDvgQDFZgFx3TvfpdhqdVPgic' LIMIT 1   [ RunTime:0.0018s ]
SQL: SHOW COLUMNS FROM `fg_maintain_product` [ RunTime:0.0025s ]
SQL: SELECT * FROM `fg_maintain_product`  [ RunTime:0.0019s ]
SQL: SHOW COLUMNS FROM `fg_fans_location` [ RunTime:0.0022s ]
SQL: SELECT * FROM `fg_fans_location` WHERE `openid` = 'o97bDvgQDFZgFx3TvfpdhqdVPgic' LIMIT 1   [ RunTime:0.0018s ]
SQL: SHOW COLUMNS FROM `fg_shop` [ RunTime:0.0027s ]
SQL: SELECT * FROM `fg_shop` WHERE `longitude` BETWEEN '\'119.577266' AND '119.677266\'' AND `latitude` BETWEEN '\'29.067421' AND '29.207421\''  [ RunTime:0.0019s ]
INFO: [ view_parse ] --START--
INFO: [ template_filter ] --START--
INFO: Run Behavior\ContentReplaceBehavior [ RunTime:0.000084s ]
INFO: [ template_filter ] --END-- [ RunTime:0.000149s ]
NOTIC: [8] Undefined index: type /var/www/didi/Runtime/Cache/Wap/be92367b9dfb9fa5a18377565ae95133.php 第 41 行.
NOTIC: [8] Undefined index: type /var/www/didi/Runtime/Cache/Wap/be92367b9dfb9fa5a18377565ae95133.php 第 41 行.
NOTIC: [8] Undefined index: type /var/www/didi/Runtime/Cache/Wap/be92367b9dfb9fa5a18377565ae95133.php 第 42 行.
NOTIC: [8] Undefined index: type /var/www/didi/Runtime/Cache/Wap/be92367b9dfb9fa5a18377565ae95133.php 第 43 行.
INFO: Run Behavior\ParseTemplateBehavior [ RunTime:0.013436s ]
INFO: [ view_parse ] --END-- [ RunTime:0.013485s ]
INFO: [ view_filter ] --START--
INFO: Run Behavior\WriteHtmlCacheBehavior [ RunTime:0.000118s ]
INFO: [ view_filter ] --END-- [ RunTime:0.000159s ]
INFO: [ app_end ] --START--
INFO: Run Behavior\ShowPageTraceBehavior [ RunTime:0.000399s ]
INFO: [ app_end ] --END-- [ RunTime:0.000441s ]

[ 2016-06-13T09:01:52+08:00 ] 58.247.206.148 /wap.php?s=/Weixin/index.html&signature=f02189933b54902db51afd5bcab6c020abbc1f8b&timestamp=1465779709&nonce=1448131835&openid=o97bDvpEwXbfsbDLxINRLxz_T6dg
INFO: [ app_init ] --START--
INFO: Run Behavior\BuildLiteBehavior [ RunTime:0.000015s ]
INFO: Run Common\Behavior\InitHookBehavior [ RunTime:0.001239s ]
INFO: [ app_init ] --END-- [ RunTime:0.001773s ]
INFO: [ app_begin ] --START--
INFO: Run Behavior\ReadHtmlCacheBehavior [ RunTime:0.000424s ]
INFO: [ app_begin ] --END-- [ RunTime:0.000489s ]
SQL: SHOW COLUMNS FROM `fg_config` [ RunTime:0.0025s ]
SQL: SELECT `type`,`name`,`value` FROM `fg_config` WHERE `status` = 1  [ RunTime:0.0018s ]
NOTIC: [8] Undefined index: errcode /var/www/didi/ThinkPHP/Library/OT/Wechat/Wechat.class.php 第 883 行.
NOTIC: [8] Undefined index: errcode /var/www/didi/ThinkPHP/Library/OT/Wechat/Wechat.class.php 第 919 行.
NOTIC: [8] Undefined index: unionid /var/www/didi/Application/Wap/Controller/WeixinController.class.php 第 261 行.
SQL: SHOW COLUMNS FROM `fg_fans` [ RunTime:0.0030s ]
SQL: SELECT * FROM `fg_fans` WHERE `openid` = 'o97bDvpEwXbfsbDLxINRLxz_T6dg' LIMIT 1   [ RunTime:0.0018s ]
SQL: INSERT INTO `fg_fans` (`openid`,`nickname`,`headimgurl`,`sex`,`subscribe`,`subscribe_time`,`address`,`create_time`,`canalid`,`intro`) VALUES ('o97bDvpEwXbfsbDLxINRLxz_T6dg','花皮皮','http://wx.qlogo.cn/mmopen/geTMXvM0DiczricwYWVKL2FSaJia7hNMkYGep2ia7uWZjwzFUfyGDL1wwbpfR2Ms4Gl8ERl61dI87ibVibmBtic5vXZLTG3Nuh8byXF/0','2','1','1465779709','安哥拉万博','1465779712','3','通过场景id=3关注') [ RunTime:0.0028s ]
SQL: SHOW COLUMNS FROM `fg_coupon_config` [ RunTime:0.0026s ]
SQL: SELECT * FROM `fg_coupon_config` WHERE `actions` = 1 AND `status` = 1  [ RunTime:0.0018s ]
SQL: SHOW COLUMNS FROM `fg_fans_coupon` [ RunTime:0.0028s ]
SQL: SELECT * FROM `fg_fans` WHERE `id` = 1198 LIMIT 1   [ RunTime:0.0018s ]
SQL: SHOW COLUMNS FROM `fg_canal` [ RunTime:0.0023s ]
SQL: SELECT * FROM `fg_canal` WHERE `id` = 3 LIMIT 1   [ RunTime:0.0016s ]
SQL: UPDATE `fg_canal` SET `click`=click+1 WHERE `id` = 3 [ RunTime:0.0024s ]
SQL: SHOW COLUMNS FROM `fg_reply` [ RunTime:0.0023s ]
SQL: SELECT * FROM `fg_reply` WHERE `status` = 1 AND `keyword` = '关注时回复' ORDER BY reply_type desc,sort desc,create_time desc LIMIT 1   [ RunTime:0.0017s ]
INFO: [ app_end ] --START--
INFO: Run Behavior\ShowPageTraceBehavior [ RunTime:0.000668s ]
INFO: [ app_end ] --END-- [ RunTime:0.000722s ]

[ 2016-06-13T09:03:44+08:00 ] 58.247.206.158 /wap.php?s=/Weixin/index.html&signature=6ab3537ddb561d3dfada031edd19290dbe41fc54&timestamp=1465779821&nonce=1558012097&openid=o97bDvqpPU-PNcQEayRXtvYe9fJY
INFO: [ app_init ] --START--
INFO: Run Behavior\BuildLiteBehavior [ RunTime:0.000016s ]
INFO: Run Common\Behavior\InitHookBehavior [ RunTime:0.001075s ]
INFO: [ app_init ] --END-- [ RunTime:0.001621s ]
INFO: [ app_begin ] --START--
INFO: Run Behavior\ReadHtmlCacheBehavior [ RunTime:0.000365s ]
INFO: [ app_begin ] --END-- [ RunTime:0.000417s ]
SQL: SHOW COLUMNS FROM `fg_config` [ RunTime:0.0026s ]
SQL: SELECT `type`,`name`,`value` FROM `fg_config` WHERE `status` = 1  [ RunTime:0.0019s ]
SQL: SHOW COLUMNS FROM `fg_fans_location` [ RunTime:0.0022s ]
SQL: SELECT * FROM `fg_fans_location` WHERE `openid` = 'o97bDvqpPU-PNcQEayRXtvYe9fJY' LIMIT 1   [ RunTime:0.0017s ]
SQL: UPDATE `fg_fans_location` SET `openid`='o97bDvqpPU-PNcQEayRXtvYe9fJY',`lng`='119.759209',`lat`='29.056885' WHERE `openid` = 'o97bDvqpPU-PNcQEayRXtvYe9fJY' [ RunTime:0.0027s ]
INFO: [ app_end ] --START--
INFO: Run Behavior\ShowPageTraceBehavior [ RunTime:0.000480s ]
INFO: [ app_end ] --END-- [ RunTime:0.000531s ]

[ 2016-06-13T09:03:46+08:00 ] 36.22.193.157 /wap.php/Maintain/index.html
INFO: [ app_init ] --START--
INFO: Run Behavior\BuildLiteBehavior [ RunTime:0.000020s ]
INFO: Run Common\Behavior\InitHookBehavior [ RunTime:0.001103s ]
INFO: [ app_init ] --END-- [ RunTime:0.001763s ]
INFO: [ app_begin ] --START--
INFO: Run Behavior\ReadHtmlCacheBehavior [ RunTime:0.000394s ]
INFO: [ app_begin ] --END-- [ RunTime:0.000446s ]
NOTIC: [2048] Declaration of Wap\Controller\MaintainController::prepay() should be compatible with Wap\Controller\WapController::prepay($body, $transid, $price) /var/www/didi/Application/Wap/Controller/MaintainController.class.php 第 27 行.
SQL: SHOW COLUMNS FROM `fg_config` [ RunTime:0.0025s ]
SQL: SELECT `type`,`name`,`value` FROM `fg_config` WHERE `status` = 1  [ RunTime:0.0019s ]
SQL: SELECT `type`,`name`,`value` FROM `fg_config` WHERE `status` = 1  [ RunTime:0.0017s ]
SQL: SHOW COLUMNS FROM `fg_fans_city` [ RunTime:0.0019s ]
SQL: SELECT `city` FROM `fg_fans_city` WHERE `openid` = null LIMIT 1   [ RunTime:0.0015s ]

[ 2016-06-13T09:03:47+08:00 ] 58.247.206.139 /wap.php?s=/Weixin/index.html&signature=65d29f423584e7306f530d5d8335f99b13e0a61a&timestamp=1465779824&nonce=1288662483&openid=o97bDvqpPU-PNcQEayRXtvYe9fJY
INFO: [ app_init ] --START--
INFO: Run Behavior\BuildLiteBehavior [ RunTime:0.000021s ]
INFO: Run Common\Behavior\InitHookBehavior [ RunTime:0.001327s ]
INFO: [ app_init ] --END-- [ RunTime:0.001903s ]
INFO: [ app_begin ] --START--
INFO: Run Behavior\ReadHtmlCacheBehavior [ RunTime:0.000365s ]
INFO: [ app_begin ] --END-- [ RunTime:0.000417s ]
SQL: SHOW COLUMNS FROM `fg_config` [ RunTime:0.0026s ]
SQL: SELECT `type`,`name`,`value` FROM `fg_config` WHERE `status` = 1  [ RunTime:0.0019s ]
INFO: [ app_end ] --START--
INFO: Run Behavior\ShowPageTraceBehavior [ RunTime:0.000531s ]
INFO: [ app_end ] --END-- [ RunTime:0.000587s ]

[ 2016-06-13T09:03:47+08:00 ] 36.22.193.157 /wap.php/Maintain/index.html?code=041wRjmd2qyN5S0w2gnd25hdmd2wRjmd&state=base
INFO: [ app_init ] --START--
INFO: Run Behavior\BuildLiteBehavior [ RunTime:0.000020s ]
INFO: Run Common\Behavior\InitHookBehavior [ RunTime:0.001061s ]
INFO: [ app_init ] --END-- [ RunTime:0.001578s ]
INFO: [ app_begin ] --START--
INFO: Run Behavior\ReadHtmlCacheBehavior [ RunTime:0.000429s ]
INFO: [ app_begin ] --END-- [ RunTime:0.000479s ]
NOTIC: [2048] Declaration of Wap\Controller\MaintainController::prepay() should be compatible with Wap\Controller\WapController::prepay($body, $transid, $price) /var/www/didi/Application/Wap/Controller/MaintainController.class.php 第 27 行.
SQL: SHOW COLUMNS FROM `fg_config` [ RunTime:0.0028s ]
SQL: SELECT `type`,`name`,`value` FROM `fg_config` WHERE `status` = 1  [ RunTime:0.0019s ]
SQL: SELECT `type`,`name`,`value` FROM `fg_config` WHERE `status` = 1  [ RunTime:0.0019s ]
SQL: SHOW COLUMNS FROM `fg_fans_city` [ RunTime:0.0022s ]
SQL: SELECT `city` FROM `fg_fans_city` WHERE `openid` = null LIMIT 1   [ RunTime:0.0018s ]
NOTIC: [8] Undefined index: unionid /var/www/didi/Application/Wap/Controller/WapController.class.php 第 134 行.
SQL: SHOW COLUMNS FROM `fg_fans` [ RunTime:0.0032s ]
SQL: SELECT * FROM `fg_fans` WHERE `openid` = 'o97bDvqpPU-PNcQEayRXtvYe9fJY' LIMIT 1   [ RunTime:0.0020s ]
SQL: SHOW COLUMNS FROM `fg_maintain_product` [ RunTime:0.0026s ]
SQL: SELECT * FROM `fg_maintain_product`  [ RunTime:0.0019s ]
SQL: SHOW COLUMNS FROM `fg_fans_location` [ RunTime:0.0021s ]
SQL: SELECT * FROM `fg_fans_location` WHERE `openid` = 'o97bDvqpPU-PNcQEayRXtvYe9fJY' LIMIT 1   [ RunTime:0.0018s ]
SQL: SHOW COLUMNS FROM `fg_shop` [ RunTime:0.0029s ]
SQL: SELECT * FROM `fg_shop` WHERE `longitude` BETWEEN '\'119.709209' AND '119.809209\'' AND `latitude` BETWEEN '\'28.986885' AND '29.126885\''  [ RunTime:0.0019s ]
INFO: [ view_parse ] --START--
INFO: [ template_filter ] --START--
INFO: Run Behavior\ContentReplaceBehavior [ RunTime:0.000069s ]
INFO: [ template_filter ] --END-- [ RunTime:0.000143s ]
NOTIC: [8] Undefined index: type /var/www/didi/Runtime/Cache/Wap/be92367b9dfb9fa5a18377565ae95133.php 第 41 行.
NOTIC: [8] Undefined index: type /var/www/didi/Runtime/Cache/Wap/be92367b9dfb9fa5a18377565ae95133.php 第 41 行.
NOTIC: [8] Undefined index: type /var/www/didi/Runtime/Cache/Wap/be92367b9dfb9fa5a18377565ae95133.php 第 42 行.
NOTIC: [8] Undefined index: type /var/www/didi/Runtime/Cache/Wap/be92367b9dfb9fa5a18377565ae95133.php 第 43 行.
INFO: Run Behavior\ParseTemplateBehavior [ RunTime:0.016547s ]
INFO: [ view_parse ] --END-- [ RunTime:0.016620s ]
INFO: [ view_filter ] --START--
INFO: Run Behavior\WriteHtmlCacheBehavior [ RunTime:0.000193s ]
INFO: [ view_filter ] --END-- [ RunTime:0.000261s ]
INFO: [ app_end ] --START--
INFO: Run Behavior\ShowPageTraceBehavior [ RunTime:0.000681s ]
INFO: [ app_end ] --END-- [ RunTime:0.000752s ]

[ 2016-06-13T09:04:01+08:00 ] 36.22.193.157 /wap.php?s=/Maintain/details/pid/1.html
INFO: [ app_init ] --START--
INFO: Run Behavior\BuildLiteBehavior [ RunTime:0.000029s ]
INFO: Run Common\Behavior\InitHookBehavior [ RunTime:0.001187s ]
INFO: [ app_init ] --END-- [ RunTime:0.001821s ]
INFO: [ app_begin ] --START--
INFO: Run Behavior\ReadHtmlCacheBehavior [ RunTime:0.000416s ]
INFO: [ app_begin ] --END-- [ RunTime:0.000470s ]
NOTIC: [2048] Declaration of Wap\Controller\MaintainController::prepay() should be compatible with Wap\Controller\WapController::prepay($body, $transid, $price) /var/www/didi/Application/Wap/Controller/MaintainController.class.php 第 27 行.
SQL: SHOW COLUMNS FROM `fg_config` [ RunTime:0.0025s ]
SQL: SELECT `type`,`name`,`value` FROM `fg_config` WHERE `status` = 1  [ RunTime:0.0018s ]
SQL: SELECT `type`,`name`,`value` FROM `fg_config` WHERE `status` = 1  [ RunTime:0.0017s ]
SQL: SHOW COLUMNS FROM `fg_fans_city` [ RunTime:0.0020s ]
SQL: SELECT `city` FROM `fg_fans_city` WHERE `openid` = 'o97bDvqpPU-PNcQEayRXtvYe9fJY' LIMIT 1   [ RunTime:0.0015s ]
SQL: SHOW COLUMNS FROM `fg_maintain_product` [ RunTime:0.0024s ]
SQL: SELECT * FROM `fg_maintain_product` WHERE `id` = 1 LIMIT 1   [ RunTime:0.0017s ]
SQL: SHOW COLUMNS FROM `fg_remark` [ RunTime:0.0022s ]
SQL: SELECT * FROM `fg_remark` WHERE `pid` = 1 ORDER BY id desc LIMIT 10   [ RunTime:0.0015s ]
INFO: [ view_parse ] --START--
INFO: [ template_filter ] --START--
INFO: Run Behavior\ContentReplaceBehavior [ RunTime:0.000069s ]
INFO: [ template_filter ] --END-- [ RunTime:0.000137s ]
INFO: Run Behavior\ParseTemplateBehavior [ RunTime:0.010959s ]
INFO: [ view_parse ] --END-- [ RunTime:0.011006s ]
INFO: [ view_filter ] --START--
INFO: Run Behavior\WriteHtmlCacheBehavior [ RunTime:0.000120s ]
INFO: [ view_filter ] --END-- [ RunTime:0.000170s ]
INFO: [ app_end ] --START--
INFO: Run Behavior\ShowPageTraceBehavior [ RunTime:0.000518s ]
INFO: [ app_end ] --END-- [ RunTime:0.000576s ]

[ 2016-06-13T09:04:05+08:00 ] 36.22.193.157 /wxpay/wap.php?s=/Maintain/order/pid/1.html
INFO: [ app_init ] --START--
INFO: Run Behavior\BuildLiteBehavior [ RunTime:0.000018s ]
INFO: Run Common\Behavior\InitHookBehavior [ RunTime:0.001078s ]
INFO: [ app_init ] --END-- [ RunTime:0.001653s ]
INFO: [ app_begin ] --START--
INFO: Run Behavior\ReadHtmlCacheBehavior [ RunTime:0.000454s ]
INFO: [ app_begin ] --END-- [ RunTime:0.000520s ]
NOTIC: [2048] Declaration of Wap\Controller\MaintainController::prepay() should be compatible with Wap\Controller\WapController::prepay($body, $transid, $price) /var/www/didi/Application/Wap/Controller/MaintainController.class.php 第 27 行.
SQL: SHOW COLUMNS FROM `fg_config` [ RunTime:0.0026s ]
SQL: SELECT `type`,`name`,`value` FROM `fg_config` WHERE `status` = 1  [ RunTime:0.0019s ]
SQL: SELECT `type`,`name`,`value` FROM `fg_config` WHERE `status` = 1  [ RunTime:0.0018s ]
SQL: SHOW COLUMNS FROM `fg_fans_city` [ RunTime:0.0021s ]
SQL: SELECT `city` FROM `fg_fans_city` WHERE `openid` = 'o97bDvqpPU-PNcQEayRXtvYe9fJY' LIMIT 1   [ RunTime:0.0017s ]
SQL: SHOW COLUMNS FROM `fg_fans_coupon` [ RunTime:0.0025s ]
SQL: SHOW COLUMNS FROM `fg_maintain_product` [ RunTime:0.0025s ]
SQL: SELECT * FROM `fg_maintain_product` WHERE `id` = 1 LIMIT 1   [ RunTime:0.0020s ]
SQL: SHOW COLUMNS FROM `fg_fans` [ RunTime:0.0032s ]
SQL: SELECT * FROM `fg_fans` WHERE `openid` = 'o97bDvqpPU-PNcQEayRXtvYe9fJY' LIMIT 1   [ RunTime:0.0019s ]
SQL: SELECT * FROM `fg_fans_coupon` WHERE `uid` = 2 AND `service_type` = 2 AND `status` = 1 AND `end_time` > 1465779845  [ RunTime:0.0017s ]
NOTIC: [2] Invalid argument supplied for foreach() /var/www/didi/Application/Wap/Controller/MaintainController.class.php 第 146 行.
SQL: SHOW COLUMNS FROM `fg_shop` [ RunTime:0.0028s ]
SQL: SELECT `uid`,`name` FROM `fg_shop`  [ RunTime:0.0017s ]
INFO: [ view_parse ] --START--
INFO: [ template_filter ] --START--
INFO: Run Behavior\ContentReplaceBehavior [ RunTime:0.000071s ]
INFO: [ template_filter ] --END-- [ RunTime:0.000131s ]
INFO: Run Behavior\ParseTemplateBehavior [ RunTime:0.011243s ]
INFO: [ view_parse ] --END-- [ RunTime:0.011321s ]
INFO: [ view_filter ] --START--
INFO: Run Behavior\WriteHtmlCacheBehavior [ RunTime:0.000131s ]
INFO: [ view_filter ] --END-- [ RunTime:0.000171s ]
INFO: [ app_end ] --START--
INFO: Run Behavior\ShowPageTraceBehavior [ RunTime:0.000422s ]
INFO: [ app_end ] --END-- [ RunTime:0.000470s ]

[ 2016-06-13T09:04:32+08:00 ] 36.22.193.157 /wap.php?s=/Maintain/details/pid/1.html
INFO: [ app_init ] --START--
INFO: Run Behavior\BuildLiteBehavior [ RunTime:0.000019s ]
INFO: Run Common\Behavior\InitHookBehavior [ RunTime:0.001106s ]
INFO: [ app_init ] --END-- [ RunTime:0.001621s ]
INFO: [ app_begin ] --START--
INFO: Run Behavior\ReadHtmlCacheBehavior [ RunTime:0.000400s ]
INFO: [ app_begin ] --END-- [ RunTime:0.000450s ]
NOTIC: [2048] Declaration of Wap\Controller\MaintainController::prepay() should be compatible with Wap\Controller\WapController::prepay($body, $transid, $price) /var/www/didi/Application/Wap/Controller/MaintainController.class.php 第 27 行.
SQL: SHOW COLUMNS FROM `fg_config` [ RunTime:0.0028s ]
SQL: SELECT `type`,`name`,`value` FROM `fg_config` WHERE `status` = 1  [ RunTime:0.0019s ]
SQL: SELECT `type`,`name`,`value` FROM `fg_config` WHERE `status` = 1  [ RunTime:0.0019s ]
SQL: SHOW COLUMNS FROM `fg_fans_city` [ RunTime:0.0021s ]
SQL: SELECT `city` FROM `fg_fans_city` WHERE `openid` = 'o97bDvqpPU-PNcQEayRXtvYe9fJY' LIMIT 1   [ RunTime:0.0015s ]
SQL: SHOW COLUMNS FROM `fg_maintain_product` [ RunTime:0.0025s ]
SQL: SELECT * FROM `fg_maintain_product` WHERE `id` = 1 LIMIT 1   [ RunTime:0.0018s ]
SQL: SHOW COLUMNS FROM `fg_remark` [ RunTime:0.0026s ]
SQL: SELECT * FROM `fg_remark` WHERE `pid` = 1 ORDER BY id desc LIMIT 10   [ RunTime:0.0016s ]
INFO: [ view_parse ] --START--
INFO: [ template_filter ] --START--
INFO: Run Behavior\ContentReplaceBehavior [ RunTime:0.000093s ]
INFO: [ template_filter ] --END-- [ RunTime:0.000151s ]
INFO: Run Behavior\ParseTemplateBehavior [ RunTime:0.010399s ]
INFO: [ view_parse ] --END-- [ RunTime:0.010445s ]
INFO: [ view_filter ] --START--
INFO: Run Behavior\WriteHtmlCacheBehavior [ RunTime:0.000123s ]
INFO: [ view_filter ] --END-- [ RunTime:0.000162s ]
INFO: [ app_end ] --START--
INFO: Run Behavior\ShowPageTraceBehavior [ RunTime:0.000468s ]
INFO: [ app_end ] --END-- [ RunTime:0.000516s ]

[ 2016-06-13T09:04:36+08:00 ] 36.22.193.157 /wap.php/Maintain/index.html?code=041wRjmd2qyN5S0w2gnd25hdmd2wRjmd&state=base
INFO: [ app_init ] --START--
INFO: Run Behavior\BuildLiteBehavior [ RunTime:0.000020s ]
INFO: Run Common\Behavior\InitHookBehavior [ RunTime:0.001159s ]
INFO: [ app_init ] --END-- [ RunTime:0.001785s ]
INFO: [ app_begin ] --START--
INFO: Run Behavior\ReadHtmlCacheBehavior [ RunTime:0.000414s ]
INFO: [ app_begin ] --END-- [ RunTime:0.000468s ]
NOTIC: [2048] Declaration of Wap\Controller\MaintainController::prepay() should be compatible with Wap\Controller\WapController::prepay($body, $transid, $price) /var/www/didi/Application/Wap/Controller/MaintainController.class.php 第 27 行.
SQL: SHOW COLUMNS FROM `fg_config` [ RunTime:0.0027s ]
SQL: SELECT `type`,`name`,`value` FROM `fg_config` WHERE `status` = 1  [ RunTime:0.0019s ]
SQL: SELECT `type`,`name`,`value` FROM `fg_config` WHERE `status` = 1  [ RunTime:0.0018s ]
SQL: SHOW COLUMNS FROM `fg_fans_city` [ RunTime:0.0019s ]
SQL: SELECT `city` FROM `fg_fans_city` WHERE `openid` = 'o97bDvqpPU-PNcQEayRXtvYe9fJY' LIMIT 1   [ RunTime:0.0015s ]
SQL: SHOW COLUMNS FROM `fg_maintain_product` [ RunTime:0.0023s ]
SQL: SELECT * FROM `fg_maintain_product`  [ RunTime:0.0017s ]
SQL: SHOW COLUMNS FROM `fg_fans_location` [ RunTime:0.0018s ]
SQL: SELECT * FROM `fg_fans_location` WHERE `openid` = 'o97bDvqpPU-PNcQEayRXtvYe9fJY' LIMIT 1   [ RunTime:0.0014s ]
SQL: SHOW COLUMNS FROM `fg_shop` [ RunTime:0.0027s ]
SQL: SELECT * FROM `fg_shop` WHERE `longitude` BETWEEN '\'119.709209' AND '119.809209\'' AND `latitude` BETWEEN '\'28.986885' AND '29.126885\''  [ RunTime:0.0017s ]
INFO: [ view_parse ] --START--
INFO: [ template_filter ] --START--
INFO: Run Behavior\ContentReplaceBehavior [ RunTime:0.000067s ]
INFO: [ template_filter ] --END-- [ RunTime:0.000136s ]
NOTIC: [8] Undefined index: type /var/www/didi/Runtime/Cache/Wap/be92367b9dfb9fa5a18377565ae95133.php 第 41 行.
NOTIC: [8] Undefined index: type /var/www/didi/Runtime/Cache/Wap/be92367b9dfb9fa5a18377565ae95133.php 第 41 行.
NOTIC: [8] Undefined index: type /var/www/didi/Runtime/Cache/Wap/be92367b9dfb9fa5a18377565ae95133.php 第 42 行.
NOTIC: [8] Undefined index: type /var/www/didi/Runtime/Cache/Wap/be92367b9dfb9fa5a18377565ae95133.php 第 43 行.
INFO: Run Behavior\ParseTemplateBehavior [ RunTime:0.012965s ]
INFO: [ view_parse ] --END-- [ RunTime:0.013013s ]
INFO: [ view_filter ] --START--
INFO: Run Behavior\WriteHtmlCacheBehavior [ RunTime:0.000153s ]
INFO: [ view_filter ] --END-- [ RunTime:0.000194s ]
INFO: [ app_end ] --START--
INFO: Run Behavior\ShowPageTraceBehavior [ RunTime:0.000490s ]
INFO: [ app_end ] --END-- [ RunTime:0.000538s ]

[ 2016-06-13T09:04:46+08:00 ] 58.247.206.158 /wap.php?s=/Weixin/index.html&signature=8a463b3219f73d04ca0858df68ce2ce41964352e&timestamp=1465779883&nonce=1072335057&openid=o97bDvqpPU-PNcQEayRXtvYe9fJY
INFO: [ app_init ] --START--
INFO: Run Behavior\BuildLiteBehavior [ RunTime:0.000017s ]
INFO: Run Common\Behavior\InitHookBehavior [ RunTime:0.001687s ]
INFO: [ app_init ] --END-- [ RunTime:0.002222s ]
INFO: [ app_begin ] --START--
INFO: Run Behavior\ReadHtmlCacheBehavior [ RunTime:0.000397s ]
INFO: [ app_begin ] --END-- [ RunTime:0.000450s ]
SQL: SHOW COLUMNS FROM `fg_config` [ RunTime:0.0023s ]
SQL: SELECT `type`,`name`,`value` FROM `fg_config` WHERE `status` = 1  [ RunTime:0.0019s ]
INFO: [ app_end ] --START--
INFO: Run Behavior\ShowPageTraceBehavior [ RunTime:0.000592s ]
INFO: [ app_end ] --END-- [ RunTime:0.000654s ]

[ 2016-06-13T09:04:46+08:00 ] 36.22.193.157 /wap.php/Shop/index.html
INFO: [ app_init ] --START--
INFO: Run Behavior\BuildLiteBehavior [ RunTime:0.000021s ]
INFO: Run Common\Behavior\InitHookBehavior [ RunTime:0.001196s ]
INFO: [ app_init ] --END-- [ RunTime:0.001721s ]
INFO: [ app_begin ] --START--
INFO: Run Behavior\ReadHtmlCacheBehavior [ RunTime:0.000397s ]
INFO: [ app_begin ] --END-- [ RunTime:0.000450s ]
SQL: SHOW COLUMNS FROM `fg_config` [ RunTime:0.0022s ]
SQL: SELECT `type`,`name`,`value` FROM `fg_config` WHERE `status` = 1  [ RunTime:0.0017s ]
SQL: SELECT `type`,`name`,`value` FROM `fg_config` WHERE `status` = 1  [ RunTime:0.0015s ]
SQL: SHOW COLUMNS FROM `fg_fans_city` [ RunTime:0.0020s ]
SQL: SELECT `city` FROM `fg_fans_city` WHERE `openid` = 'o97bDvqpPU-PNcQEayRXtvYe9fJY' LIMIT 1   [ RunTime:0.0015s ]
SQL: SHOW COLUMNS FROM `fg_shop` [ RunTime:0.0027s ]
SQL: SELECT * FROM `fg_shop` WHERE `status` = 1 AND `shop_type` = 1  [ RunTime:0.0017s ]
INFO: [ view_parse ] --START--
INFO: [ template_filter ] --START--
INFO: Run Behavior\ContentReplaceBehavior [ RunTime:0.000074s ]
INFO: [ template_filter ] --END-- [ RunTime:0.000164s ]
INFO: Run Behavior\ParseTemplateBehavior [ RunTime:0.010305s ]
INFO: [ view_parse ] --END-- [ RunTime:0.010355s ]
INFO: [ view_filter ] --START--
INFO: Run Behavior\WriteHtmlCacheBehavior [ RunTime:0.000149s ]
INFO: [ view_filter ] --END-- [ RunTime:0.000190s ]
INFO: [ app_end ] --START--
INFO: Run Behavior\ShowPageTraceBehavior [ RunTime:0.000472s ]
INFO: [ app_end ] --END-- [ RunTime:0.000521s ]

[ 2016-06-13T09:07:59+08:00 ] 101.226.102.237 /wap.php/Maintain/index.html
INFO: [ app_init ] --START--
INFO: Run Behavior\BuildLiteBehavior [ RunTime:0.000019s ]
INFO: Run Common\Behavior\InitHookBehavior [ RunTime:0.001289s ]
INFO: [ app_init ] --END-- [ RunTime:0.001851s ]
INFO: [ app_begin ] --START--
INFO: Run Behavior\ReadHtmlCacheBehavior [ RunTime:0.000422s ]
INFO: [ app_begin ] --END-- [ RunTime:0.000476s ]
NOTIC: [2048] Declaration of Wap\Controller\MaintainController::prepay() should be compatible with Wap\Controller\WapController::prepay($body, $transid, $price) /var/www/didi/Application/Wap/Controller/MaintainController.class.php 第 27 行.
SQL: SHOW COLUMNS FROM `fg_config` [ RunTime:0.0028s ]
SQL: SELECT `type`,`name`,`value` FROM `fg_config` WHERE `status` = 1  [ RunTime:0.0021s ]
SQL: SELECT `type`,`name`,`value` FROM `fg_config` WHERE `status` = 1  [ RunTime:0.0019s ]
SQL: SHOW COLUMNS FROM `fg_fans_city` [ RunTime:0.0025s ]
SQL: SELECT `city` FROM `fg_fans_city` WHERE `openid` = null LIMIT 1   [ RunTime:0.0025s ]

[ 2016-06-13T09:08:00+08:00 ] 101.226.102.237 /wap.php/Maintain/index.html?code=031ocDSl0mjskf1qs3Ul0oeKSl0ocDSW&state=base
INFO: [ app_init ] --START--
INFO: Run Behavior\BuildLiteBehavior [ RunTime:0.000018s ]
INFO: Run Common\Behavior\InitHookBehavior [ RunTime:0.001113s ]
INFO: [ app_init ] --END-- [ RunTime:0.001721s ]
INFO: [ app_begin ] --START--
INFO: Run Behavior\ReadHtmlCacheBehavior [ RunTime:0.000451s ]
INFO: [ app_begin ] --END-- [ RunTime:0.000504s ]
NOTIC: [2048] Declaration of Wap\Controller\MaintainController::prepay() should be compatible with Wap\Controller\WapController::prepay($body, $transid, $price) /var/www/didi/Application/Wap/Controller/MaintainController.class.php 第 27 行.
SQL: SHOW COLUMNS FROM `fg_config` [ RunTime:0.0029s ]
SQL: SELECT `type`,`name`,`value` FROM `fg_config` WHERE `status` = 1  [ RunTime:0.0020s ]
SQL: SELECT `type`,`name`,`value` FROM `fg_config` WHERE `status` = 1  [ RunTime:0.0109s ]
SQL: SHOW COLUMNS FROM `fg_fans_city` [ RunTime:0.0029s ]
SQL: SELECT `city` FROM `fg_fans_city` WHERE `openid` = null LIMIT 1   [ RunTime:0.0017s ]
NOTIC: [8] Undefined index: unionid /var/www/didi/Application/Wap/Controller/WapController.class.php 第 134 行.
SQL: SHOW COLUMNS FROM `fg_fans` [ RunTime:0.0037s ]
SQL: SELECT * FROM `fg_fans` WHERE `openid` = 'o97bDvgQDFZgFx3TvfpdhqdVPgic' LIMIT 1   [ RunTime:0.0019s ]
SQL: SHOW COLUMNS FROM `fg_maintain_product` [ RunTime:0.0031s ]
SQL: SELECT * FROM `fg_maintain_product`  [ RunTime:0.0020s ]
SQL: SHOW COLUMNS FROM `fg_fans_location` [ RunTime:0.0021s ]
SQL: SELECT * FROM `fg_fans_location` WHERE `openid` = 'o97bDvgQDFZgFx3TvfpdhqdVPgic' LIMIT 1   [ RunTime:0.0016s ]
SQL: SHOW COLUMNS FROM `fg_shop` [ RunTime:0.0028s ]
SQL: SELECT * FROM `fg_shop` WHERE `longitude` BETWEEN '\'119.577266' AND '119.677266\'' AND `latitude` BETWEEN '\'29.067421' AND '29.207421\''  [ RunTime:0.0018s ]
INFO: [ view_parse ] --START--
INFO: [ template_filter ] --START--
INFO: Run Behavior\ContentReplaceBehavior [ RunTime:0.000064s ]
INFO: [ template_filter ] --END-- [ RunTime:0.000118s ]
NOTIC: [8] Undefined index: type /var/www/didi/Runtime/Cache/Wap/be92367b9dfb9fa5a18377565ae95133.php 第 41 行.
NOTIC: [8] Undefined index: type /var/www/didi/Runtime/Cache/Wap/be92367b9dfb9fa5a18377565ae95133.php 第 41 行.
NOTIC: [8] Undefined index: type /var/www/didi/Runtime/Cache/Wap/be92367b9dfb9fa5a18377565ae95133.php 第 42 行.
NOTIC: [8] Undefined index: type /var/www/didi/Runtime/Cache/Wap/be92367b9dfb9fa5a18377565ae95133.php 第 43 行.
INFO: Run Behavior\ParseTemplateBehavior [ RunTime:0.012637s ]
INFO: [ view_parse ] --END-- [ RunTime:0.012683s ]
INFO: [ view_filter ] --START--
INFO: Run Behavior\WriteHtmlCacheBehavior [ RunTime:0.000130s ]
INFO: [ view_filter ] --END-- [ RunTime:0.000209s ]
INFO: [ app_end ] --START--
INFO: Run Behavior\ShowPageTraceBehavior [ RunTime:0.000404s ]
INFO: [ app_end ] --END-- [ RunTime:0.000448s ]

