[ 2016-06-14T06:50:04+08:00 ] 140.207.54.80 /wap.php?s=/Weixin/index.html&signature=bcd80ceb0bf5de96228110a65a699089c25500ba&timestamp=1465858201&nonce=186999244&openid=o97bDvtgXxabyCxRKQIbDp1FqQRc
INFO: [ app_init ] --START--
INFO: Run Behavior\BuildLiteBehavior [ RunTime:0.000017s ]
INFO: Run Common\Behavior\InitHookBehavior [ RunTime:0.001279s ]
INFO: [ app_init ] --END-- [ RunTime:0.001820s ]
INFO: [ app_begin ] --START--
INFO: Run Behavior\ReadHtmlCacheBehavior [ RunTime:0.000408s ]
INFO: [ app_begin ] --END-- [ RunTime:0.000465s ]
SQL: SHOW COLUMNS FROM `fg_config` [ RunTime:0.0025s ]
SQL: SELECT `type`,`name`,`value` FROM `fg_config` WHERE `status` = 1  [ RunTime:0.0019s ]
SQL: SHOW COLUMNS FROM `fg_fans` [ RunTime:0.0032s ]
SQL: UPDATE `fg_fans` SET `subscribe`='0' WHERE `openid` = 'o97bDvtgXxabyCxRKQIbDp1FqQRc' [ RunTime:0.0028s ]
INFO: [ app_end ] --START--
INFO: Run Behavior\ShowPageTraceBehavior [ RunTime:0.000627s ]
INFO: [ app_end ] --END-- [ RunTime:0.000682s ]

[ 2016-06-14T07:06:40+08:00 ] 58.247.206.143 /wap.php?s=/Weixin/index.html&signature=c6075a26ccf69655fca20bb3780b32d5d68b1fbe&timestamp=1465859197&nonce=1665275453&openid=o97bDvjOyqp4r_kIPcjwtVRzvEbc
INFO: [ app_init ] --START--
INFO: Run Behavior\BuildLiteBehavior [ RunTime:0.000016s ]
INFO: Run Common\Behavior\InitHookBehavior [ RunTime:0.001168s ]
INFO: [ app_init ] --END-- [ RunTime:0.001705s ]
INFO: [ app_begin ] --START--
INFO: Run Behavior\ReadHtmlCacheBehavior [ RunTime:0.000398s ]
INFO: [ app_begin ] --END-- [ RunTime:0.000455s ]
SQL: SHOW COLUMNS FROM `fg_config` [ RunTime:0.0028s ]
SQL: SELECT `type`,`name`,`value` FROM `fg_config` WHERE `status` = 1  [ RunTime:0.0020s ]
SQL: SHOW COLUMNS FROM `fg_fans` [ RunTime:0.0031s ]
SQL: UPDATE `fg_fans` SET `subscribe`='0' WHERE `openid` = 'o97bDvjOyqp4r_kIPcjwtVRzvEbc' [ RunTime:0.0029s ]
INFO: [ app_end ] --START--
INFO: Run Behavior\ShowPageTraceBehavior [ RunTime:0.000595s ]
INFO: [ app_end ] --END-- [ RunTime:0.000668s ]

[ 2016-06-14T07:07:42+08:00 ] 58.247.206.148 /wap.php?s=/Weixin/index.html&signature=ae33439cc37032ae72a901b61fc0c349f7b191b3&timestamp=1465859259&nonce=428721198&openid=o97bDvhfZMB7ggQMwQPyc7Z1CWkQ
INFO: [ app_init ] --START--
INFO: Run Behavior\BuildLiteBehavior [ RunTime:0.000020s ]
INFO: Run Common\Behavior\InitHookBehavior [ RunTime:0.001136s ]
INFO: [ app_init ] --END-- [ RunTime:0.001734s ]
INFO: [ app_begin ] --START--
INFO: Run Behavior\ReadHtmlCacheBehavior [ RunTime:0.000373s ]
INFO: [ app_begin ] --END-- [ RunTime:0.000446s ]
SQL: SHOW COLUMNS FROM `fg_config` [ RunTime:0.0024s ]
SQL: SELECT `type`,`name`,`value` FROM `fg_config` WHERE `status` = 1  [ RunTime:0.0018s ]
INFO: [ app_end ] --START--
INFO: Run Behavior\ShowPageTraceBehavior [ RunTime:0.000624s ]
INFO: [ app_end ] --END-- [ RunTime:0.000684s ]

[ 2016-06-14T07:07:42+08:00 ] 112.17.247.133 /wap.php?s=mall/index.html
INFO: [ app_init ] --START--
INFO: Run Behavior\BuildLiteBehavior [ RunTime:0.000016s ]
INFO: Run Common\Behavior\InitHookBehavior [ RunTime:0.001101s ]
INFO: [ app_init ] --END-- [ RunTime:0.001616s ]
INFO: [ app_begin ] --START--
INFO: Run Behavior\ReadHtmlCacheBehavior [ RunTime:0.000383s ]
INFO: [ app_begin ] --END-- [ RunTime:0.000433s ]
NOTIC: [2048] Declaration of Wap\Controller\MallController::prepay() should be compatible with Wap\Controller\WapController::prepay($body, $transid, $price) /var/www/didi/Application/Wap/Controller/MallController.class.php 第 26 行.
SQL: SHOW COLUMNS FROM `fg_config` [ RunTime:0.0030s ]
SQL: SELECT `type`,`name`,`value` FROM `fg_config` WHERE `status` = 1  [ RunTime:0.0022s ]
SQL: SELECT `type`,`name`,`value` FROM `fg_config` WHERE `status` = 1  [ RunTime:0.0018s ]
SQL: SHOW COLUMNS FROM `fg_fans_city` [ RunTime:0.0021s ]
SQL: SELECT `city` FROM `fg_fans_city` WHERE `openid` = null LIMIT 1   [ RunTime:0.0016s ]

[ 2016-06-14T07:07:43+08:00 ] 112.17.247.133 /wap.php?s=mall/index.html&code=021vqRRW1nGYr71aTUQW1UTORW1vqRRo&state=base
INFO: [ app_init ] --START--
INFO: Run Behavior\BuildLiteBehavior [ RunTime:0.000018s ]
INFO: Run Common\Behavior\InitHookBehavior [ RunTime:0.001204s ]
INFO: [ app_init ] --END-- [ RunTime:0.001727s ]
INFO: [ app_begin ] --START--
INFO: Run Behavior\ReadHtmlCacheBehavior [ RunTime:0.000370s ]
INFO: [ app_begin ] --END-- [ RunTime:0.000420s ]
NOTIC: [2048] Declaration of Wap\Controller\MallController::prepay() should be compatible with Wap\Controller\WapController::prepay($body, $transid, $price) /var/www/didi/Application/Wap/Controller/MallController.class.php 第 26 行.
SQL: SHOW COLUMNS FROM `fg_config` [ RunTime:0.0026s ]
SQL: SELECT `type`,`name`,`value` FROM `fg_config` WHERE `status` = 1  [ RunTime:0.0019s ]
SQL: SELECT `type`,`name`,`value` FROM `fg_config` WHERE `status` = 1  [ RunTime:0.0018s ]
SQL: SHOW COLUMNS FROM `fg_fans_city` [ RunTime:0.0021s ]
SQL: SELECT `city` FROM `fg_fans_city` WHERE `openid` = null LIMIT 1   [ RunTime:0.0016s ]
NOTIC: [8] Undefined index: unionid /var/www/didi/Application/Wap/Controller/WapController.class.php 第 134 行.
SQL: SHOW COLUMNS FROM `fg_fans` [ RunTime:0.0033s ]
SQL: SELECT * FROM `fg_fans` WHERE `openid` = 'o97bDvhfZMB7ggQMwQPyc7Z1CWkQ' LIMIT 1   [ RunTime:0.0019s ]
INFO: [ view_parse ] --START--
INFO: [ template_filter ] --START--
INFO: Run Behavior\ContentReplaceBehavior [ RunTime:0.000078s ]
INFO: [ template_filter ] --END-- [ RunTime:0.000142s ]
INFO: Run Behavior\ParseTemplateBehavior [ RunTime:0.011350s ]
INFO: [ view_parse ] --END-- [ RunTime:0.011402s ]
INFO: [ view_filter ] --START--
INFO: Run Behavior\WriteHtmlCacheBehavior [ RunTime:0.000142s ]
INFO: [ view_filter ] --END-- [ RunTime:0.000181s ]
INFO: [ app_end ] --START--
INFO: Run Behavior\ShowPageTraceBehavior [ RunTime:0.000537s ]
INFO: [ app_end ] --END-- [ RunTime:0.000608s ]

[ 2016-06-14T07:07:44+08:00 ] 112.17.247.133 /wap.php?s=/Mall/accessory_list.html&order=&type=2
ERR: SELECT * FROM `fg_mall` WHERE `type` = 2 AND `status` = 1 
[ 2016-06-14T07:07:44+08:00 ] 112.17.247.133 /wap.php?s=/Mall/accessory_list.html&order=&type=2
INFO: [ app_init ] --START--
INFO: Run Behavior\BuildLiteBehavior [ RunTime:0.000018s ]
INFO: Run Common\Behavior\InitHookBehavior [ RunTime:0.001073s ]
INFO: [ app_init ] --END-- [ RunTime:0.001725s ]
INFO: [ app_begin ] --START--
INFO: Run Behavior\ReadHtmlCacheBehavior [ RunTime:0.000405s ]
INFO: [ app_begin ] --END-- [ RunTime:0.000472s ]
NOTIC: [2048] Declaration of Wap\Controller\MallController::prepay() should be compatible with Wap\Controller\WapController::prepay($body, $transid, $price) /var/www/didi/Application/Wap/Controller/MallController.class.php 第 26 行.
SQL: SHOW COLUMNS FROM `fg_config` [ RunTime:0.0028s ]
SQL: SELECT `type`,`name`,`value` FROM `fg_config` WHERE `status` = 1  [ RunTime:0.0020s ]
SQL: SELECT `type`,`name`,`value` FROM `fg_config` WHERE `status` = 1  [ RunTime:0.0019s ]
SQL: SHOW COLUMNS FROM `fg_fans_city` [ RunTime:0.0021s ]
SQL: SELECT `city` FROM `fg_fans_city` WHERE `openid` = 'o97bDvhfZMB7ggQMwQPyc7Z1CWkQ' LIMIT 1   [ RunTime:0.0019s ]
SQL: SHOW COLUMNS FROM `fg_mall` [ RunTime:0.0027s ]
SQL: SELECT * FROM `fg_mall` WHERE `type` = 2 AND `status` = 1  [ RunTime:0.0018s ]

[ 2016-06-14T07:07:44+08:00 ] 112.17.247.133 /wap.php?s=/Mall/accessory_list.html&order=&type=1
ERR: SELECT * FROM `fg_mall` WHERE `type` = 1 AND `status` = 1 
[ 2016-06-14T07:07:44+08:00 ] 112.17.247.133 /wap.php?s=/Mall/accessory_list.html&order=&type=1
INFO: [ app_init ] --START--
INFO: Run Behavior\BuildLiteBehavior [ RunTime:0.000024s ]
INFO: Run Common\Behavior\InitHookBehavior [ RunTime:0.001714s ]
INFO: [ app_init ] --END-- [ RunTime:0.002517s ]
INFO: [ app_begin ] --START--
INFO: Run Behavior\ReadHtmlCacheBehavior [ RunTime:0.000630s ]
INFO: [ app_begin ] --END-- [ RunTime:0.000701s ]
NOTIC: [2048] Declaration of Wap\Controller\MallController::prepay() should be compatible with Wap\Controller\WapController::prepay($body, $transid, $price) /var/www/didi/Application/Wap/Controller/MallController.class.php 第 26 行.
SQL: SHOW COLUMNS FROM `fg_config` [ RunTime:0.0033s ]
SQL: SELECT `type`,`name`,`value` FROM `fg_config` WHERE `status` = 1  [ RunTime:0.0019s ]
SQL: SELECT `type`,`name`,`value` FROM `fg_config` WHERE `status` = 1  [ RunTime:0.0017s ]
SQL: SHOW COLUMNS FROM `fg_fans_city` [ RunTime:0.0021s ]
SQL: SELECT `city` FROM `fg_fans_city` WHERE `openid` = 'o97bDvhfZMB7ggQMwQPyc7Z1CWkQ' LIMIT 1   [ RunTime:0.0016s ]
SQL: SHOW COLUMNS FROM `fg_mall` [ RunTime:0.0030s ]
SQL: SELECT * FROM `fg_mall` WHERE `type` = 1 AND `status` = 1  [ RunTime:0.0021s ]

[ 2016-06-14T07:08:06+08:00 ] 58.247.206.158 /wap.php?s=/Weixin/index.html&signature=cad57e0a34455a9cf0c9a4083ccc321ab283b2da&timestamp=1465859283&nonce=498775241&openid=o97bDvhfZMB7ggQMwQPyc7Z1CWkQ
INFO: [ app_init ] --START--
INFO: Run Behavior\BuildLiteBehavior [ RunTime:0.000016s ]
INFO: Run Common\Behavior\InitHookBehavior [ RunTime:0.001048s ]
INFO: [ app_init ] --END-- [ RunTime:0.001573s ]
INFO: [ app_begin ] --START--
INFO: Run Behavior\ReadHtmlCacheBehavior [ RunTime:0.000365s ]
INFO: [ app_begin ] --END-- [ RunTime:0.000424s ]
SQL: SHOW COLUMNS FROM `fg_config` [ RunTime:0.0025s ]
SQL: SELECT `type`,`name`,`value` FROM `fg_config` WHERE `status` = 1  [ RunTime:0.0018s ]
SQL: SHOW COLUMNS FROM `fg_fans` [ RunTime:0.0029s ]
SQL: UPDATE `fg_fans` SET `subscribe`='0' WHERE `openid` = 'o97bDvhfZMB7ggQMwQPyc7Z1CWkQ' [ RunTime:0.0026s ]
INFO: [ app_end ] --START--
INFO: Run Behavior\ShowPageTraceBehavior [ RunTime:0.000547s ]
INFO: [ app_end ] --END-- [ RunTime:0.000616s ]

[ 2016-06-14T07:28:08+08:00 ] 140.207.54.75 /wap.php?s=/Weixin/index.html&signature=144ff3cedb66ef479bcd31cdc4860e6d94b1fb05&timestamp=1465860484&nonce=206010247&openid=o97bDvkM26H9kV10QYhhUjnIFNfI
INFO: [ app_init ] --START--
INFO: Run Behavior\BuildLiteBehavior [ RunTime:0.000020s ]
INFO: Run Common\Behavior\InitHookBehavior [ RunTime:0.001127s ]
INFO: [ app_init ] --END-- [ RunTime:0.001755s ]
INFO: [ app_begin ] --START--
INFO: Run Behavior\ReadHtmlCacheBehavior [ RunTime:0.000402s ]
INFO: [ app_begin ] --END-- [ RunTime:0.000496s ]
SQL: SHOW COLUMNS FROM `fg_config` [ RunTime:0.0029s ]
SQL: SELECT `type`,`name`,`value` FROM `fg_config` WHERE `status` = 1  [ RunTime:0.0020s ]
NOTIC: [8] Undefined index: errcode /var/www/didi/ThinkPHP/Library/OT/Wechat/Wechat.class.php 第 883 行.
NOTIC: [8] Undefined index: errcode /var/www/didi/ThinkPHP/Library/OT/Wechat/Wechat.class.php 第 919 行.
NOTIC: [8] Undefined index: unionid /var/www/didi/Application/Wap/Controller/WeixinController.class.php 第 261 行.
SQL: SHOW COLUMNS FROM `fg_fans` [ RunTime:0.0036s ]
SQL: SELECT * FROM `fg_fans` WHERE `openid` = 'o97bDvkM26H9kV10QYhhUjnIFNfI' LIMIT 1   [ RunTime:0.0018s ]
SQL: INSERT INTO `fg_fans` (`openid`,`nickname`,`headimgurl`,`sex`,`subscribe`,`subscribe_time`,`address`,`create_time`,`canalid`,`intro`) VALUES ('o97bDvkM26H9kV10QYhhUjnIFNfI','曹巧灵','http://wx.qlogo.cn/mmopen/8984aO4eojcJiaGQXiadmEibb1TZawlLjbtbOMP61ZB8TJj5eXPRicfJibmbBPac1AicD96ftrDJ5LibQ70AmekVibGiakALWUcbLqPE6/0','1','1','1465860484','中国浙江金华','1465860487','7','通过场景id=7关注') [ RunTime:0.0062s ]
SQL: SHOW COLUMNS FROM `fg_coupon_config` [ RunTime:0.0026s ]
SQL: SELECT * FROM `fg_coupon_config` WHERE `actions` = 1 AND `status` = 1  [ RunTime:0.0016s ]
SQL: SHOW COLUMNS FROM `fg_fans_coupon` [ RunTime:0.0036s ]
SQL: SELECT * FROM `fg_fans` WHERE `id` = 1206 LIMIT 1   [ RunTime:0.0019s ]
SQL: SHOW COLUMNS FROM `fg_canal` [ RunTime:0.0028s ]
SQL: SELECT * FROM `fg_canal` WHERE `id` = 7 LIMIT 1   [ RunTime:0.0016s ]
SQL: UPDATE `fg_canal` SET `click`=click+1 WHERE `id` = 7 [ RunTime:0.0035s ]
SQL: SHOW COLUMNS FROM `fg_reply` [ RunTime:0.0024s ]
SQL: SELECT * FROM `fg_reply` WHERE `status` = 1 AND `keyword` = '关注时回复' ORDER BY reply_type desc,sort desc,create_time desc LIMIT 1   [ RunTime:0.0016s ]
INFO: [ app_end ] --START--
INFO: Run Behavior\ShowPageTraceBehavior [ RunTime:0.000664s ]
INFO: [ app_end ] --END-- [ RunTime:0.000721s ]

[ 2016-06-14T07:28:12+08:00 ] 140.207.54.75 /wap.php?s=/Weixin/index.html&signature=269bb22d50f26c189e3bd11898d95794219fa003&timestamp=1465860489&nonce=947266656&openid=o97bDvkM26H9kV10QYhhUjnIFNfI
INFO: [ app_init ] --START--
INFO: Run Behavior\BuildLiteBehavior [ RunTime:0.000019s ]
INFO: Run Common\Behavior\InitHookBehavior [ RunTime:0.001119s ]
INFO: [ app_init ] --END-- [ RunTime:0.001709s ]
INFO: [ app_begin ] --START--
INFO: Run Behavior\ReadHtmlCacheBehavior [ RunTime:0.000420s ]
INFO: [ app_begin ] --END-- [ RunTime:0.000472s ]
SQL: SHOW COLUMNS FROM `fg_config` [ RunTime:0.0033s ]
SQL: SELECT `type`,`name`,`value` FROM `fg_config` WHERE `status` = 1  [ RunTime:0.0021s ]
SQL: SHOW COLUMNS FROM `fg_fans_location` [ RunTime:0.0022s ]
SQL: SELECT * FROM `fg_fans_location` WHERE `openid` = 'o97bDvkM26H9kV10QYhhUjnIFNfI' LIMIT 1   [ RunTime:0.0019s ]
SQL: INSERT INTO `fg_fans_location` (`openid`,`lng`,`lat`) VALUES ('o97bDvkM26H9kV10QYhhUjnIFNfI','119.63176','29.089939') [ RunTime:0.0090s ]
INFO: [ app_end ] --START--
INFO: Run Behavior\ShowPageTraceBehavior [ RunTime:0.000715s ]
INFO: [ app_end ] --END-- [ RunTime:0.000772s ]

[ 2016-06-14T07:29:32+08:00 ] 140.207.54.75 /wap.php?s=/Weixin/index.html&signature=0ffae038ecd27aa520195e8e81f650cfe330b72b&timestamp=1465860569&nonce=1322907184&openid=o97bDvkM26H9kV10QYhhUjnIFNfI
INFO: [ app_init ] --START--
INFO: Run Behavior\BuildLiteBehavior [ RunTime:0.000020s ]
INFO: Run Common\Behavior\InitHookBehavior [ RunTime:0.001294s ]
INFO: [ app_init ] --END-- [ RunTime:0.001865s ]
INFO: [ app_begin ] --START--
INFO: Run Behavior\ReadHtmlCacheBehavior [ RunTime:0.000494s ]
INFO: [ app_begin ] --END-- [ RunTime:0.000546s ]
SQL: SHOW COLUMNS FROM `fg_config` [ RunTime:0.0031s ]
SQL: SELECT `type`,`name`,`value` FROM `fg_config` WHERE `status` = 1  [ RunTime:0.0019s ]
SQL: SHOW COLUMNS FROM `fg_fans_location` [ RunTime:0.0022s ]
SQL: SELECT * FROM `fg_fans_location` WHERE `openid` = 'o97bDvkM26H9kV10QYhhUjnIFNfI' LIMIT 1   [ RunTime:0.0016s ]
SQL: UPDATE `fg_fans_location` SET `openid`='o97bDvkM26H9kV10QYhhUjnIFNfI',`lng`='119.630806',`lat`='29.092991' WHERE `openid` = 'o97bDvkM26H9kV10QYhhUjnIFNfI' [ RunTime:0.0026s ]
INFO: [ app_end ] --START--
INFO: Run Behavior\ShowPageTraceBehavior [ RunTime:0.000717s ]
INFO: [ app_end ] --END-- [ RunTime:0.000774s ]

[ 2016-06-14T07:59:56+08:00 ] 58.247.206.153 /wap.php?s=/Weixin/index.html&signature=1332e21c8eda2d5c3f8c3377be98a7392ca79b75&timestamp=1465862393&nonce=1366339005&openid=o97bDvsaVbEzUr5pqJ_7K14yuqVI
INFO: [ app_init ] --START--
INFO: Run Behavior\BuildLiteBehavior [ RunTime:0.000014s ]
INFO: Run Common\Behavior\InitHookBehavior [ RunTime:0.001152s ]
INFO: [ app_init ] --END-- [ RunTime:0.001651s ]
INFO: [ app_begin ] --START--
INFO: Run Behavior\ReadHtmlCacheBehavior [ RunTime:0.000640s ]
INFO: [ app_begin ] --END-- [ RunTime:0.000731s ]
SQL: SHOW COLUMNS FROM `fg_config` [ RunTime:0.0024s ]
SQL: SELECT `type`,`name`,`value` FROM `fg_config` WHERE `status` = 1  [ RunTime:0.0018s ]
NOTIC: [8] Undefined index: errcode /var/www/didi/ThinkPHP/Library/OT/Wechat/Wechat.class.php 第 919 行.
NOTIC: [8] Undefined index: unionid /var/www/didi/Application/Wap/Controller/WeixinController.class.php 第 261 行.
SQL: SHOW COLUMNS FROM `fg_fans` [ RunTime:0.0033s ]
SQL: SELECT * FROM `fg_fans` WHERE `openid` = 'o97bDvsaVbEzUr5pqJ_7K14yuqVI' LIMIT 1   [ RunTime:0.0019s ]
SQL: INSERT INTO `fg_fans` (`openid`,`nickname`,`headimgurl`,`sex`,`subscribe`,`subscribe_time`,`address`,`create_time`,`canalid`,`intro`) VALUES ('o97bDvsaVbEzUr5pqJ_7K14yuqVI','张哥','http://wx.qlogo.cn/mmopen/geTMXvM0DicyE9FQh0rUHbAmtJ9BXGiccsicmfvAKiblEItJw1kMf1rlIheDVWvGFfguwicBhrbh3gPShuorXfNbqvZOL3uWAzhUP/0','1','1','1465862393','中国浙江金华','1465862395','9','通过场景id=9关注') [ RunTime:0.0032s ]
SQL: SHOW COLUMNS FROM `fg_coupon_config` [ RunTime:0.0022s ]
SQL: SELECT * FROM `fg_coupon_config` WHERE `actions` = 1 AND `status` = 1  [ RunTime:0.0017s ]
SQL: SHOW COLUMNS FROM `fg_fans_coupon` [ RunTime:0.0026s ]
SQL: SELECT * FROM `fg_fans` WHERE `id` = 1207 LIMIT 1   [ RunTime:0.0018s ]
SQL: SHOW COLUMNS FROM `fg_canal` [ RunTime:0.0025s ]
SQL: SELECT * FROM `fg_canal` WHERE `id` = 9 LIMIT 1   [ RunTime:0.0016s ]
SQL: UPDATE `fg_canal` SET `click`=click+1 WHERE `id` = 9 [ RunTime:0.0026s ]
SQL: SHOW COLUMNS FROM `fg_reply` [ RunTime:0.0026s ]
SQL: SELECT * FROM `fg_reply` WHERE `status` = 1 AND `keyword` = '关注时回复' ORDER BY reply_type desc,sort desc,create_time desc LIMIT 1   [ RunTime:0.0018s ]
INFO: [ app_end ] --START--
INFO: Run Behavior\ShowPageTraceBehavior [ RunTime:0.000629s ]
INFO: [ app_end ] --END-- [ RunTime:0.000717s ]

[ 2016-06-14T08:00:02+08:00 ] 58.247.206.149 /wap.php?s=/Weixin/index.html&signature=982a038caff5d7c30f7dce20a50f6a7315fb4043&timestamp=1465862399&nonce=24650746&openid=o97bDvsaVbEzUr5pqJ_7K14yuqVI
INFO: [ app_init ] --START--
INFO: Run Behavior\BuildLiteBehavior [ RunTime:0.000032s ]
INFO: Run Common\Behavior\InitHookBehavior [ RunTime:0.001461s ]
INFO: [ app_init ] --END-- [ RunTime:0.002298s ]
INFO: [ app_begin ] --START--
INFO: Run Behavior\ReadHtmlCacheBehavior [ RunTime:0.000422s ]
INFO: [ app_begin ] --END-- [ RunTime:0.000477s ]
SQL: SHOW COLUMNS FROM `fg_config` [ RunTime:0.0027s ]
SQL: SELECT `type`,`name`,`value` FROM `fg_config` WHERE `status` = 1  [ RunTime:0.0019s ]
SQL: SHOW COLUMNS FROM `fg_fans_location` [ RunTime:0.0021s ]
SQL: SELECT * FROM `fg_fans_location` WHERE `openid` = 'o97bDvsaVbEzUr5pqJ_7K14yuqVI' LIMIT 1   [ RunTime:0.0017s ]
SQL: INSERT INTO `fg_fans_location` (`openid`,`lng`,`lat`) VALUES ('o97bDvsaVbEzUr5pqJ_7K14yuqVI','119.896133','29.445663') [ RunTime:0.0028s ]
INFO: [ app_end ] --START--
INFO: Run Behavior\ShowPageTraceBehavior [ RunTime:0.000697s ]
INFO: [ app_end ] --END-- [ RunTime:0.000751s ]

[ 2016-06-14T08:14:55+08:00 ] 121.42.0.33 /wap.php
INFO: [ app_init ] --START--
INFO: Run Behavior\BuildLiteBehavior [ RunTime:0.000022s ]
INFO: Run Common\Behavior\InitHookBehavior [ RunTime:0.001226s ]
INFO: [ app_init ] --END-- [ RunTime:0.001884s ]
INFO: [ app_begin ] --START--
INFO: Run Behavior\ReadHtmlCacheBehavior [ RunTime:0.000435s ]
INFO: [ app_begin ] --END-- [ RunTime:0.000499s ]
SQL: SHOW COLUMNS FROM `fg_city` [ RunTime:0.0025s ]
SQL: SELECT * FROM `fg_city`  [ RunTime:0.0018s ]
INFO: [ view_parse ] --START--
INFO: [ template_filter ] --START--
INFO: Run Behavior\ContentReplaceBehavior [ RunTime:0.000091s ]
INFO: [ template_filter ] --END-- [ RunTime:0.000171s ]
INFO: Run Behavior\ParseTemplateBehavior [ RunTime:0.011973s ]
INFO: [ view_parse ] --END-- [ RunTime:0.012026s ]
INFO: [ view_filter ] --START--
INFO: Run Behavior\WriteHtmlCacheBehavior [ RunTime:0.000155s ]
INFO: [ view_filter ] --END-- [ RunTime:0.000201s ]
INFO: [ app_end ] --START--
INFO: Run Behavior\ShowPageTraceBehavior [ RunTime:0.000574s ]
INFO: [ app_end ] --END-- [ RunTime:0.000625s ]

[ 2016-06-14T14:29:40+08:00 ] 58.247.206.148 /wap.php?s=/Weixin/index.html&signature=1a600c35d271860c39efc394559f91a224bb3773&timestamp=1465885777&nonce=1710244458&openid=o97bDvgvoOufwVZZ2rrdVtQZ2deU
INFO: [ app_init ] --START--
INFO: Run Behavior\BuildLiteBehavior [ RunTime:0.000019s ]
INFO: Run Common\Behavior\InitHookBehavior [ RunTime:0.001130s ]
INFO: [ app_init ] --END-- [ RunTime:0.001682s ]
INFO: [ app_begin ] --START--
INFO: Run Behavior\ReadHtmlCacheBehavior [ RunTime:0.000387s ]
INFO: [ app_begin ] --END-- [ RunTime:0.000438s ]
SQL: SHOW COLUMNS FROM `fg_config` [ RunTime:0.0029s ]
SQL: SELECT `type`,`name`,`value` FROM `fg_config` WHERE `status` = 1  [ RunTime:0.0019s ]
NOTIC: [8] Undefined index: errcode /var/www/didi/ThinkPHP/Library/OT/Wechat/Wechat.class.php 第 883 行.
NOTIC: [8] Undefined index: errcode /var/www/didi/ThinkPHP/Library/OT/Wechat/Wechat.class.php 第 919 行.
NOTIC: [8] Undefined index: unionid /var/www/didi/Application/Wap/Controller/WeixinController.class.php 第 261 行.
SQL: SHOW COLUMNS FROM `fg_fans` [ RunTime:0.0032s ]
SQL: SELECT * FROM `fg_fans` WHERE `openid` = 'o97bDvgvoOufwVZZ2rrdVtQZ2deU' LIMIT 1   [ RunTime:0.0019s ]
SQL: INSERT INTO `fg_fans` (`openid`,`nickname`,`headimgurl`,`sex`,`subscribe`,`subscribe_time`,`address`,`create_time`,`canalid`,`intro`) VALUES ('o97bDvgvoOufwVZZ2rrdVtQZ2deU','AAA💋紫黛💅🏻','http://wx.qlogo.cn/mmopen/geTMXvM0DicxFkQ08C8zWA0AAgXcrDicR5ibDHP4V8ZibFAPnXgTgWHfZXlyZY0UWNcQ58ktJI76GpxS4VibUvhXWGf3NzoalgpOw/0','2','1','1465885777','中国湖南张家界','1465885779','3','通过场景id=3关注') [ RunTime:0.0028s ]
SQL: SHOW COLUMNS FROM `fg_coupon_config` [ RunTime:0.0024s ]
SQL: SELECT * FROM `fg_coupon_config` WHERE `actions` = 1 AND `status` = 1  [ RunTime:0.0016s ]
SQL: SHOW COLUMNS FROM `fg_fans_coupon` [ RunTime:0.0023s ]
SQL: SELECT * FROM `fg_fans` WHERE `id` = 1208 LIMIT 1   [ RunTime:0.0019s ]
SQL: SHOW COLUMNS FROM `fg_canal` [ RunTime:0.0023s ]
SQL: SELECT * FROM `fg_canal` WHERE `id` = 3 LIMIT 1   [ RunTime:0.0017s ]
SQL: UPDATE `fg_canal` SET `click`=click+1 WHERE `id` = 3 [ RunTime:0.0044s ]
SQL: SHOW COLUMNS FROM `fg_reply` [ RunTime:0.0031s ]
SQL: SELECT * FROM `fg_reply` WHERE `status` = 1 AND `keyword` = '关注时回复' ORDER BY reply_type desc,sort desc,create_time desc LIMIT 1   [ RunTime:0.0017s ]
INFO: [ app_end ] --START--
INFO: Run Behavior\ShowPageTraceBehavior [ RunTime:0.000636s ]
INFO: [ app_end ] --END-- [ RunTime:0.000689s ]

[ 2016-06-14T14:29:44+08:00 ] 58.247.206.143 /wap.php?s=/Weixin/index.html&signature=c4b918db9517e40be39cfd12890534ac7fb15731&timestamp=1465885781&nonce=1299425613&openid=o97bDvgvoOufwVZZ2rrdVtQZ2deU
INFO: [ app_init ] --START--
INFO: Run Behavior\BuildLiteBehavior [ RunTime:0.000018s ]
INFO: Run Common\Behavior\InitHookBehavior [ RunTime:0.001229s ]
INFO: [ app_init ] --END-- [ RunTime:0.001738s ]
INFO: [ app_begin ] --START--
INFO: Run Behavior\ReadHtmlCacheBehavior [ RunTime:0.000385s ]
INFO: [ app_begin ] --END-- [ RunTime:0.000437s ]
SQL: SHOW COLUMNS FROM `fg_config` [ RunTime:0.0030s ]
SQL: SELECT `type`,`name`,`value` FROM `fg_config` WHERE `status` = 1  [ RunTime:0.0019s ]
SQL: SHOW COLUMNS FROM `fg_fans_location` [ RunTime:0.0022s ]
SQL: SELECT * FROM `fg_fans_location` WHERE `openid` = 'o97bDvgvoOufwVZZ2rrdVtQZ2deU' LIMIT 1   [ RunTime:0.0016s ]
SQL: INSERT INTO `fg_fans_location` (`openid`,`lng`,`lat`) VALUES ('o97bDvgvoOufwVZZ2rrdVtQZ2deU','119.6604','29.128899') [ RunTime:0.0028s ]
INFO: [ app_end ] --START--
INFO: Run Behavior\ShowPageTraceBehavior [ RunTime:0.000560s ]
INFO: [ app_end ] --END-- [ RunTime:0.000612s ]

[ 2016-06-14T14:37:35+08:00 ] 140.207.54.75 /wap.php?s=/Weixin/index.html&signature=d86383acc14d8fb060fe0f8dce5c346895ad6a33&timestamp=1465886252&nonce=2101358072&openid=o97bDvtJnViMsPFtMa2snhsKxKaY
INFO: [ app_init ] --START--
INFO: Run Behavior\BuildLiteBehavior [ RunTime:0.000016s ]
INFO: Run Common\Behavior\InitHookBehavior [ RunTime:0.001181s ]
INFO: [ app_init ] --END-- [ RunTime:0.001677s ]
INFO: [ app_begin ] --START--
INFO: Run Behavior\ReadHtmlCacheBehavior [ RunTime:0.000373s ]
INFO: [ app_begin ] --END-- [ RunTime:0.000426s ]
SQL: SHOW COLUMNS FROM `fg_config` [ RunTime:0.0029s ]
SQL: SELECT `type`,`name`,`value` FROM `fg_config` WHERE `status` = 1  [ RunTime:0.0019s ]
NOTIC: [8] Undefined index: errcode /var/www/didi/ThinkPHP/Library/OT/Wechat/Wechat.class.php 第 919 行.
NOTIC: [8] Undefined index: unionid /var/www/didi/Application/Wap/Controller/WeixinController.class.php 第 261 行.
SQL: SHOW COLUMNS FROM `fg_fans` [ RunTime:0.0039s ]
SQL: SELECT * FROM `fg_fans` WHERE `openid` = 'o97bDvtJnViMsPFtMa2snhsKxKaY' LIMIT 1   [ RunTime:0.0020s ]
SQL: INSERT INTO `fg_fans` (`openid`,`nickname`,`headimgurl`,`sex`,`subscribe`,`subscribe_time`,`address`,`create_time`,`canalid`,`intro`) VALUES ('o97bDvtJnViMsPFtMa2snhsKxKaY','我是雾你是酒馆','http://wx.qlogo.cn/mmopen/UadbjXQSYxCnY7Qonowia4wtcTWUbQiaAf1N8FuVEARKkxwdBNroLbiayycAqowWQiagXicHxkyftsBgoqgxTwicAia58mUuRvK1nsd/0','2','1','1465886252','中国浙江宁波','1465886255','3','通过场景id=3关注') [ RunTime:0.0027s ]
SQL: SHOW COLUMNS FROM `fg_coupon_config` [ RunTime:0.0026s ]
SQL: SELECT * FROM `fg_coupon_config` WHERE `actions` = 1 AND `status` = 1  [ RunTime:0.0019s ]
SQL: SHOW COLUMNS FROM `fg_fans_coupon` [ RunTime:0.0035s ]
SQL: SELECT * FROM `fg_fans` WHERE `id` = 1209 LIMIT 1   [ RunTime:0.0019s ]
SQL: SHOW COLUMNS FROM `fg_canal` [ RunTime:0.0023s ]
SQL: SELECT * FROM `fg_canal` WHERE `id` = 3 LIMIT 1   [ RunTime:0.0016s ]
SQL: UPDATE `fg_canal` SET `click`=click+1 WHERE `id` = 3 [ RunTime:0.0023s ]
SQL: SHOW COLUMNS FROM `fg_reply` [ RunTime:0.0024s ]
SQL: SELECT * FROM `fg_reply` WHERE `status` = 1 AND `keyword` = '关注时回复' ORDER BY reply_type desc,sort desc,create_time desc LIMIT 1   [ RunTime:0.0016s ]
INFO: [ app_end ] --START--
INFO: Run Behavior\ShowPageTraceBehavior [ RunTime:0.000602s ]
INFO: [ app_end ] --END-- [ RunTime:0.000655s ]

[ 2016-06-14T14:38:41+08:00 ] 58.247.206.149 /wap.php?s=/Weixin/index.html&signature=70c9df0c39f468db98a4da6e8dc5c7219f97ff51&timestamp=1465886318&nonce=639558231&openid=o97bDvsUM2KbKtN3YUR-ZnihXFZk
INFO: [ app_init ] --START--
INFO: Run Behavior\BuildLiteBehavior [ RunTime:0.000017s ]
INFO: Run Common\Behavior\InitHookBehavior [ RunTime:0.001131s ]
INFO: [ app_init ] --END-- [ RunTime:0.001684s ]
INFO: [ app_begin ] --START--
INFO: Run Behavior\ReadHtmlCacheBehavior [ RunTime:0.000449s ]
INFO: [ app_begin ] --END-- [ RunTime:0.000502s ]
SQL: SHOW COLUMNS FROM `fg_config` [ RunTime:0.0028s ]
SQL: SELECT `type`,`name`,`value` FROM `fg_config` WHERE `status` = 1  [ RunTime:0.0021s ]
NOTIC: [8] Undefined index: errcode /var/www/didi/ThinkPHP/Library/OT/Wechat/Wechat.class.php 第 919 行.
NOTIC: [8] Undefined index: unionid /var/www/didi/Application/Wap/Controller/WeixinController.class.php 第 261 行.
SQL: SHOW COLUMNS FROM `fg_fans` [ RunTime:0.0033s ]
SQL: SELECT * FROM `fg_fans` WHERE `openid` = 'o97bDvsUM2KbKtN3YUR-ZnihXFZk' LIMIT 1   [ RunTime:0.0020s ]
SQL: INSERT INTO `fg_fans` (`openid`,`nickname`,`headimgurl`,`sex`,`subscribe`,`subscribe_time`,`address`,`create_time`,`canalid`,`intro`) VALUES ('o97bDvsUM2KbKtN3YUR-ZnihXFZk','SuperLady🔱','http://wx.qlogo.cn/mmopen/UadbjXQSYxCnY7Qonowia4iccKkZaUBbrAVY18J7Lj6DBqjhCub6A4IvIicyHkc94iasw7QKBx98Quq6OrFibMoK5KberjW5S8Wxh/0','2','1','1465886318','中国浙江温州','1465886321','3','通过场景id=3关注') [ RunTime:0.0029s ]
SQL: SHOW COLUMNS FROM `fg_coupon_config` [ RunTime:0.0028s ]
SQL: SELECT * FROM `fg_coupon_config` WHERE `actions` = 1 AND `status` = 1  [ RunTime:0.0020s ]
SQL: SHOW COLUMNS FROM `fg_fans_coupon` [ RunTime:0.0028s ]
SQL: SELECT * FROM `fg_fans` WHERE `id` = 1210 LIMIT 1   [ RunTime:0.0020s ]
SQL: SHOW COLUMNS FROM `fg_canal` [ RunTime:0.0025s ]
SQL: SELECT * FROM `fg_canal` WHERE `id` = 3 LIMIT 1   [ RunTime:0.0021s ]
SQL: UPDATE `fg_canal` SET `click`=click+1 WHERE `id` = 3 [ RunTime:0.0029s ]
SQL: SHOW COLUMNS FROM `fg_reply` [ RunTime:0.0030s ]
SQL: SELECT * FROM `fg_reply` WHERE `status` = 1 AND `keyword` = '关注时回复' ORDER BY reply_type desc,sort desc,create_time desc LIMIT 1   [ RunTime:0.0020s ]
INFO: [ app_end ] --START--
INFO: Run Behavior\ShowPageTraceBehavior [ RunTime:0.000598s ]
INFO: [ app_end ] --END-- [ RunTime:0.000654s ]

[ 2016-06-14T14:38:58+08:00 ] 58.247.206.143 /wap.php?s=/Weixin/index.html&signature=ab14ba24d5a4a64233585335336d73db436a1e32&timestamp=1465886335&nonce=1008168927&openid=o97bDvhctmIt7n2eL6PbZF3s-JZU
INFO: [ app_init ] --START--
INFO: Run Behavior\BuildLiteBehavior [ RunTime:0.000024s ]
INFO: Run Common\Behavior\InitHookBehavior [ RunTime:0.001108s ]
INFO: [ app_init ] --END-- [ RunTime:0.001660s ]
INFO: [ app_begin ] --START--
INFO: Run Behavior\ReadHtmlCacheBehavior [ RunTime:0.000490s ]
INFO: [ app_begin ] --END-- [ RunTime:0.000579s ]
SQL: SHOW COLUMNS FROM `fg_config` [ RunTime:0.0028s ]
SQL: SELECT `type`,`name`,`value` FROM `fg_config` WHERE `status` = 1  [ RunTime:0.0019s ]
NOTIC: [8] Undefined index: errcode /var/www/didi/ThinkPHP/Library/OT/Wechat/Wechat.class.php 第 919 行.
NOTIC: [8] Undefined index: unionid /var/www/didi/Application/Wap/Controller/WeixinController.class.php 第 261 行.
SQL: SHOW COLUMNS FROM `fg_fans` [ RunTime:0.0037s ]
SQL: SELECT * FROM `fg_fans` WHERE `openid` = 'o97bDvhctmIt7n2eL6PbZF3s-JZU' LIMIT 1   [ RunTime:0.0018s ]
SQL: INSERT INTO `fg_fans` (`openid`,`nickname`,`headimgurl`,`sex`,`subscribe`,`subscribe_time`,`address`,`create_time`,`canalid`,`intro`) VALUES ('o97bDvhctmIt7n2eL6PbZF3s-JZU','533👠','http://wx.qlogo.cn/mmopen/UadbjXQSYxAWsnWyP2LbwIjfGa22TiaSiaJeVdH0kBeUv6uXneeNg5BibaCpjYxiaibOMolA0ErTK63CiaMibD12HD7jA/0','2','1','1465886335','中国浙江宁波','1465886337','3','通过场景id=3关注') [ RunTime:0.0051s ]
SQL: SHOW COLUMNS FROM `fg_coupon_config` [ RunTime:0.0023s ]
SQL: SELECT * FROM `fg_coupon_config` WHERE `actions` = 1 AND `status` = 1  [ RunTime:0.0017s ]
SQL: SHOW COLUMNS FROM `fg_fans_coupon` [ RunTime:0.0026s ]
SQL: SELECT * FROM `fg_fans` WHERE `id` = 1211 LIMIT 1   [ RunTime:0.0018s ]
SQL: SHOW COLUMNS FROM `fg_canal` [ RunTime:0.0026s ]
SQL: SELECT * FROM `fg_canal` WHERE `id` = 3 LIMIT 1   [ RunTime:0.0017s ]
SQL: UPDATE `fg_canal` SET `click`=click+1 WHERE `id` = 3 [ RunTime:0.0027s ]
SQL: SHOW COLUMNS FROM `fg_reply` [ RunTime:0.0025s ]
SQL: SELECT * FROM `fg_reply` WHERE `status` = 1 AND `keyword` = '关注时回复' ORDER BY reply_type desc,sort desc,create_time desc LIMIT 1   [ RunTime:0.0018s ]
INFO: [ app_end ] --START--
INFO: Run Behavior\ShowPageTraceBehavior [ RunTime:0.000570s ]
INFO: [ app_end ] --END-- [ RunTime:0.000622s ]

[ 2016-06-14T14:39:10+08:00 ] 58.247.206.148 /wap.php?s=/Weixin/index.html&signature=4efe33c84c10dc6f8850f1941d74ebad0f8e710d&timestamp=1465886347&nonce=1383009839&openid=o97bDvhctmIt7n2eL6PbZF3s-JZU
INFO: [ app_init ] --START--
INFO: Run Behavior\BuildLiteBehavior [ RunTime:0.000016s ]
INFO: Run Common\Behavior\InitHookBehavior [ RunTime:0.001114s ]
INFO: [ app_init ] --END-- [ RunTime:0.001615s ]
INFO: [ app_begin ] --START--
INFO: Run Behavior\ReadHtmlCacheBehavior [ RunTime:0.000369s ]
INFO: [ app_begin ] --END-- [ RunTime:0.000422s ]
SQL: SHOW COLUMNS FROM `fg_config` [ RunTime:0.0027s ]
SQL: SELECT `type`,`name`,`value` FROM `fg_config` WHERE `status` = 1  [ RunTime:0.0018s ]
SQL: SHOW COLUMNS FROM `fg_fans` [ RunTime:0.0035s ]
SQL: UPDATE `fg_fans` SET `subscribe`='0' WHERE `openid` = 'o97bDvhctmIt7n2eL6PbZF3s-JZU' [ RunTime:0.0027s ]
INFO: [ app_end ] --START--
INFO: Run Behavior\ShowPageTraceBehavior [ RunTime:0.000486s ]
INFO: [ app_end ] --END-- [ RunTime:0.000537s ]

[ 2016-06-14T15:00:08+08:00 ] 140.207.54.79 /wap.php?s=/Weixin/index.html&signature=28583ac9c5992808a31c846091006ed88b948ee6&timestamp=1465887606&nonce=40230752&openid=o97bDvitrIo0wtn7CuMhYd5cTsdQ
INFO: [ app_init ] --START--
INFO: Run Behavior\BuildLiteBehavior [ RunTime:0.000016s ]
INFO: Run Common\Behavior\InitHookBehavior [ RunTime:0.001133s ]
INFO: [ app_init ] --END-- [ RunTime:0.001621s ]
INFO: [ app_begin ] --START--
INFO: Run Behavior\ReadHtmlCacheBehavior [ RunTime:0.000445s ]
INFO: [ app_begin ] --END-- [ RunTime:0.000498s ]
SQL: SHOW COLUMNS FROM `fg_config` [ RunTime:0.0028s ]
SQL: SELECT `type`,`name`,`value` FROM `fg_config` WHERE `status` = 1  [ RunTime:0.0019s ]
NOTIC: [8] Undefined index: errcode /var/www/didi/ThinkPHP/Library/OT/Wechat/Wechat.class.php 第 919 行.
NOTIC: [8] Undefined index: unionid /var/www/didi/Application/Wap/Controller/WeixinController.class.php 第 261 行.
SQL: SHOW COLUMNS FROM `fg_fans` [ RunTime:0.0039s ]
SQL: SELECT * FROM `fg_fans` WHERE `openid` = 'o97bDvitrIo0wtn7CuMhYd5cTsdQ' LIMIT 1   [ RunTime:0.0018s ]
SQL: INSERT INTO `fg_fans` (`openid`,`nickname`,`headimgurl`,`sex`,`subscribe`,`subscribe_time`,`address`,`create_time`,`canalid`,`intro`) VALUES ('o97bDvitrIo0wtn7CuMhYd5cTsdQ','露露','http://wx.qlogo.cn/mmopen/icFTnRoibgibpibjvldpFsbfR3llicicetc1ichzfPCDxcnYDK5icFUj18ZickEnljrauWeVaR3n3oCzUxoAGPReLtYIZRw/0','2','1','1465887606','中国浙江衢州','1465887608','3','通过场景id=3关注') [ RunTime:0.0028s ]
SQL: SHOW COLUMNS FROM `fg_coupon_config` [ RunTime:0.0026s ]
SQL: SELECT * FROM `fg_coupon_config` WHERE `actions` = 1 AND `status` = 1  [ RunTime:0.0016s ]
SQL: SHOW COLUMNS FROM `fg_fans_coupon` [ RunTime:0.0029s ]
SQL: SELECT * FROM `fg_fans` WHERE `id` = 1212 LIMIT 1   [ RunTime:0.0017s ]
SQL: SHOW COLUMNS FROM `fg_canal` [ RunTime:0.0024s ]
SQL: SELECT * FROM `fg_canal` WHERE `id` = 3 LIMIT 1   [ RunTime:0.0015s ]
SQL: UPDATE `fg_canal` SET `click`=click+1 WHERE `id` = 3 [ RunTime:0.0097s ]
SQL: SHOW COLUMNS FROM `fg_reply` [ RunTime:0.0027s ]
SQL: SELECT * FROM `fg_reply` WHERE `status` = 1 AND `keyword` = '关注时回复' ORDER BY reply_type desc,sort desc,create_time desc LIMIT 1   [ RunTime:0.0017s ]
INFO: [ app_end ] --START--
INFO: Run Behavior\ShowPageTraceBehavior [ RunTime:0.000616s ]
INFO: [ app_end ] --END-- [ RunTime:0.000685s ]

[ 2016-06-14T15:40:54+08:00 ] 58.247.206.142 /wap.php?s=/Weixin/index.html&signature=7b647c8f12a89a6fa56a0a2aef6a447e955a1904&timestamp=1465890052&nonce=1989227334&openid=o97bDvl_dlFEl-M34DI6PJY30r08
INFO: [ app_init ] --START--
INFO: Run Behavior\BuildLiteBehavior [ RunTime:0.000016s ]
INFO: Run Common\Behavior\InitHookBehavior [ RunTime:0.001286s ]
INFO: [ app_init ] --END-- [ RunTime:0.001925s ]
INFO: [ app_begin ] --START--
INFO: Run Behavior\ReadHtmlCacheBehavior [ RunTime:0.000366s ]
INFO: [ app_begin ] --END-- [ RunTime:0.000418s ]
SQL: SHOW COLUMNS FROM `fg_config` [ RunTime:0.0053s ]
SQL: SELECT `type`,`name`,`value` FROM `fg_config` WHERE `status` = 1  [ RunTime:0.0040s ]
SQL: SHOW COLUMNS FROM `fg_fans` [ RunTime:0.0040s ]
SQL: UPDATE `fg_fans` SET `subscribe`='0' WHERE `openid` = 'o97bDvl_dlFEl-M34DI6PJY30r08' [ RunTime:0.0030s ]
INFO: [ app_end ] --START--
INFO: Run Behavior\ShowPageTraceBehavior [ RunTime:0.000568s ]
INFO: [ app_end ] --END-- [ RunTime:0.000636s ]

[ 2016-06-14T16:40:43+08:00 ] 140.207.54.73 /wap.php?s=/Weixin/index.html&signature=fd5e8f7ebd6899128457b1fe4609678ea46ff5c8&timestamp=1465893640&nonce=1729625485&openid=o97bDvtJnViMsPFtMa2snhsKxKaY
INFO: [ app_init ] --START--
INFO: Run Behavior\BuildLiteBehavior [ RunTime:0.000016s ]
INFO: Run Common\Behavior\InitHookBehavior [ RunTime:0.001104s ]
INFO: [ app_init ] --END-- [ RunTime:0.001636s ]
INFO: [ app_begin ] --START--
INFO: Run Behavior\ReadHtmlCacheBehavior [ RunTime:0.000399s ]
INFO: [ app_begin ] --END-- [ RunTime:0.000450s ]
SQL: SHOW COLUMNS FROM `fg_config` [ RunTime:0.0027s ]
SQL: SELECT `type`,`name`,`value` FROM `fg_config` WHERE `status` = 1  [ RunTime:0.0018s ]
SQL: SHOW COLUMNS FROM `fg_fans` [ RunTime:0.0033s ]
SQL: UPDATE `fg_fans` SET `subscribe`='0' WHERE `openid` = 'o97bDvtJnViMsPFtMa2snhsKxKaY' [ RunTime:0.0025s ]
INFO: [ app_end ] --START--
INFO: Run Behavior\ShowPageTraceBehavior [ RunTime:0.000613s ]
INFO: [ app_end ] --END-- [ RunTime:0.000667s ]

[ 2016-06-14T16:44:12+08:00 ] 58.247.206.149 /wap.php?s=/Weixin/index.html&signature=d5984509e5e714ed6cd44f1614cf657b61177934&timestamp=1465893849&nonce=1903869871&openid=o97bDvhW8uP8LfohCwQexCkbs5Uk
INFO: [ app_init ] --START--
INFO: Run Behavior\BuildLiteBehavior [ RunTime:0.000016s ]
INFO: Run Common\Behavior\InitHookBehavior [ RunTime:0.001129s ]
INFO: [ app_init ] --END-- [ RunTime:0.001652s ]
INFO: [ app_begin ] --START--
INFO: Run Behavior\ReadHtmlCacheBehavior [ RunTime:0.000369s ]
INFO: [ app_begin ] --END-- [ RunTime:0.000432s ]
SQL: SHOW COLUMNS FROM `fg_config` [ RunTime:0.0026s ]
SQL: SELECT `type`,`name`,`value` FROM `fg_config` WHERE `status` = 1  [ RunTime:0.0018s ]
NOTIC: [8] Undefined index: errcode /var/www/didi/ThinkPHP/Library/OT/Wechat/Wechat.class.php 第 883 行.
NOTIC: [8] Undefined index: errcode /var/www/didi/ThinkPHP/Library/OT/Wechat/Wechat.class.php 第 919 行.
NOTIC: [8] Undefined index: unionid /var/www/didi/Application/Wap/Controller/WeixinController.class.php 第 261 行.
SQL: SHOW COLUMNS FROM `fg_fans` [ RunTime:0.0039s ]
SQL: SELECT * FROM `fg_fans` WHERE `openid` = 'o97bDvhW8uP8LfohCwQexCkbs5Uk' LIMIT 1   [ RunTime:0.0017s ]
SQL: INSERT INTO `fg_fans` (`openid`,`nickname`,`headimgurl`,`sex`,`subscribe`,`subscribe_time`,`address`,`create_time`,`canalid`,`intro`) VALUES ('o97bDvhW8uP8LfohCwQexCkbs5Uk','再见旧时光','http://wx.qlogo.cn/mmopen/icFTnRoibgibpicKbWj1QpxUmHtK1jjpibMYNLv1A0ev5OCAUFDxcz0A47ib8Yhfb7vcT2dYdn1fianKcLicNjG4Z5MKPg/0','1','1','1465893849','中国浙江金华','1465893851','12','通过场景id=12关注') [ RunTime:0.0041s ]
SQL: SHOW COLUMNS FROM `fg_coupon_config` [ RunTime:0.0026s ]
SQL: SELECT * FROM `fg_coupon_config` WHERE `actions` = 1 AND `status` = 1  [ RunTime:0.0016s ]
SQL: SHOW COLUMNS FROM `fg_fans_coupon` [ RunTime:0.0025s ]
SQL: SELECT * FROM `fg_fans` WHERE `id` = 1213 LIMIT 1   [ RunTime:0.0017s ]
SQL: SHOW COLUMNS FROM `fg_canal` [ RunTime:0.0024s ]
SQL: SELECT * FROM `fg_canal` WHERE `id` = 12 LIMIT 1   [ RunTime:0.0016s ]
SQL: UPDATE `fg_canal` SET `click`=click+1 WHERE `id` = 12 [ RunTime:0.0064s ]
SQL: SHOW COLUMNS FROM `fg_reply` [ RunTime:0.0025s ]
SQL: SELECT * FROM `fg_reply` WHERE `status` = 1 AND `keyword` = '关注时回复' ORDER BY reply_type desc,sort desc,create_time desc LIMIT 1   [ RunTime:0.0018s ]
INFO: [ app_end ] --START--
INFO: Run Behavior\ShowPageTraceBehavior [ RunTime:0.000637s ]
INFO: [ app_end ] --END-- [ RunTime:0.000694s ]

[ 2016-06-14T16:45:08+08:00 ] 140.207.54.79 /wap.php?s=/Weixin/index.html&signature=d43deb324ac5b36f2895d244a9ccaf6ceff45e3d&timestamp=1465893906&nonce=1422662426&openid=o97bDvmQNOd8BqWaqctnFe7DNc0I
INFO: [ app_init ] --START--
INFO: Run Behavior\BuildLiteBehavior [ RunTime:0.000017s ]
INFO: Run Common\Behavior\InitHookBehavior [ RunTime:0.001114s ]
INFO: [ app_init ] --END-- [ RunTime:0.001646s ]
INFO: [ app_begin ] --START--
INFO: Run Behavior\ReadHtmlCacheBehavior [ RunTime:0.000368s ]
INFO: [ app_begin ] --END-- [ RunTime:0.000419s ]
SQL: SHOW COLUMNS FROM `fg_config` [ RunTime:0.0029s ]
SQL: SELECT `type`,`name`,`value` FROM `fg_config` WHERE `status` = 1  [ RunTime:0.0022s ]
NOTIC: [8] Undefined index: errcode /var/www/didi/ThinkPHP/Library/OT/Wechat/Wechat.class.php 第 919 行.
NOTIC: [8] Undefined index: unionid /var/www/didi/Application/Wap/Controller/WeixinController.class.php 第 261 行.
SQL: SHOW COLUMNS FROM `fg_fans` [ RunTime:0.0041s ]
SQL: SELECT * FROM `fg_fans` WHERE `openid` = 'o97bDvmQNOd8BqWaqctnFe7DNc0I' LIMIT 1   [ RunTime:0.0021s ]
SQL: INSERT INTO `fg_fans` (`openid`,`nickname`,`headimgurl`,`sex`,`subscribe`,`subscribe_time`,`address`,`create_time`,`canalid`,`intro`) VALUES ('o97bDvmQNOd8BqWaqctnFe7DNc0I','［微信红包］恭喜发财，大吉大利','http://wx.qlogo.cn/mmopen/geTMXvM0DicyE9FQh0rUHbPw5E1jfQ0d32YnIfD60SYLJ7VEjIiaA8x7GP0tlV2x1d03hHnEngQERZMJbMFDxdzBib6w7oicyXGt/0','1','1','1465893905','中国浙江金华','1465893908','12','通过场景id=12关注') [ RunTime:0.0034s ]
SQL: SHOW COLUMNS FROM `fg_coupon_config` [ RunTime:0.0027s ]
SQL: SELECT * FROM `fg_coupon_config` WHERE `actions` = 1 AND `status` = 1  [ RunTime:0.0076s ]
SQL: SHOW COLUMNS FROM `fg_fans_coupon` [ RunTime:0.0032s ]
SQL: SELECT * FROM `fg_fans` WHERE `id` = 1214 LIMIT 1   [ RunTime:0.0020s ]
SQL: SHOW COLUMNS FROM `fg_canal` [ RunTime:0.0027s ]
SQL: SELECT * FROM `fg_canal` WHERE `id` = 12 LIMIT 1   [ RunTime:0.0026s ]
SQL: UPDATE `fg_canal` SET `click`=click+1 WHERE `id` = 12 [ RunTime:0.0043s ]
SQL: SHOW COLUMNS FROM `fg_reply` [ RunTime:0.0029s ]
SQL: SELECT * FROM `fg_reply` WHERE `status` = 1 AND `keyword` = '关注时回复' ORDER BY reply_type desc,sort desc,create_time desc LIMIT 1   [ RunTime:0.0020s ]
INFO: [ app_end ] --START--
INFO: Run Behavior\ShowPageTraceBehavior [ RunTime:0.000671s ]
INFO: [ app_end ] --END-- [ RunTime:0.000745s ]

[ 2016-06-14T16:45:17+08:00 ] 140.207.54.79 /wap.php?s=/Weixin/index.html&signature=ff6644f561de667aef31dfc5b7deaf543d33c63f&timestamp=1465893914&nonce=1519725061&openid=o97bDvmQNOd8BqWaqctnFe7DNc0I
INFO: [ app_init ] --START--
INFO: Run Behavior\BuildLiteBehavior [ RunTime:0.000019s ]
INFO: Run Common\Behavior\InitHookBehavior [ RunTime:0.001371s ]
INFO: [ app_init ] --END-- [ RunTime:0.001920s ]
INFO: [ app_begin ] --START--
INFO: Run Behavior\ReadHtmlCacheBehavior [ RunTime:0.000611s ]
INFO: [ app_begin ] --END-- [ RunTime:0.000694s ]
SQL: SHOW COLUMNS FROM `fg_config` [ RunTime:0.0033s ]
SQL: SELECT `type`,`name`,`value` FROM `fg_config` WHERE `status` = 1  [ RunTime:0.0022s ]
SQL: SHOW COLUMNS FROM `fg_fans_location` [ RunTime:0.0024s ]
SQL: SELECT * FROM `fg_fans_location` WHERE `openid` = 'o97bDvmQNOd8BqWaqctnFe7DNc0I' LIMIT 1   [ RunTime:0.0018s ]
SQL: INSERT INTO `fg_fans_location` (`openid`,`lng`,`lat`) VALUES ('o97bDvmQNOd8BqWaqctnFe7DNc0I','119.889275','29.44561') [ RunTime:0.0029s ]
INFO: [ app_end ] --START--
INFO: Run Behavior\ShowPageTraceBehavior [ RunTime:0.000624s ]
INFO: [ app_end ] --END-- [ RunTime:0.000695s ]

[ 2016-06-14T16:46:19+08:00 ] 140.207.54.79 /wap.php?s=/Weixin/index.html&signature=3a7d99d8b3863c3dbe89a4d4caa4255a58625c84&timestamp=1465893976&nonce=727941577&openid=o97bDvmQNOd8BqWaqctnFe7DNc0I
INFO: [ app_init ] --START--
INFO: Run Behavior\BuildLiteBehavior [ RunTime:0.000017s ]
INFO: Run Common\Behavior\InitHookBehavior [ RunTime:0.001060s ]
INFO: [ app_init ] --END-- [ RunTime:0.001579s ]
INFO: [ app_begin ] --START--
INFO: Run Behavior\ReadHtmlCacheBehavior [ RunTime:0.000387s ]
INFO: [ app_begin ] --END-- [ RunTime:0.000439s ]
SQL: SHOW COLUMNS FROM `fg_config` [ RunTime:0.0028s ]
SQL: SELECT `type`,`name`,`value` FROM `fg_config` WHERE `status` = 1  [ RunTime:0.0021s ]
SQL: SHOW COLUMNS FROM `fg_fans_location` [ RunTime:0.0025s ]
SQL: SELECT * FROM `fg_fans_location` WHERE `openid` = 'o97bDvmQNOd8BqWaqctnFe7DNc0I' LIMIT 1   [ RunTime:0.0019s ]
SQL: UPDATE `fg_fans_location` SET `openid`='o97bDvmQNOd8BqWaqctnFe7DNc0I',`lng`='119.889275',`lat`='29.44561' WHERE `openid` = 'o97bDvmQNOd8BqWaqctnFe7DNc0I' [ RunTime:0.0023s ]
INFO: [ app_end ] --START--
INFO: Run Behavior\ShowPageTraceBehavior [ RunTime:0.000504s ]
INFO: [ app_end ] --END-- [ RunTime:0.000555s ]

[ 2016-06-14T16:46:23+08:00 ] 140.207.54.79 /wap.php?s=/Weixin/index.html&signature=ec3b0f8c5ec347a7542a3f90ddf0cf36ad615e69&timestamp=1465893980&nonce=706938814&openid=o97bDvmQNOd8BqWaqctnFe7DNc0I
INFO: [ app_init ] --START--
INFO: Run Behavior\BuildLiteBehavior [ RunTime:0.000017s ]
INFO: Run Common\Behavior\InitHookBehavior [ RunTime:0.001099s ]
INFO: [ app_init ] --END-- [ RunTime:0.001606s ]
INFO: [ app_begin ] --START--
INFO: Run Behavior\ReadHtmlCacheBehavior [ RunTime:0.000391s ]
INFO: [ app_begin ] --END-- [ RunTime:0.000443s ]
SQL: SHOW COLUMNS FROM `fg_config` [ RunTime:0.0028s ]
SQL: SELECT `type`,`name`,`value` FROM `fg_config` WHERE `status` = 1  [ RunTime:0.0021s ]
INFO: [ app_end ] --START--
INFO: Run Behavior\ShowPageTraceBehavior [ RunTime:0.000974s ]
INFO: [ app_end ] --END-- [ RunTime:0.001069s ]

[ 2016-06-14T16:46:57+08:00 ] 140.207.54.76 /wap.php?s=/Weixin/index.html&signature=7d9aeb67db540cff36ee679e367305df41445256&timestamp=1465894014&nonce=1836938591&openid=o97bDvmQNOd8BqWaqctnFe7DNc0I
INFO: [ app_init ] --START--
INFO: Run Behavior\BuildLiteBehavior [ RunTime:0.000015s ]
INFO: Run Common\Behavior\InitHookBehavior [ RunTime:0.001099s ]
INFO: [ app_init ] --END-- [ RunTime:0.001656s ]
INFO: [ app_begin ] --START--
INFO: Run Behavior\ReadHtmlCacheBehavior [ RunTime:0.000360s ]
INFO: [ app_begin ] --END-- [ RunTime:0.000411s ]
SQL: SHOW COLUMNS FROM `fg_config` [ RunTime:0.0032s ]
SQL: SELECT `type`,`name`,`value` FROM `fg_config` WHERE `status` = 1  [ RunTime:0.0021s ]
SQL: SHOW COLUMNS FROM `fg_fans_location` [ RunTime:0.0021s ]
SQL: SELECT * FROM `fg_fans_location` WHERE `openid` = 'o97bDvmQNOd8BqWaqctnFe7DNc0I' LIMIT 1   [ RunTime:0.0016s ]
SQL: UPDATE `fg_fans_location` SET `openid`='o97bDvmQNOd8BqWaqctnFe7DNc0I',`lng`='119.889275',`lat`='29.44561' WHERE `openid` = 'o97bDvmQNOd8BqWaqctnFe7DNc0I' [ RunTime:0.0019s ]
INFO: [ app_end ] --START--
INFO: Run Behavior\ShowPageTraceBehavior [ RunTime:0.000588s ]
INFO: [ app_end ] --END-- [ RunTime:0.000646s ]

[ 2016-06-14T16:47:07+08:00 ] 140.207.54.79 /wap.php?s=/Weixin/index.html&signature=8270347932dd826b90056a270eab81f8cc26a222&timestamp=1465894024&nonce=294936586&openid=o97bDvmQNOd8BqWaqctnFe7DNc0I
INFO: [ app_init ] --START--
INFO: Run Behavior\BuildLiteBehavior [ RunTime:0.000019s ]
INFO: Run Common\Behavior\InitHookBehavior [ RunTime:0.001193s ]
INFO: [ app_init ] --END-- [ RunTime:0.001777s ]
INFO: [ app_begin ] --START--
INFO: Run Behavior\ReadHtmlCacheBehavior [ RunTime:0.000459s ]
INFO: [ app_begin ] --END-- [ RunTime:0.000516s ]
SQL: SHOW COLUMNS FROM `fg_config` [ RunTime:0.0030s ]
SQL: SELECT `type`,`name`,`value` FROM `fg_config` WHERE `status` = 1  [ RunTime:0.0020s ]
INFO: [ app_end ] --START--
INFO: Run Behavior\ShowPageTraceBehavior [ RunTime:0.000459s ]
INFO: [ app_end ] --END-- [ RunTime:0.000530s ]

[ 2016-06-14T16:47:07+08:00 ] 101.226.125.121 /wap.php/Fans/info.html
INFO: [ app_init ] --START--
INFO: Run Behavior\BuildLiteBehavior [ RunTime:0.000015s ]
INFO: Run Common\Behavior\InitHookBehavior [ RunTime:0.001105s ]
INFO: [ app_init ] --END-- [ RunTime:0.001645s ]
INFO: [ app_begin ] --START--
INFO: Run Behavior\ReadHtmlCacheBehavior [ RunTime:0.000368s ]
INFO: [ app_begin ] --END-- [ RunTime:0.000418s ]
SQL: SHOW COLUMNS FROM `fg_config` [ RunTime:0.0026s ]
SQL: SELECT `type`,`name`,`value` FROM `fg_config` WHERE `status` = 1  [ RunTime:0.0020s ]
SQL: SELECT `type`,`name`,`value` FROM `fg_config` WHERE `status` = 1  [ RunTime:0.0019s ]
SQL: SHOW COLUMNS FROM `fg_fans_city` [ RunTime:0.0023s ]
SQL: SELECT `city` FROM `fg_fans_city` WHERE `openid` = null LIMIT 1   [ RunTime:0.0016s ]

[ 2016-06-14T16:47:09+08:00 ] 101.226.125.121 /wap.php/Fans/info.html?code=041Vi27s0m9yos1M2bas08i27s0Vi27f&state=base
INFO: [ app_init ] --START--
INFO: Run Behavior\BuildLiteBehavior [ RunTime:0.000016s ]
INFO: Run Common\Behavior\InitHookBehavior [ RunTime:0.001107s ]
INFO: [ app_init ] --END-- [ RunTime:0.001617s ]
INFO: [ app_begin ] --START--
INFO: Run Behavior\ReadHtmlCacheBehavior [ RunTime:0.000383s ]
INFO: [ app_begin ] --END-- [ RunTime:0.000445s ]
SQL: SHOW COLUMNS FROM `fg_config` [ RunTime:0.0025s ]
SQL: SELECT `type`,`name`,`value` FROM `fg_config` WHERE `status` = 1  [ RunTime:0.0019s ]
SQL: SELECT `type`,`name`,`value` FROM `fg_config` WHERE `status` = 1  [ RunTime:0.0019s ]
SQL: SHOW COLUMNS FROM `fg_fans_city` [ RunTime:0.0021s ]
SQL: SELECT `city` FROM `fg_fans_city` WHERE `openid` = null LIMIT 1   [ RunTime:0.0017s ]
NOTIC: [8] Undefined index: unionid /var/www/didi/Application/Wap/Controller/WapController.class.php 第 134 行.
SQL: SHOW COLUMNS FROM `fg_fans` [ RunTime:0.0040s ]
SQL: SELECT * FROM `fg_fans` WHERE `openid` = 'o97bDvmQNOd8BqWaqctnFe7DNc0I' LIMIT 1   [ RunTime:0.0020s ]
SQL: SELECT * FROM `fg_fans` WHERE `openid` = 'o97bDvmQNOd8BqWaqctnFe7DNc0I' LIMIT 1   [ RunTime:0.0019s ]
SQL: SHOW COLUMNS FROM `fg_maintain_order` [ RunTime:0.0028s ]
SQL: SELECT COUNT(*) AS tp_count FROM `fg_maintain_order` WHERE `openid` = 'o97bDvmQNOd8BqWaqctnFe7DNc0I' AND `status` <= 1 LIMIT 1   [ RunTime:0.0018s ]
SQL: SHOW COLUMNS FROM `fg_mall_order` [ RunTime:0.0028s ]
SQL: SELECT COUNT(*) AS tp_count FROM `fg_mall_order` WHERE `openid` = 'o97bDvmQNOd8BqWaqctnFe7DNc0I' AND `status` = 0 LIMIT 1   [ RunTime:0.0018s ]
SQL: SHOW COLUMNS FROM `fg_rentbike_order` [ RunTime:0.0028s ]
SQL: SELECT COUNT(*) AS tp_count FROM `fg_rentbike_order` WHERE `openid` = 'o97bDvmQNOd8BqWaqctnFe7DNc0I' AND `status` = 0 LIMIT 1   [ RunTime:0.0018s ]
SQL: SHOW COLUMNS FROM `fg_repair_order` [ RunTime:0.0052s ]
SQL: SELECT COUNT(*) AS tp_count FROM `fg_repair_order` WHERE `openid` = 'o97bDvmQNOd8BqWaqctnFe7DNc0I' AND `status` <= 1 LIMIT 1   [ RunTime:0.0018s ]
SQL: SHOW COLUMNS FROM `fg_charge_order` [ RunTime:0.0025s ]
SQL: SELECT COUNT(*) AS tp_count FROM `fg_charge_order` WHERE `openid` = 'o97bDvmQNOd8BqWaqctnFe7DNc0I' AND `status` = 0 LIMIT 1   [ RunTime:0.0017s ]
SQL: SHOW COLUMNS FROM `fg_fans_coupon` [ RunTime:0.0026s ]
SQL: SELECT COUNT(*) AS tp_count FROM `fg_fans_coupon` WHERE `uid` = 1214 AND `status` = 1 LIMIT 1   [ RunTime:0.0017s ]
SQL: SHOW COLUMNS FROM `fg_fans_bike` [ RunTime:0.0022s ]
SQL: SELECT * FROM `fg_fans_bike` WHERE `uid` = 1214 LIMIT 1   [ RunTime:0.0017s ]
INFO: [ view_parse ] --START--
INFO: [ template_filter ] --START--
INFO: Run Behavior\ContentReplaceBehavior [ RunTime:0.000088s ]
INFO: [ template_filter ] --END-- [ RunTime:0.000143s ]
INFO: Run Behavior\ParseTemplateBehavior [ RunTime:0.010801s ]
INFO: [ view_parse ] --END-- [ RunTime:0.010864s ]
INFO: [ view_filter ] --START--
INFO: Run Behavior\WriteHtmlCacheBehavior [ RunTime:0.000127s ]
INFO: [ view_filter ] --END-- [ RunTime:0.000166s ]
INFO: [ app_end ] --START--
INFO: Run Behavior\ShowPageTraceBehavior [ RunTime:0.000447s ]
INFO: [ app_end ] --END-- [ RunTime:0.000498s ]

[ 2016-06-14T16:47:21+08:00 ] 140.207.54.80 /wap.php?s=/Weixin/index.html&signature=43e38226342a2da582c654019090232ed52f24d4&timestamp=1465894038&nonce=919473258&openid=o97bDvmQNOd8BqWaqctnFe7DNc0I
INFO: [ app_init ] --START--
INFO: Run Behavior\BuildLiteBehavior [ RunTime:0.000018s ]
INFO: Run Common\Behavior\InitHookBehavior [ RunTime:0.001031s ]
INFO: [ app_init ] --END-- [ RunTime:0.001555s ]
INFO: [ app_begin ] --START--
INFO: Run Behavior\ReadHtmlCacheBehavior [ RunTime:0.000374s ]
INFO: [ app_begin ] --END-- [ RunTime:0.000424s ]
SQL: SHOW COLUMNS FROM `fg_config` [ RunTime:0.0026s ]
SQL: SELECT `type`,`name`,`value` FROM `fg_config` WHERE `status` = 1  [ RunTime:0.0020s ]
SQL: SHOW COLUMNS FROM `fg_fans_location` [ RunTime:0.0021s ]
SQL: SELECT * FROM `fg_fans_location` WHERE `openid` = 'o97bDvmQNOd8BqWaqctnFe7DNc0I' LIMIT 1   [ RunTime:0.0015s ]
SQL: UPDATE `fg_fans_location` SET `openid`='o97bDvmQNOd8BqWaqctnFe7DNc0I',`lng`='119.889275',`lat`='29.44561' WHERE `openid` = 'o97bDvmQNOd8BqWaqctnFe7DNc0I' [ RunTime:0.0018s ]
INFO: [ app_end ] --START--
INFO: Run Behavior\ShowPageTraceBehavior [ RunTime:0.000603s ]
INFO: [ app_end ] --END-- [ RunTime:0.000663s ]

[ 2016-06-14T16:47:30+08:00 ] 140.207.54.79 /wap.php?s=/Weixin/index.html&signature=d6fe347da7ef66fe68a255ad217649c83d726151&timestamp=1465894047&nonce=385953006&openid=o97bDvmQNOd8BqWaqctnFe7DNc0I
INFO: [ app_init ] --START--
INFO: Run Behavior\BuildLiteBehavior [ RunTime:0.000019s ]
INFO: Run Common\Behavior\InitHookBehavior [ RunTime:0.001067s ]
INFO: [ app_init ] --END-- [ RunTime:0.001608s ]
INFO: [ app_begin ] --START--
INFO: Run Behavior\ReadHtmlCacheBehavior [ RunTime:0.000369s ]
INFO: [ app_begin ] --END-- [ RunTime:0.000420s ]
SQL: SHOW COLUMNS FROM `fg_config` [ RunTime:0.0027s ]
SQL: SELECT `type`,`name`,`value` FROM `fg_config` WHERE `status` = 1  [ RunTime:0.0019s ]
SQL: SHOW COLUMNS FROM `fg_fans` [ RunTime:0.0034s ]
SQL: UPDATE `fg_fans` SET `subscribe`='0' WHERE `openid` = 'o97bDvmQNOd8BqWaqctnFe7DNc0I' [ RunTime:0.0043s ]
INFO: [ app_end ] --START--
INFO: Run Behavior\ShowPageTraceBehavior [ RunTime:0.000699s ]
INFO: [ app_end ] --END-- [ RunTime:0.000758s ]

[ 2016-06-14T16:56:06+08:00 ] 140.207.54.80 /wap.php?s=/Weixin/index.html&signature=3e77fb7788601016788a2173065511b8f61add1a&timestamp=1465894563&nonce=541337482&openid=o97bDvthuxudPvTLXneK054GVyIM
INFO: [ app_init ] --START--
INFO: Run Behavior\BuildLiteBehavior [ RunTime:0.000016s ]
INFO: Run Common\Behavior\InitHookBehavior [ RunTime:0.001079s ]
INFO: [ app_init ] --END-- [ RunTime:0.001596s ]
INFO: [ app_begin ] --START--
INFO: Run Behavior\ReadHtmlCacheBehavior [ RunTime:0.000368s ]
INFO: [ app_begin ] --END-- [ RunTime:0.000420s ]
SQL: SHOW COLUMNS FROM `fg_config` [ RunTime:0.0036s ]
SQL: SELECT `type`,`name`,`value` FROM `fg_config` WHERE `status` = 1  [ RunTime:0.0019s ]
NOTIC: [8] Undefined index: errcode /var/www/didi/ThinkPHP/Library/OT/Wechat/Wechat.class.php 第 919 行.
NOTIC: [8] Undefined index: unionid /var/www/didi/Application/Wap/Controller/WeixinController.class.php 第 261 行.
SQL: SHOW COLUMNS FROM `fg_fans` [ RunTime:0.0035s ]
SQL: SELECT * FROM `fg_fans` WHERE `openid` = 'o97bDvthuxudPvTLXneK054GVyIM' LIMIT 1   [ RunTime:0.0020s ]
SQL: INSERT INTO `fg_fans` (`openid`,`nickname`,`headimgurl`,`sex`,`subscribe`,`subscribe_time`,`address`,`create_time`,`canalid`,`intro`) VALUES ('o97bDvthuxudPvTLXneK054GVyIM','素素','','0','1','1465894563','','1465894566','4','通过场景id=4关注') [ RunTime:0.0025s ]
SQL: SHOW COLUMNS FROM `fg_coupon_config` [ RunTime:0.0025s ]
SQL: SELECT * FROM `fg_coupon_config` WHERE `actions` = 1 AND `status` = 1  [ RunTime:0.0017s ]
SQL: SHOW COLUMNS FROM `fg_fans_coupon` [ RunTime:0.0027s ]
SQL: SELECT * FROM `fg_fans` WHERE `id` = 1215 LIMIT 1   [ RunTime:0.0019s ]
SQL: SHOW COLUMNS FROM `fg_canal` [ RunTime:0.0027s ]
SQL: SELECT * FROM `fg_canal` WHERE `id` = 4 LIMIT 1   [ RunTime:0.0017s ]
SQL: UPDATE `fg_canal` SET `click`=click+1 WHERE `id` = 4 [ RunTime:0.0061s ]
SQL: SHOW COLUMNS FROM `fg_reply` [ RunTime:0.0030s ]
SQL: SELECT * FROM `fg_reply` WHERE `status` = 1 AND `keyword` = '关注时回复' ORDER BY reply_type desc,sort desc,create_time desc LIMIT 1   [ RunTime:0.0019s ]
INFO: [ app_end ] --START--
INFO: Run Behavior\ShowPageTraceBehavior [ RunTime:0.000688s ]
INFO: [ app_end ] --END-- [ RunTime:0.000746s ]

[ 2016-06-14T19:36:34+08:00 ] 140.207.54.75 /wap.php?s=/Weixin/index.html&signature=7886c9187d41d370e303d53154b69e3e25f94e00&timestamp=1465904191&nonce=1423968956&openid=o97bDvmTXac7jYBuAS9h9OvJAU_k
INFO: [ app_init ] --START--
INFO: Run Behavior\BuildLiteBehavior [ RunTime:0.000015s ]
INFO: Run Common\Behavior\InitHookBehavior [ RunTime:0.001115s ]
INFO: [ app_init ] --END-- [ RunTime:0.001710s ]
INFO: [ app_begin ] --START--
INFO: Run Behavior\ReadHtmlCacheBehavior [ RunTime:0.000474s ]
INFO: [ app_begin ] --END-- [ RunTime:0.000530s ]
SQL: SHOW COLUMNS FROM `fg_config` [ RunTime:0.0030s ]
SQL: SELECT `type`,`name`,`value` FROM `fg_config` WHERE `status` = 1  [ RunTime:0.0022s ]
NOTIC: [8] Undefined index: errcode /var/www/didi/ThinkPHP/Library/OT/Wechat/Wechat.class.php 第 883 行.
NOTIC: [8] Undefined index: errcode /var/www/didi/ThinkPHP/Library/OT/Wechat/Wechat.class.php 第 919 行.
NOTIC: [8] Undefined index: unionid /var/www/didi/Application/Wap/Controller/WeixinController.class.php 第 261 行.
SQL: SHOW COLUMNS FROM `fg_fans` [ RunTime:0.0040s ]
SQL: SELECT * FROM `fg_fans` WHERE `openid` = 'o97bDvmTXac7jYBuAS9h9OvJAU_k' LIMIT 1   [ RunTime:0.0020s ]
SQL: INSERT INTO `fg_fans` (`openid`,`nickname`,`headimgurl`,`sex`,`subscribe`,`subscribe_time`,`address`,`create_time`,`canalid`,`intro`) VALUES ('o97bDvmTXac7jYBuAS9h9OvJAU_k','亿羊二手车处理50%或各种车辆违章，汽车典当。','http://wx.qlogo.cn/mmopen/UadbjXQSYxCnY7Qonowia480sUTibIaJJgvpqWxKnV4T4cuozkttCM3JvOMXhDHfCksicicljDUNd0zhqWgWcpamzcjkRzTBApDh/0','1','1','1465904191','中国浙江金华','1465904194','4','通过场景id=4关注') [ RunTime:0.0028s ]
SQL: SHOW COLUMNS FROM `fg_coupon_config` [ RunTime:0.0024s ]
SQL: SELECT * FROM `fg_coupon_config` WHERE `actions` = 1 AND `status` = 1  [ RunTime:0.0018s ]
SQL: SHOW COLUMNS FROM `fg_fans_coupon` [ RunTime:0.0038s ]
SQL: SELECT * FROM `fg_fans` WHERE `id` = 1216 LIMIT 1   [ RunTime:0.0019s ]
SQL: SHOW COLUMNS FROM `fg_canal` [ RunTime:0.0022s ]
SQL: SELECT * FROM `fg_canal` WHERE `id` = 4 LIMIT 1   [ RunTime:0.0015s ]
SQL: UPDATE `fg_canal` SET `click`=click+1 WHERE `id` = 4 [ RunTime:0.0031s ]
SQL: SHOW COLUMNS FROM `fg_reply` [ RunTime:0.0024s ]
SQL: SELECT * FROM `fg_reply` WHERE `status` = 1 AND `keyword` = '关注时回复' ORDER BY reply_type desc,sort desc,create_time desc LIMIT 1   [ RunTime:0.0017s ]
INFO: [ app_end ] --START--
INFO: Run Behavior\ShowPageTraceBehavior [ RunTime:0.000646s ]
INFO: [ app_end ] --END-- [ RunTime:0.000708s ]

[ 2016-06-14T19:36:37+08:00 ] 140.207.54.75 /wap.php?s=/Weixin/index.html&signature=fc032900c0913cbf118824811518d09ca15bd5ca&timestamp=1465904195&nonce=192684923&openid=o97bDvmTXac7jYBuAS9h9OvJAU_k
INFO: [ app_init ] --START--
INFO: Run Behavior\BuildLiteBehavior [ RunTime:0.000018s ]
INFO: Run Common\Behavior\InitHookBehavior [ RunTime:0.001349s ]
INFO: [ app_init ] --END-- [ RunTime:0.001894s ]
INFO: [ app_begin ] --START--
INFO: Run Behavior\ReadHtmlCacheBehavior [ RunTime:0.000421s ]
INFO: [ app_begin ] --END-- [ RunTime:0.000474s ]
SQL: SHOW COLUMNS FROM `fg_config` [ RunTime:0.0032s ]
SQL: SELECT `type`,`name`,`value` FROM `fg_config` WHERE `status` = 1  [ RunTime:0.0022s ]
SQL: SHOW COLUMNS FROM `fg_fans_location` [ RunTime:0.0024s ]
SQL: SELECT * FROM `fg_fans_location` WHERE `openid` = 'o97bDvmTXac7jYBuAS9h9OvJAU_k' LIMIT 1   [ RunTime:0.0018s ]
SQL: INSERT INTO `fg_fans_location` (`openid`,`lng`,`lat`) VALUES ('o97bDvmTXac7jYBuAS9h9OvJAU_k','119.657578','29.06908') [ RunTime:0.0032s ]
INFO: [ app_end ] --START--
INFO: Run Behavior\ShowPageTraceBehavior [ RunTime:0.000633s ]
INFO: [ app_end ] --END-- [ RunTime:0.000722s ]

[ 2016-06-14T19:36:45+08:00 ] 140.207.54.75 /wap.php?s=/Weixin/index.html&signature=78128a6d2af67f5cbede66fe3d2f898259326288&timestamp=1465904202&nonce=1293540386&openid=o97bDvmTXac7jYBuAS9h9OvJAU_k
INFO: [ app_init ] --START--
INFO: Run Behavior\BuildLiteBehavior [ RunTime:0.000018s ]
INFO: Run Common\Behavior\InitHookBehavior [ RunTime:0.001176s ]
INFO: [ app_init ] --END-- [ RunTime:0.001719s ]
INFO: [ app_begin ] --START--
INFO: Run Behavior\ReadHtmlCacheBehavior [ RunTime:0.000372s ]
INFO: [ app_begin ] --END-- [ RunTime:0.000437s ]
SQL: SHOW COLUMNS FROM `fg_config` [ RunTime:0.0024s ]
SQL: SELECT `type`,`name`,`value` FROM `fg_config` WHERE `status` = 1  [ RunTime:0.0020s ]
SQL: SHOW COLUMNS FROM `fg_fans_location` [ RunTime:0.0020s ]
SQL: SELECT * FROM `fg_fans_location` WHERE `openid` = 'o97bDvmTXac7jYBuAS9h9OvJAU_k' LIMIT 1   [ RunTime:0.0016s ]
SQL: UPDATE `fg_fans_location` SET `openid`='o97bDvmTXac7jYBuAS9h9OvJAU_k',`lng`='119.657578',`lat`='29.06908' WHERE `openid` = 'o97bDvmTXac7jYBuAS9h9OvJAU_k' [ RunTime:0.0018s ]
INFO: [ app_end ] --START--
INFO: Run Behavior\ShowPageTraceBehavior [ RunTime:0.000510s ]
INFO: [ app_end ] --END-- [ RunTime:0.000560s ]

[ 2016-06-14T19:37:05+08:00 ] 140.207.54.75 /wap.php?s=/Weixin/index.html&signature=6157979d4f02f021ad49b2050fb4b08573026c82&timestamp=1465904223&nonce=999619390&openid=o97bDvmTXac7jYBuAS9h9OvJAU_k
INFO: [ app_init ] --START--
INFO: Run Behavior\BuildLiteBehavior [ RunTime:0.000016s ]
INFO: Run Common\Behavior\InitHookBehavior [ RunTime:0.001120s ]
INFO: [ app_init ] --END-- [ RunTime:0.001675s ]
INFO: [ app_begin ] --START--
INFO: Run Behavior\ReadHtmlCacheBehavior [ RunTime:0.000395s ]
INFO: [ app_begin ] --END-- [ RunTime:0.000450s ]
SQL: SHOW COLUMNS FROM `fg_config` [ RunTime:0.0034s ]
SQL: SELECT `type`,`name`,`value` FROM `fg_config` WHERE `status` = 1  [ RunTime:0.0022s ]
SQL: SHOW COLUMNS FROM `fg_fans_location` [ RunTime:0.0026s ]
SQL: SELECT * FROM `fg_fans_location` WHERE `openid` = 'o97bDvmTXac7jYBuAS9h9OvJAU_k' LIMIT 1   [ RunTime:0.0020s ]
SQL: UPDATE `fg_fans_location` SET `openid`='o97bDvmTXac7jYBuAS9h9OvJAU_k',`lng`='119.657578',`lat`='29.06908' WHERE `openid` = 'o97bDvmTXac7jYBuAS9h9OvJAU_k' [ RunTime:0.0024s ]
INFO: [ app_end ] --START--
INFO: Run Behavior\ShowPageTraceBehavior [ RunTime:0.000596s ]
INFO: [ app_end ] --END-- [ RunTime:0.000648s ]

[ 2016-06-14T19:37:14+08:00 ] 140.207.54.75 /wap.php?s=/Weixin/index.html&signature=09ba1a3a6b919544e7d9129269ecfe6fb0ca881a&timestamp=1465904232&nonce=216691470&openid=o97bDvmTXac7jYBuAS9h9OvJAU_k
INFO: [ app_init ] --START--
INFO: Run Behavior\BuildLiteBehavior [ RunTime:0.000018s ]
INFO: Run Common\Behavior\InitHookBehavior [ RunTime:0.001147s ]
INFO: [ app_init ] --END-- [ RunTime:0.001754s ]
INFO: [ app_begin ] --START--
INFO: Run Behavior\ReadHtmlCacheBehavior [ RunTime:0.000560s ]
INFO: [ app_begin ] --END-- [ RunTime:0.000639s ]
SQL: SHOW COLUMNS FROM `fg_config` [ RunTime:0.0028s ]
SQL: SELECT `type`,`name`,`value` FROM `fg_config` WHERE `status` = 1  [ RunTime:0.0020s ]
SQL: SHOW COLUMNS FROM `fg_fans_location` [ RunTime:0.0025s ]
SQL: SELECT * FROM `fg_fans_location` WHERE `openid` = 'o97bDvmTXac7jYBuAS9h9OvJAU_k' LIMIT 1   [ RunTime:0.0017s ]
SQL: UPDATE `fg_fans_location` SET `openid`='o97bDvmTXac7jYBuAS9h9OvJAU_k',`lng`='119.657578',`lat`='29.06908' WHERE `openid` = 'o97bDvmTXac7jYBuAS9h9OvJAU_k' [ RunTime:0.0022s ]
INFO: [ app_end ] --START--
INFO: Run Behavior\ShowPageTraceBehavior [ RunTime:0.000626s ]
INFO: [ app_end ] --END-- [ RunTime:0.000678s ]

[ 2016-06-14T19:37:21+08:00 ] 140.207.54.75 /wap.php?s=/Weixin/index.html&signature=973872aa0b5614ffe9d03d2db0221ab7df982008&timestamp=1465904239&nonce=307302655&openid=o97bDvmTXac7jYBuAS9h9OvJAU_k
INFO: [ app_init ] --START--
INFO: Run Behavior\BuildLiteBehavior [ RunTime:0.000022s ]
INFO: Run Common\Behavior\InitHookBehavior [ RunTime:0.001210s ]
INFO: [ app_init ] --END-- [ RunTime:0.001879s ]
INFO: [ app_begin ] --START--
INFO: Run Behavior\ReadHtmlCacheBehavior [ RunTime:0.000470s ]
INFO: [ app_begin ] --END-- [ RunTime:0.000572s ]
SQL: SHOW COLUMNS FROM `fg_config` [ RunTime:0.0028s ]
SQL: SELECT `type`,`name`,`value` FROM `fg_config` WHERE `status` = 1  [ RunTime:0.0021s ]
SQL: SHOW COLUMNS FROM `fg_fans_location` [ RunTime:0.0022s ]
SQL: SELECT * FROM `fg_fans_location` WHERE `openid` = 'o97bDvmTXac7jYBuAS9h9OvJAU_k' LIMIT 1   [ RunTime:0.0017s ]
SQL: UPDATE `fg_fans_location` SET `openid`='o97bDvmTXac7jYBuAS9h9OvJAU_k',`lng`='119.657578',`lat`='29.06908' WHERE `openid` = 'o97bDvmTXac7jYBuAS9h9OvJAU_k' [ RunTime:0.0017s ]
INFO: [ app_end ] --START--
INFO: Run Behavior\ShowPageTraceBehavior [ RunTime:0.000540s ]
INFO: [ app_end ] --END-- [ RunTime:0.000606s ]

[ 2016-06-14T19:37:22+08:00 ] 101.226.61.193 /wap.php?s=/Maintain/details/pid/16.html
INFO: [ app_init ] --START--
INFO: Run Behavior\BuildLiteBehavior [ RunTime:0.000017s ]
INFO: Run Common\Behavior\InitHookBehavior [ RunTime:0.001888s ]
INFO: [ app_init ] --END-- [ RunTime:0.002512s ]
INFO: [ app_begin ] --START--
INFO: Run Behavior\ReadHtmlCacheBehavior [ RunTime:0.000431s ]
INFO: [ app_begin ] --END-- [ RunTime:0.000489s ]
NOTIC: [2048] Declaration of Wap\Controller\MaintainController::prepay() should be compatible with Wap\Controller\WapController::prepay($body, $transid, $price) /var/www/didi/Application/Wap/Controller/MaintainController.class.php 第 27 行.
SQL: SHOW COLUMNS FROM `fg_config` [ RunTime:0.0026s ]
SQL: SELECT `type`,`name`,`value` FROM `fg_config` WHERE `status` = 1  [ RunTime:0.0020s ]
SQL: SELECT `type`,`name`,`value` FROM `fg_config` WHERE `status` = 1  [ RunTime:0.0018s ]
SQL: SHOW COLUMNS FROM `fg_fans_city` [ RunTime:0.0021s ]
SQL: SELECT `city` FROM `fg_fans_city` WHERE `openid` = null LIMIT 1   [ RunTime:0.0015s ]

[ 2016-06-14T19:37:23+08:00 ] 101.226.61.193 /wap.php?s=/Maintain/details/pid/16.html&code=041FuEmx0D96im1Yh7mx0Gfzmx0FuEmz&state=base
INFO: [ app_init ] --START--
INFO: Run Behavior\BuildLiteBehavior [ RunTime:0.000015s ]
INFO: Run Common\Behavior\InitHookBehavior [ RunTime:0.001056s ]
INFO: [ app_init ] --END-- [ RunTime:0.001562s ]
INFO: [ app_begin ] --START--
INFO: Run Behavior\ReadHtmlCacheBehavior [ RunTime:0.000361s ]
INFO: [ app_begin ] --END-- [ RunTime:0.000412s ]
NOTIC: [2048] Declaration of Wap\Controller\MaintainController::prepay() should be compatible with Wap\Controller\WapController::prepay($body, $transid, $price) /var/www/didi/Application/Wap/Controller/MaintainController.class.php 第 27 行.
SQL: SHOW COLUMNS FROM `fg_config` [ RunTime:0.0092s ]
SQL: SELECT `type`,`name`,`value` FROM `fg_config` WHERE `status` = 1  [ RunTime:0.0022s ]
SQL: SELECT `type`,`name`,`value` FROM `fg_config` WHERE `status` = 1  [ RunTime:0.0019s ]
SQL: SHOW COLUMNS FROM `fg_fans_city` [ RunTime:0.0025s ]
SQL: SELECT `city` FROM `fg_fans_city` WHERE `openid` = null LIMIT 1   [ RunTime:0.0252s ]
NOTIC: [8] Undefined index: unionid /var/www/didi/Application/Wap/Controller/WapController.class.php 第 134 行.
SQL: SHOW COLUMNS FROM `fg_fans` [ RunTime:0.0039s ]
SQL: SELECT * FROM `fg_fans` WHERE `openid` = 'o97bDvmTXac7jYBuAS9h9OvJAU_k' LIMIT 1   [ RunTime:0.0023s ]
SQL: SHOW COLUMNS FROM `fg_maintain_product` [ RunTime:0.0031s ]
SQL: SELECT * FROM `fg_maintain_product` WHERE `id` = 16 LIMIT 1   [ RunTime:0.0132s ]
SQL: SHOW COLUMNS FROM `fg_remark` [ RunTime:0.0034s ]
SQL: SELECT * FROM `fg_remark` WHERE `pid` = 16 ORDER BY id desc LIMIT 10   [ RunTime:0.0027s ]
INFO: [ view_parse ] --START--
INFO: [ template_filter ] --START--
INFO: Run Behavior\ContentReplaceBehavior [ RunTime:0.000073s ]
INFO: [ template_filter ] --END-- [ RunTime:0.000147s ]
INFO: Run Behavior\ParseTemplateBehavior [ RunTime:0.010329s ]
INFO: [ view_parse ] --END-- [ RunTime:0.010387s ]
INFO: [ view_filter ] --START--
INFO: Run Behavior\WriteHtmlCacheBehavior [ RunTime:0.000122s ]
INFO: [ view_filter ] --END-- [ RunTime:0.000160s ]
INFO: [ app_end ] --START--
INFO: Run Behavior\ShowPageTraceBehavior [ RunTime:0.000410s ]
INFO: [ app_end ] --END-- [ RunTime:0.000454s ]

[ 2016-06-14T19:37:24+08:00 ] 101.226.89.115 /wap.php?s=/Maintain/details/pid/16.html
INFO: [ app_init ] --START--
INFO: Run Behavior\BuildLiteBehavior [ RunTime:0.000017s ]
INFO: Run Common\Behavior\InitHookBehavior [ RunTime:0.001132s ]
INFO: [ app_init ] --END-- [ RunTime:0.001648s ]
INFO: [ app_begin ] --START--
INFO: Run Behavior\ReadHtmlCacheBehavior [ RunTime:0.000408s ]
INFO: [ app_begin ] --END-- [ RunTime:0.000461s ]
NOTIC: [2048] Declaration of Wap\Controller\MaintainController::prepay() should be compatible with Wap\Controller\WapController::prepay($body, $transid, $price) /var/www/didi/Application/Wap/Controller/MaintainController.class.php 第 27 行.
SQL: SHOW COLUMNS FROM `fg_config` [ RunTime:0.0029s ]
SQL: SELECT `type`,`name`,`value` FROM `fg_config` WHERE `status` = 1  [ RunTime:0.0020s ]
SQL: SELECT `type`,`name`,`value` FROM `fg_config` WHERE `status` = 1  [ RunTime:0.0028s ]
SQL: SHOW COLUMNS FROM `fg_fans_city` [ RunTime:0.0021s ]
SQL: SELECT `city` FROM `fg_fans_city` WHERE `openid` = null LIMIT 1   [ RunTime:0.0016s ]

[ 2016-06-14T19:37:24+08:00 ] 101.226.227.142 /wap.php?s=/Maintain/details/pid/16.html
INFO: [ app_init ] --START--
INFO: Run Behavior\BuildLiteBehavior [ RunTime:0.000013s ]
INFO: Run Common\Behavior\InitHookBehavior [ RunTime:0.001106s ]
INFO: [ app_init ] --END-- [ RunTime:0.001606s ]
INFO: [ app_begin ] --START--
INFO: Run Behavior\ReadHtmlCacheBehavior [ RunTime:0.000417s ]
INFO: [ app_begin ] --END-- [ RunTime:0.000468s ]
NOTIC: [2048] Declaration of Wap\Controller\MaintainController::prepay() should be compatible with Wap\Controller\WapController::prepay($body, $transid, $price) /var/www/didi/Application/Wap/Controller/MaintainController.class.php 第 27 行.
SQL: SHOW COLUMNS FROM `fg_config` [ RunTime:0.0034s ]
SQL: SELECT `type`,`name`,`value` FROM `fg_config` WHERE `status` = 1  [ RunTime:0.0022s ]
SQL: SELECT `type`,`name`,`value` FROM `fg_config` WHERE `status` = 1  [ RunTime:0.0026s ]
SQL: SHOW COLUMNS FROM `fg_fans_city` [ RunTime:0.0024s ]
SQL: SELECT `city` FROM `fg_fans_city` WHERE `openid` = null LIMIT 1   [ RunTime:0.0017s ]

[ 2016-06-14T19:37:28+08:00 ] 140.207.54.75 /wap.php?s=/Weixin/index.html&signature=94a3137b040a5753b85ccfcea1c74da0cd00353c&timestamp=1465904245&nonce=1629978666&openid=o97bDvmTXac7jYBuAS9h9OvJAU_k
INFO: [ app_init ] --START--
INFO: Run Behavior\BuildLiteBehavior [ RunTime:0.000017s ]
INFO: Run Common\Behavior\InitHookBehavior [ RunTime:0.001083s ]
INFO: [ app_init ] --END-- [ RunTime:0.001699s ]
INFO: [ app_begin ] --START--
INFO: Run Behavior\ReadHtmlCacheBehavior [ RunTime:0.000495s ]
INFO: [ app_begin ] --END-- [ RunTime:0.000564s ]
SQL: SHOW COLUMNS FROM `fg_config` [ RunTime:0.0035s ]
SQL: SELECT `type`,`name`,`value` FROM `fg_config` WHERE `status` = 1  [ RunTime:0.0021s ]
SQL: SHOW COLUMNS FROM `fg_fans_location` [ RunTime:0.0025s ]
SQL: SELECT * FROM `fg_fans_location` WHERE `openid` = 'o97bDvmTXac7jYBuAS9h9OvJAU_k' LIMIT 1   [ RunTime:0.0018s ]
SQL: UPDATE `fg_fans_location` SET `openid`='o97bDvmTXac7jYBuAS9h9OvJAU_k',`lng`='119.657578',`lat`='29.06908' WHERE `openid` = 'o97bDvmTXac7jYBuAS9h9OvJAU_k' [ RunTime:0.0021s ]
INFO: [ app_end ] --START--
INFO: Run Behavior\ShowPageTraceBehavior [ RunTime:0.000639s ]
INFO: [ app_end ] --END-- [ RunTime:0.000704s ]

[ 2016-06-14T22:54:42+08:00 ] 140.207.54.80 /wap.php?s=/Weixin/index.html&signature=b0b6f7aa8df5b476505a64470e628da8215b9164&timestamp=1465916079&nonce=1054341758&openid=o97bDvugjPzj_QyXKCt7Py9p_3nw
INFO: [ app_init ] --START--
INFO: Run Behavior\BuildLiteBehavior [ RunTime:0.000019s ]
INFO: Run Common\Behavior\InitHookBehavior [ RunTime:0.001193s ]
INFO: [ app_init ] --END-- [ RunTime:0.001701s ]
INFO: [ app_begin ] --START--
INFO: Run Behavior\ReadHtmlCacheBehavior [ RunTime:0.000406s ]
INFO: [ app_begin ] --END-- [ RunTime:0.000466s ]
SQL: SHOW COLUMNS FROM `fg_config` [ RunTime:0.0027s ]
SQL: SELECT `type`,`name`,`value` FROM `fg_config` WHERE `status` = 1  [ RunTime:0.0027s ]
SQL: SHOW COLUMNS FROM `fg_fans_location` [ RunTime:0.0026s ]
SQL: SELECT * FROM `fg_fans_location` WHERE `openid` = 'o97bDvugjPzj_QyXKCt7Py9p_3nw' LIMIT 1   [ RunTime:0.0018s ]
SQL: UPDATE `fg_fans_location` SET `openid`='o97bDvugjPzj_QyXKCt7Py9p_3nw',`lng`='119.643265',`lat`='29.114662' WHERE `openid` = 'o97bDvugjPzj_QyXKCt7Py9p_3nw' [ RunTime:0.0042s ]
INFO: [ app_end ] --START--
INFO: Run Behavior\ShowPageTraceBehavior [ RunTime:0.000663s ]
INFO: [ app_end ] --END-- [ RunTime:0.000719s ]

[ 2016-06-14T22:54:43+08:00 ] 140.207.54.80 /wap.php?s=/Weixin/index.html&signature=f87ff86d95ad8ded31e4293870ad0f7f84be5261&timestamp=1465916081&nonce=1321073704&openid=o97bDvugjPzj_QyXKCt7Py9p_3nw
INFO: [ app_init ] --START--
INFO: Run Behavior\BuildLiteBehavior [ RunTime:0.000019s ]
INFO: Run Common\Behavior\InitHookBehavior [ RunTime:0.001086s ]
INFO: [ app_init ] --END-- [ RunTime:0.001629s ]
INFO: [ app_begin ] --START--
INFO: Run Behavior\ReadHtmlCacheBehavior [ RunTime:0.000364s ]
INFO: [ app_begin ] --END-- [ RunTime:0.000415s ]
SQL: SHOW COLUMNS FROM `fg_config` [ RunTime:0.0029s ]
SQL: SELECT `type`,`name`,`value` FROM `fg_config` WHERE `status` = 1  [ RunTime:0.0020s ]
INFO: [ app_end ] --START--
INFO: Run Behavior\ShowPageTraceBehavior [ RunTime:0.000753s ]
INFO: [ app_end ] --END-- [ RunTime:0.000829s ]

[ 2016-06-14T23:41:28+08:00 ] 58.247.206.139 /wap.php?s=/Weixin/index.html&signature=c53d0756ce867cdad7ed80b30f8ad55e5b8a8323&timestamp=1465918885&nonce=849765445&openid=o97bDvsJk6mUbo5W7iwmQwGjLJYc
INFO: [ app_init ] --START--
INFO: Run Behavior\BuildLiteBehavior [ RunTime:0.000016s ]
INFO: Run Common\Behavior\InitHookBehavior [ RunTime:0.001068s ]
INFO: [ app_init ] --END-- [ RunTime:0.001600s ]
INFO: [ app_begin ] --START--
INFO: Run Behavior\ReadHtmlCacheBehavior [ RunTime:0.000370s ]
INFO: [ app_begin ] --END-- [ RunTime:0.000420s ]
SQL: SHOW COLUMNS FROM `fg_config` [ RunTime:0.0030s ]
SQL: SELECT `type`,`name`,`value` FROM `fg_config` WHERE `status` = 1  [ RunTime:0.0021s ]
SQL: SHOW COLUMNS FROM `fg_fans_location` [ RunTime:0.0023s ]
SQL: SELECT * FROM `fg_fans_location` WHERE `openid` = 'o97bDvsJk6mUbo5W7iwmQwGjLJYc' LIMIT 1   [ RunTime:0.0016s ]
SQL: INSERT INTO `fg_fans_location` (`openid`,`lng`,`lat`) VALUES ('o97bDvsJk6mUbo5W7iwmQwGjLJYc','119.679268','29.132193') [ RunTime:0.0027s ]
INFO: [ app_end ] --START--
INFO: Run Behavior\ShowPageTraceBehavior [ RunTime:0.000669s ]
INFO: [ app_end ] --END-- [ RunTime:0.000719s ]

[ 2016-06-14T23:41:30+08:00 ] 58.247.206.149 /wap.php?s=/Weixin/index.html&signature=2a65cb5856c41ed75a488a0812e3de58f4a787da&timestamp=1465918888&nonce=914419270&openid=o97bDvsJk6mUbo5W7iwmQwGjLJYc
INFO: [ app_init ] --START--
INFO: Run Behavior\BuildLiteBehavior [ RunTime:0.000022s ]
INFO: Run Common\Behavior\InitHookBehavior [ RunTime:0.001503s ]
INFO: [ app_init ] --END-- [ RunTime:0.002028s ]
INFO: [ app_begin ] --START--
INFO: Run Behavior\ReadHtmlCacheBehavior [ RunTime:0.000436s ]
INFO: [ app_begin ] --END-- [ RunTime:0.000494s ]
SQL: SHOW COLUMNS FROM `fg_config` [ RunTime:0.0031s ]
SQL: SELECT `type`,`name`,`value` FROM `fg_config` WHERE `status` = 1  [ RunTime:0.0021s ]
INFO: [ app_end ] --START--
INFO: Run Behavior\ShowPageTraceBehavior [ RunTime:0.000527s ]
INFO: [ app_end ] --END-- [ RunTime:0.000582s ]

