[ 2016-05-05T00:37:49+08:00 ] 58.247.206.139 /wap.php?s=/Weixin/index.html&signature=571a3cb6813b2b0b53feaea43bf39ef9cfd45efd&timestamp=1462379868&nonce=1437019914
INFO: [ app_init ] --START--
INFO: Run Behavior\BuildLiteBehavior [ RunTime:0.000016s ]
INFO: Run Common\Behavior\InitHookBehavior [ RunTime:0.001098s ]
INFO: [ app_init ] --END-- [ RunTime:0.001623s ]
INFO: [ app_begin ] --START--
INFO: Run Behavior\ReadHtmlCacheBehavior [ RunTime:0.000365s ]
INFO: [ app_begin ] --END-- [ RunTime:0.000415s ]
SQL: SHOW COLUMNS FROM `fg_config` [ RunTime:0.0026s ]
SQL: SELECT `type`,`name`,`value` FROM `fg_config` WHERE `status` = 1  [ RunTime:0.0019s ]
INFO: [ app_end ] --START--
INFO: Run Behavior\ShowPageTraceBehavior [ RunTime:0.000502s ]
INFO: [ app_end ] --END-- [ RunTime:0.000578s ]

[ 2016-05-05T09:33:33+08:00 ] 58.247.206.143 /wap.php?s=/Weixin/index.html&signature=642e5af65c76fec9fe143ea126cf1cf3ee7265d1&timestamp=1462412012&nonce=1136291177
INFO: [ app_init ] --START--
INFO: Run Behavior\BuildLiteBehavior [ RunTime:0.000018s ]
INFO: Run Common\Behavior\InitHookBehavior [ RunTime:0.001143s ]
INFO: [ app_init ] --END-- [ RunTime:0.001686s ]
INFO: [ app_begin ] --START--
INFO: Run Behavior\ReadHtmlCacheBehavior [ RunTime:0.000381s ]
INFO: [ app_begin ] --END-- [ RunTime:0.000452s ]
SQL: SHOW COLUMNS FROM `fg_config` [ RunTime:0.0026s ]
SQL: SELECT `type`,`name`,`value` FROM `fg_config` WHERE `status` = 1  [ RunTime:0.0018s ]
NOTIC: [8] Undefined offset: 1 /var/www/didi/Application/Wap/Controller/WeixinController.class.php 第 309 行.
NOTIC: [8] Undefined index: errcode /var/www/didi/ThinkPHP/Library/OT/Wechat/Wechat.class.php 第 883 行.
NOTIC: [8] Undefined index: errcode /var/www/didi/ThinkPHP/Library/OT/Wechat/Wechat.class.php 第 919 行.
NOTIC: [8] Undefined index: unionid /var/www/didi/Application/Wap/Controller/WeixinController.class.php 第 266 行.
SQL: SHOW COLUMNS FROM `fg_fans` [ RunTime:0.0038s ]
SQL: SELECT * FROM `fg_fans` WHERE `openid` = 'o97bDvl3rM-cqjayiNgfkQSR1LjY' LIMIT 1   [ RunTime:0.0018s ]
SQL: INSERT INTO `fg_fans` (`openid`,`nickname`,`headimgurl`,`sex`,`subscribe`,`subscribe_time`,`address`,`create_time`) VALUES ('o97bDvl3rM-cqjayiNgfkQSR1LjY','吴晓','http://wx.qlogo.cn/mmopen/geTMXvM0DicyE9FQh0rUHbNrloQeLNvzDfF6Mkmx1W8CB8BBUUvdE62ZGwWjHViaTGF7JNr04MBfKCwsoFC69BqzUTIxnpSRgq/0','1','1','1462412012','中国浙江金华','1462412013') [ RunTime:0.0026s ]
SQL: SHOW COLUMNS FROM `fg_coupon_config` [ RunTime:0.0022s ]
SQL: SELECT * FROM `fg_coupon_config` WHERE `actions` = 1 AND `status` = 1  [ RunTime:0.0017s ]
SQL: SHOW COLUMNS FROM `fg_fans_coupon` [ RunTime:0.0028s ]
SQL: SELECT * FROM `fg_fans` WHERE `id` = 513 LIMIT 1   [ RunTime:0.0021s ]
SQL: SHOW COLUMNS FROM `fg_reply` [ RunTime:0.0026s ]
SQL: SELECT * FROM `fg_reply` WHERE `status` = 1 AND `keyword` = '关注时回复' ORDER BY reply_type desc,sort desc,create_time desc LIMIT 1   [ RunTime:0.0017s ]
INFO: [ app_end ] --START--
INFO: Run Behavior\ShowPageTraceBehavior [ RunTime:0.000607s ]
INFO: [ app_end ] --END-- [ RunTime:0.000661s ]

[ 2016-05-05T09:35:16+08:00 ] 140.207.54.73 /wap.php?s=/Weixin/index.html&signature=f45907154e0a4f275df810d20e4d404e1e4074bb&timestamp=1462412115&nonce=1799093673
INFO: [ app_init ] --START--
INFO: Run Behavior\BuildLiteBehavior [ RunTime:0.000017s ]
INFO: Run Common\Behavior\InitHookBehavior [ RunTime:0.001091s ]
INFO: [ app_init ] --END-- [ RunTime:0.001675s ]
INFO: [ app_begin ] --START--
INFO: Run Behavior\ReadHtmlCacheBehavior [ RunTime:0.000463s ]
INFO: [ app_begin ] --END-- [ RunTime:0.000522s ]
SQL: SHOW COLUMNS FROM `fg_config` [ RunTime:0.0030s ]
SQL: SELECT `type`,`name`,`value` FROM `fg_config` WHERE `status` = 1  [ RunTime:0.0019s ]
NOTIC: [8] Undefined offset: 1 /var/www/didi/Application/Wap/Controller/WeixinController.class.php 第 309 行.
NOTIC: [8] Undefined index: errcode /var/www/didi/ThinkPHP/Library/OT/Wechat/Wechat.class.php 第 919 行.
NOTIC: [8] Undefined index: unionid /var/www/didi/Application/Wap/Controller/WeixinController.class.php 第 266 行.
SQL: SHOW COLUMNS FROM `fg_fans` [ RunTime:0.0033s ]
SQL: SELECT * FROM `fg_fans` WHERE `openid` = 'o97bDvjMCG0htZq1SH2pVNATJS7E' LIMIT 1   [ RunTime:0.0020s ]
SQL: INSERT INTO `fg_fans` (`openid`,`nickname`,`headimgurl`,`sex`,`subscribe`,`subscribe_time`,`address`,`create_time`) VALUES ('o97bDvjMCG0htZq1SH2pVNATJS7E','宋俊','http://wx.qlogo.cn/mmopen/geTMXvM0DicyE9FQh0rUHbOC8H7TeIxn81uzNSiaPGsZRRAicqJdo8xU87Hlmy6Z0ibqVOamsfEPsP65kd5qm99Jok0IBwHH4wKia/0','2','1','1462412115','中国浙江金华','1462412115') [ RunTime:0.0029s ]
SQL: SHOW COLUMNS FROM `fg_coupon_config` [ RunTime:0.0025s ]
SQL: SELECT * FROM `fg_coupon_config` WHERE `actions` = 1 AND `status` = 1  [ RunTime:0.0018s ]
SQL: SHOW COLUMNS FROM `fg_fans_coupon` [ RunTime:0.0029s ]
SQL: SELECT * FROM `fg_fans` WHERE `id` = 514 LIMIT 1   [ RunTime:0.0019s ]
SQL: SHOW COLUMNS FROM `fg_reply` [ RunTime:0.0030s ]
SQL: SELECT * FROM `fg_reply` WHERE `status` = 1 AND `keyword` = '关注时回复' ORDER BY reply_type desc,sort desc,create_time desc LIMIT 1   [ RunTime:0.0020s ]
INFO: [ app_end ] --START--
INFO: Run Behavior\ShowPageTraceBehavior [ RunTime:0.000604s ]
INFO: [ app_end ] --END-- [ RunTime:0.000675s ]

[ 2016-05-05T10:47:00+08:00 ] 58.247.206.151 /wap.php?s=/Weixin/index.html&signature=8ece3a2b83001374bd430200a5f536abe4e41c6a&timestamp=1462416419&nonce=1008257901
INFO: [ app_init ] --START--
INFO: Run Behavior\BuildLiteBehavior [ RunTime:0.000020s ]
INFO: Run Common\Behavior\InitHookBehavior [ RunTime:0.001133s ]
INFO: [ app_init ] --END-- [ RunTime:0.001692s ]
INFO: [ app_begin ] --START--
INFO: Run Behavior\ReadHtmlCacheBehavior [ RunTime:0.000362s ]
INFO: [ app_begin ] --END-- [ RunTime:0.000414s ]
SQL: SHOW COLUMNS FROM `fg_config` [ RunTime:0.0029s ]
SQL: SELECT `type`,`name`,`value` FROM `fg_config` WHERE `status` = 1  [ RunTime:0.0020s ]
INFO: [ app_end ] --START--
INFO: Run Behavior\ShowPageTraceBehavior [ RunTime:0.000466s ]
INFO: [ app_end ] --END-- [ RunTime:0.000528s ]

[ 2016-05-05T10:47:07+08:00 ] 58.247.206.148 /wap.php?s=/Weixin/index.html&signature=c685ad4fd1041f3cad7bd9be7b1b5e8768201257&timestamp=1462416427&nonce=735839432
INFO: [ app_init ] --START--
INFO: Run Behavior\BuildLiteBehavior [ RunTime:0.000015s ]
INFO: Run Common\Behavior\InitHookBehavior [ RunTime:0.001093s ]
INFO: [ app_init ] --END-- [ RunTime:0.001600s ]
INFO: [ app_begin ] --START--
INFO: Run Behavior\ReadHtmlCacheBehavior [ RunTime:0.000367s ]
INFO: [ app_begin ] --END-- [ RunTime:0.000417s ]
SQL: SHOW COLUMNS FROM `fg_config` [ RunTime:0.0027s ]
SQL: SELECT `type`,`name`,`value` FROM `fg_config` WHERE `status` = 1  [ RunTime:0.0020s ]
INFO: [ app_end ] --START--
INFO: Run Behavior\ShowPageTraceBehavior [ RunTime:0.000742s ]
INFO: [ app_end ] --END-- [ RunTime:0.000841s ]

[ 2016-05-05T10:47:08+08:00 ] 124.160.216.48 /wap.php/Maintain/index.html
INFO: [ app_init ] --START--
INFO: Run Behavior\BuildLiteBehavior [ RunTime:0.000017s ]
INFO: Run Common\Behavior\InitHookBehavior [ RunTime:0.001291s ]
INFO: [ app_init ] --END-- [ RunTime:0.001826s ]
INFO: [ app_begin ] --START--
INFO: Run Behavior\ReadHtmlCacheBehavior [ RunTime:0.000495s ]
INFO: [ app_begin ] --END-- [ RunTime:0.000561s ]
NOTIC: [2048] Declaration of Wap\Controller\MaintainController::prepay() should be compatible with Wap\Controller\WapController::prepay($body, $transid, $price) /var/www/didi/Application/Wap/Controller/MaintainController.class.php 第 27 行.
SQL: SHOW COLUMNS FROM `fg_config` [ RunTime:0.0031s ]
SQL: SELECT `type`,`name`,`value` FROM `fg_config` WHERE `status` = 1  [ RunTime:0.0022s ]
SQL: SELECT `type`,`name`,`value` FROM `fg_config` WHERE `status` = 1  [ RunTime:0.0018s ]
SQL: SHOW COLUMNS FROM `fg_fans_city` [ RunTime:0.0021s ]
SQL: SELECT `city` FROM `fg_fans_city` WHERE `openid` = null LIMIT 1   [ RunTime:0.0015s ]

[ 2016-05-05T10:47:08+08:00 ] 124.160.216.48 /wap.php/Maintain/index.html?code=001CDwiB11HYp00tgXkB1vryiB1CDwix&state=base
INFO: [ app_init ] --START--
INFO: Run Behavior\BuildLiteBehavior [ RunTime:0.000015s ]
INFO: Run Common\Behavior\InitHookBehavior [ RunTime:0.001060s ]
INFO: [ app_init ] --END-- [ RunTime:0.001584s ]
INFO: [ app_begin ] --START--
INFO: Run Behavior\ReadHtmlCacheBehavior [ RunTime:0.000383s ]
INFO: [ app_begin ] --END-- [ RunTime:0.000433s ]
NOTIC: [2048] Declaration of Wap\Controller\MaintainController::prepay() should be compatible with Wap\Controller\WapController::prepay($body, $transid, $price) /var/www/didi/Application/Wap/Controller/MaintainController.class.php 第 27 行.
SQL: SHOW COLUMNS FROM `fg_config` [ RunTime:0.0024s ]
SQL: SELECT `type`,`name`,`value` FROM `fg_config` WHERE `status` = 1  [ RunTime:0.0019s ]
SQL: SELECT `type`,`name`,`value` FROM `fg_config` WHERE `status` = 1  [ RunTime:0.0018s ]
SQL: SHOW COLUMNS FROM `fg_fans_city` [ RunTime:0.0024s ]
SQL: SELECT `city` FROM `fg_fans_city` WHERE `openid` = null LIMIT 1   [ RunTime:0.0016s ]
NOTIC: [8] Undefined index: unionid /var/www/didi/Application/Wap/Controller/WapController.class.php 第 134 行.
SQL: SHOW COLUMNS FROM `fg_fans` [ RunTime:0.0033s ]
SQL: SELECT * FROM `fg_fans` WHERE `openid` = 'o97bDvl3rM-cqjayiNgfkQSR1LjY' LIMIT 1   [ RunTime:0.0018s ]
SQL: SHOW COLUMNS FROM `fg_maintain_product` [ RunTime:0.0024s ]
SQL: SELECT * FROM `fg_maintain_product` WHERE `type` = 1 AND `is_show` = 1 AND `cityid` = 1  [ RunTime:0.0019s ]
SQL: SELECT * FROM `fg_maintain_product` WHERE `type` = 2 AND `is_show` = 1 AND `cityid` = 1  [ RunTime:0.0017s ]
SQL: SELECT * FROM `fg_maintain_product` WHERE `type` = 3 AND `is_show` = 1 AND `cityid` = 1  [ RunTime:0.0018s ]
INFO: [ view_parse ] --START--
INFO: [ template_filter ] --START--
INFO: Run Behavior\ContentReplaceBehavior [ RunTime:0.000110s ]
INFO: [ template_filter ] --END-- [ RunTime:0.000218s ]
NOTIC: [8] Undefined index: type /var/www/didi/Runtime/Cache/Wap/be92367b9dfb9fa5a18377565ae95133.php 第 41 行.
NOTIC: [8] Undefined index: type /var/www/didi/Runtime/Cache/Wap/be92367b9dfb9fa5a18377565ae95133.php 第 41 行.
NOTIC: [8] Undefined index: type /var/www/didi/Runtime/Cache/Wap/be92367b9dfb9fa5a18377565ae95133.php 第 42 行.
NOTIC: [8] Undefined index: type /var/www/didi/Runtime/Cache/Wap/be92367b9dfb9fa5a18377565ae95133.php 第 43 行.
INFO: Run Behavior\ParseTemplateBehavior [ RunTime:0.015984s ]
INFO: [ view_parse ] --END-- [ RunTime:0.016080s ]
INFO: [ view_filter ] --START--
INFO: Run Behavior\WriteHtmlCacheBehavior [ RunTime:0.000242s ]
INFO: [ view_filter ] --END-- [ RunTime:0.000284s ]
INFO: [ app_end ] --START--
INFO: Run Behavior\ShowPageTraceBehavior [ RunTime:0.000577s ]
INFO: [ app_end ] --END-- [ RunTime:0.000636s ]

[ 2016-05-05T10:47:09+08:00 ] 124.160.216.48 /wap.php?s=/Location/getmycity.html
INFO: [ app_init ] --START--
INFO: Run Behavior\BuildLiteBehavior [ RunTime:0.000015s ]
INFO: Run Common\Behavior\InitHookBehavior [ RunTime:0.001603s ]
INFO: [ app_init ] --END-- [ RunTime:0.002136s ]
INFO: [ app_begin ] --START--
INFO: Run Behavior\ReadHtmlCacheBehavior [ RunTime:0.000399s ]
INFO: [ app_begin ] --END-- [ RunTime:0.000445s ]
SQL: SHOW COLUMNS FROM `fg_config` [ RunTime:0.0028s ]
SQL: SELECT `type`,`name`,`value` FROM `fg_config` WHERE `status` = 1  [ RunTime:0.0022s ]
SQL: SELECT `type`,`name`,`value` FROM `fg_config` WHERE `status` = 1  [ RunTime:0.0022s ]
SQL: SHOW COLUMNS FROM `fg_fans_city` [ RunTime:0.0022s ]
SQL: SELECT `city` FROM `fg_fans_city` WHERE `openid` = 'o97bDvl3rM-cqjayiNgfkQSR1LjY' LIMIT 1   [ RunTime:0.0016s ]
SQL: SELECT `city` FROM `fg_fans_city` WHERE `openid` = 'o97bDvl3rM-cqjayiNgfkQSR1LjY' LIMIT 1   [ RunTime:0.0017s ]
SQL: SHOW COLUMNS FROM `fg_city` [ RunTime:0.0024s ]
SQL: SELECT * FROM `fg_city` WHERE `id` = null LIMIT 1   [ RunTime:0.0018s ]

[ 2016-05-05T10:47:26+08:00 ] 58.247.206.139 /wap.php?s=/Weixin/index.html&signature=b632689d69812339dcd29f59cccfbdcd6ca1aa06&timestamp=1462416445&nonce=1576774388
INFO: [ app_init ] --START--
INFO: Run Behavior\BuildLiteBehavior [ RunTime:0.000019s ]
INFO: Run Common\Behavior\InitHookBehavior [ RunTime:0.001104s ]
INFO: [ app_init ] --END-- [ RunTime:0.001679s ]
INFO: [ app_begin ] --START--
INFO: Run Behavior\ReadHtmlCacheBehavior [ RunTime:0.000410s ]
INFO: [ app_begin ] --END-- [ RunTime:0.000461s ]
SQL: SHOW COLUMNS FROM `fg_config` [ RunTime:0.0031s ]
SQL: SELECT `type`,`name`,`value` FROM `fg_config` WHERE `status` = 1  [ RunTime:0.0026s ]
INFO: [ app_end ] --START--
INFO: Run Behavior\ShowPageTraceBehavior [ RunTime:0.000936s ]
INFO: [ app_end ] --END-- [ RunTime:0.001021s ]

[ 2016-05-05T11:23:19+08:00 ] 58.247.206.144 /wap.php?s=/Weixin/index.html&signature=45388b5bcd35e3d265f5bcfebc4f0d744778c264&timestamp=1462418598&nonce=1591809496
INFO: [ app_init ] --START--
INFO: Run Behavior\BuildLiteBehavior [ RunTime:0.000028s ]
INFO: Run Common\Behavior\InitHookBehavior [ RunTime:0.001555s ]
INFO: [ app_init ] --END-- [ RunTime:0.002205s ]
INFO: [ app_begin ] --START--
INFO: Run Behavior\ReadHtmlCacheBehavior [ RunTime:0.000454s ]
INFO: [ app_begin ] --END-- [ RunTime:0.000530s ]
SQL: SHOW COLUMNS FROM `fg_config` [ RunTime:0.0028s ]
SQL: SELECT `type`,`name`,`value` FROM `fg_config` WHERE `status` = 1  [ RunTime:0.0021s ]
NOTIC: [8] Undefined offset: 1 /var/www/didi/Application/Wap/Controller/WeixinController.class.php 第 309 行.
NOTIC: [8] Undefined index: errcode /var/www/didi/ThinkPHP/Library/OT/Wechat/Wechat.class.php 第 919 行.
NOTIC: [8] Undefined index: unionid /var/www/didi/Application/Wap/Controller/WeixinController.class.php 第 266 行.
SQL: SHOW COLUMNS FROM `fg_fans` [ RunTime:0.0033s ]
SQL: SELECT * FROM `fg_fans` WHERE `openid` = 'o97bDvshy2-obOJpBlS96DdY3niY' LIMIT 1   [ RunTime:0.0017s ]
SQL: INSERT INTO `fg_fans` (`openid`,`nickname`,`headimgurl`,`sex`,`subscribe`,`subscribe_time`,`address`,`create_time`) VALUES ('o97bDvshy2-obOJpBlS96DdY3niY','人在江男','http://wx.qlogo.cn/mmopen/geTMXvM0DicyE9FQh0rUHbDWaPPVQAPgs7x5gycJUHSmQ3F6I7fSe96Me8MqYfMvI5FkaicBdo4W25rde8o2EoNx1OMMIR7ib7a/0','1','1','1462418598','中国浙江金华','1462418599') [ RunTime:0.0031s ]
SQL: SHOW COLUMNS FROM `fg_coupon_config` [ RunTime:0.0022s ]
SQL: SELECT * FROM `fg_coupon_config` WHERE `actions` = 1 AND `status` = 1  [ RunTime:0.0016s ]
SQL: SHOW COLUMNS FROM `fg_fans_coupon` [ RunTime:0.0025s ]
SQL: SELECT * FROM `fg_fans` WHERE `id` = 515 LIMIT 1   [ RunTime:0.0018s ]
SQL: SHOW COLUMNS FROM `fg_reply` [ RunTime:0.0028s ]
SQL: SELECT * FROM `fg_reply` WHERE `status` = 1 AND `keyword` = '关注时回复' ORDER BY reply_type desc,sort desc,create_time desc LIMIT 1   [ RunTime:0.0017s ]
INFO: [ app_end ] --START--
INFO: Run Behavior\ShowPageTraceBehavior [ RunTime:0.000665s ]
INFO: [ app_end ] --END-- [ RunTime:0.000720s ]

[ 2016-05-05T11:23:38+08:00 ] 58.247.206.158 /wap.php?s=/Weixin/index.html&signature=4292ba2ae44bfe5bffba1242bd01e25f37411d1a&timestamp=1462418617&nonce=442776417
INFO: [ app_init ] --START--
INFO: Run Behavior\BuildLiteBehavior [ RunTime:0.000016s ]
INFO: Run Common\Behavior\InitHookBehavior [ RunTime:0.001170s ]
INFO: [ app_init ] --END-- [ RunTime:0.001694s ]
INFO: [ app_begin ] --START--
INFO: Run Behavior\ReadHtmlCacheBehavior [ RunTime:0.000401s ]
INFO: [ app_begin ] --END-- [ RunTime:0.000452s ]
SQL: SHOW COLUMNS FROM `fg_config` [ RunTime:0.0026s ]
SQL: SELECT `type`,`name`,`value` FROM `fg_config` WHERE `status` = 1  [ RunTime:0.0018s ]
INFO: [ app_end ] --START--
INFO: Run Behavior\ShowPageTraceBehavior [ RunTime:0.000511s ]
INFO: [ app_end ] --END-- [ RunTime:0.000579s ]

[ 2016-05-05T11:23:39+08:00 ] 101.226.125.113 /wap.php/Maintain/index.html
INFO: [ app_init ] --START--
INFO: Run Behavior\BuildLiteBehavior [ RunTime:0.000017s ]
INFO: Run Common\Behavior\InitHookBehavior [ RunTime:0.001095s ]
INFO: [ app_init ] --END-- [ RunTime:0.001649s ]
INFO: [ app_begin ] --START--
INFO: Run Behavior\ReadHtmlCacheBehavior [ RunTime:0.000417s ]
INFO: [ app_begin ] --END-- [ RunTime:0.000479s ]
NOTIC: [2048] Declaration of Wap\Controller\MaintainController::prepay() should be compatible with Wap\Controller\WapController::prepay($body, $transid, $price) /var/www/didi/Application/Wap/Controller/MaintainController.class.php 第 27 行.
SQL: SHOW COLUMNS FROM `fg_config` [ RunTime:0.0026s ]
SQL: SELECT `type`,`name`,`value` FROM `fg_config` WHERE `status` = 1  [ RunTime:0.0020s ]
SQL: SELECT `type`,`name`,`value` FROM `fg_config` WHERE `status` = 1  [ RunTime:0.0017s ]
SQL: SHOW COLUMNS FROM `fg_fans_city` [ RunTime:0.0022s ]
SQL: SELECT `city` FROM `fg_fans_city` WHERE `openid` = null LIMIT 1   [ RunTime:0.0016s ]

[ 2016-05-05T11:23:40+08:00 ] 101.226.125.113 /wap.php/Maintain/index.html?code=0312XqFO0ldLgg2MGXGO0wftFO02XqFG&state=base
INFO: [ app_init ] --START--
INFO: Run Behavior\BuildLiteBehavior [ RunTime:0.000017s ]
INFO: Run Common\Behavior\InitHookBehavior [ RunTime:0.001190s ]
INFO: [ app_init ] --END-- [ RunTime:0.001747s ]
INFO: [ app_begin ] --START--
INFO: Run Behavior\ReadHtmlCacheBehavior [ RunTime:0.000467s ]
INFO: [ app_begin ] --END-- [ RunTime:0.000541s ]
NOTIC: [2048] Declaration of Wap\Controller\MaintainController::prepay() should be compatible with Wap\Controller\WapController::prepay($body, $transid, $price) /var/www/didi/Application/Wap/Controller/MaintainController.class.php 第 27 行.
SQL: SHOW COLUMNS FROM `fg_config` [ RunTime:0.0024s ]
SQL: SELECT `type`,`name`,`value` FROM `fg_config` WHERE `status` = 1  [ RunTime:0.0018s ]
SQL: SELECT `type`,`name`,`value` FROM `fg_config` WHERE `status` = 1  [ RunTime:0.0016s ]
SQL: SHOW COLUMNS FROM `fg_fans_city` [ RunTime:0.0019s ]
SQL: SELECT `city` FROM `fg_fans_city` WHERE `openid` = null LIMIT 1   [ RunTime:0.0015s ]
NOTIC: [8] Undefined index: unionid /var/www/didi/Application/Wap/Controller/WapController.class.php 第 134 行.
SQL: SHOW COLUMNS FROM `fg_fans` [ RunTime:0.0035s ]
SQL: SELECT * FROM `fg_fans` WHERE `openid` = 'o97bDvshy2-obOJpBlS96DdY3niY' LIMIT 1   [ RunTime:0.0017s ]
SQL: SHOW COLUMNS FROM `fg_maintain_product` [ RunTime:0.0025s ]
SQL: SELECT * FROM `fg_maintain_product` WHERE `type` = 1 AND `is_show` = 1 AND `cityid` = 1  [ RunTime:0.0017s ]
SQL: SELECT * FROM `fg_maintain_product` WHERE `type` = 2 AND `is_show` = 1 AND `cityid` = 1  [ RunTime:0.0017s ]
SQL: SELECT * FROM `fg_maintain_product` WHERE `type` = 3 AND `is_show` = 1 AND `cityid` = 1  [ RunTime:0.0016s ]
INFO: [ view_parse ] --START--
INFO: [ template_filter ] --START--
INFO: Run Behavior\ContentReplaceBehavior [ RunTime:0.000072s ]
INFO: [ template_filter ] --END-- [ RunTime:0.000129s ]
NOTIC: [8] Undefined index: type /var/www/didi/Runtime/Cache/Wap/be92367b9dfb9fa5a18377565ae95133.php 第 41 行.
NOTIC: [8] Undefined index: type /var/www/didi/Runtime/Cache/Wap/be92367b9dfb9fa5a18377565ae95133.php 第 41 行.
NOTIC: [8] Undefined index: type /var/www/didi/Runtime/Cache/Wap/be92367b9dfb9fa5a18377565ae95133.php 第 42 行.
NOTIC: [8] Undefined index: type /var/www/didi/Runtime/Cache/Wap/be92367b9dfb9fa5a18377565ae95133.php 第 43 行.
INFO: Run Behavior\ParseTemplateBehavior [ RunTime:0.015179s ]
INFO: [ view_parse ] --END-- [ RunTime:0.015235s ]
INFO: [ view_filter ] --START--
INFO: Run Behavior\WriteHtmlCacheBehavior [ RunTime:0.000130s ]
INFO: [ view_filter ] --END-- [ RunTime:0.000169s ]
INFO: [ app_end ] --START--
INFO: Run Behavior\ShowPageTraceBehavior [ RunTime:0.000533s ]
INFO: [ app_end ] --END-- [ RunTime:0.000579s ]

[ 2016-05-05T11:23:42+08:00 ] 101.226.125.113 /wap.php?s=/Location/getmycity.html
INFO: [ app_init ] --START--
INFO: Run Behavior\BuildLiteBehavior [ RunTime:0.000019s ]
INFO: Run Common\Behavior\InitHookBehavior [ RunTime:0.001108s ]
INFO: [ app_init ] --END-- [ RunTime:0.001648s ]
INFO: [ app_begin ] --START--
INFO: Run Behavior\ReadHtmlCacheBehavior [ RunTime:0.000428s ]
INFO: [ app_begin ] --END-- [ RunTime:0.000474s ]
SQL: SHOW COLUMNS FROM `fg_config` [ RunTime:0.0027s ]
SQL: SELECT `type`,`name`,`value` FROM `fg_config` WHERE `status` = 1  [ RunTime:0.0020s ]
SQL: SELECT `type`,`name`,`value` FROM `fg_config` WHERE `status` = 1  [ RunTime:0.0018s ]
SQL: SHOW COLUMNS FROM `fg_fans_city` [ RunTime:0.0022s ]
SQL: SELECT `city` FROM `fg_fans_city` WHERE `openid` = 'o97bDvshy2-obOJpBlS96DdY3niY' LIMIT 1   [ RunTime:0.0016s ]
SQL: SELECT `city` FROM `fg_fans_city` WHERE `openid` = 'o97bDvshy2-obOJpBlS96DdY3niY' LIMIT 1   [ RunTime:0.0016s ]
SQL: SHOW COLUMNS FROM `fg_city` [ RunTime:0.0022s ]
SQL: SELECT * FROM `fg_city` WHERE `id` = null LIMIT 1   [ RunTime:0.0018s ]

[ 2016-05-05T11:23:49+08:00 ] 101.226.125.113 /wap.php?s=/Maintain/details/pid/2.html
INFO: [ app_init ] --START--
INFO: Run Behavior\BuildLiteBehavior [ RunTime:0.000018s ]
INFO: Run Common\Behavior\InitHookBehavior [ RunTime:0.001231s ]
INFO: [ app_init ] --END-- [ RunTime:0.001795s ]
INFO: [ app_begin ] --START--
INFO: Run Behavior\ReadHtmlCacheBehavior [ RunTime:0.000425s ]
INFO: [ app_begin ] --END-- [ RunTime:0.000500s ]
NOTIC: [2048] Declaration of Wap\Controller\MaintainController::prepay() should be compatible with Wap\Controller\WapController::prepay($body, $transid, $price) /var/www/didi/Application/Wap/Controller/MaintainController.class.php 第 27 行.
SQL: SHOW COLUMNS FROM `fg_config` [ RunTime:0.0026s ]
SQL: SELECT `type`,`name`,`value` FROM `fg_config` WHERE `status` = 1  [ RunTime:0.0025s ]
SQL: SELECT `type`,`name`,`value` FROM `fg_config` WHERE `status` = 1  [ RunTime:0.0019s ]
SQL: SHOW COLUMNS FROM `fg_fans_city` [ RunTime:0.0021s ]
SQL: SELECT `city` FROM `fg_fans_city` WHERE `openid` = 'o97bDvshy2-obOJpBlS96DdY3niY' LIMIT 1   [ RunTime:0.0017s ]
SQL: SHOW COLUMNS FROM `fg_maintain_product` [ RunTime:0.0025s ]
SQL: SELECT * FROM `fg_maintain_product` WHERE `id` = 2 LIMIT 1   [ RunTime:0.0018s ]
SQL: SHOW COLUMNS FROM `fg_remark` [ RunTime:0.0023s ]
SQL: SELECT * FROM `fg_remark` WHERE `pid` = 2 ORDER BY id desc LIMIT 10   [ RunTime:0.0017s ]
INFO: [ view_parse ] --START--
INFO: [ template_filter ] --START--
INFO: Run Behavior\ContentReplaceBehavior [ RunTime:0.000067s ]
INFO: [ template_filter ] --END-- [ RunTime:0.000120s ]
INFO: Run Behavior\ParseTemplateBehavior [ RunTime:0.009613s ]
INFO: [ view_parse ] --END-- [ RunTime:0.009661s ]
INFO: [ view_filter ] --START--
INFO: Run Behavior\WriteHtmlCacheBehavior [ RunTime:0.000114s ]
INFO: [ view_filter ] --END-- [ RunTime:0.000153s ]
INFO: [ app_end ] --START--
INFO: Run Behavior\ShowPageTraceBehavior [ RunTime:0.000415s ]
INFO: [ app_end ] --END-- [ RunTime:0.000459s ]

[ 2016-05-05T11:23:49+08:00 ] 101.226.125.113 /wap.php?s=/Location/getmycity.html
INFO: [ app_init ] --START--
INFO: Run Behavior\BuildLiteBehavior [ RunTime:0.000016s ]
INFO: Run Common\Behavior\InitHookBehavior [ RunTime:0.001064s ]
INFO: [ app_init ] --END-- [ RunTime:0.001567s ]
INFO: [ app_begin ] --START--
INFO: Run Behavior\ReadHtmlCacheBehavior [ RunTime:0.000387s ]
INFO: [ app_begin ] --END-- [ RunTime:0.000433s ]
SQL: SHOW COLUMNS FROM `fg_config` [ RunTime:0.0026s ]
SQL: SELECT `type`,`name`,`value` FROM `fg_config` WHERE `status` = 1  [ RunTime:0.0019s ]
SQL: SELECT `type`,`name`,`value` FROM `fg_config` WHERE `status` = 1  [ RunTime:0.0019s ]
SQL: SHOW COLUMNS FROM `fg_fans_city` [ RunTime:0.0024s ]
SQL: SELECT `city` FROM `fg_fans_city` WHERE `openid` = 'o97bDvshy2-obOJpBlS96DdY3niY' LIMIT 1   [ RunTime:0.0018s ]
SQL: SELECT `city` FROM `fg_fans_city` WHERE `openid` = 'o97bDvshy2-obOJpBlS96DdY3niY' LIMIT 1   [ RunTime:0.0017s ]
SQL: SHOW COLUMNS FROM `fg_city` [ RunTime:0.0023s ]
SQL: SELECT * FROM `fg_city` WHERE `id` = null LIMIT 1   [ RunTime:0.0016s ]

[ 2016-05-05T11:24:13+08:00 ] 58.247.206.144 /wap.php?s=/Weixin/index.html&signature=698710217ccfbc15fae2d7455cc2a49e4fedd705&timestamp=1462418652&nonce=1639111738
INFO: [ app_init ] --START--
INFO: Run Behavior\BuildLiteBehavior [ RunTime:0.000020s ]
INFO: Run Common\Behavior\InitHookBehavior [ RunTime:0.001129s ]
INFO: [ app_init ] --END-- [ RunTime:0.001733s ]
INFO: [ app_begin ] --START--
INFO: Run Behavior\ReadHtmlCacheBehavior [ RunTime:0.000414s ]
INFO: [ app_begin ] --END-- [ RunTime:0.000470s ]
SQL: SHOW COLUMNS FROM `fg_config` [ RunTime:0.0030s ]
SQL: SELECT `type`,`name`,`value` FROM `fg_config` WHERE `status` = 1  [ RunTime:0.0019s ]
INFO: [ app_end ] --START--
INFO: Run Behavior\ShowPageTraceBehavior [ RunTime:0.000634s ]
INFO: [ app_end ] --END-- [ RunTime:0.000699s ]

[ 2016-05-05T11:27:05+08:00 ] 58.247.206.150 /wap.php?s=/Weixin/index.html&signature=c0e26297430f31c023fd63101ce495318a7be0d9&timestamp=1462418825&nonce=633471933
INFO: [ app_init ] --START--
INFO: Run Behavior\BuildLiteBehavior [ RunTime:0.000015s ]
INFO: Run Common\Behavior\InitHookBehavior [ RunTime:0.001080s ]
INFO: [ app_init ] --END-- [ RunTime:0.001571s ]
INFO: [ app_begin ] --START--
INFO: Run Behavior\ReadHtmlCacheBehavior [ RunTime:0.000365s ]
INFO: [ app_begin ] --END-- [ RunTime:0.000416s ]
SQL: SHOW COLUMNS FROM `fg_config` [ RunTime:0.0031s ]
SQL: SELECT `type`,`name`,`value` FROM `fg_config` WHERE `status` = 1  [ RunTime:0.0022s ]
INFO: [ app_end ] --START--
INFO: Run Behavior\ShowPageTraceBehavior [ RunTime:0.000644s ]
INFO: [ app_end ] --END-- [ RunTime:0.000751s ]

[ 2016-05-05T11:27:08+08:00 ] 101.226.125.113 /wap.php/Fans/myorders.html
INFO: [ app_init ] --START--
INFO: Run Behavior\BuildLiteBehavior [ RunTime:0.000017s ]
INFO: Run Common\Behavior\InitHookBehavior [ RunTime:0.001192s ]
INFO: [ app_init ] --END-- [ RunTime:0.001728s ]
INFO: [ app_begin ] --START--
INFO: Run Behavior\ReadHtmlCacheBehavior [ RunTime:0.000372s ]
INFO: [ app_begin ] --END-- [ RunTime:0.000423s ]
SQL: SHOW COLUMNS FROM `fg_config` [ RunTime:0.0026s ]
SQL: SELECT `type`,`name`,`value` FROM `fg_config` WHERE `status` = 1  [ RunTime:0.0019s ]
SQL: SELECT `type`,`name`,`value` FROM `fg_config` WHERE `status` = 1  [ RunTime:0.0019s ]
SQL: SHOW COLUMNS FROM `fg_fans_city` [ RunTime:0.0022s ]
SQL: SELECT `city` FROM `fg_fans_city` WHERE `openid` = null LIMIT 1   [ RunTime:0.0029s ]

[ 2016-05-05T11:27:09+08:00 ] 101.226.125.113 /wap.php/Fans/myorders.html?code=021rcS6n17uTUx0bif6n1xCP6n1rcS6Z&state=base
INFO: [ app_init ] --START--
INFO: Run Behavior\BuildLiteBehavior [ RunTime:0.000026s ]
INFO: Run Common\Behavior\InitHookBehavior [ RunTime:0.001252s ]
INFO: [ app_init ] --END-- [ RunTime:0.001928s ]
INFO: [ app_begin ] --START--
INFO: Run Behavior\ReadHtmlCacheBehavior [ RunTime:0.000485s ]
INFO: [ app_begin ] --END-- [ RunTime:0.000545s ]
SQL: SHOW COLUMNS FROM `fg_config` [ RunTime:0.0024s ]
SQL: SELECT `type`,`name`,`value` FROM `fg_config` WHERE `status` = 1  [ RunTime:0.0019s ]
SQL: SELECT `type`,`name`,`value` FROM `fg_config` WHERE `status` = 1  [ RunTime:0.0016s ]
SQL: SHOW COLUMNS FROM `fg_fans_city` [ RunTime:0.0019s ]
SQL: SELECT `city` FROM `fg_fans_city` WHERE `openid` = null LIMIT 1   [ RunTime:0.0014s ]
NOTIC: [8] Undefined index: unionid /var/www/didi/Application/Wap/Controller/WapController.class.php 第 134 行.
SQL: SHOW COLUMNS FROM `fg_fans` [ RunTime:0.0033s ]
SQL: SELECT * FROM `fg_fans` WHERE `openid` = 'o97bDvshy2-obOJpBlS96DdY3niY' LIMIT 1   [ RunTime:0.0016s ]
SQL: SELECT * FROM `fg_fans` WHERE `openid` = 'o97bDvshy2-obOJpBlS96DdY3niY' LIMIT 1   [ RunTime:0.0016s ]
SQL: SHOW COLUMNS FROM `fg_maintain_order` [ RunTime:0.0024s ]
SQL: SELECT * FROM `fg_maintain_order` WHERE `openid` = 'o97bDvshy2-obOJpBlS96DdY3niY' ORDER BY id desc  [ RunTime:0.0016s ]
NOTIC: [2] Invalid argument supplied for foreach() /var/www/didi/Application/Wap/Controller/FansController.class.php 第 483 行.
INFO: [ view_parse ] --START--
INFO: [ template_filter ] --START--
INFO: Run Behavior\ContentReplaceBehavior [ RunTime:0.000064s ]
INFO: [ template_filter ] --END-- [ RunTime:0.000118s ]
INFO: Run Behavior\ParseTemplateBehavior [ RunTime:0.011585s ]
INFO: [ view_parse ] --END-- [ RunTime:0.011636s ]
INFO: [ view_filter ] --START--
INFO: Run Behavior\WriteHtmlCacheBehavior [ RunTime:0.000115s ]
INFO: [ view_filter ] --END-- [ RunTime:0.000154s ]
INFO: [ app_end ] --START--
INFO: Run Behavior\ShowPageTraceBehavior [ RunTime:0.000466s ]
INFO: [ app_end ] --END-- [ RunTime:0.000512s ]

[ 2016-05-05T11:27:10+08:00 ] 180.153.163.210 /wap.php/Fans/myorders.html
INFO: [ app_init ] --START--
INFO: Run Behavior\BuildLiteBehavior [ RunTime:0.000017s ]
INFO: Run Common\Behavior\InitHookBehavior [ RunTime:0.001095s ]
INFO: [ app_init ] --END-- [ RunTime:0.001642s ]
INFO: [ app_begin ] --START--
INFO: Run Behavior\ReadHtmlCacheBehavior [ RunTime:0.000409s ]
INFO: [ app_begin ] --END-- [ RunTime:0.000459s ]
SQL: SHOW COLUMNS FROM `fg_config` [ RunTime:0.0026s ]
SQL: SELECT `type`,`name`,`value` FROM `fg_config` WHERE `status` = 1  [ RunTime:0.0018s ]
SQL: SELECT `type`,`name`,`value` FROM `fg_config` WHERE `status` = 1  [ RunTime:0.0017s ]
SQL: SHOW COLUMNS FROM `fg_fans_city` [ RunTime:0.0022s ]
SQL: SELECT `city` FROM `fg_fans_city` WHERE `openid` = null LIMIT 1   [ RunTime:0.0015s ]

[ 2016-05-05T11:27:11+08:00 ] 101.226.125.113 /wap.php?s=/Location/getmycity.html
INFO: [ app_init ] --START--
INFO: Run Behavior\BuildLiteBehavior [ RunTime:0.000019s ]
INFO: Run Common\Behavior\InitHookBehavior [ RunTime:0.001170s ]
INFO: [ app_init ] --END-- [ RunTime:0.001697s ]
INFO: [ app_begin ] --START--
INFO: Run Behavior\ReadHtmlCacheBehavior [ RunTime:0.000392s ]
INFO: [ app_begin ] --END-- [ RunTime:0.000440s ]
SQL: SHOW COLUMNS FROM `fg_config` [ RunTime:0.0027s ]
SQL: SELECT `type`,`name`,`value` FROM `fg_config` WHERE `status` = 1  [ RunTime:0.0020s ]
SQL: SELECT `type`,`name`,`value` FROM `fg_config` WHERE `status` = 1  [ RunTime:0.0020s ]
SQL: SHOW COLUMNS FROM `fg_fans_city` [ RunTime:0.0026s ]
SQL: SELECT `city` FROM `fg_fans_city` WHERE `openid` = 'o97bDvshy2-obOJpBlS96DdY3niY' LIMIT 1   [ RunTime:0.0016s ]
SQL: SELECT `city` FROM `fg_fans_city` WHERE `openid` = 'o97bDvshy2-obOJpBlS96DdY3niY' LIMIT 1   [ RunTime:0.0016s ]
SQL: SHOW COLUMNS FROM `fg_city` [ RunTime:0.0021s ]
SQL: SELECT * FROM `fg_city` WHERE `id` = null LIMIT 1   [ RunTime:0.0016s ]

[ 2016-05-05T11:27:16+08:00 ] 58.247.206.154 /wap.php?s=/Weixin/index.html&signature=2cba4ac28822ec53acd276c291ce0e4c0797c367&timestamp=1462418835&nonce=1281793179
INFO: [ app_init ] --START--
INFO: Run Behavior\BuildLiteBehavior [ RunTime:0.000017s ]
INFO: Run Common\Behavior\InitHookBehavior [ RunTime:0.001096s ]
INFO: [ app_init ] --END-- [ RunTime:0.001603s ]
INFO: [ app_begin ] --START--
INFO: Run Behavior\ReadHtmlCacheBehavior [ RunTime:0.000381s ]
INFO: [ app_begin ] --END-- [ RunTime:0.000432s ]
SQL: SHOW COLUMNS FROM `fg_config` [ RunTime:0.0025s ]
SQL: SELECT `type`,`name`,`value` FROM `fg_config` WHERE `status` = 1  [ RunTime:0.0020s ]
INFO: [ app_end ] --START--
INFO: Run Behavior\ShowPageTraceBehavior [ RunTime:0.000469s ]
INFO: [ app_end ] --END-- [ RunTime:0.000534s ]

[ 2016-05-05T11:27:25+08:00 ] 58.247.206.154 /wap.php?s=/Weixin/index.html&signature=6a3504584327c6801b04707c40e771a5b11ac38d&timestamp=1462418844&nonce=1260090714
INFO: [ app_init ] --START--
INFO: Run Behavior\BuildLiteBehavior [ RunTime:0.000017s ]
INFO: Run Common\Behavior\InitHookBehavior [ RunTime:0.001096s ]
INFO: [ app_init ] --END-- [ RunTime:0.001635s ]
INFO: [ app_begin ] --START--
INFO: Run Behavior\ReadHtmlCacheBehavior [ RunTime:0.000415s ]
INFO: [ app_begin ] --END-- [ RunTime:0.000468s ]
SQL: SHOW COLUMNS FROM `fg_config` [ RunTime:0.0026s ]
SQL: SELECT `type`,`name`,`value` FROM `fg_config` WHERE `status` = 1  [ RunTime:0.0021s ]
INFO: [ app_end ] --START--
INFO: Run Behavior\ShowPageTraceBehavior [ RunTime:0.000593s ]
INFO: [ app_end ] --END-- [ RunTime:0.000695s ]

[ 2016-05-05T11:27:37+08:00 ] 58.247.206.144 /wap.php?s=/Weixin/index.html&signature=39716e63f4b4a75d635daa1d7ced4baf237485bc&timestamp=1462418857&nonce=712857432
INFO: [ app_init ] --START--
INFO: Run Behavior\BuildLiteBehavior [ RunTime:0.000017s ]
INFO: Run Common\Behavior\InitHookBehavior [ RunTime:0.001057s ]
INFO: [ app_init ] --END-- [ RunTime:0.001563s ]
INFO: [ app_begin ] --START--
INFO: Run Behavior\ReadHtmlCacheBehavior [ RunTime:0.000409s ]
INFO: [ app_begin ] --END-- [ RunTime:0.000497s ]
SQL: SHOW COLUMNS FROM `fg_config` [ RunTime:0.0026s ]
SQL: SELECT `type`,`name`,`value` FROM `fg_config` WHERE `status` = 1  [ RunTime:0.0020s ]
INFO: [ app_end ] --START--
INFO: Run Behavior\ShowPageTraceBehavior [ RunTime:0.000595s ]
INFO: [ app_end ] --END-- [ RunTime:0.000672s ]

[ 2016-05-05T11:29:22+08:00 ] 58.247.206.154 /wap.php?s=/Weixin/index.html&signature=3b106a251a26477bc83a8eca85343a5fa92556e5&timestamp=1462418962&nonce=1404957050
INFO: [ app_init ] --START--
INFO: Run Behavior\BuildLiteBehavior [ RunTime:0.000015s ]
INFO: Run Common\Behavior\InitHookBehavior [ RunTime:0.001061s ]
INFO: [ app_init ] --END-- [ RunTime:0.001627s ]
INFO: [ app_begin ] --START--
INFO: Run Behavior\ReadHtmlCacheBehavior [ RunTime:0.000364s ]
INFO: [ app_begin ] --END-- [ RunTime:0.000415s ]
SQL: SHOW COLUMNS FROM `fg_config` [ RunTime:0.0027s ]
SQL: SELECT `type`,`name`,`value` FROM `fg_config` WHERE `status` = 1  [ RunTime:0.0020s ]
INFO: [ app_end ] --START--
INFO: Run Behavior\ShowPageTraceBehavior [ RunTime:0.000567s ]
INFO: [ app_end ] --END-- [ RunTime:0.000647s ]

[ 2016-05-05T11:29:23+08:00 ] 101.226.125.113 /wap.php/Shop/index.html
INFO: [ app_init ] --START--
INFO: Run Behavior\BuildLiteBehavior [ RunTime:0.000016s ]
INFO: Run Common\Behavior\InitHookBehavior [ RunTime:0.001062s ]
INFO: [ app_init ] --END-- [ RunTime:0.001602s ]
INFO: [ app_begin ] --START--
INFO: Run Behavior\ReadHtmlCacheBehavior [ RunTime:0.000457s ]
INFO: [ app_begin ] --END-- [ RunTime:0.000508s ]
SQL: SHOW COLUMNS FROM `fg_config` [ RunTime:0.0025s ]
SQL: SELECT `type`,`name`,`value` FROM `fg_config` WHERE `status` = 1  [ RunTime:0.0018s ]
SQL: SELECT `type`,`name`,`value` FROM `fg_config` WHERE `status` = 1  [ RunTime:0.0018s ]
SQL: SHOW COLUMNS FROM `fg_fans_city` [ RunTime:0.0019s ]
SQL: SELECT `city` FROM `fg_fans_city` WHERE `openid` = null LIMIT 1   [ RunTime:0.0015s ]

[ 2016-05-05T11:29:23+08:00 ] 140.207.54.187 /wap.php/Shop/index.html?code=0311A9yQ0NhQOd2cF7wQ0MjayQ01A9yR&state=base
INFO: [ app_init ] --START--
INFO: Run Behavior\BuildLiteBehavior [ RunTime:0.000016s ]
INFO: Run Common\Behavior\InitHookBehavior [ RunTime:0.001085s ]
INFO: [ app_init ] --END-- [ RunTime:0.001604s ]
INFO: [ app_begin ] --START--
INFO: Run Behavior\ReadHtmlCacheBehavior [ RunTime:0.000395s ]
INFO: [ app_begin ] --END-- [ RunTime:0.000446s ]
SQL: SHOW COLUMNS FROM `fg_config` [ RunTime:0.0027s ]
SQL: SELECT `type`,`name`,`value` FROM `fg_config` WHERE `status` = 1  [ RunTime:0.0020s ]
SQL: SELECT `type`,`name`,`value` FROM `fg_config` WHERE `status` = 1  [ RunTime:0.0021s ]
SQL: SHOW COLUMNS FROM `fg_fans_city` [ RunTime:0.0024s ]
SQL: SELECT `city` FROM `fg_fans_city` WHERE `openid` = null LIMIT 1   [ RunTime:0.0016s ]
NOTIC: [8] Undefined index: unionid /var/www/didi/Application/Wap/Controller/WapController.class.php 第 134 行.
SQL: SHOW COLUMNS FROM `fg_fans` [ RunTime:0.0034s ]
SQL: SELECT * FROM `fg_fans` WHERE `openid` = 'o97bDvshy2-obOJpBlS96DdY3niY' LIMIT 1   [ RunTime:0.0021s ]
SQL: SHOW COLUMNS FROM `fg_shop` [ RunTime:0.0031s ]
SQL: SELECT * FROM `fg_shop` WHERE `status` = 1 AND `shop_type` = 1  [ RunTime:0.0020s ]
INFO: [ view_parse ] --START--
INFO: [ template_filter ] --START--
INFO: Run Behavior\ContentReplaceBehavior [ RunTime:0.000093s ]
INFO: [ template_filter ] --END-- [ RunTime:0.000155s ]
INFO: Run Behavior\ParseTemplateBehavior [ RunTime:0.009888s ]
INFO: [ view_parse ] --END-- [ RunTime:0.009943s ]
INFO: [ view_filter ] --START--
INFO: Run Behavior\WriteHtmlCacheBehavior [ RunTime:0.000129s ]
INFO: [ view_filter ] --END-- [ RunTime:0.000169s ]
INFO: [ app_end ] --START--
INFO: Run Behavior\ShowPageTraceBehavior [ RunTime:0.000459s ]
INFO: [ app_end ] --END-- [ RunTime:0.000518s ]

[ 2016-05-05T11:29:25+08:00 ] 101.226.125.113 /wap.php?s=/Location/getmycity.html
INFO: [ app_init ] --START--
INFO: Run Behavior\BuildLiteBehavior [ RunTime:0.000024s ]
INFO: Run Common\Behavior\InitHookBehavior [ RunTime:0.001507s ]
INFO: [ app_init ] --END-- [ RunTime:0.002287s ]
INFO: [ app_begin ] --START--
INFO: Run Behavior\ReadHtmlCacheBehavior [ RunTime:0.000451s ]
INFO: [ app_begin ] --END-- [ RunTime:0.000500s ]
SQL: SHOW COLUMNS FROM `fg_config` [ RunTime:0.0026s ]
SQL: SELECT `type`,`name`,`value` FROM `fg_config` WHERE `status` = 1  [ RunTime:0.0018s ]
SQL: SELECT `type`,`name`,`value` FROM `fg_config` WHERE `status` = 1  [ RunTime:0.0018s ]
SQL: SHOW COLUMNS FROM `fg_fans_city` [ RunTime:0.0021s ]
SQL: SELECT `city` FROM `fg_fans_city` WHERE `openid` = 'o97bDvshy2-obOJpBlS96DdY3niY' LIMIT 1   [ RunTime:0.0016s ]
SQL: SELECT `city` FROM `fg_fans_city` WHERE `openid` = 'o97bDvshy2-obOJpBlS96DdY3niY' LIMIT 1   [ RunTime:0.0015s ]
SQL: SHOW COLUMNS FROM `fg_city` [ RunTime:0.0020s ]
SQL: SELECT * FROM `fg_city` WHERE `id` = null LIMIT 1   [ RunTime:0.0015s ]

[ 2016-05-05T13:26:33+08:00 ] 58.247.206.149 /wap.php?s=/Weixin/index.html&signature=98952e3eb0f6fceb6dfa8e1116f0a7ad0f759922&timestamp=1462425992&nonce=1471584858
INFO: [ app_init ] --START--
INFO: Run Behavior\BuildLiteBehavior [ RunTime:0.000016s ]
INFO: Run Common\Behavior\InitHookBehavior [ RunTime:0.001288s ]
INFO: [ app_init ] --END-- [ RunTime:0.001877s ]
INFO: [ app_begin ] --START--
INFO: Run Behavior\ReadHtmlCacheBehavior [ RunTime:0.000421s ]
INFO: [ app_begin ] --END-- [ RunTime:0.000477s ]
SQL: SHOW COLUMNS FROM `fg_config` [ RunTime:0.0026s ]
SQL: SELECT `type`,`name`,`value` FROM `fg_config` WHERE `status` = 1  [ RunTime:0.0019s ]
NOTIC: [8] Undefined offset: 1 /var/www/didi/Application/Wap/Controller/WeixinController.class.php 第 309 行.
NOTIC: [8] Undefined index: errcode /var/www/didi/ThinkPHP/Library/OT/Wechat/Wechat.class.php 第 883 行.
NOTIC: [8] Undefined index: errcode /var/www/didi/ThinkPHP/Library/OT/Wechat/Wechat.class.php 第 919 行.
NOTIC: [8] Undefined index: unionid /var/www/didi/Application/Wap/Controller/WeixinController.class.php 第 266 行.
SQL: SHOW COLUMNS FROM `fg_fans` [ RunTime:0.0032s ]
SQL: SELECT * FROM `fg_fans` WHERE `openid` = 'o97bDvgnrQi0KvrkMW9ad_fYiTJQ' LIMIT 1   [ RunTime:0.0019s ]
SQL: INSERT INTO `fg_fans` (`openid`,`nickname`,`headimgurl`,`sex`,`subscribe`,`subscribe_time`,`address`,`create_time`) VALUES ('o97bDvgnrQi0KvrkMW9ad_fYiTJQ','［有人@你］','http://wx.qlogo.cn/mmopen/UadbjXQSYxA9vppwz48FbibuicDic4H9LibVaZ6tj9fezv5UA8qXBD5EA3JYcjwqeOjJqJByujBznEzwohCaJeM9eg/0','1','1','1462425992','中国浙江金华','1462425993') [ RunTime:0.0029s ]
SQL: SHOW COLUMNS FROM `fg_coupon_config` [ RunTime:0.0023s ]
SQL: SELECT * FROM `fg_coupon_config` WHERE `actions` = 1 AND `status` = 1  [ RunTime:0.0017s ]
SQL: SHOW COLUMNS FROM `fg_fans_coupon` [ RunTime:0.0025s ]
SQL: SELECT * FROM `fg_fans` WHERE `id` = 516 LIMIT 1   [ RunTime:0.0018s ]
SQL: SHOW COLUMNS FROM `fg_reply` [ RunTime:0.0029s ]
SQL: SELECT * FROM `fg_reply` WHERE `status` = 1 AND `keyword` = '关注时回复' ORDER BY reply_type desc,sort desc,create_time desc LIMIT 1   [ RunTime:0.0018s ]
INFO: [ app_end ] --START--
INFO: Run Behavior\ShowPageTraceBehavior [ RunTime:0.000762s ]
INFO: [ app_end ] --END-- [ RunTime:0.000822s ]

[ 2016-05-05T14:37:11+08:00 ] 58.247.206.148 /wap.php?s=/Weixin/index.html&signature=0ebb9c3e716cc483cd6b0edbb90a6cafd8ad2cac&timestamp=1462430230&nonce=705164695
INFO: [ app_init ] --START--
INFO: Run Behavior\BuildLiteBehavior [ RunTime:0.000015s ]
INFO: Run Common\Behavior\InitHookBehavior [ RunTime:0.001096s ]
INFO: [ app_init ] --END-- [ RunTime:0.001596s ]
INFO: [ app_begin ] --START--
INFO: Run Behavior\ReadHtmlCacheBehavior [ RunTime:0.000539s ]
INFO: [ app_begin ] --END-- [ RunTime:0.000613s ]
SQL: SHOW COLUMNS FROM `fg_config` [ RunTime:0.0028s ]
SQL: SELECT `type`,`name`,`value` FROM `fg_config` WHERE `status` = 1  [ RunTime:0.0019s ]
NOTIC: [8] Undefined offset: 1 /var/www/didi/Application/Wap/Controller/WeixinController.class.php 第 309 行.
NOTIC: [8] Undefined index: errcode /var/www/didi/ThinkPHP/Library/OT/Wechat/Wechat.class.php 第 919 行.
NOTIC: [8] Undefined index: unionid /var/www/didi/Application/Wap/Controller/WeixinController.class.php 第 266 行.
SQL: SHOW COLUMNS FROM `fg_fans` [ RunTime:0.0034s ]
SQL: SELECT * FROM `fg_fans` WHERE `openid` = 'o97bDvg5J9Ddgchv4mujL1az8rmQ' LIMIT 1   [ RunTime:0.0019s ]
SQL: INSERT INTO `fg_fans` (`openid`,`nickname`,`headimgurl`,`sex`,`subscribe`,`subscribe_time`,`address`,`create_time`) VALUES ('o97bDvg5J9Ddgchv4mujL1az8rmQ','A芦章华','http://wx.qlogo.cn/mmopen/geTMXvM0DicyE9FQh0rUHbKhrPp8bEbGQ18JibtJ6xPAiak2dia9IPNUK5uOWibjdwlF5o7xoY0A7PdRiciau5VBGCMAzkaiaGFGaklI/0','1','1','1462430230','中国浙江金华','1462430230') [ RunTime:0.0026s ]
SQL: SHOW COLUMNS FROM `fg_coupon_config` [ RunTime:0.0025s ]
SQL: SELECT * FROM `fg_coupon_config` WHERE `actions` = 1 AND `status` = 1  [ RunTime:0.0017s ]
SQL: SHOW COLUMNS FROM `fg_fans_coupon` [ RunTime:0.0027s ]
SQL: SELECT * FROM `fg_fans` WHERE `id` = 517 LIMIT 1   [ RunTime:0.0018s ]
SQL: SHOW COLUMNS FROM `fg_reply` [ RunTime:0.0024s ]
SQL: SELECT * FROM `fg_reply` WHERE `status` = 1 AND `keyword` = '关注时回复' ORDER BY reply_type desc,sort desc,create_time desc LIMIT 1   [ RunTime:0.0017s ]
INFO: [ app_end ] --START--
INFO: Run Behavior\ShowPageTraceBehavior [ RunTime:0.000562s ]
INFO: [ app_end ] --END-- [ RunTime:0.000620s ]

[ 2016-05-05T14:37:16+08:00 ] 58.247.206.153 /wap.php?s=/Weixin/index.html&signature=0f7fa80150b82a09c99fa3ef875872f9155acfbd&timestamp=1462430235&nonce=416490398
INFO: [ app_init ] --START--
INFO: Run Behavior\BuildLiteBehavior [ RunTime:0.000018s ]
INFO: Run Common\Behavior\InitHookBehavior [ RunTime:0.001083s ]
INFO: [ app_init ] --END-- [ RunTime:0.001592s ]
INFO: [ app_begin ] --START--
INFO: Run Behavior\ReadHtmlCacheBehavior [ RunTime:0.000387s ]
INFO: [ app_begin ] --END-- [ RunTime:0.000439s ]
SQL: SHOW COLUMNS FROM `fg_config` [ RunTime:0.0030s ]
SQL: SELECT `type`,`name`,`value` FROM `fg_config` WHERE `status` = 1  [ RunTime:0.0020s ]
INFO: [ app_end ] --START--
INFO: Run Behavior\ShowPageTraceBehavior [ RunTime:0.000599s ]
INFO: [ app_end ] --END-- [ RunTime:0.000687s ]

[ 2016-05-05T14:48:43+08:00 ] 58.247.206.153 /wap.php?s=/Weixin/index.html&signature=ca234bab6f15212ebdf7328058cca08d4a815f29&timestamp=1462430922&nonce=718123187
INFO: [ app_init ] --START--
INFO: Run Behavior\BuildLiteBehavior [ RunTime:0.000021s ]
INFO: Run Common\Behavior\InitHookBehavior [ RunTime:0.001150s ]
INFO: [ app_init ] --END-- [ RunTime:0.001693s ]
INFO: [ app_begin ] --START--
INFO: Run Behavior\ReadHtmlCacheBehavior [ RunTime:0.000395s ]
INFO: [ app_begin ] --END-- [ RunTime:0.000448s ]
SQL: SHOW COLUMNS FROM `fg_config` [ RunTime:0.0027s ]
SQL: SELECT `type`,`name`,`value` FROM `fg_config` WHERE `status` = 1  [ RunTime:0.0020s ]
INFO: [ app_end ] --START--
INFO: Run Behavior\ShowPageTraceBehavior [ RunTime:0.000635s ]
INFO: [ app_end ] --END-- [ RunTime:0.000739s ]

[ 2016-05-05T20:23:37+08:00 ] 58.247.206.143 /wap.php?s=/Weixin/index.html&signature=25d9cf67f1a6142d1822704552dd9e0a618f54e1&timestamp=1462451016&nonce=447858683
INFO: [ app_init ] --START--
INFO: Run Behavior\BuildLiteBehavior [ RunTime:0.000018s ]
INFO: Run Common\Behavior\InitHookBehavior [ RunTime:0.001107s ]
INFO: [ app_init ] --END-- [ RunTime:0.001677s ]
INFO: [ app_begin ] --START--
INFO: Run Behavior\ReadHtmlCacheBehavior [ RunTime:0.000409s ]
INFO: [ app_begin ] --END-- [ RunTime:0.000462s ]
SQL: SHOW COLUMNS FROM `fg_config` [ RunTime:0.0027s ]
SQL: SELECT `type`,`name`,`value` FROM `fg_config` WHERE `status` = 1  [ RunTime:0.0019s ]
NOTIC: [8] Undefined offset: 1 /var/www/didi/Application/Wap/Controller/WeixinController.class.php 第 309 行.
NOTIC: [8] Undefined index: errcode /var/www/didi/ThinkPHP/Library/OT/Wechat/Wechat.class.php 第 883 行.
NOTIC: [8] Undefined index: errcode /var/www/didi/ThinkPHP/Library/OT/Wechat/Wechat.class.php 第 919 行.
NOTIC: [8] Undefined index: unionid /var/www/didi/Application/Wap/Controller/WeixinController.class.php 第 266 行.
SQL: SHOW COLUMNS FROM `fg_fans` [ RunTime:0.0034s ]
SQL: SELECT * FROM `fg_fans` WHERE `openid` = 'o97bDvpa68cLxApNoOXxFC9W1h3g' LIMIT 1   [ RunTime:0.0019s ]
SQL: INSERT INTO `fg_fans` (`openid`,`nickname`,`headimgurl`,`sex`,`subscribe`,`subscribe_time`,`address`,`create_time`) VALUES ('o97bDvpa68cLxApNoOXxFC9W1h3g','阿胜','http://wx.qlogo.cn/mmopen/8984aO4eojcJiaGQXiadmEibfxXBUghgOWdNZ5HbCTHAoBASYNL2LdeSkROJHy6gFWvJUKMaB2dkic4HACg3WV05RwpVd3Fej2HQ/0','1','1','1462451016','中国浙江金华','1462451017') [ RunTime:0.0029s ]
SQL: SHOW COLUMNS FROM `fg_coupon_config` [ RunTime:0.0026s ]
SQL: SELECT * FROM `fg_coupon_config` WHERE `actions` = 1 AND `status` = 1  [ RunTime:0.0020s ]
SQL: SHOW COLUMNS FROM `fg_fans_coupon` [ RunTime:0.0025s ]
SQL: SELECT * FROM `fg_fans` WHERE `id` = 518 LIMIT 1   [ RunTime:0.0019s ]
SQL: SHOW COLUMNS FROM `fg_reply` [ RunTime:0.0027s ]
SQL: SELECT * FROM `fg_reply` WHERE `status` = 1 AND `keyword` = '关注时回复' ORDER BY reply_type desc,sort desc,create_time desc LIMIT 1   [ RunTime:0.0018s ]
INFO: [ app_end ] --START--
INFO: Run Behavior\ShowPageTraceBehavior [ RunTime:0.000606s ]
INFO: [ app_end ] --END-- [ RunTime:0.000658s ]

[ 2016-05-05T20:54:32+08:00 ] 58.247.206.148 /wap.php?s=/Weixin/index.html&signature=4580dd1bcadbb61f34727164d99174eadf2cbf53&timestamp=1462452871&nonce=1454678890
INFO: [ app_init ] --START--
INFO: Run Behavior\BuildLiteBehavior [ RunTime:0.000018s ]
INFO: Run Common\Behavior\InitHookBehavior [ RunTime:0.001181s ]
INFO: [ app_init ] --END-- [ RunTime:0.001739s ]
INFO: [ app_begin ] --START--
INFO: Run Behavior\ReadHtmlCacheBehavior [ RunTime:0.000625s ]
INFO: [ app_begin ] --END-- [ RunTime:0.000738s ]
SQL: SHOW COLUMNS FROM `fg_config` [ RunTime:0.0026s ]
SQL: SELECT `type`,`name`,`value` FROM `fg_config` WHERE `status` = 1  [ RunTime:0.0019s ]
SQL: SHOW COLUMNS FROM `fg_fans` [ RunTime:0.0027s ]
SQL: UPDATE `fg_fans` SET `subscribe`='0' WHERE `openid` = 'o97bDvixBJ495KCzZ_1exyYnkoFc' [ RunTime:0.0028s ]
INFO: [ app_end ] --START--
INFO: Run Behavior\ShowPageTraceBehavior [ RunTime:0.000702s ]
INFO: [ app_end ] --END-- [ RunTime:0.000759s ]

