ERR: Add Fans success!--o97bDvl7jbQPsTvCqxgfV5JrzLK8
ERR: Add Fans success!--o97bDvr8o9GUdPKg17fj06JfZugY
ERR: Add Fans success!--o97bDvmw2m9x_ydU-KB-xk70kKwA
ERR: Add Fans success!--o97bDvrTXoPIU7Gc54hJKNfpWEBM
ERR: Add Fans success!--o97bDvkYMVvI_ql4cayB39ZhmYew
ERR: Add Fans success!--o97bDvkfeUOf0j9yQsBfpmjjSzJc
ERR: Add Fans success!--o97bDvtMyrDUywImPRjhGSRATLqk
ERR: Add Fans success!--o97bDvjY8Zc9ZaygBmVkc1WMd4iA
ERR: Add Fans success!--o97bDvho09dJB0zlrb8A4DuIEHzo
ERR: Add Fans success!--o97bDvsmlyX8cIWQDk4rNb43SpSs
ERR: Add Fans success!--o97bDvr_WVBl-U16WdrIDdDQkW6A
ERR: Add Fans success!--o97bDvv_LXyRrlH5bj7rTdpvKGyk
ERR: Add Fans success!--o97bDvulAtTFpfjYEbyc12Pc91OE
ERR: Add Fans success!--o97bDvlzGtd7HNUYNkpza703Ic7g
ERR: Add Fans success!--o97bDvncus_713gIX0cRtf6nkgbo
ERR: Add Fans success!--o97bDvt19uujKN_vxwyBtSwkLPbE
ERR: Add Fans success!--o97bDvihaJ_oAf8lsPKPl8kHHphc
ERR: Add Fans success!--o97bDvlsjzWfWXzHXd1lSfujxvjg
ERR: Add Fans success!--o97bDvkDx6jj4vTBCJijAQnGebBY
ERR: Add Fans success!--o97bDvgf0Jq3IHFIS2bOAJB8wmu8
ERR: Add Fans success!--o97bDvgIJSOpDNbGP24iO4mAMbcg
ERR: Add Fans success!--o97bDvgUT40Z1qqInj_BBliWsc1c
ERR: Add Fans success!--o97bDvkw2LZHGDdhR6WwT9q-0Qig
ERR: Add Fans success!--o97bDvtqkqrEha6xOumJiOE6FCkE
ERR: Add Fans success!--o97bDvgeCsnYp33PsMefv6lP9Uwc
ERR: Add Fans success!--o97bDvinTZYeKpNq3uw_8pgdNPHA
ERR: Add Fans success!--o97bDvuTL502HXgdGQOiEQ8PgeSo
ERR: Add Fans success!--o97bDvkwWkJLMqkrNo39R6Gh9YDg
ERR: Add Fans success!--o97bDvu2SCp2Vp67LCOs8z5jf1fs
ERR: Add Fans success!--o97bDvimEEsXfaDQEy3VcobVHJbg
ERR: Add Fans success!--o97bDvrhROTR8uC3OPzhWaqhxr_E
ERR: Add Fans success!--o97bDvsguuUaqwovjr52cdoVGSi4
ERR: Add Fans success!--o97bDvlCIJBSCxDqNCG-XLMpQUPs
ERR: Add Fans success!--o97bDvjVDZCNsgcLpv9xEd5nMuoU
ERR: Add Fans success!--o97bDvqnxsNmbGMhXsbTzGc4Bsso
ERR: Add Fans success!--o97bDvhkscyrdmz9_dqckQMRsfls
ERR: Add Fans success!--o97bDvtQhjMKxwlvj70WC9t7Eapk
ERR: Add Fans success!--o97bDvruI7dmqKiquc6MP6eICvE4
ERR: Add Fans success!--o97bDvvwoDiwqLOQtcd1UkosOq1s
ERR: Add Fans success!--o97bDvion7NftO8qAgJtCoasSaL8
ERR: Save Fans success!阿杜--o97bDvuhJ00OuNrw1U8pbcKQssIY
ERR: Add Fans success!--o97bDvqcodguz79e-LmppvkUBNaU
ERR: Add Fans success!--o97bDvorZJDljQQ_VbYwdL7eoMFk
