ERR: Save Fans success!阿杜--o97bDvuhJ00OuNrw1U8pbcKQssIY
ERR: Add Fans success!--o97bDvr4lxkbsiHVyCPQOfpB-NTA
ERR: Add Fans success!--o97bDvrHeDhVBfLUlOrN3cyj3Fq4
ERR: Add Fans success!--o97bDvjskB3PxlT5Hiofp0owLC0U
ERR: Add Fans success!--o97bDvriD1FLkfFSxTG21Er0vqT4
ERR: Add Fans success!--o97bDvq02ZJhCtRbYK7T6FLu093M
ERR: Add Fans success!--o97bDvoLt0lm6oZQ7Cmhbqi7WZ1k
ERR: Add Fans success!--o97bDvoeFnklirsH9v6h8Jp0B0hs
ERR: Add Fans success!--o97bDvoJCuihrHQzIV9ME9HTtWqw
ERR: Add Fans success!--o97bDvpR7-h7juzIRSkTcu0hdFK4
ERR: Add Fans success!--o97bDviUhxjNmj9c20wfRfhj0kgE
ERR: Add Fans success!--o97bDvmy_r41L34qWzrQFcob1MXU
ERR: Add Fans success!--o97bDvsL0d5wwABylRPmQcrqk4_k
ERR: Add Fans success!--o97bDvkoal4x1_yeFYvNf8CNrz7g
ERR: Add Fans success!--o97bDvgZCFHlAXxyfvzqxmPfBiKc
ERR: Save Fans success!夏日阳光--o97bDvoOZihK6o49CA5pJauT79lE
ERR: Add Fans success!--o97bDvntd7tjTP4gLTboTcIfV4XE
ERR: Add Fans success!--o97bDvmgI4aQtfChoS3p0Hqpl9x8
ERR: Add Fans success!--o97bDvr51E-tThVSImjzDazHiOBM
ERR: Add Fans success!--o97bDvipthMyvZ-IYuPR3twWhF0U
ERR: Add Fans success!--o97bDvu8wG0I_DlO8QC4fcBiidfM
ERR: Add Fans success!--o97bDvnvfNtFNJtqQBCw0uvvHw7Y
