ERR: Add Fans success!--o97bDvg-I0zhKlEVxgxpFaSBbSsU
ERR: Add Fans success!--o97bDvmih71BwqXoeSjJWQiHJ3xs
ERR: Add Fans success!--o97bDvl0sShxKKSE78WOcy61IsfA
ERR: Add Fans success!--o97bDvq6n-6P0_aGJuVRC1sM4xL8
ERR: Add Fans success!--o97bDvh7riwKW3U4IEPe4NX6s9vE
ERR: Add Fans success!--o97bDvgCQwVUM9wkERoW2zG4ZXQE
ERR: Add Fans success!--o97bDvllOwkZE1k34vuAH_PtiMIw
ERR: Add Fans success!--o97bDvuwkGCvuzae_xe9C8nA4TO4
ERR: Add Fans success!--o97bDvuS4GxcC7O_9xGnubm7gXKw
ERR: Add Fans success!--o97bDvvEUdhewaozVRaUa_PDeBBI
ERR: Add Fans success!--o97bDvsWf3xqn83bkC4Nrjj3GZww
ERR: Add Fans success!--o97bDvnxlNLgVrrHAEnrr4wpGjNw
ERR: Add Fans success!--o97bDvmfnWzVuuQPg-XsinEwIQ5Y
ERR: 获取业务失败:尝试更换access_token获取  Errcode{ TIME：2016-05-07 10:35:23 URL:https://api.weixin.qq.com/cgi-bin/message/template/send?access_token=bTUPJmwCWdCaYLrmNCDUl3SyHuPU4379eiugJKY5j5wtGHvizSvZ3w906hKCm_uBrh06F5awBzi2idwx_ynk_Mi3nQVufgplg4OiQkNYayeoSt_775dJatxGwcQVX5-EPFPeAJAFVF
ERR: 获取业务失败:  Errcode{"errcode":40037,"errmsg":"invalid template_id hint: [CNgypA0524age9]"} TIME：2016-05-07 10:35:23 URL:https://api.weixin.qq.com/cgi-bin/message/template/send?access_token=UtmygWvvLDnRnJU0o_1AUUW2203Og-lXXuYRttGr3nRHNDHc0KKNrq1WV3h1j04qWq9RDg017zXDiDQTbIPbR_eXcXe2Q_oJwuKVPMwa-y7RCzCAKQM5htMZ9IWEIuxJMUXjABATBE
ERR: 获取业务失败:尝试更换access_token获取  Errcode{ TIME：2016-05-07 10:35:23 URL:https://api.weixin.qq.com/cgi-bin/message/template/send?access_token=UtmygWvvLDnRnJU0o_1AUUW2203Og-lXXuYRttGr3nRHNDHc0KKNrq1WV3h1j04qWq9RDg017zXDiDQTbIPbR_eXcXe2Q_oJwuKVPMwa-y7RCzCAKQM5htMZ9IWEIuxJMUXjABATBE
ERR: 获取业务失败:  Errcode{"errcode":40003,"errmsg":"invalid openid hint: [DNZVaa0524age1]"} TIME：2016-05-07 10:35:23 URL:https://api.weixin.qq.com/cgi-bin/message/template/send?access_token=UtmygWvvLDnRnJU0o_1AUUW2203Og-lXXuYRttGr3nQve7KZcg2CL9MuYtkbm-NhzFlZ5R1-lZNo4GlL9rgxVoRqA3MA1eZKPYti_Cjtg1-wQrTvffczhfLxIpm1PVpMXBDjABATXZ
ERR: Add Fans success!--o97bDvvYScumaUsbOGZaX3ApiDZs
ERR: Add Fans success!--o97bDvjef8X-359ZIX_bAg6psKi0
ERR: Add Fans success!--o97bDvrOCCvm4we1ZkrmzVuswL2M
ERR: Add Fans success!--o97bDvhKH3r2-KzJTq4pgmRTgiV8
ERR: Add Fans success!--o97bDvtEUlZpLPcrAz9Jsp5yCDOU
ERR: Add Fans success!--o97bDvnCnHY-oj8GRMFak5hF6o8Q
ERR: Add Fans success!--o97bDvr1SHX90zV1UlqFGj_LiHic
ERR: Add Fans success!--o97bDvmdfKWirQT0TplZe5JlMNc0
ERR: Add Fans success!--o97bDvrdzy0d8chFzlUkskzi9_wM
ERR: Add Fans success!--o97bDvtCBBl69MnyjLe4RFIDdaYo
ERR: Add Fans success!--o97bDvgicOgTuZWZ7aeni80Rxk8o
ERR: Add Fans success!--o97bDvl1_4sxjpZEBsf82fRl1Jd8
ERR: Add Fans success!--o97bDvn1f3PPkIdbWUJKXEFYISzA
ERR: Add Fans success!--o97bDviZRcpAiHKQewF2hjFyA8w0
ERR: Add Fans success!--o97bDvkMxc8TGRBvCs7GXcAJ5lGk
ERR: Add Fans success!--o97bDvsJk6mUbo5W7iwmQwGjLJYc
ERR: Add Fans success!--o97bDvhe4lvGBzyzB6k8DOLYJGJU
ERR: Add Fans success!--o97bDvulxGdm-8rHQNfXONxgfdbA
