ERR: Add Fans success!--o97bDvqLfo55-FFxZyRsXrGi2HOc
ERR: Add Fans success!--o97bDvsyW0rR99cOVLDyBwYG0eNg
ERR: Add Fans success!--o97bDvsto11K1DsqsYhBzVXrRkxM
ERR: Add Fans success!--o97bDvqt9OeKxKmhqqtAKTLfOK5M
ERR: Add Fans success!--o97bDvtFU8ckd1RpmHC6YlfRi_nE
ERR: Add Fans success!--o97bDvnc41aEXKUDabMcz_ZY8MHA
ERR: Add Fans success!--o97bDvowIwlbDUlrCFa7HXE4GtVs
ERR: Add Fans success!--o97bDviBunDqMnI_9Nu0D7PgDUSI
ERR: Add Fans success!--o97bDvnZ7RfhcEBbvbg5i72mO60I
ERR: Add Fans success!--o97bDvsp7r8MuSsXnAm1_HdO_1cw
ERR: Add Fans success!--o97bDvugtRdNL-ZLdFUEr0H7nq28
ERR: Add Fans success!--o97bDviHg8U2nmYgp-Gek2oL45Gs
ERR: Add Fans success!--o97bDvlOs7KOVTywpH7IYbiXZO6g
ERR: Add Fans success!--o97bDvjOyqp4r_kIPcjwtVRzvEbc
ERR: Add Fans success!--o97bDvr7avT0ekEePVdxUmPdOi2Y
ERR: Add Fans success!--o97bDvg1-Fue9R4f11Py_8e8aAxY
ERR: Add Fans success!--o97bDvqlqaAxck8o8ixQKufoyraI
ERR: Add Fans success!--o97bDvoLLRHtuk8W8vFXA-KoqGT0
ERR: Add Fans success!--o97bDvl11cxms2fiT3sIKdMPZ5s4
ERR: Add Fans success!--o97bDvm8bBFV0hNE5g1TK3o8YF4U
ERR: Add Fans success!--o97bDvjP6lXEE3SZOXfP1zTzzxj0
ERR: Add Fans success!--o97bDvrbpqitmNQM7GtDrh--Vudo
ERR: Add Fans success!--o97bDvkAjVN-rVtjGDTyMAUagwz4
ERR: Add Fans success!--o97bDvkvI3pnSfMkGXM3JOVoAcyU
ERR: Add Fans success!--o97bDvsIaFMQiFJ9Ul1QhSvgQ8dY
ERR: Add Fans success!--o97bDvh5J-hftnNnisAkIYlctAVI
ERR: Add Fans success!--o97bDvqXS8uyin48GCJSyfadJSD0
ERR: Add Fans success!--o97bDvtZpsaP7Juy5aPiSnuDClmo
ERR: Add Fans success!--o97bDvr4ZcquYqm8h7VZA8-yv2Mg
ERR: Add Fans success!--o97bDvmM-tULQGcuHXFAgZY9GGSE
ERR: Add Fans success!--o97bDvti47IykqzSlNifZw1szlRA
ERR: Add Fans success!--o97bDvsq-lPPO3YHFbOK3YoJetqo
ERR: Add Fans success!--o97bDvmBvK_3BvDWYmkW5qAYhjeg
ERR: Add Fans success!--o97bDvrgXDGE0BafxSc_7nm52tZg
ERR: Add Fans success!--o97bDvu9Q93H3IEtduk5HP1rTLeA
ERR: Add Fans success!--o97bDvr_RqCnZJG3Y9pB1-jw9O2Y
ERR: Add Fans success!--o97bDvrUX9q9Y8PubkmNLIl2w5Qo
ERR: Add Fans success!--o97bDvsPbqFW-0W-aPc4_KxCOAk4
ERR: Add Fans success!--o97bDvi6V0NNnRSrcfAekueDToUA
ERR: Add Fans success!--o97bDvh-cnI7NHsqvql1kjYUHOO8
ERR: Add Fans success!--o97bDvlHEyNzbsoURYvwAD1CfgRY
ERR: Add Fans success!--o97bDvsFHkK5HVcWHsf-0l-uUNSY
ERR: Add Fans success!--o97bDvqPzpVq65C_nuTyR8I4gv9A
ERR: Add Fans success!--o97bDvo26MNycQ8O04QHrE1yz7as
ERR: Add Fans success!--o97bDvixBJ495KCzZ_1exyYnkoFc
ERR: Add Fans success!--o97bDvvmrIE8Hxg5oPUHZJW3u08g
ERR: Add Fans success!--o97bDvtWYxt5tqlULYUzu0CQV61s
ERR: Add Fans success!--o97bDvsdk4DwkeH8t6WARudUg-4s
ERR: Add Fans success!--o97bDvrK6W5Otzb-0M9hCPR0lUts
ERR: Add Fans success!--o97bDvg0HcMJxDs_5-uOVN27X7g0
ERR: Add Fans success!--o97bDvgor7rvzxKnESzn_hxjtOFg
ERR: Add Fans success!--o97bDvnQ7ssPjNHUd07zkVLqbltQ
ERR: Add Fans success!--o97bDvkjh6UydTMTM0k-80WeS4nU
ERR: Add Fans success!--o97bDvlQwHpp4F9FKsuWzRahFlgg
ERR: Add Fans success!--o97bDvoOZihK6o49CA5pJauT79lE
ERR: Add Fans success!--o97bDvoLqbjFTF3OpgCKKN4mgEn0
ERR: Add Fans success!--o97bDvs3O0agvr04s1NKATKsQeNM
ERR: Add Fans success!--o97bDvnsUoO5XTe_ucAQGNjdgZiU
ERR: Add Fans success!--o97bDvuESseSLqUR3hrXfUUYE4Mk
ERR: Add Fans success!--o97bDvsKJT_Cj4QTPKi6J-JFFx8k
ERR: Add Fans success!--o97bDvtWwHm3rU9ey7XQsPNIuxsM
ERR: Add Fans success!--o97bDvhuimqkyQG3Kkw_5QB5HZ-A
ERR: Add Fans success!--o97bDvuzOFZ0lh4ejAYNXu-Y4snQ
ERR: Add Fans success!--o97bDviU5TfZm5PRMvqWhnKX0DB0
ERR: Save Fans success!天亮了--o97bDvnsUoO5XTe_ucAQGNjdgZiU
ERR: Add Fans success!--o97bDvof1-Zw9iE1SEGwPILgY3fg
ERR: Add Fans success!--o97bDvuCsxwtZEUiPMwsBpaR94-k
ERR: Add Fans success!--o97bDvqEt4Irp2kIUGJkWLkAWvP4
ERR: Add Fans success!--o97bDvjvg1loXK5pAJXcJfsUy_VU
ERR: Add Fans success!--o97bDvsUElrfnthGlm_bOUsRaTpc
ERR: Add Fans success!--o97bDvqfclT2izUdCB_WDA08qORA
ERR: Add Fans success!--o97bDvv2cd9T9OQDbdz20bWhn6eA
ERR: Add Fans success!--o97bDvnjoOfFsnOeFohFFSEiYHlM
ERR: Add Fans success!--o97bDvj10u5jVvu_pS_ytLVEcypo
ERR: Add Fans success!--o97bDvtlv3Vve7iMLOBEPlutxwJo
ERR: Add Fans success!--o97bDvrDxYn0vS4_LKM9UHxBjffc
ERR: Add Fans success!--o97bDvgUCmYpCTPxMoHOhNrUE7NU
ERR: Add Fans success!--o97bDvl91bNzW9ylMxUbxQ84Q2SY
ERR: Save Fans success!姑蔑公主--o97bDvsUElrfnthGlm_bOUsRaTpc
ERR: Add Fans success!--o97bDvg8OLQhUqHMxy4Jo6T1h8CI
ERR: Add Fans success!--o97bDvrHu8tdvIT3cJVfz72ITdeI
ERR: Add Fans success!--o97bDvrP0qO8LDSjEqyrltc7ChYM
ERR: Add Fans success!--o97bDvj9QWcjH6bowaVmP5_U1gIA
ERR: Add Fans success!--o97bDvjlU4bOvVq6sgpTXu5LSSrA
ERR: Add Fans success!--o97bDvjE-gqLKap1s1TjHR8-f58Q
ERR: Add Fans success!--o97bDvs2d6QlknpHE_AVYY1btWyY
ERR: Add Fans success!--o97bDvkMtd25JIv3jejdpqnHNFC4
ERR: Add Fans success!--o97bDvn9DFwISviYcTkCVF4RXtOU
ERR: Add Fans success!--o97bDvhX0ZY_ySyk73m3HLuD9oXU
ERR: Add Fans success!--o97bDvnDgCd42WOYvINTH1AfYlXk
ERR: Add Fans success!--o97bDvr4_7aSwm8_sF6HCjqq3dYM
ERR: Add Fans success!--o97bDvhPnVDgktCwaSNxri7p6WWs
ERR: Add Fans success!--o97bDvuxa-XJ9Daj70dpBa0w-kP0
ERR: Add Fans success!--o97bDvopx4o0znV4FvTW0CUfnBvQ
ERR: Add Fans success!--o97bDvtgkxXWPZ1J3XMKtBdOfyzI
ERR: Add Fans success!--o97bDvvbymJbbTo6RO-DLzW_QVPE
ERR: Add Fans success!--o97bDvoHbhR1BCZVAcRO_Blm7HSo
ERR: Add Fans success!--o97bDvmyDwIgOSRpvzDjUrD3NmQg
ERR: Add Fans success!--o97bDvh9rKSh0fL5BAos8-2Qv8HU
ERR: Add Fans success!--o97bDvrtUe47nu57Jj3moq-JPS2s
ERR: Add Fans success!--o97bDvoG0q-5EAOG25YrilSKGk5Y
ERR: Add Fans success!--o97bDvuaxJcCet0D6M-GkX3WylcU
ERR: Add Fans success!--o97bDvh45JN8zyQwEkycsNwY6Bt4
ERR: Add Fans success!--o97bDvkpJZGKiqM1D0-Rz-tRTJOY
ERR: Add Fans success!--o97bDvo1txIqYq466UjQsnLU8I7A
ERR: Add Fans success!--o97bDvtoBE-y1o_QlSOUC9yjnxBI
ERR: Add Fans success!--o97bDvpSd3nxf3w7JnJzQAgvIlMQ
ERR: Add Fans success!--o97bDvhL1d6j66YmZME80iOe8qBU
ERR: Add Fans success!--o97bDvn5OI71QTjPKtEN7TpRKKDE
ERR: Add Fans success!--o97bDvjRG8N1ifKNcQRyaXrdhg4E
ERR: Add Fans success!--o97bDvtMc3aqfR8C6yB7VVOUNsqY
ERR: Add Fans success!--o97bDvljsPLaX6QIklB7xaeQVCFQ
ERR: Add Fans success!--o97bDviO5pikQgFiSSuap3XtvKrc
ERR: Add Fans success!--o97bDvqJv3buhI8Pt06eRnvyLVwU
ERR: Add Fans success!--o97bDvrTSrDODhqmAN5KAVDJd8vo
ERR: Add Fans success!--o97bDvtDKRwqlLHz7WHpzpQtRfiY
ERR: Add Fans success!--o97bDvr0LUGJdoLQPr6_7zjENPMo
ERR: Add Fans success!--o97bDvrkzssuxIOUKChVowljGwso
ERR: Add Fans success!--o97bDvtzPx47VMPNC7wGmrsBE7_0
ERR: Add Fans success!--o97bDviZRMOqmus5s3nGfUiIzW9c
ERR: Add Fans success!--o97bDvpvjN6JOF5B-m-K_kcItWD4
ERR: Add Fans success!--o97bDvmDiJrMwa7HagebhsMsrMxk
ERR: Save Fans success!人冬三石--o97bDvs3O0agvr04s1NKATKsQeNM
ERR: Add Fans success!--o97bDvuoGtjFfyzouEuFF0jKS-Dc
ERR: Add Fans success!--o97bDvkQMI98KJ376KXWH93n0lPU
ERR: Add Fans success!--o97bDvlX1SMZ9Zk8C8IRi_t1cQjw
ERR: Add Fans success!--o97bDvkODNWUMSU81hbV4uNHo1N8
ERR: Add Fans success!--o97bDvk1D8yZK3zVhbfcWYqDlIAw
ERR: Add Fans success!--o97bDvptzO94CwPwCEbpvyK0vjEY
ERR: Add Fans success!--o97bDvhpF0LUbfxEffUavDY8sqj4
ERR: Add Fans success!--o97bDvl5NIy3KaZJHwSyw_AWFx60
ERR: Add Fans success!--o97bDvoKythcuUaImoqs1ZPwwnLQ
ERR: Add Fans success!--o97bDvkpU2TScINqDdXBx9-LOA-w
ERR: Add Fans success!--o97bDvvwiBemSJxEFfqUPlVh1YnA
ERR: Add Fans success!--o97bDvkdOdGBJ-pCte894SitRRiM
ERR: Add Fans success!--o97bDvq_YJSYJERnbcesf6mVMDyg
ERR: Add Fans success!--o97bDvjfh3QAZ8T2MTsrtquvJjl0
ERR: Add Fans success!--o97bDvgZn_B8o_6gtLnfWGhiCzs4
ERR: Add Fans success!--o97bDvvGlWfL-7zb762PRRdObch0
ERR: Add Fans success!--o97bDviz9qJRPcvhxaFIJRKsJHl4
ERR: Add Fans success!--o97bDvolqGOhHTrENhHj5aa5KFUA
ERR: Add Fans success!--o97bDvlMEk3fiR2KPY36rAuSh2Pw
ERR: Add Fans success!--o97bDvt8JdptkB7pAabuGsTqKWCE
ERR: Add Fans success!--o97bDvkf-HA3Bo2p7BOkV8fJcFog
ERR: Add Fans success!--o97bDvqe9FrLGLHdcqHgQvx938I8
ERR: Add Fans success!--o97bDvuzaHaMx4gZSWQ1c7WB-Lt4
ERR: Add Fans success!--o97bDvqnYfIZHXkrsTF_wV206rtA
ERR: Add Fans success!--o97bDvi6YOhM66NQAjri478ooN9g
ERR: Add Fans success!--o97bDvh6us1ge6KOoav6CMNSC7uQ
ERR: Add Fans success!--o97bDvn31llx4oS4-0kFMtuvUP-M
ERR: Add Fans success!--o97bDvgSNEsqXKXk7HGnKj7mmnK0
ERR: Add Fans success!--o97bDvlqc5PtsW7QlprGx8K-fkjo
ERR: Add Fans success!--o97bDvpq-1M5OamWjvDvS-JedoaQ
ERR: Save Fans success!雪雾--o97bDvrDxYn0vS4_LKM9UHxBjffc
ERR: Add Fans success!--o97bDvqs4XFNnwB9VTQfV6zwWOtg
ERR: Add Fans success!--o97bDvqEgPB4jHCf4SXegK_xques
ERR: Add Fans success!--o97bDvgjxMEIno2PXDERiOHUVW0U
ERR: Add Fans success!--o97bDvkCtLCaK9X5FHDiuyb_MC-c
