ERR: Add Fans success!--o97bDvhDw7it3pdvrkGzJyuRJwzA
ERR: Add Fans success!--o97bDvieMK6lk_DP_o2AtxYCzSTI
ERR: Add Fans success!--o97bDvqtdf7lbgW41Hv6TkIT9DvM
ERR: Add Fans success!--o97bDvmEnkI_q8pVYrX8RRpC_W8s
ERR: Add Fans success!--o97bDvsjyoY_dLnPlhHu7So-7UYQ
ERR: Add Fans success!--o97bDvj7ecki2HhDCd9tJ_WSglfw
ERR: Add Fans success!--o97bDvtK8IsODx3Dtig2wpCZM6oQ
ERR: Add Fans success!--o97bDvhyEQZIZSduGn2CMoYrmEes
ERR: Add Fans success!--o97bDvmVB2r2QIEewyYxASK2MF7k
ERR: Save Fans success!晴空007--o97bDvrkzssuxIOUKChVowljGwso
ERR: Add Fans success!--o97bDvkEB3-BrgcTggng3QnAu0hk
ERR: Add Fans success!--o97bDvgWy0RBXbP8G3DOWcw96tio
ERR: Add Fans success!--o97bDvg4vl0PfWdqeldcTQHBZudo
ERR: Add Fans success!--o97bDvrJc9bS8m0262jDd0uvOGhI
ERR: Add Fans success!--o97bDvqTuPnoxuffge3jWLxPNbZg
ERR: Add Fans success!--o97bDvuUaIfzXn9wwp8wkGRVWrW0
ERR: Add Fans success!--o97bDvrVLVJwpzwJ9fyf4d6cnlTo
ERR: Add Fans success!--o97bDvjbERYHJgOQFnqEuQUYuqpw
ERR: Add Fans success!--o97bDvueEWJB56XO6HX0bA7HM3rs
ERR: Add Fans success!--o97bDvsRR1oXyY5rnz73J5QAFkfw
ERR: Add Fans success!--o97bDvqfCa6FtYMPz-1oeLeSwh1w
ERR: Add Fans success!--o97bDvpJXdwR1p8rav0TM3mt25Po
ERR: Add Fans success!--o97bDviXtvBLE_y_52vXYKHxXoJs
ERR: Add Fans success!--o97bDvp7ffkcEreCGHmXnDEeUL9o
ERR: Add Fans success!--o97bDvl4drR9cbsNKNv0H2lRFt90
ERR: Add Fans success!--o97bDvidBYCdpHZaPpPHD-c7IG4A
ERR: Add Fans success!--o97bDvgelRwozd9vClqaQXQn8nlQ
ERR: Add Fans success!--o97bDvsn2muCzw9XmNwuUhvhbfwY
ERR: Add Fans success!--o97bDvk60BkuWTYWTlyDXunHRK3I
ERR: Add Fans success!--o97bDvuAM4zJjksrU50-5ONVyan4
ERR: Add Fans success!--o97bDvsE_3rIgZE1nEBpPt9OnSKk
ERR: Add Fans success!--o97bDvmPXMPTfVtUWTu4fXmeve38
ERR: Add Fans success!--o97bDviTodiFIC3hoSD2aO3ef6pE
ERR: Add Fans success!--o97bDvnBYgIUGclzOyLH6LcTG9MU
ERR: Add Fans success!--o97bDvmwojy23DUl8wwTd66KSQ84
ERR: Add Fans success!--o97bDvraPSIBI9pJOWWeWCry-kCE
ERR: Add Fans success!--o97bDvsvE1Ox5XC_GvMR0jFeIxcc
ERR: Add Fans success!--o97bDvjzauWNZSTQFIK6Jcdwrojw
ERR: Add Fans success!--o97bDvqAwU8TwA3lJR-6DPVmlpuM
ERR: Add Fans success!--o97bDvtNXhvQN6KuSQmKTpQJhxVE
ERR: Add Fans success!--o97bDvkwe-LoRqILspvl21Gh0SKA
ERR: Add Fans success!--o97bDvsFOxBvZPILa_IKeyT5buPY
ERR: Add Fans success!--o97bDvqHeOPt2YcSE7sxn1FDHnR8
ERR: Add Fans success!--o97bDvs4uvZN7GCmlnLpWkxWqr-I
ERR: Add Fans success!--o97bDvrk7NfRaTzMZ1p8cNLudYzI
ERR: Add Fans success!--o97bDvjCx9-BPFv_Sbhfjtz8eGFA
ERR: Add Fans success!--o97bDvolbwpNq7we7vAQyKjGMXhQ
ERR: Add Fans success!--o97bDvlwlZ9gxMeVsIKlgqAAPUQ4
ERR: Add Fans success!--o97bDvrt4hTd9psC4uVIwFry-4m8
ERR: Add Fans success!--o97bDvvWuQNxjhdx2tvVAWIVZCE4
ERR: Add Fans success!--o97bDvrfDmgN0s8ttXAi5ecxLuJc
ERR: Add Fans success!--o97bDvgA24qku_5MCvm7Kz5JdB4E
ERR: Add Fans success!--o97bDvo8fLa_5xEChEqVFityul9A
ERR: Add Fans success!--o97bDvqAiqp71p7P2ALpd-RnC4zA
ERR: Add Fans success!--o97bDvoQM8CAg4m8bMHkq9oc2W5E
ERR: Add Fans success!--o97bDvkr8q45CSc6asUYomP_tFMg
ERR: Add Fans success!--o97bDvjuYv-oHQYoCijPUxDM5XFo
ERR: Add Fans success!--o97bDvrYm9rLrgGRS4ZoRA4OtDZk
