ERR: Add Fans success!--o97bDvvgG7U6vncavFKshr3iFL4Q
ERR: Add Fans success!--o97bDvvsMghx-iMENX8BGy98fYWA
ERR: Add Fans success!--o97bDvgrCeVFwbUq7vDcpoiGZtZk
ERR: Add Fans success!--o97bDvmMi5P6w7Hk1bpDqD_iUXFQ
ERR: Add Fans success!--o97bDvuxFIQWvVeCOlEobYMWXCh4
ERR: Add Fans success!--o97bDvtzPwuD555egTyNflH8Ss7c
ERR: Add Fans success!--o97bDvsrVOk2zXukDNGCfvsoI3lU
ERR: Add Fans success!--o97bDvkVPGXqt4tnURqtomprfSy4
ERR: Save Fans success!罗军--o97bDvoPPWm-kLaqZpaUtNgWjY1A
ERR: Add Fans success!--o97bDvl6zJ7dkEVwh9F4F0dP7uP0
ERR: Add Fans success!--o97bDvvWIfM2UgckdefQwTFHUHYU
ERR: Add Fans success!--o97bDvmduPp7Il6CDRm9hYg61HFc
ERR: Add Fans success!--o97bDvrJSICkCY_WW4r8GgxjT7wg
ERR: Add Fans success!--o97bDvpOvaI5TwWgWwUa0UpUSSbY
ERR: Add Fans success!--o97bDvvVe297WcxqzoAiFLvyxbHk
ERR: Add Fans success!--o97bDvvYJ1t2nzfwf8LLus6f8QEQ
ERR: Add Fans success!--o97bDvvDgmH_sct2F7xws6ZcFQRE
ERR: Add Fans success!--o97bDvs26eNy4cQBIPYQyzhlcLDM
ERR: Add Fans success!--o97bDvpaZ8Wz_HVlG9FmbtTXo4J4
ERR: Add Fans success!--o97bDvnOog3p5u4ylYEel4sj87oc
ERR: Add Fans success!--o97bDvrqeYEMirLhStlO3ayOjCHY
ERR: Add Fans success!--o97bDvt3v6nVwQHwSrFgHrDQhdxY
ERR: Add Fans success!--o97bDvvr5nifISH8l7HibB--c7XM
ERR: Add Fans success!--o97bDviGFgW4Shwf_4llHwtGaj7g
ERR: Add Fans success!--o97bDvtj7sG3Tk2l15MBX0FUEt8M
ERR: Add Fans success!--o97bDvgVFaTTyvaWAhOGAcUQkFEc
ERR: Add Fans success!--o97bDvse2OpGaMtgUZa7mvDT6P9g
ERR: Add Fans success!--o97bDvtMZhsN-XELvh4DSoLKjGII
ERR: Add Fans success!--o97bDvreTZoKy5vkkwKH4xyItzdI
ERR: Add Fans success!--o97bDvixoXy9M95AvYjNfYRZqSQE
ERR: Add Fans success!--o97bDvtKfp1nO9GFlFG37RoUr4xs
ERR: Add Fans success!--o97bDvvWDVmEEf39dD5CZvjOfkf4
ERR: Add Fans success!--o97bDvsZipZBTHhEli-C3C7sKhxg
ERR: Add Fans success!--o97bDvg_DMYxuRwoHKKmpu0WBne0
ERR: Add Fans success!--o97bDvs33Fm3hh9ALUQS0pNgShac
