ERR: Add Fans success!--o97bDviSqjgT_juBo1x2tiKV6RzA
ERR: Add Fans success!--o97bDvju5IbxijrxrBLyXwGNQIkM
ERR: Add Fans success!--o97bDvndjVMY-JptjJJPowqyzIIU
ERR: Add Fans success!--o97bDvmFxb-mf3qEBf2VoYYi0Two
ERR: Add Fans success!--o97bDvhiHNagjpQl6yGxNLz3JFXk
ERR: Add Fans success!--o97bDvq5kUY3hdx8u9n8eyMIDSFM
ERR: Add Fans success!--o97bDvvfZQwCpxOLj1KWj85Wn8Zo
ERR: Add Fans success!--o97bDvg3ZYYMvWiXlFjKfdpTkJBs
ERR: Add Fans success!--o97bDvtKBfS-i2Pf8fk8hENC1sZc
ERR: Add Fans success!--o97bDvlHm92yjUY_0SUQQmYUdx1c
ERR: Add Fans success!--o97bDvj2XyQf8h9H-VpwnxhlieCc
ERR: Add Fans success!--o97bDvlHl7LVQRbEN0bT84uqYEdo
ERR: Add Fans success!--o97bDvjQI07GWo_O6uQG6qknai_0
ERR: Add Fans success!--o97bDvtBdG4USosxxHL6HHrteNTM
ERR: Add Fans success!--o97bDvnrYEWqjUMCQi02Kyp01USc
ERR: Add Fans success!--o97bDvhoTuedZ95EWzAsSLNfAr2g
ERR: Add Fans success!--o97bDvixEs3y0fA0zid0Z6ofAKUU
ERR: Add Fans success!--o97bDvnVcUwnYub5sJHmPNxVtl-o
ERR: Add Fans success!--o97bDvp4G9mKL4IonSmmDxKzyGUs
ERR: Add Fans success!--o97bDvrKHVLVBiE9hHpjYE8R19l8
ERR: Add Fans success!--o97bDvsMx6aZAJLMdGJvSJV0lClY
ERR: Add Fans success!--o97bDvnkRhpiDJrzFtFb8cYtiGiM
ERR: Add Fans success!--o97bDvuZFOndMkProWF_nLiEonik
ERR: Add Fans success!--o97bDvmV2wyg-e3jTakPrJs6Umyo
ERR: Add Fans success!--o97bDvhzvLmC7puTJLVSmmjicRc4
ERR: Add Fans success!--o97bDvoi1VXi5fZmNtvjc3mucx5A
ERR: Add Fans success!--o97bDviqw3ueTpo-HP_vxqTvllEo
ERR: Add Fans success!--o97bDviI3A4uC6Qh-zAfjkwh-I0k
ERR: Add Fans success!--o97bDvjfHZoccd56J0SqM95FVmh8
ERR: Add Fans success!--o97bDvlUbyOSLvOaB1XqsYxEk6qE
ERR: Add Fans success!--o97bDvvG5y0harAiBJWTskZbvb9s
ERR: Add Fans success!--o97bDvo0g-0keqlPzjvNc1qVbsM8
ERR: Add Fans success!--o97bDvoWVzsXkvdDidBWOgb9drnY
ERR: Add Fans success!--o97bDvlK7Y4heq5ITqrc_bfr9gLw
ERR: Add Fans success!--o97bDvkt_BhazgVtgUzh3ZcwO-ZI
ERR: Add Fans success!--o97bDvt8UGVbkABg-ivLld67VjjY
ERR: Add Fans success!--o97bDvmABa8Z8kyJsh35NDawZJTk
ERR: Add Fans success!--o97bDvtAfoPKPy5zxbKywL6hRTgg
ERR: Add Fans success!--o97bDvlzV_XPAK3_yBQoXGEE5sjw
ERR: Add Fans success!--o97bDvtXpMBs1q0EjzyXnLB2Ke9M
ERR: Add Fans success!--o97bDvoVO0fX2xKcuTnKgTAf1hn4
ERR: Save Fans success!零下三十八度--o97bDvqlqaAxck8o8ixQKufoyraI
ERR: Add Fans success!--o97bDvo1E77p7zv1OUIg6QHFfAVY
ERR: Add Fans success!--o97bDvlu7s-sgiBN_jYtbscTLq38
ERR: Add Fans success!--o97bDvkARxTbx-hkrH9jbuw5Ruw0
ERR: Add Fans success!--o97bDvqcUwFaP2nzdpf3DxGbyYjE
ERR: Save Fans success!泪颜葬相思--o97bDvlbWHDIpvjULCH5980rtnxk
ERR: Add Fans success!--o97bDvtmstY7OrAJBkQiY7qp7MBs
ERR: Add Fans success!--o97bDvpA5BqCiFubuHVG9gYb8wfY
ERR: Add Fans success!--o97bDvvUcYQyVUwJMsbes9mCr4_M
