ERR: Add Fans success!--o97bDvoAzRQiUr4FxGloYGv_V_Ak
ERR: Add Fans success!--o97bDvgYVq6r_g2t_nJTtfT9qQ2w
ERR: Add Fans success!--o97bDvvNNJuj-V3bx9FTxRjeKIX0
ERR: Add Fans success!--o97bDvuyaXPBM8s5MqVG9l0wHhv8
ERR: Save Fans success!西柏利亚的狼--o97bDvikRQl3GJU1KUD1rW_8kdlA
ERR: Add Fans success!--o97bDvuddSJvQwnqwkw4Aa60hpYU
ERR: Add Fans success!--o97bDvso79Bsi7uqk7co2y0_gK7I
ERR: Add Fans success!--o97bDvsY1c_7EnjEDv7ZcKzyfV80
ERR: Add Fans success!--o97bDvgLxvEI8U1rLp1CuVmAZehk
ERR: Add Fans success!--o97bDvkqBY5r1dw11aZHL_ybJDIA
ERR: Add Fans success!--o97bDvoRb4XOk7Z72rOqTo7ZT0-U
ERR: Add Fans success!--o97bDvp42M5PHcpt-4vurG_LLOWA
ERR: Add Fans success!--o97bDvtMf5svcRl2amPbsmPt7aa4
ERR: 获取业务失败:尝试更换access_token获取  Errcode{ TIME：2016-06-04 11:05:40 URL:https://api.weixin.qq.com/cgi-bin/message/template/send?access_token=t6FWWhqhpiiqIWJlUfH9S_8Gk_s8QqXQwL03Ru8Tih7uh0tDVdS6zJObW-tBqqlMoGIg2e0ZuGaj0fGGSkv9h0dUXWl8kXaA95xOSXQ13tyDqBKAXXgZlL4RgLaXPPzwZVVcAFAMII
ERR: 获取业务失败:  Errcode{"errcode":40037,"errmsg":"invalid template_id hint: [uxMtTA0539age6]"} TIME：2016-06-04 11:05:40 URL:https://api.weixin.qq.com/cgi-bin/message/template/send?access_token=lejRu93Rx3apwBWAos_AdTK4KOzhUR3bGOG1Cbx17mqOd8aA6X4mqjqIfXnW3YNqV7o5wrFsfadGQLxEH2pL44xx-zsC5-VVdyzFujbBx_VffxlcsSdkNUUaSqFIuSVKRQFiAIAEDS
ERR: 获取业务失败:尝试更换access_token获取  Errcode{ TIME：2016-06-04 11:05:40 URL:https://api.weixin.qq.com/cgi-bin/message/template/send?access_token=lejRu93Rx3apwBWAos_AdTK4KOzhUR3bGOG1Cbx17mqOd8aA6X4mqjqIfXnW3YNqV7o5wrFsfadGQLxEH2pL44xx-zsC5-VVdyzFujbBx_VffxlcsSdkNUUaSqFIuSVKRQFiAIAEDS
ERR: 获取业务失败:  Errcode{"errcode":40003,"errmsg":"invalid openid hint: [PNz3MA0539ge10]"} TIME：2016-06-04 11:05:40 URL:https://api.weixin.qq.com/cgi-bin/message/template/send?access_token=lejRu93Rx3apwBWAos_AdTK4KOzhUR3bGOG1Cbx17moT0RMHPpu4R04xmbQpYXKtmAgmH23_mV5q_j3Bq6Afxbb1-bSJmV_ExHlZZWjyJp7kjjc44dgQHfHgLMt-3G4mCNDiAIASDT
ERR: Add Fans success!--o97bDvoltw2ogoyxoyXCERBjEXbE
ERR: Add Fans success!--o97bDvoQyanUf6yEvPqmUJup7X2I
ERR: Add Fans success!--o97bDvsv2pQpEjgphxhxOIPdttQM
ERR: Add Fans success!--o97bDvl1VR95CEc88HwpqCtfPJeU
ERR: Add Fans success!--o97bDvihBeylXuKeqopfBLQrrmiQ
ERR: Add Fans success!--o97bDvjK4x_PkOY9STtvqSZM968I
ERR: Add Fans success!--o97bDvoygc5_X4zIj0LJfVbvBnNk
ERR: Add Fans success!--o97bDvrbo0vDTeQfLi5fH_BK1YUY
ERR: Add Fans success!--o97bDvlEz9TWHjD9XjDei4vlJG8k
ERR: Add Fans success!--o97bDvjmG1EFgD9-GARynyZ-q1ZQ
ERR: Add Fans success!--o97bDvo_b5d3NBXYK7I_AgWbiWMM
ERR: Add Fans success!--o97bDvi1jfa_Kh4mT4zntb4fRJtM
ERR: Add Fans success!--o97bDvq5D3BaX0ezjYpMIVn2Va6w
ERR: Add Fans success!--o97bDvl-JvIIrvh-HLsV3rcv2lz4
ERR: Add Fans success!--o97bDvgVo4Kc2FBCKNHy_vdYjntk
ERR: Add Fans success!--o97bDvl7UUEH4sa7CnrWrIGX3evI
ERR: Save Fans success!张卫建--o97bDvqW35Gkenay4WhccS8-VeFQ
ERR: Add Fans success!--o97bDvrRJ7GCnGQymmJ6O2o15ALE
ERR: Add Fans success!--o97bDvpfeeGlJYPo1q5pAzUU11Sg
ERR: Add Fans success!--o97bDvg8h5QpWWpSgozkYjmGTROY
ERR: Add Fans success!--o97bDvvJ1NbdEqlhZ1-F2hhgSESk
ERR: Save Fans success!夏日阳光--o97bDvoOZihK6o49CA5pJauT79lE
ERR: Add Fans success!--o97bDvqcb0EPzDUOqn9XqTKK3qb8
ERR: Save Fans success!天天~zZ--o97bDvgQDFZgFx3TvfpdhqdVPgic
ERR: Save Fans success!天天~zZ--o97bDvgQDFZgFx3TvfpdhqdVPgic
ERR: Save Fans success!天天~zZ--o97bDvgQDFZgFx3TvfpdhqdVPgic
ERR: Add Fans success!--o97bDvtgXxabyCxRKQIbDp1FqQRc
ERR: Add Fans success!--o97bDvlvEuVQu0u5uDsjSZzym4UA
