ERR: Save Fans success!蔓乐--o97bDvo7V1Yrue9JcenaIOsOY5Yo
ERR: Add Fans success!--o97bDvixMKFVIKt1MMBuPscVubAw
ERR: Add Fans success!--o97bDvohlVpNIhGymE19Q6AGjOog
ERR: Add Fans success!--o97bDvhs7NRVYT9JvUHKh0RE60Tg
ERR: 获取业务失败:尝试更换access_token获取  Errcode{ TIME：2016-06-02 09:13:32 URL:https://api.weixin.qq.com/cgi-bin/message/template/send?access_token=iq7RrbmH_PJlhbxjUBmkqvnbJRdRcEfAbHVDiYyNoKefTZE19MlIFmdpA9fT6ZkBHJzv8uQl8ZjWjBuVfs20WsWTlXufG1dx2MJuTBvmq8PVSIQO-ZjctofU5hr5neFiCRBeADAQFP
ERR: 获取业务失败:  Errcode{"errcode":40037,"errmsg":"invalid template_id hint: [NJDnMa0011ge11]"} TIME：2016-06-02 09:13:32 URL:https://api.weixin.qq.com/cgi-bin/message/template/send?access_token=I9a99E2VPWXxS5xViOLi8JVzSNwWAVKCwBWdIh38SSUBzW2LRYwpuFV02TZ-1CDskxHsdfZgRqLJri-F-0o_7z0_Fac5buWOvQnXtvvvcpIUNJcAHABUQ
ERR: 获取业务失败:尝试更换access_token获取  Errcode{ TIME：2016-06-02 09:13:32 URL:https://api.weixin.qq.com/cgi-bin/message/template/send?access_token=I9a99E2VPWXxS5xViOLi8JVzSNwWAVKCwBWdIh38SSUBzW2LRYwpuFV02TZ-1CDskxHsdfZgRqLJri-F-0o_7z0_Fac5buWOvQnXtvvvcpIUNJcAHABUQ
ERR: 获取业务失败:  Errcode{"errcode":40003,"errmsg":"invalid openid hint: [JR1aqa0012ge10]"} TIME：2016-06-02 09:13:32 URL:https://api.weixin.qq.com/cgi-bin/message/template/send?access_token=I9a99E2VPWXxS5xViOLi8JVzSNwWAVKCwBWdIh38SSUYOPqYbjF2bm1DYjeQzjoNwxtPoUFjZgJq9-zzyZdF8qa79jRlZlNA_egpKEqcdJoDNOcAHAQAB
ERR: Add Fans success!--o97bDvrYAizorpTZG8bElaKtCE2s
ERR: Add Fans success!--o97bDvkqLWCORwHu6t3mpB9INIAI
ERR: Add Fans success!--o97bDvh6GVX0f5N4AeFYvZpUHouA
ERR: Add Fans success!--o97bDvj6hBtaXcXNl3aaeNYQbxfk
ERR: Add Fans success!--o97bDvlI0KhOkiRqROJV_vlEpIzU
ERR: Add Fans success!--o97bDvjmhuD8_nCL5rKOv6UeBTX0
ERR: 获取业务失败:尝试更换access_token获取  Errcode{ TIME：2016-06-02 12:12:39 URL:https://api.weixin.qq.com/cgi-bin/message/template/send?access_token=t3jcq8vjDSlPEKakKLifIhfaYnQh4BBOJgzO6IYUJ6efcB-Af-9xapQltoZIAOBmggNGiYxGg_fFsMx-ryeel9djOgL-eysnvc7tHR9DrWIhN-ys1tqAEnY8fhMpkrg3SGGdACADRR
ERR: 获取业务失败:  Errcode{"errcode":40037,"errmsg":"invalid template_id hint: [adWhSA0758age6]"} TIME：2016-06-02 12:12:39 URL:https://api.weixin.qq.com/cgi-bin/message/template/send?access_token=MAJFEDnfdwQb3EZ3RivDZjdHinW-uOrgQ987lptV_rSYS-TiDXvZiFrwTNkRMVaKtwn16nchEzoNFUJ_GzhqoSj85wrQ6ytAsncDUMaNd7deROPz6bLEsqLop4-nBnqFQWUeAJAWCA
ERR: 获取业务失败:尝试更换access_token获取  Errcode{ TIME：2016-06-02 12:12:39 URL:https://api.weixin.qq.com/cgi-bin/message/template/send?access_token=MAJFEDnfdwQb3EZ3RivDZjdHinW-uOrgQ987lptV_rSYS-TiDXvZiFrwTNkRMVaKtwn16nchEzoNFUJ_GzhqoSj85wrQ6ytAsncDUMaNd7deROPz6bLEsqLop4-nBnqFQWUeAJAWCA
ERR: 获取业务失败:  Errcode{"errcode":40003,"errmsg":"invalid openid hint: [ubtiea0759ge12]"} TIME：2016-06-02 12:12:39 URL:https://api.weixin.qq.com/cgi-bin/message/template/send?access_token=MAJFEDnfdwQb3EZ3RivDZjdHinW-uOrgQ987lptV_rSv5RaVJIn35ny2w-mQdX4WMh0F6F5-JW9zQagyVRNmXir-KH3LqKoSB5SsQwFg6V_ibg-aVEPnMMOrYb07upqDCNHeAJANYS
ERR: Add Fans success!--o97bDvuYvaLVxvFOKzYbZa9slBVU
ERR: Add Fans success!--o97bDvlr40zYoNeRiea6eajQNvIs
ERR: Add Fans success!--o97bDvshfBH-2PDkYxzs4FCY1tak
