ERR: Save Fans success!徐--o97bDviNn63Mv7bCv1WnUOZaazlc
ERR: Save Fans success!暮然回首--o97bDvtDKRwqlLHz7WHpzpQtRfiY
ERR: Add Fans success!--o97bDvu-sk5inB9V3__Ha1KHEVj0
ERR: Add Fans success!--o97bDviMZ3hrrav_UVXBbeToaHtU
ERR: Add Fans success!--o97bDvuhxbbGp0aHdaFHC31vV8tU
ERR: Add Fans success!--o97bDvii5j9XckxBwcz8btTspIkU
ERR: Add Fans success!--o97bDvoWgBPYFlxxwkM7ABh3ISFE
ERR: Add Fans success!--o97bDvqLIBnY5KxyC9hElmaYOBVs
ERR: Add Fans success!--o97bDvl1PV6aPc0jFEAeq0USzMDc
ERR: Add Fans success!--o97bDvkn-kfm8NQZEGkNZpp30Itk
ERR: Add Fans success!--o97bDvgZBPhJ2JnMKoiEWR9bhUzA
ERR: Add Fans success!--o97bDvudf51X5FB63HJhXWcTDqGU
ERR: Add Fans success!--o97bDvkDLYZkLDXzb-R-3lioPnT4
ERR: Add Fans success!--o97bDvrhVhMLvt8VUxs6FdXcHeBo
ERR: Add Fans success!--o97bDvqr0YCZRi-p1DbRDhgYDXSE
ERR: Add Fans success!--o97bDvjL6rjxL70Sshv7qICoNhsM
ERR: Add Fans success!--o97bDvsJukgM-1GVFgGZWzre6Hyw
ERR: Add Fans success!--o97bDvmvh9b3PXdp2QId5lxvZTsE
ERR: Add Fans success!--o97bDviyqSsovlw4vF_Cef9zAW80
ERR: Add Fans success!--o97bDvvSY7No1CiDj-p29WftkgK8
ERR: Add Fans success!--o97bDvtC6exOoSIt4S24ys-EuXpo
ERR: Add Fans success!--o97bDvitcftZOq8jZbhblVLF5v2o
ERR: Add Fans success!--o97bDvqFrWC8DqzjhOmSrsW3YteY
ERR: Add Fans success!--o97bDvsP8yULanzNf9szBcrEkOeA
ERR: Add Fans success!--o97bDvmIiEEelcE9IVBNcK_vpFfU
ERR: Save Fans success!东方--o97bDvksGGqOxljbxneUmbtTpX5Y
ERR: Add Fans success!--o97bDvjwiNosifSZUnQ0DevYMcDM
ERR: Add Fans success!--o97bDvteteTbLGtUq4mRwu38pm5Y
ERR: Add Fans success!--o97bDvhHXeDhb4lYJ-Uvqdjeq5Io
ERR: Add Fans success!--o97bDvjLb91lc5W-1M2YQTZm3kC4
ERR: Add Fans success!--o97bDvjxElX0WV1SDsEOiVC6g9wA
ERR: Add Fans success!--o97bDvhImSuLgTzjHDt-BVklcUU8
ERR: Add Fans success!--o97bDvk1oICVQGVhZhh7OuzlRQT0
ERR: Add Fans success!--o97bDvsDAdlXS1YyKyzCvsEHflU4
ERR: Add Fans success!--o97bDvg4Ni7IT_HBPSEJmxyKggmI
ERR: Add Fans success!--o97bDvnPuTZ5kKEnAE5EuEx2C-hM
ERR: Add Fans success!--o97bDvja8Cl42oTtMcuFF_WnhVg0
ERR: Add Fans success!--o97bDvn9H6RAXDSHze-9Zk5R4tLg
ERR: Add Fans success!--o97bDvrDsMDMVEMXTIOmirLf17jg
ERR: Add Fans success!--o97bDvuMYDg6LLHRy3xrape_9dt0
ERR: Add Fans success!--o97bDvpb3Ppu3D9xcxFQV0V7gzmU
