ERR: Save Fans success!佛要来法--o97bDvrrWNkWALL5YqYFngef0J2Q
ERR: 获取业务失败:尝试更换access_token获取  Errcode{ TIME：2016-04-20 13:38:45 URL:https://api.weixin.qq.com/cgi-bin/message/template/send?access_token=MhWKNGyTeRM72CWFBiy8mN-So7po4MsmwQUO7ta-tKp-1_3yUApDPSwhFY9OJqtwZ6h7D_QwkMm84ApX2KWcfkS4ZQLDPpPk15U0tdP4-QQkdTGmKzNe9nrfdUrWDs1xRJCdAJANFY
ERR: 获取业务失败:  Errcode{"errcode":40037,"errmsg":"invalid template_id hint: [WskBoA0726age6]"} TIME：2016-04-20 13:38:45 URL:https://api.weixin.qq.com/cgi-bin/message/template/send?access_token=cFEL8VhiKSvS5vNj4dHh6ocl-NldzPAnKO6WFLPFYknUedptFRI7sCXREDwDeccMICtid-AnwgE6ERI5MHDg5FmnkQ6aBAencqVw795lORaLKfLfYgg6hd_rnrtFt9u6SNEfADAHCT
ERR: 获取业务失败:尝试更换access_token获取  Errcode{ TIME：2016-04-20 17:11:52 URL:https://api.weixin.qq.com/cgi-bin/message/template/send?access_token=nMr7ZOxLdwzJsovTMhC_qtHxKL5udchWCqTXtrVdYOjM6BanpRygCQ7j7Arxgv73k_oh3GSZM4c0S8l-QmdYLkHVpX8-SGxL9opA3RzpGXKXAeMJoD-FR8plaGWNTI82DEPeAIAHIT
ERR: 获取业务失败:  Errcode{"errcode":40037,"errmsg":"invalid template_id hint: [iyF1uA0513age1]"} TIME：2016-04-20 17:11:52 URL:https://api.weixin.qq.com/cgi-bin/message/template/send?access_token=iHKiSAvc_RN3ZM7XB3pa4BgP_Ut_Tna0MwiRrUx-Ee9npnj1st2UYDoeRj4e_Imatmfbik-5bh6w_xWjFOu9rpVzBhpXiS0Pr3FHabRjp-IMLNhAJABAC
ERR: 获取业务失败:尝试更换access_token获取  Errcode{ TIME：2016-04-20 17:11:52 URL:https://api.weixin.qq.com/cgi-bin/message/template/send?access_token=iHKiSAvc_RN3ZM7XB3pa4BgP_Ut_Tna0MwiRrUx-Ee9npnj1st2UYDoeRj4e_Imatmfbik-5bh6w_xWjFOu9rpVzBhpXiS0Pr3FHabRjp-IMLNhAJABAC
ERR: 获取业务失败:  Errcode{"errcode":40003,"errmsg":"invalid openid hint: [5kpVVA0514age8]"} TIME：2016-04-20 17:11:52 URL:https://api.weixin.qq.com/cgi-bin/message/template/send?access_token=iHKiSAvc_RN3ZM7XB3pa4BgP_Ut_Tna0MwiRrUx-Ee_aCtaOiHAgs0L-cBcwQViQc_RPrmPdwciLP6E0uPRIzMljfIVnS9N2f3-_SnWW1CoVLNhAJAPFH
ERR: Add Fans success!--o97bDvqpPU-PNcQEayRXtvYe9fJY
ERR: 获取业务失败:尝试更换access_token获取  Errcode{ TIME：2016-04-20 17:40:29 URL:https://api.weixin.qq.com/cgi-bin/message/template/send?access_token=iHKiSAvc_RN3ZM7XB3pa4BgP_Ut_Tna0MwiRrUx-Ee_aCtaOiHAgs0L-cBcwQViQc_RPrmPdwciLP6E0uPRIzMljfIVnS9N2f3-_SnWW1CoVLNhAJAPFH
ERR: 获取业务失败:  Errcode{"errcode":40037,"errmsg":"invalid template_id hint: [uNpota0230age8]"} TIME：2016-04-20 17:40:29 URL:https://api.weixin.qq.com/cgi-bin/message/template/send?access_token=34Zjj70p014dlGtV5UDCvxUKnOHUv_AK5bmGKjhCOpBvBwGXkxd0Jnhq6pRufsGFC3-TXFxe-akm6EyEZHQd81FuuD7q_NmhkPnAKtx45kWo9oaplQuRPnUxEHbzk2ITYHTcABANWI
ERR: Add Fans success!--o97bDvugjPzj_QyXKCt7Py9p_3nw
ERR: Add Fans success!--o97bDvpz7Zn4pMaL23FJ8xvN_VHM
ERR: 获取业务失败:尝试更换access_token获取  Errcode{ TIME：2016-04-20 20:19:03 URL:https://api.weixin.qq.com/cgi-bin/message/template/send?access_token=34Zjj70p014dlGtV5UDCv1Xl8d5ewRu2qAqA_pkQlOtYkptLn8MPkbUiZaby-Be_edCV4NMSHHXqKO3HeiMWMU4N3QL-JbBgr-rZ37AjWgMCMZaAAAXHU
ERR: 获取业务失败:  Errcode{"errcode":40037,"errmsg":"invalid template_id hint: [96Gxpa0744age9]"} TIME：2016-04-20 20:19:03 URL:https://api.weixin.qq.com/cgi-bin/message/template/send?access_token=RAHXNQxYI-LISLWN4BN_Lks_x6D9YGfnwbIYSzDs-qX9O70lnjikFVuikSEGU6bDSaFRc2nDkIbnJZHIn_C3M7WKY_bZQdeZFdk3MsAC5qDkUkitiltUW7_aaWihx2T_KOMgACANRP
ERR: 获取业务失败:尝试更换access_token获取  Errcode{ TIME：2016-04-20 20:19:03 URL:https://api.weixin.qq.com/cgi-bin/message/template/send?access_token=RAHXNQxYI-LISLWN4BN_Lks_x6D9YGfnwbIYSzDs-qX9O70lnjikFVuikSEGU6bDSaFRc2nDkIbnJZHIn_C3M7WKY_bZQdeZFdk3MsAC5qDkUkitiltUW7_aaWihx2T_KOMgACANRP
ERR: 获取业务失败:尝试更换access_token获取  Errcode{ TIME：2016-04-20 20:19:03 URL:https://api.weixin.qq.com/cgi-bin/message/template/send?access_token=RAHXNQxYI-LISLWN4BN_Lks_x6D9YGfnwbIYSzDs-qX9O70lnjikFVuikSEGU6bDSaFRc2nDkIbnJZHIn_C3M7WKY_bZQdeZFdk3MsAC5qDkUkitiltUW7_aaWihx2T_KOMgACANRP
ERR: 获取业务失败:  Errcode{"errcode":40003,"errmsg":"invalid openid hint: [g0744age9]"} TIME：2016-04-20 20:19:03 URL:https://api.weixin.qq.com/cgi-bin/message/template/send?access_token=RAHXNQxYI-LISLWN4BN_Lks_x6D9YGfnwbIYSzDs-qUgWlZBbQOWw40OqlcWS7D6sOGVlsMr0cFOHxT-7j_nWG94naptzAsYElFF4O8BKfxKoJWW9CUd0qL9D78_33CjSBEgACAWFI
ERR: 获取业务失败:  Errcode{"errcode":40037,"errmsg":"invalid template_id hint: [5BQbOa0745age8]"} TIME：2016-04-20 20:19:03 URL:https://api.weixin.qq.com/cgi-bin/message/template/send?access_token=RAHXNQxYI-LISLWN4BN_Lks_x6D9YGfnwbIYSzDs-qWr78lYtZoOkb6Ch1wloiy0uY5QL5lXTjsy25FmKRiXTyjcD9ThCFxMBONJ5SmSqsAAEVMXNUJbbcwxw2xq9VSAFGRgACAWXI
ERR: 获取业务失败:尝试更换access_token获取  Errcode{ TIME：2016-04-20 20:19:05 URL:https://api.weixin.qq.com/cgi-bin/message/template/send?access_token=RAHXNQxYI-LISLWN4BN_Lks_x6D9YGfnwbIYSzDs-qWr78lYtZoOkb6Ch1wloiy0uY5QL5lXTjsy25FmKRiXTyjcD9ThCFxMBONJ5SmSqsAAEVMXNUJbbcwxw2xq9VSAFGRgACAWXI
ERR: 获取业务失败:  Errcode{"errcode":40037,"errmsg":"invalid template_id hint: [ApveEA0746ge12]"} TIME：2016-04-20 20:19:05 URL:https://api.weixin.qq.com/cgi-bin/message/template/send?access_token=RAHXNQxYI-LISLWN4BN_Lks_x6D9YGfnwbIYSzDs-qXAQhXCi_KtVj0GZCdiUc9A7DLaZb2dOAtZQbyo4cwr2KiUJPQfcYjp24NpQQICuq9PhuNocEetuam-upcLvI-_WYKgACADFR
ERR: 获取业务失败:尝试更换access_token获取  Errcode{ TIME：2016-04-20 20:19:05 URL:https://api.weixin.qq.com/cgi-bin/message/template/send?access_token=RAHXNQxYI-LISLWN4BN_Lks_x6D9YGfnwbIYSzDs-qXAQhXCi_KtVj0GZCdiUc9A7DLaZb2dOAtZQbyo4cwr2KiUJPQfcYjp24NpQQICuq9PhuNocEetuam-upcLvI-_WYKgACADFR
ERR: 获取业务失败:  Errcode{"errcode":40003,"errmsg":"invalid openid hint: [ctE9Ka0747age6]"} TIME：2016-04-20 20:19:05 URL:https://api.weixin.qq.com/cgi-bin/message/template/send?access_token=RAHXNQxYI-LISLWN4BN_Lks_x6D9YGfnwbIYSzDs-qUmM8yGEL4rkpgoIAVTTvefgAZnLlnjRpS4ra8Ogw1X5BF1gQOvNpa2fpdmx5zZQ3bhV65rrpx3hWPShPfQlTPuCCRgACAYYN
ERR: 获取业务失败:尝试更换access_token获取  Errcode{ TIME：2016-04-20 20:19:56 URL:https://api.weixin.qq.com/cgi-bin/message/template/send?access_token=RAHXNQxYI-LISLWN4BN_Lks_x6D9YGfnwbIYSzDs-qUmM8yGEL4rkpgoIAVTTvefgAZnLlnjRpS4ra8Ogw1X5BF1gQOvNpa2fpdmx5zZQ3bhV65rrpx3hWPShPfQlTPuCCRgACAYYN
ERR: 获取业务失败:  Errcode{"errcode":40037,"errmsg":"invalid template_id hint: [z5CYha0797ge11]"} TIME：2016-04-20 20:19:56 URL:https://api.weixin.qq.com/cgi-bin/message/template/send?access_token=WwOdoNi6rzknTVuYtu_iRTrwKeB6Kv1IvLzYyEu3a2I6qImCc8SOgoqfFVo2C0wmq4wgL77yKohWK-_532r6FSR-mDHZMkTPNoFBctnrRWehOwNDOfMIbD5a0zSckMm1JSWaAGATCG
ERR: 获取业务失败:尝试更换access_token获取  Errcode{ TIME：2016-04-20 20:19:56 URL:https://api.weixin.qq.com/cgi-bin/message/template/send?access_token=WwOdoNi6rzknTVuYtu_iRTrwKeB6Kv1IvLzYyEu3a2I6qImCc8SOgoqfFVo2C0wmq4wgL77yKohWK-_532r6FSR-mDHZMkTPNoFBctnrRWehOwNDOfMIbD5a0zSckMm1JSWaAGATCG
ERR: 获取业务失败:  Errcode{"errcode":40003,"errmsg":"invalid openid hint: [FN0797ge12]"} TIME：2016-04-20 20:19:56 URL:https://api.weixin.qq.com/cgi-bin/message/template/send?access_token=WwOdoNi6rzknTVuYtu_iRTrwKeB6Kv1IvLzYyEu3a2KkRXQ3A-yyUz14xTGlETIScj0iN2V6dWcZBaw26Qsz0J0nbbEq0UX_5mQaUtU9f8DGLwRAe56rVVt3Fr2LGQTQTUCaAGAWXF
