ERR: Add Fans success!--o97bDvsGOWuCLWRevq2yIa8SR6AY
ERR: Add Fans success!--o97bDvi8Dp3cztrqSqzarLr_l__I
ERR: Add Fans success!--o97bDvkimX5mwqQl252vBWIK2jw8
ERR: Add Fans success!--o97bDvo2G3TVTujgr5pSnOJ7D0wk
ERR: Add Fans success!--o97bDvn8ov486Ev1DCUxoCmq9iMc
ERR: Add Fans success!--o97bDvtqpjvUl5Kd6fkKcu18_xiI
ERR: Add Fans success!--o97bDvmVI-stZT8nMBl0Qux1K7Wg
ERR: Add Fans success!--o97bDvg-C6l__2DZMpE5HaFY0oJY
ERR: Add Fans success!--o97bDvsbcNQRr-iVhaZ82YNjucWw
ERR: Add Fans success!--o97bDvjkwGDKBK-MOB0BozqOantk
ERR: Add Fans success!--o97bDvqDjuBizLXpnbiXZs_lIx_s
ERR: Add Fans success!--o97bDvqtlD_8g8v7W11yOGglk7Xs
ERR: Add Fans success!--o97bDvv5ZOzIIe5Mep2UX_sErYk8
ERR: Save Fans success!开心--o97bDvhW-ysadYi8OauJqpch3aaU
ERR: Add Fans success!--o97bDvvJ-Eoq8kaeQ3Lz6f7zYXsU
ERR: Add Fans success!--o97bDvkLUtE2c4RgyqdJusi8w_i4
ERR: Add Fans success!--o97bDvrUUdcCNextJRskMAwBRVwo
ERR: Save Fans success!明天的明天--o97bDvqlqaAxck8o8ixQKufoyraI
ERR: Save Fans success!亚军--o97bDvlqcCj0Ve2JqBguafYDg1Is
ERR: Add Fans success!--o97bDvossemq3-BOSH2kj1Hj5TMs
ERR: Add Fans success!--o97bDvvDzhxzPeom4yz6uzpgVu0M
ERR: Add Fans success!--o97bDvgHUiB8xGzfThfTt_m26G9o
ERR: Add Fans success!--o97bDvp_TSW1ovKhW2J7r6f7TPsA
ERR: Add Fans success!--o97bDvuaiiu8cEnUTI_7ClP8fIXs
ERR: Add Fans success!--o97bDvspqQZf078BJLQWcwPjgZ8U
ERR: Add Fans success!--o97bDvvdXaC7qEVtR4y1RYkpYngg
ERR: Save Fans success!简丹@幸福--o97bDvjNEju3P5Xdr6wouXchsCts
ERR: Add Fans success!--o97bDvhiqC28K_9VC2ExW3SmUqGM
ERR: Add Fans success!--o97bDvuxxwKbV07iLbFPPBgl4l1E
ERR: Add Fans success!--o97bDvs1rfADy2_6Nnc0RVjWyZ6c
ERR: Add Fans success!--o97bDvro9FD7Iv0YUSq9ydLeiqPM
ERR: Add Fans success!--o97bDvoKzRaF8DRNkjzMyzR4y4-M
ERR: Add Fans success!--o97bDvrwZ5MG0xQsLY4WoupGwCvk
ERR: Add Fans success!--o97bDvkCLkEuoGcAtSZfN79H1BdE
ERR: Add Fans success!--o97bDvjKf7ch1ImHWprayXV3nbT0
ERR: Add Fans success!--o97bDvrE7gNhkoD9w5dvgBt1IXqs
ERR: Add Fans success!--o97bDvqbIxSkZs-HaoS941LU4oRc
ERR: Add Fans success!--o97bDvgNHxFVr6E1tz7xAOGx6MHM
ERR: Save Fans success!魏军--o97bDvu8Y9Ot86H42dpgwPxW6JPI
ERR: Add Fans success!--o97bDvtllJ_heBdhwCio5pYre-wM
ERR: Add Fans success!--o97bDvlAby5sF-SExawQKX136yLU
ERR: Add Fans success!--o97bDvtA68EgwdlJDNE0hP7QPwHI
ERR: Add Fans success!--o97bDvk1prCaJIJJ29KvBPnc5w2A
ERR: Add Fans success!--o97bDvlF5NCD_P0oQ3VtyVUO7iKk
ERR: Add Fans success!--o97bDvh1_31eInIoMQEQJqGdqyWk
ERR: Add Fans success!--o97bDvqDNFHlCKdC8b-b4GLbDSsM
ERR: Add Fans success!--o97bDvpb5rC3aOmfSG9wSClnUX3g
ERR: Add Fans success!--o97bDvibryRgj-8JC7ijqFqTIbNA
ERR: Add Fans success!--o97bDvmImvjpROmHxtuXcRTlAUWY
ERR: Add Fans success!--o97bDvj7EjasYDNDPfOKGY7uE-ko
ERR: Add Fans success!--o97bDvvcUx1goSt_dzTVI4G36o5A
ERR: Add Fans success!--o97bDvskO7kKrRsPqARDTddL0p_g
ERR: Add Fans success!--o97bDvsxAXgKL8rjXPdSQl-xS7YE
ERR: Add Fans success!--o97bDvtPRcGys_B2p1X80gTNG_60
ERR: Add Fans success!--o97bDvlnp2mr-a5UpkX_QVZo_csE
ERR: Add Fans success!--o97bDvj3eNzfeWdwtoUPVygGGv-4
ERR: Add Fans success!--o97bDvqOOqY3EswG_DbfYiLKOXNU
ERR: Add Fans success!--o97bDvrrGruaaYzN27DjV8Jh-5O0
ERR: Add Fans success!--o97bDvgTuQ_ornKRvoA7XY40rOaU
ERR: Add Fans success!--o97bDvkaWxhxEkMqm3OTdzab0i2w
ERR: Add Fans success!--o97bDvlGW_ZyCvy0SqG7LH2MY-Oc
ERR: Add Fans success!--o97bDvtdrEiGtakJ6-4-GcQhACBs
