ERR: Add Fans success!--o97bDvlj8sC3eyf2kMjHukEA90J0
ERR: Add Fans success!--o97bDvtYQ3i6vgI7ZCMscdyqTRCY
ERR: Add Fans success!--o97bDvkfYqc9O-QYUe7hBbNsM81c
ERR: Add Fans success!--o97bDvla5WQjjBRwYqY8zk-inQRE
ERR: Add Fans success!--o97bDvporoRD5_3eQSROMLf-c6G0
ERR: Add Fans success!--o97bDvryhxiLpIxDzmxuigfsC2bY
ERR: Save Fans success!西柏利亚的狼--o97bDvikRQl3GJU1KUD1rW_8kdlA
ERR: Add Fans success!--o97bDvuRG_kekJCDx_5Jaz6UFinY
ERR: Add Fans success!--o97bDvtbNJbxTItfaqJAbEtcWn8Y
ERR: Add Fans success!--o97bDvrj9-IhQd0LInMSvQBPeaK4
ERR: Add Fans success!--o97bDvo6LKoJmANykTK2cu7FfpYs
ERR: Add Fans success!--o97bDvv6q_nT2DU_xfc6Oz3wqOQw
ERR: Add Fans success!--o97bDvj3K5CiC1Zl85v0uhBhk1do
ERR: Add Fans success!--o97bDvhA29wUvJ8athqV5z0elhZQ
ERR: Add Fans success!--o97bDvuYwSX_sOdBRDNJ-qdgC0A4
ERR: Add Fans success!--o97bDviiwOZq36hEzGzzE-rDa_04
ERR: Add Fans success!--o97bDvg1en_f-FyEuo829jo1QRS0
ERR: Add Fans success!--o97bDvqUbV5gmxFQ8v_3Hom3qDJI
ERR: Add Fans success!--o97bDvuyYKQL1GTGPqTspCyLRHAQ
ERR: Add Fans success!--o97bDvl6TwD8J2Cb5K1bqBtfLRbw
ERR: Add Fans success!--o97bDvhNikablhPzgZO2hM0ODCI4
ERR: Add Fans success!--o97bDvoGonYL-tiTk5EHBzNrEwmA
ERR: Add Fans success!--o97bDvhvkcszFi7w_Rtm2wQjNOUY
ERR: Add Fans success!--o97bDvu1-j29GfiIIs5vvNCT4pnA
ERR: Add Fans success!--o97bDvuFK--7eaW5F15e3fegKAyo
ERR: Add Fans success!--o97bDvsSycpUriF2Bdql-p-HMF04
ERR: Add Fans success!--o97bDvv2bCQ1F_BBRTQORmEjzOG4
ERR: Add Fans success!--o97bDvj2Qmknxt01hHtQEGsQ2fVw
ERR: Add Fans success!--o97bDvuB0HjuE2ooITj06b7GTcpA
ERR: Add Fans success!--o97bDvvw_jEiYDs-GkNb6QaYrIMI
ERR: Add Fans success!--o97bDvllHT9BLlvk17cgCHJjU6n4
ERR: Add Fans success!--o97bDvk7sFnI6jfDTa_EE1CwnXnY
ERR: Add Fans success!--o97bDvtDFX8dtD2_7eFhmaXHYoek
ERR: Add Fans success!--o97bDvk7I7NGOFUDt6Do9dUXgQr8
ERR: Add Fans success!--o97bDvkUYxKXMQhcw1ka36MxCcHY
ERR: Add Fans success!--o97bDvhKZtR4LDHWnsRZd2_UIWVo
ERR: Add Fans success!--o97bDvjOgcazJwaj4DmJbKdFdH_4
ERR: Add Fans success!--o97bDvnOlc74VIRwnm6F4AyPZm2I
ERR: Add Fans success!--o97bDvilE4LezLX5sS37l8U8vusU
ERR: Add Fans success!--o97bDvjMudPMO7f2hMFO9hn5pGSw
ERR: Add Fans success!--o97bDvmAsrt5synutN6Tpzlq7gQ0
ERR: Add Fans success!--o97bDvhEWAE1Pxgv40_UnyQebQ4Y
ERR: Add Fans success!--o97bDvg3gHFQd-Z_7XniN94kpBRw
ERR: Add Fans success!--o97bDvqq7JCaDMo8zp05b6lmVLSI
ERR: Add Fans success!--o97bDvnA__OVDXSMRkt9GtecTA44
ERR: Add Fans success!--o97bDvnasQIJHwlwScaAJ2bSXdvU
ERR: Add Fans success!--o97bDvh7XUbKuy1L_CvOQwM5UxNk
ERR: Add Fans success!--o97bDvjvWIDjctSP8UIv0dy5vxwE
ERR: Add Fans success!--o97bDvpfFJri-fPARVgz8FcAC9Ec
ERR: Add Fans success!--o97bDvtuVq4vv-0u53EQsL3WFQjg
ERR: Add Fans success!--o97bDvgIkHA1DyyjPAN6Ocp-qy7c
ERR: Add Fans success!--o97bDvtcPq7nLhOZGWZrFYv9l1qk
ERR: Add Fans success!--o97bDvkA8S7Sijp10I-bhqubaFi4
ERR: Add Fans success!--o97bDvqhu20Fgk-IG_vcwLZArFMg
ERR: Add Fans success!--o97bDvhuLbXoB_itZYRfjGd65Z1E
ERR: Add Fans success!--o97bDvg-yaGD9uNc87FtaTLgGyKg
ERR: Add Fans success!--o97bDvvplSRzM1RtKC92VI0obyRI
ERR: Add Fans success!--o97bDvg3T0tqgTGiSM3HUWlqfMhQ
ERR: Add Fans success!--o97bDvgx-1eQkmpvQ90lD6GKzMOc
ERR: Add Fans success!--o97bDvqeCZGxTFdEsIh30dN4lZEs
ERR: Add Fans success!--o97bDvqWdDaA2iq2ah1fUMPljD7o
ERR: Add Fans success!--o97bDvjwp2AfcbpsM2pbtEl0AtQI
ERR: Add Fans success!--o97bDvqaE3b56-PduMCWkX34gwkM
ERR: Add Fans success!--o97bDviHhrK2vrijfUMY8LrRkcqY
ERR: Add Fans success!--o97bDvpfSZnrVrOhnm_3yy3WIB9k
ERR: Add Fans success!--o97bDvvfbqNgXDKu4KFVpD0e8-14
ERR: Add Fans success!--o97bDvpO4FDjR4JbZJcwiXS2ZPgM
ERR: Add Fans success!--o97bDvopdU1IQdQx-CfdDHZv7L4Q
ERR: Add Fans success!--o97bDvvIUpK_L4RDlkOODtuC1oUQ
ERR: Add Fans success!--o97bDvheT1enHoZLA9RGEL0ZZ6LE
ERR: Add Fans success!--o97bDvqf_FZV7rPE0HyUvqUwAJk8
ERR: Add Fans success!--o97bDvkrGWB6Mo37_wC9ARPbf3qw
ERR: Add Fans success!--o97bDvn7Lad5nZ-lczLHwdGHUY34
ERR: Add Fans success!--o97bDvntmk-fW5HZI_epbM1NSiCM
ERR: Add Fans success!--o97bDvlwuFaQPIXrrRrUrSForkE0
ERR: Add Fans success!--o97bDvlAaoIBhB4eJa7nvDAXXHeE
ERR: Add Fans success!--o97bDvvA5N4a9ak3UfT4URI7ivrw
