ERR: Save Fans success!AAA—名尚车行--o97bDvpz7Zn4pMaL23FJ8xvN_VHM
ERR: Add Fans success!--o97bDvpDZLdCMROBM-GuNoKYJnJI
ERR: Add Fans success!--o97bDvlMW-5cG6idR71vLhl8YTh0
ERR: Add Fans success!--o97bDvt91OqhMcCTwBYcRbVi59Xo
ERR: Add Fans success!--o97bDvs4aOn_SuemQKaNrnGYvnP4
ERR: Add Fans success!--o97bDvi9St0fsWwFRxpvY0fN5mGA
ERR: Add Fans success!--o97bDvicyx9tL4ikY7JShFlq5eTs
ERR: Add Fans success!--o97bDviuw2CLlu9RuXTD9VFEWoUo
ERR: Add Fans success!--o97bDvh-y8UEoUEP99PKWpGnedAY
ERR: Add Fans success!--o97bDvu6PCitsorOqdm52nrbTU2M
ERR: Add Fans success!--o97bDvtlAZmcBTyOJHzmuiggpZ_c
ERR: Add Fans success!--o97bDvlaKnMffQuuNKP5T1rSOT_A
ERR: Add Fans success!--o97bDvmh8CZepbQspAH4KXp4E0CA
ERR: Add Fans success!--o97bDvvx5G2CsU8MehdKfKbGCE7E
ERR: Add Fans success!--o97bDvlM5U6fXHK9pDhgpmRCEd_Q
ERR: Save Fans success!佛要来法--o97bDvrrWNkWALL5YqYFngef0J2Q
ERR: Save Fans success!佛要来法--o97bDvrrWNkWALL5YqYFngef0J2Q
ERR: Save Fans success!佛要来法--o97bDvrrWNkWALL5YqYFngef0J2Q
ERR: Save Fans success!佛要来法--o97bDvrrWNkWALL5YqYFngef0J2Q
ERR: Save Fans success!佛要来法--o97bDvrrWNkWALL5YqYFngef0J2Q
