ERR: Add Fans success!--o97bDvmBqi6sZdqgq-PkbV_lnjic
ERR: Add Fans success!--o97bDvs7uFdavrMfyCLhnGpxcwSw
ERR: Add Fans success!--o97bDvlwt3_0n3qVa2OlptgQ5um4
ERR: Add Fans success!--o97bDvhBx1nY13WUtM_j4B4_STiA
ERR: Add Fans success!--o97bDvgkFZVZZLg7LPv4cYk6jwUo
ERR: Add Fans success!--o97bDvliGw4bt9eLNN6PTDayof3Q
ERR: Add Fans success!--o97bDvuTSVOTgFYwYE3ZKub7pKHw
ERR: Add Fans success!--o97bDvtW6SbSlFlLzBf2j_XQIG4g
ERR: Add Fans success!--o97bDvvU86pNXW-j_JsL0Z721cD0
ERR: Add Fans success!--o97bDvrh1eLDFW6MJwBQMAFCNhTU
ERR: Add Fans success!--o97bDvmYgypmjtFC0ZQ71HGXy3uU
ERR: Add Fans success!--o97bDvgvXLYdd2wTcd8qhkfgeBwg
ERR: Add Fans success!--o97bDvp7rVdFAg8ZkE_5tuB1TMWQ
ERR: Add Fans success!--o97bDvrORuMgXN75Yd1lCPlmKpC0
ERR: Add Fans success!--o97bDvq5nYL8NcEN2-5_ktvYRbS0
ERR: Add Fans success!--o97bDvkU4Y2u2eftfhy1h13R-4jU
ERR: Save Fans success!AAA—名尚车行--o97bDvpz7Zn4pMaL23FJ8xvN_VHM
ERR: 获取业务失败:尝试更换access_token获取  Errcode{ TIME：2016-05-21 17:42:13 URL:https://api.weixin.qq.com/cgi-bin/message/template/send?access_token=pQcBUHCrlTgt7n1vHgjtOWAKfAL589DutdUw0A7GzdiA9HGgkfE75kU2nPsBnAKfUcF6qVlGPTf_4BIJuhalPKpLdlC3gUigEz9XR1A2H2jni-XxNSpZE0lP7Cz23EaAIQNcAGAZHE
ERR: 获取业务失败:  Errcode{"errcode":40037,"errmsg":"invalid template_id hint: [f2nh.A0733age1]"} TIME：2016-05-21 17:42:13 URL:https://api.weixin.qq.com/cgi-bin/message/template/send?access_token=xI1ZClSzz4uz7AN86bFXAppEfJW-xRdPootkxXMUDSgcuWEjtzajOIEGnDBs0sUSr18UVcqRwwezgTFqXM-v0Y1pjKgvGedViUj1VBgaI58OUWcAJAXDF
ERR: Add Fans success!--o97bDvkkQ0zD6CPVeP7i84RMAJIA
ERR: Add Fans success!--o97bDvvJARAYxYtgydzNkeMjTxaY
ERR: Add Fans success!--o97bDvu9m8HfGH22OF4Jxln9yvko
ERR: Add Fans success!--o97bDvlkWEPB3wAdiYHua2XqB-_c
ERR: Add Fans success!--o97bDvkkzTV0yJp1EoBYQbc1H_1g
ERR: Add Fans success!--o97bDvja3cbIeZ2GFBqR6AjRQwQM
ERR: Add Fans success!--o97bDvku6QDhOP40pJNUUhz2qFgk
ERR: Add Fans success!--o97bDvo9xT7LWqdoITm4rfsuD4aE
ERR: Add Fans success!--o97bDvqoyYJPYM0avMvokGUdgFh8
