ERR: Add Fans success!--o97bDvjEIITkeGk0jSwwTSBCmWt8
ERR: Add Fans success!--o97bDvi7JHmxTodqEq9pbS1b0gL4
ERR: Add Fans success!--o97bDvgPeyv6PlyxVs3ipSAY30XI
ERR: 获取业务失败:尝试更换access_token获取  Errcode{ TIME：2016-04-24 14:02:26 URL:https://api.weixin.qq.com/cgi-bin/message/template/send?access_token=wkMfN63tpnmdZtgG96EjJfbKcVjrx_1m8t5RXtkpWBI6evQmDJ-XlWyztsbIwsytrwB8L1I4dgmASkOccX_k5YzUX8FggoLWoOR31ghsboYVKFdAHAIXS
ERR: 获取业务失败:  Errcode{"errcode":40037,"errmsg":"invalid template_id hint: [_uw13a0746ge10]"} TIME：2016-04-24 14:02:26 URL:https://api.weixin.qq.com/cgi-bin/message/template/send?access_token=hzYH-HkOMh-uWFZN8yvvqFfb0fegehP4949-nmv3E9ZUwA-ffNRf2zJsg4LHNYUy-TBSjfUblClfKo999PllDwLoo0AUU1XioxGbEZ5-BWgT0DiOIHTSKvyOQzFWhvGOVEZjADAMVQ
ERR: Add Fans success!--o97bDvnd-DYYkR_Vx6ig_pWfyu8w
ERR: Add Fans success!--o97bDvkB6I1pN5ZvFrffXtlnQ7pU
ERR: Add Fans success!--o97bDvqTDmyLQipG_B2p31nuKtPc
ERR: Add Fans success!--o97bDvtXB9DMzoeOSKm9KzAuHKXg
ERR: Save Fans success!佛要拾柒--o97bDvugjPzj_QyXKCt7Py9p_3nw
ERR: Add Fans success!--o97bDvq3Vkv7vinRbjwcOh5RaWxE
ERR: Add Fans success!--o97bDvp_s39sTSUyQgIstQVZ7ALc
ERR: Add Fans success!--o97bDvkokpndYwnaSN17kAplb66M
ERR: Add Fans success!--o97bDvukHlFmY-ydHluPak1j0Hgs
ERR: Add Fans success!--o97bDvnWHx9LgUuAnOABZhM6las8
ERR: Add Fans success!--o97bDvqS7vl3g7vgW2B6NEyOUVgw
ERR: Add Fans success!--o97bDvlSj_XoUb_p9ZPkg1kHmxYA
ERR: Add Fans success!--o97bDvhDsAcCWeuvCG-ccq64Wcnk
ERR: Add Fans success!--o97bDvpvvGzt2g4GdGx3yQsK2vl0
ERR: Add Fans success!--o97bDvvVRUjW8pI288QEtsnpMSPs
ERR: Add Fans success!--o97bDvtxQQUBLAuVOza6n8FwpvtU
ERR: Add Fans success!--o97bDvms1QVZAbMoGOIDuqoLQHcw
ERR: Add Fans success!--o97bDvrUiC1H1rABprxtHmO1Svzc
ERR: Add Fans success!--o97bDvqMwwKm2azgkHsZ93Mkydxk
ERR: Add Fans success!--o97bDvtkcQK-DCROGHnmLjqPQKvk
ERR: Add Fans success!--o97bDvjpK2t0SBtQUMRAnwxTSqlQ
ERR: Add Fans success!--o97bDvvK6r1KrWlHeeLS0OlLM0oU
ERR: Add Fans success!--o97bDvqWJs1cUzCfQk6XjD_G2u8g
ERR: Save Fans success!佛要来法--o97bDvrrWNkWALL5YqYFngef0J2Q
ERR: Add Fans success!--o97bDvlO9QiKf7uodB_LaeK_heCI
ERR: Add Fans success!--o97bDvkft82pnFWXJ5GgBqxBizoI
ERR: Add Fans success!--o97bDvhGLVWn8cGx4Hd_ZneKzPvc
ERR: Add Fans success!--o97bDvrjz_aS9Q89huyYXXZNH2Aw
ERR: Save Fans success!佛要来法--o97bDvrrWNkWALL5YqYFngef0J2Q
ERR: Add Fans success!--o97bDvraDYIMBjSXq-dGfH_afkas
ERR: Add Fans success!--o97bDvhvc-byg_4qZvD7RHlGJaQA
ERR: Add Fans success!--o97bDvr0oXBxguPD8SUbIQ8IEt2U
ERR: Add Fans success!--o97bDvvG8B_CrIr6ERyWGXFF8-3k
ERR: Add Fans success!--o97bDvvkeh7jAZjqxVaDFrOBFM58
ERR: 获取业务失败:尝试更换access_token获取  Errcode{ TIME：2016-04-24 15:10:39 URL:https://api.weixin.qq.com/cgi-bin/user/info?access_token=Nt7u-zLbvjTEpdYE0boi6xcUjoUBO7jf7TGjqLtY72rQdIXa2ePKKQQJ4QvansJpGliK8VaO1U3oQkvrwTEP7LKinkDg7w16IQD-KpIy9n7dNM20ZmAznoSsmFjPbbmsNYRjABAYJC&openid=o97bDvgRzytZMads_4x-AxtHZq5Y
ERR: Add Fans success!--o97bDvgRzytZMads_4x-AxtHZq5Y
ERR: Add Fans success!--o97bDvinHRDOG61zlZgIoOKzIdlM
ERR: Add Fans success!--o97bDvrPCQQeqy14WtHQoZtx7hfI
ERR: Add Fans success!--o97bDvraqAP5rGIzMP97HYuvOuU4
ERR: Add Fans success!--o97bDvmYy0M6gectKlev7-lJyNKo
ERR: Add Fans success!--o97bDvhJUn7hPYvBQztctfjwUUuY
ERR: Add Fans success!--o97bDvp7u9Le9-icteTOgMVIZGMw
ERR: Add Fans success!--o97bDvtj4gfA8yGglPx3rqUY78cQ
ERR: Add Fans success!--o97bDvr7GR8CoI2V13-wcs5GfGXc
ERR: Add Fans success!--o97bDvofPWsr3rgtGuA1Nh0FRoHs
ERR: Add Fans success!--o97bDvj0SADFaUfiX1mrzH5WRg5Q
ERR: Add Fans success!--o97bDvkrpdP_JUTDlXvQBxlxtrvQ
ERR: Add Fans success!--o97bDvjrLIU-Z4rb8PFjK18GMWp8
ERR: Add Fans success!--o97bDvotf20kkuvJr4DWSQxrlVuk
ERR: Add Fans success!--o97bDvo3hB6NsSsQHnTwlZTM_rR0
ERR: Add Fans success!--o97bDvox_UKlyHhtQlZV2tRBWGM8
ERR: Add Fans success!--o97bDvpAWciHJnlbxsOt_XIJ4psU
ERR: Add Fans success!--o97bDvkIvM0mbVITwgZv0_it6-TE
ERR: Add Fans success!--o97bDvvHKxxSDUTLvZGc7TZK0KmE
ERR: Add Fans success!--o97bDvsaDUf5a-UK-V14pFSua1bU
ERR: Add Fans success!--o97bDvrM549WH5DRhMjdwBxs11II
ERR: Add Fans success!--o97bDvrntjjK2yHcIfGM6mHygQKA
ERR: Add Fans success!--o97bDvptwCOGqRJTcxmVNCo1V0ME
ERR: Add Fans success!--o97bDvm8ZJ3WSNLY5tOGg1rAkqJE
ERR: Add Fans success!--o97bDvklftyqLyrzBs5KKaeIi3Pw
ERR: Add Fans success!--o97bDvj5Tii7j8ZconUu84ErHt2s
ERR: Add Fans success!--o97bDvm-PzxAnHk6JIRddumX9wmk
ERR: Add Fans success!--o97bDvnom8L5u_T5r-AGpK2_SrDA
ERR: Add Fans success!--o97bDvmCGxeBTrjE7nSajtbbZ3bw
ERR: Add Fans success!--o97bDvg5BoEeBoL_1w2AadC8VAEU
ERR: 获取业务失败:尝试更换access_token获取  Errcode{ TIME：2016-04-24 15:51:18 URL:https://api.weixin.qq.com/cgi-bin/message/template/send?access_token=qYXKCNDggpi4WLYQchNR4OiMFuaSgUpuKDhBtxnLECXzpzfU3YoiPfiPG01kywG-4qXWhMnaR9C088RVekwvCLiQRqjL8F4SMgM8qItYCXZ3Pkw5aL0FTZXfAI2P6fApUDTgAJAHQG
ERR: 获取业务失败:  Errcode{"errcode":40037,"errmsg":"invalid template_id hint: [AHvd1a0278age6]"} TIME：2016-04-24 15:51:18 URL:https://api.weixin.qq.com/cgi-bin/message/template/send?access_token=xI1ZClSzz4uz7AN86bFXAlYLZZ7sging9i29WoBaYqThMeyQfr_RNE2DtlFP0FjDOisBqbf9GGYS86LaD9tJ8Ogs0q9BOV7rBUbLUyuCf2ZYfSVafHjTavqLZX4PP7QBGQZiACAMWF
ERR: 获取业务失败:尝试更换access_token获取  Errcode{ TIME：2016-04-24 15:51:18 URL:https://api.weixin.qq.com/cgi-bin/message/template/send?access_token=xI1ZClSzz4uz7AN86bFXAlYLZZ7sging9i29WoBaYqThMeyQfr_RNE2DtlFP0FjDOisBqbf9GGYS86LaD9tJ8Ogs0q9BOV7rBUbLUyuCf2ZYfSVafHjTavqLZX4PP7QBGQZiACAMWF
ERR: 获取业务失败:  Errcode{"errcode":40003,"errmsg":"invalid openid hint: [0Rpmda0279ge10]"} TIME：2016-04-24 15:51:18 URL:https://api.weixin.qq.com/cgi-bin/message/template/send?access_token=xI1ZClSzz4uz7AN86bFXAlYLZZ7sging9i29WoBaYqRBqjhZmN5gOUtF_4MCwdwLVtSAgB_0-VacWj7tS3Jm_kfBhxSWS1DQjeEG8D8T5uu35_ZQQLIx4S14iDq53PstVLXiACABRD
ERR: Add Fans success!--o97bDvlE3xp6glUgvbheGAot5xaM
ERR: Add Fans success!--o97bDvjNjP4t28lMQh9p4rB22vaQ
ERR: Add Fans success!--o97bDvgGr_ag1esISBghL0MhQYmc
ERR: Add Fans success!--o97bDvuhJ00OuNrw1U8pbcKQssIY
ERR: Add Fans success!--o97bDvh1jpzXihZYBdCeaQXlfd8c
ERR: Add Fans success!--o97bDvthrGLJHB6_ZoUGmlA06f_Q
ERR: Add Fans success!--o97bDvpnxK6WL7HM6Dd_kCFSIJNg
ERR: Add Fans success!--o97bDvj2ox2kq3oLetlkP6N4yNCQ
ERR: Add Fans success!--o97bDvmCkgANWs7CvhEZ0vC4M_LE
ERR: Add Fans success!--o97bDvk7GwTTATLtzxG9HM5vZEy8
ERR: Add Fans success!--o97bDvv-GheTqQyAgWSp_andXNTE
ERR: Add Fans success!--o97bDvsUKyOhjXbOGJviIAxeh86k
ERR: Add Fans success!--o97bDvsaPCF33WBuZXJw7ihXRezE
ERR: Add Fans success!--o97bDvscYjP_HJM1Dyp6d7LXtg40
ERR: Add Fans success!--o97bDvs_GqnrCuW_t80uwwlToDkc
ERR: Add Fans success!--o97bDvtCkRAIncb5rTbgCSGMNF4Q
ERR: Add Fans success!--o97bDvvJrBfaUWg7jHrfz0rN90uo
ERR: Add Fans success!--o97bDvsZYUk2uwup_3X1sVSAKdkw
ERR: Add Fans success!--o97bDvnuWJ15WrWVZRu_WUJab6iU
ERR: Add Fans success!--o97bDvr4PB-YvpAiiddx9BfT2Ick
ERR: Add Fans success!--o97bDvsHLfJH-67wxLYpy70CoQsA
ERR: Add Fans success!--o97bDvv1grodnViR4OW-eIogVjUA
ERR: Add Fans success!--o97bDvrlwog0V4LIHYO-6RuzcLHU
ERR: Add Fans success!--o97bDvmHDciVMo8XG0t_oXoS8Nv8
ERR: Add Fans success!--o97bDvvGfZX8RIZUc3GctQG6bPOw
ERR: Add Fans success!--o97bDvikRQl3GJU1KUD1rW_8kdlA
ERR: Add Fans success!--o97bDvpEENpd3LZUVCpS75EMgUrU
ERR: Add Fans success!--o97bDvrmetNSAWj6Zotr6WUNIqg4
ERR: Add Fans success!--o97bDvmloOK7_qvB3leOleL4YpWo
ERR: Add Fans success!--o97bDvsd3pmKtP6T16DjI4awvbaM
ERR: Add Fans success!--o97bDvv3ZX-nXGoHv6BlTATCTdAQ
ERR: Add Fans success!--o97bDvlmpZiXj1bp2M1X6C5JCe9w
ERR: Add Fans success!--o97bDvuHgLAvf5VDLaJdr4uhkt-8
ERR: Add Fans success!--o97bDvhs0IRoerSV05N8WBWLZbpg
ERR: Add Fans success!--o97bDvpW-J7OfBtooZY0U2v1o4BA
ERR: Add Fans success!--o97bDvpfWbG6i3y2dJ0RdqfR5Xqw
ERR: Add Fans success!--o97bDvrYu94exET_Nauf7OK16itg
ERR: 获取业务失败:尝试更换access_token获取  Errcode{ TIME：2016-04-24 16:40:58 URL:https://api.weixin.qq.com/cgi-bin/message/template/send?access_token=xI1ZClSzz4uz7AN86bFXAlYLZZ7sging9i29WoBaYqRBqjhZmN5gOUtF_4MCwdwLVtSAgB_0-VacWj7tS3Jm_kfBhxSWS1DQjeEG8D8T5uu35_ZQQLIx4S14iDq53PstVLXiACABRD
ERR: 获取业务失败:  Errcode{"errcode":40037,"errmsg":"invalid template_id hint: [DwzKAa0259age3]"} TIME：2016-04-24 16:40:58 URL:https://api.weixin.qq.com/cgi-bin/message/template/send?access_token=UCoSi73mM8ZxB5HTTy9eRQz5hBvp_QWF2ErZwhBj4HtKEIGElNo721FVMd1YxT6deMLlnmBqhJvcYA_AojhdmKB6lAhMnTMI407J_HTsWxDZXG1yWuNROqDsbijJBI5rHIXiADACDS
ERR: Save Fans success!西柏利亚的狼--o97bDvikRQl3GJU1KUD1rW_8kdlA
ERR: Add Fans success!--o97bDvvtbWL9YVf9hfRR1Jksfa8g
ERR: Add Fans success!--o97bDvpDGM89adV5Az9GkKN2T5BM
ERR: Add Fans success!--o97bDvjAO9xfTCGQQDxhBKeBg1NE
ERR: Add Fans success!--o97bDvt8qX68kCCbHCNBSvZhRb6A
ERR: Add Fans success!--o97bDvpp2kw6WrX0gOGH2awHXUro
ERR: Add Fans success!--o97bDvlCTtTd0wQNRqUVCuarufQ0
ERR: Add Fans success!--o97bDvrSCglbZaevUQ1QPv39sG7Y
ERR: Add Fans success!--o97bDvuCPui_8uMQpOWP_go5OWr8
ERR: Add Fans success!--o97bDvqYZM0JcQAvWAhCp-ElZrbE
ERR: Add Fans success!--o97bDvuZBylo8jr_qVzoA8DN4KXg
ERR: Add Fans success!--o97bDvnRQJonRXzLxwW0gzS37oTo
ERR: Add Fans success!--o97bDvqetuGrUXPzCcZHdC-Y4VwI
ERR: Add Fans success!--o97bDvqEGd-Trxbhln2rAnVuU_bc
ERR: Add Fans success!--o97bDvkUsOjXqVRyvWucSsFHzfQU
ERR: Add Fans success!--o97bDvluLN9H7Qt_oIL1Mf_kjqq0
ERR: Add Fans success!--o97bDvkgfdxpxIR9s_HyauahZ2rE
ERR: Add Fans success!--o97bDvsPFEcmghAswqfQ1t1z2eog
ERR: Add Fans success!--o97bDvksGGqOxljbxneUmbtTpX5Y
ERR: Add Fans success!--o97bDvsUmMx9-3VeHZsTMQuZ0RtY
ERR: Add Fans success!--o97bDvrZ_JcrgVOGphT4j4hd86Dc
ERR: Add Fans success!--o97bDvmldR0795mw2KugccTTfkL8
ERR: Add Fans success!--o97bDvhfZMB7ggQMwQPyc7Z1CWkQ
ERR: Add Fans success!--o97bDvg87kowPLo2l5Rn7DrTQS0Y
ERR: Add Fans success!--o97bDvgNVQ3i_VUHS79Bc4m6AAsA
ERR: Add Fans success!--o97bDvozbM673wROnjq7qXimKlHA
ERR: Add Fans success!--o97bDvjaOidx7v0_zfWRGOqbDGk4
ERR: Add Fans success!--o97bDvt3RWRj6XHP5zx1Qrm88PTU
ERR: Add Fans success!--o97bDvpbTg8MG59zibOfANc5PpJM
ERR: Add Fans success!--o97bDvpkFNUQoU2uRRZ7tOgIEpt0
ERR: Add Fans success!--o97bDvgD6WoElBTb7VwVg6MUxPlM
ERR: 获取业务失败:尝试更换access_token获取  Errcode{ TIME：2016-04-24 19:25:35 URL:https://api.weixin.qq.com/cgi-bin/message/template/send?access_token=bTUPJmwCWdCaYLrmNCDUl_MQa9Tg3_p0FAsB1_qT6e7gcfWwfn5imd5xngq4yD6FmwSQKuIiSktEZBJ8YMdQTCRWBd_Xhv7d9yHCSlvgQUQRWXeABAFKL
ERR: 获取业务失败:  Errcode{"errcode":40037,"errmsg":"invalid template_id hint: [bpxHoA0136age6]"} TIME：2016-04-24 19:25:35 URL:https://api.weixin.qq.com/cgi-bin/message/template/send?access_token=k-IZFRCRwx0Tpt8zsDIKP-gTnchzg7I3w-Ga9fSmuUoOJ1QxKoRZwwVN2r5h6Ll-PS5bFjUoCTGwPRuW6UIhR_uzZrWGaEV_eYuSCML2UXMoLNA5iNFO0bEFVZl3NECxRGSbAFAIXJ
ERR: Add Fans success!--o97bDvqW35Gkenay4WhccS8-VeFQ
ERR: Add Fans success!--o97bDvqb-09NdjfrmUUo6FTnZnXY
ERR: Add Fans success!--o97bDvmWpueeO-pYMJ0azZcgd0RU
ERR: Add Fans success!--o97bDvjYvqiVArH7Ai36ZPLRxEK0
ERR: Add Fans success!--o97bDvuBI2qU2GQ8MV7GybgfiM1c
ERR: Add Fans success!--o97bDvpqx2WuVqWoCh7JXHE91-W8
ERR: Add Fans success!--o97bDvgZ-lP4hH6JEJJGWo3UX1RI
ERR: Add Fans success!--o97bDvkOY2TEu5kMB2BTQWEMRRcM
ERR: Add Fans success!--o97bDvtiV_6s_0NzYDV-6sdXGxQw
ERR: Add Fans success!--o97bDvt8nn0mpsCKa3UC29bPM49Y
ERR: Add Fans success!--o97bDvoPPWm-kLaqZpaUtNgWjY1A
ERR: Add Fans success!--o97bDvnCajofJVaWMKNrDAfykQHQ
ERR: Add Fans success!--o97bDvsmFdXwzMtMClVg_UX5wbp0
ERR: Add Fans success!--o97bDvoMVXS1_vim10pMhFvFr4kw
ERR: Add Fans success!--o97bDvgxJYYR3rMZVWatHzIwXc1g
ERR: Add Fans success!--o97bDvn2Tw6h_-GwzAPCR4h5O89w
ERR: Add Fans success!--o97bDvnftJcbC2FcEtpGT7t-BfBU
ERR: Add Fans success!--o97bDvs_1NLDp8n38UCYL02vBg3c
ERR: Add Fans success!--o97bDvk2eW1_b0qJpDPCaZxE2pkg
ERR: Add Fans success!--o97bDvklX6p0W8rPNAbrXPWtz-v0
ERR: Add Fans success!--o97bDvrYf4Ov13Yi3OCxaxnNEjDA
ERR: Add Fans success!--o97bDvj40aHDDcVthcZHFcGX8DE4
ERR: Add Fans success!--o97bDvsrgFRZlCnLZTC6ZQEmcmZo
ERR: Add Fans success!--o97bDvh-org4Z6aUhS2mfl3gmHo8
ERR: Add Fans success!--o97bDvlxcRjFPKRkL4NWcY7R7DBM
ERR: Add Fans success!--o97bDviC2HNWWeHW0Eb9S1XhAgfE
ERR: Add Fans success!--o97bDvkuyH6czrsWDINB3fjg17eg
ERR: Add Fans success!--o97bDvr_LFAOWcEyhOYEvesk1FkQ
ERR: Add Fans success!--o97bDvq5_h0RZ10ixAGr1b4043Vg
ERR: Add Fans success!--o97bDvvf2OdwvizznP_N6mb-G-9w
ERR: Add Fans success!--o97bDvgMNW2guOcBxJQ0M0xxZz0Q
ERR: Add Fans success!--o97bDvoEF0RQKxqTd11H7jgRQKuc
ERR: Add Fans success!--o97bDvrVx3m_Hb006tpgx5uKHYFw
ERR: Add Fans success!--o97bDvrQzTCg69JErIkvWdGKjjfY
ERR: Add Fans success!--o97bDvhefaKk_-aEdFbiWU7JjOZ4
ERR: Add Fans success!--o97bDvsGhUdmcZOxP5GbdOeY3ot8
ERR: Add Fans success!--o97bDvhX9S76N7vtvQSqfAey_5aU
ERR: Add Fans success!--o97bDvnIVlItOErcQmczpLsPV5dk
ERR: Add Fans success!--o97bDvmmsOF2BnEdkQ_Bdw4jUm3o
ERR: Add Fans success!--o97bDvtDfoPuzJOupmQm_JbKwLx0
ERR: Add Fans success!--o97bDvmAryNHZ2ORbn8YosDzOla0
ERR: Add Fans success!--o97bDvhxGEanW9NsNPlWbZCkPp4Y
ERR: Add Fans success!--o97bDvuWoHznbPVe5Ewm_sesuMnY
ERR: Add Fans success!--o97bDvo365MgSmzYxhWoZpv9Q8JU
ERR: Add Fans success!--o97bDvhNy6XwgtOcfduThwdQMUcY
ERR: Add Fans success!--o97bDvliTx80p6_bPOq34S2r8sFk
ERR: Add Fans success!--o97bDvv42g_--FfC3kXo16hNo5OI
ERR: Add Fans success!--o97bDvpM3rYFG5RrNcjSEDEeZwlY
ERR: Add Fans success!--o97bDvqrJpVLI5UwnRMwCMTW6v4A
ERR: Save Fans success!52314！--o97bDvrSCglbZaevUQ1QPv39sG7Y
ERR: Add Fans success!--o97bDvourJbyFJ-NerLHX0E21bIM
ERR: Add Fans success!--o97bDvr6mEK-OTqUdixvzfYSji8A
ERR: Add Fans success!--o97bDvt27R5EI4LFdHmpFc0pk7jc
ERR: Add Fans success!--o97bDvmfgN1LXtnz7YkGdHwkhNJ0
ERR: Add Fans success!--o97bDvrONkUrLQxDzGA4ijji7WsI
ERR: Add Fans success!--o97bDvh50AqoX9NVjPq5Y9QsyxLc
ERR: Add Fans success!--o97bDvmNj5qyoFyA-QMbpQj4MN78
ERR: Add Fans success!--o97bDvtPpalf9xqVUSiFT0cB0cpQ
ERR: Add Fans success!--o97bDvidTppwWN8wadelYK52zSlQ
ERR: Add Fans success!--o97bDvuRNaWDxNU8mdepJ596niJ4
ERR: Add Fans success!--o97bDvhztbPU4vnl_zGiOhqUxFj0
ERR: Add Fans success!--o97bDvvkRz-3Mhfnpnofp6iAciSI
ERR: Add Fans success!--o97bDvi5BmWeA_j2AXAkVU4DcgEM
ERR: Add Fans success!--o97bDvkHggaALNU1HwgqBFWxw-SU
ERR: Add Fans success!--o97bDvtk-BSEQXbkh4xoN62dUK6I
ERR: Add Fans success!--o97bDvkgojLzWPPHxkBTGlIhi_xE
ERR: Add Fans success!--o97bDvnHizVKBnuDy64_TYnVnMU0
ERR: Add Fans success!--o97bDvoLik8A2bmesUMmbpTbNHqE
