ERR: Add Fans success!--o97bDvuziead_6gxV5BIQFbF-UCE
ERR: Add Fans success!--o97bDviKUzcAv1Ci71qgV5vkifpw
ERR: Add Fans success!--o97bDvoeqcGm4GN31XYZ5crODxrQ
ERR: Add Fans success!--o97bDvkIAtyT4b6TVEwSgBl0EOAo
ERR: Add Fans success!--o97bDvkxFTJWPXx6hX9LozfVaBTk
ERR: 获取业务失败:尝试更换access_token获取  Errcode{ TIME：2016-05-09 09:35:48 URL:https://api.weixin.qq.com/cgi-bin/user/info?access_token=xoer2tclupI7YqVEcyBvOGPCOizIK-b1GEIGc6usFbG7nXQ2Bd_rD2LwmuFRy-UkwtI_C0zwlscyLrOrUJ_1yA6lM7F0tmZ5KC1VJSNROVkoRwDCRV_PPaOM-bVE-FQDQJTfAEATMW&openid=o97bDvpFxLiL6vRkwxbGJxbQWoxs
ERR: Add Fans success!--o97bDvpFxLiL6vRkwxbGJxbQWoxs
ERR: Add Fans success!--o97bDvrdxq2_e9i13y6xL1Mbfnc8
ERR: Add Fans success!--o97bDvqde5fdMNRjMu7Mh3d7Xnws
ERR: Add Fans success!--o97bDvhXISLzk1UtRsdp5viOLE4s
ERR: Add Fans success!--o97bDvmms1aI-bJDjgQKCL1AQusQ
ERR: Add Fans success!--o97bDvlg0eXwzaynR-EAZvebg4oM
ERR: Add Fans success!--o97bDvhkbQ4f46XkO07vGocQql5k
ERR: Add Fans success!--o97bDvipwytK7Y6G5tUF4--tjzZI
ERR: Add Fans success!--o97bDvsFN2Tj7L6561x-IAtsRaWQ
ERR: Add Fans success!--o97bDvvUimC5NbjXbuBMRuFg43MQ
ERR: Add Fans success!--o97bDvvnVODabQeVdihmnREpbjHg
ERR: Add Fans success!--o97bDvngGc1E4EJZiDSKfwMHWdgc
ERR: Add Fans success!--o97bDvpIM69asaYqGNlXB9Imd9wo
ERR: Add Fans success!--o97bDvg3Y-btgWbzYLlIQz-gB3F4
ERR: Add Fans success!--o97bDvqDAH5wGjzXTPh_NjZ1kGQU
ERR: Add Fans success!--o97bDvhJ8DgofEdLcaeUHpeaSIUM
ERR: Add Fans success!--o97bDvkx8Z3Ur--M394-BxQy9mJQ
ERR: Add Fans success!--o97bDviBPIO48Er6mqaWafU3wKP8
ERR: Add Fans success!--o97bDvhyC_H3RXlq3aSBcFa3K0bk
ERR: Add Fans success!--o97bDvggg_fzIwtlmdBkR-xzKkWk
ERR: Save Fans success!小石头爸爸--o97bDvqXS8uyin48GCJSyfadJSD0
ERR: Add Fans success!--o97bDvhr22eFit7GZkMshL61Yry8
ERR: Add Fans success!--o97bDvl5fDft84oHfA0X1nkn1aJs
ERR: Add Fans success!--o97bDvqzwe1M-vQoc5Cm2_bHeJFo
ERR: Add Fans success!--o97bDvtDMmUAll7DEgTOB42G2Ngs
ERR: Add Fans success!--o97bDvhZj_XoHKGZGVb7CRAhIJlc
ERR: Add Fans success!--o97bDvkxBlzLMXZ5ejAJe2djlWrI
ERR: Add Fans success!--o97bDvhWXXlpibCOuFsQFDg83Noc
ERR: Add Fans success!--o97bDvqwbdWbu3xkEodr0YrSw7g8
ERR: Add Fans success!--o97bDvtoDsc0q1NkR4b8q3K03fgQ
ERR: Add Fans success!--o97bDvvYoj9E8OOszqDoX7kRBlXY
ERR: Add Fans success!--o97bDvjNEju3P5Xdr6wouXchsCts
ERR: Add Fans success!--o97bDvqREmqDIpMc9RDVeuEWiFVU
ERR: Add Fans success!--o97bDvqsArGOns2kF854So28mi6M
ERR: Add Fans success!--o97bDvpOxztqSxG_O5rq8hg8zVB0
ERR: Add Fans success!--o97bDvuo_WQZ6ocrkBQg26q6i9A0
ERR: Add Fans success!--o97bDvhNKz8-RqCfw1cl4TzkTEQY
ERR: Add Fans success!--o97bDvnF-3WDI4AATTjBbOUzc4so
ERR: Add Fans success!--o97bDvjd-0oLFIWfwI1xbFaa2l1g
ERR: Add Fans success!--o97bDvoAhiqcLxldMr-HeGliEMQs
ERR: Add Fans success!--o97bDvnJ7BePQcVbhQlFrJ0Uhmaw
ERR: Add Fans success!--o97bDviVeHmYA-OfaDHcU7gDu6bU
ERR: Add Fans success!--o97bDvu8Y9Ot86H42dpgwPxW6JPI
ERR: Add Fans success!--o97bDvlqcCj0Ve2JqBguafYDg1Is
ERR: Add Fans success!--o97bDvhW-ysadYi8OauJqpch3aaU
ERR: Add Fans success!--o97bDvsBakBGoEJoPDmarCofLrJw
ERR: Add Fans success!--o97bDvp_gsFuShDXpOV31p1Gf5a0
ERR: Add Fans success!--o97bDvjgy2vQ6gSu2CG0ClsWU9Kk
ERR: Add Fans success!--o97bDvhseobS91y8k-ShOU4ZEF9w
ERR: Add Fans success!--o97bDvqSFhq39TieaR6grHq2xjJo
ERR: Add Fans success!--o97bDvuhBuY1fQK5NVDLKpl7tV5s
ERR: Add Fans success!--o97bDvtOREY1VOvZz9hF-pvrKyIg
ERR: Add Fans success!--o97bDvqDuA--L6lcqnE9vv1GAzGo
ERR: Add Fans success!--o97bDvpjOKMC3U-umfHBLwhr7tbk
ERR: Add Fans success!--o97bDvgl47JmIUqnoheTjhp0hXTw
ERR: Add Fans success!--o97bDvmTioctvKvfFwcO3im2Z55k
ERR: Add Fans success!--o97bDvjkPMw5LezClf-gqqnLItBI
ERR: Add Fans success!--o97bDvhDpE4URG9zmYqKUeiWWowQ
ERR: Add Fans success!--o97bDvnnCLqACw9DCjV_d8ctCHYQ
ERR: Add Fans success!--o97bDvr6t6APU0mmcw2vsdftWx4o
ERR: Add Fans success!--o97bDvqx3kHYYqnFS_xMXmgZa7EY
ERR: Save Fans success!铁在烧--o97bDvj2ox2kq3oLetlkP6N4yNCQ
ERR: Add Fans success!--o97bDvm8wdw2z8i7PkS023tkCOx8
ERR: Add Fans success!--o97bDvhCK6Rm9THTnHbZ-N5SwQnE
ERR: Add Fans success!--o97bDvugbmUdkyhE8EWV4cOESvmY
ERR: Add Fans success!--o97bDvlbWHDIpvjULCH5980rtnxk
